[0.317s] Invoking command in '/home/borg/colcon_ws/build/turtlebot3_manipulation_cartographer': CMAKE_PREFIX_PATH=${CMAKE_PREFIX_PATH}:/opt/ros/humble /usr/bin/cmake --build /home/borg/colcon_ws/build/turtlebot3_manipulation_cartographer -- -j12 -l12
[0.372s] Invoked command in '/home/borg/colcon_ws/build/turtlebot3_manipulation_cartographer' returned '0': CMAKE_PREFIX_PATH=${CMAKE_PREFIX_PATH}:/opt/ros/humble /usr/bin/cmake --build /home/borg/colcon_ws/build/turtlebot3_manipulation_cartographer -- -j12 -l12
[0.432s] Invoking command in '/home/borg/colcon_ws/build/turtlebot3_manipulation_cartographer': CMAKE_PREFIX_PATH=${CMAKE_PREFIX_PATH}:/opt/ros/humble /usr/bin/cmake --install /home/borg/colcon_ws/build/turtlebot3_manipulation_cartographer
[0.450s] -- Install configuration: ""
[0.450s] -- Up-to-date: /home/borg/colcon_ws/install/turtlebot3_manipulation_cartographer/share/turtlebot3_manipulation_cartographer/config
[0.451s] -- Up-to-date: /home/borg/colcon_ws/install/turtlebot3_manipulation_cartographer/share/turtlebot3_manipulation_cartographer/config/turtlebot3_2d.lua
[0.451s] -- Up-to-date: /home/borg/colcon_ws/install/turtlebot3_manipulation_cartographer/share/turtlebot3_manipulation_cartographer/launch
[0.451s] -- Up-to-date: /home/borg/colcon_ws/install/turtlebot3_manipulation_cartographer/share/turtlebot3_manipulation_cartographer/launch/cartographer.launch.py
[0.451s] -- Up-to-date: /home/borg/colcon_ws/install/turtlebot3_manipulation_cartographer/share/turtlebot3_manipulation_cartographer/rviz
[0.451s] -- Up-to-date: /home/borg/colcon_ws/install/turtlebot3_manipulation_cartographer/share/turtlebot3_manipulation_cartographer/rviz/cartographer.rviz
[0.452s] -- Up-to-date: /home/borg/colcon_ws/install/turtlebot3_manipulation_cartographer/share/ament_index/resource_index/package_run_dependencies/turtlebot3_manipulation_cartographer
[0.452s] -- Up-to-date: /home/borg/colcon_ws/install/turtlebot3_manipulation_cartographer/share/ament_index/resource_index/parent_prefix_path/turtlebot3_manipulation_cartographer
[0.452s] -- Up-to-date: /home/borg/colcon_ws/install/turtlebot3_manipulation_cartographer/share/turtlebot3_manipulation_cartographer/environment/ament_prefix_path.sh
[0.453s] -- Up-to-date: /home/borg/colcon_ws/install/turtlebot3_manipulation_cartographer/share/turtlebot3_manipulation_cartographer/environment/ament_prefix_path.dsv
[0.453s] -- Up-to-date: /home/borg/colcon_ws/install/turtlebot3_manipulation_cartographer/share/turtlebot3_manipulation_cartographer/environment/path.sh
[0.453s] -- Up-to-date: /home/borg/colcon_ws/install/turtlebot3_manipulation_cartographer/share/turtlebot3_manipulation_cartographer/environment/path.dsv
[0.453s] -- Up-to-date: /home/borg/colcon_ws/install/turtlebot3_manipulation_cartographer/share/turtlebot3_manipulation_cartographer/local_setup.bash
[0.454s] -- Up-to-date: /home/borg/colcon_ws/install/turtlebot3_manipulation_cartographer/share/turtlebot3_manipulation_cartographer/local_setup.sh
[0.454s] -- Up-to-date: /home/borg/colcon_ws/install/turtlebot3_manipulation_cartographer/share/turtlebot3_manipulation_cartographer/local_setup.zsh
[0.454s] -- Up-to-date: /home/borg/colcon_ws/install/turtlebot3_manipulation_cartographer/share/turtlebot3_manipulation_cartographer/local_setup.dsv
[0.455s] -- Installing: /home/borg/colcon_ws/install/turtlebot3_manipulation_cartographer/share/turtlebot3_manipulation_cartographer/package.dsv
[0.455s] -- Up-to-date: /home/borg/colcon_ws/install/turtlebot3_manipulation_cartographer/share/ament_index/resource_index/packages/turtlebot3_manipulation_cartographer
[0.455s] -- Up-to-date: /home/borg/colcon_ws/install/turtlebot3_manipulation_cartographer/share/turtlebot3_manipulation_cartographer/cmake/turtlebot3_manipulation_cartographerConfig.cmake
[0.456s] -- Up-to-date: /home/borg/colcon_ws/install/turtlebot3_manipulation_cartographer/share/turtlebot3_manipulation_cartographer/cmake/turtlebot3_manipulation_cartographerConfig-version.cmake
[0.456s] -- Up-to-date: /home/borg/colcon_ws/install/turtlebot3_manipulation_cartographer/share/turtlebot3_manipulation_cartographer/package.xml
[0.511s] Invoked command in '/home/borg/colcon_ws/build/turtlebot3_manipulation_cartographer' returned '0': CMAKE_PREFIX_PATH=${CMAKE_PREFIX_PATH}:/opt/ros/humble /usr/bin/cmake --install /home/borg/colcon_ws/build/turtlebot3_manipulation_cartographer
