[0.143s] Invoking command in '/home/borg/colcon_ws/build/turtlebot3_manipulation_description': /usr/bin/cmake --build /home/borg/colcon_ws/build/turtlebot3_manipulation_description -- -j12 -l12
[0.260s] Invoked command in '/home/borg/colcon_ws/build/turtlebot3_manipulation_description' returned '0': /usr/bin/cmake --build /home/borg/colcon_ws/build/turtlebot3_manipulation_description -- -j12 -l12
[0.292s] Invoking command in '/home/borg/colcon_ws/build/turtlebot3_manipulation_description': /usr/bin/cmake --install /home/borg/colcon_ws/build/turtlebot3_manipulation_description
[0.303s] -- Install configuration: ""
[0.304s] -- Up-to-date: /home/borg/colcon_ws/install/turtlebot3_manipulation_description/share/turtlebot3_manipulation_description/launch
[0.305s] -- Up-to-date: /home/borg/colcon_ws/install/turtlebot3_manipulation_description/share/turtlebot3_manipulation_description/launch/model.launch.py
[0.305s] -- Up-to-date: /home/borg/colcon_ws/install/turtlebot3_manipulation_description/share/turtlebot3_manipulation_description/rviz
[0.306s] -- Up-to-date: /home/borg/colcon_ws/install/turtlebot3_manipulation_description/share/turtlebot3_manipulation_description/rviz/model.rviz
[0.306s] -- Up-to-date: /home/borg/colcon_ws/install/turtlebot3_manipulation_description/share/turtlebot3_manipulation_description/urdf
[0.307s] -- Up-to-date: /home/borg/colcon_ws/install/turtlebot3_manipulation_description/share/turtlebot3_manipulation_description/urdf/open_manipulator_x.urdf.xacro
[0.307s] -- Up-to-date: /home/borg/colcon_ws/install/turtlebot3_manipulation_description/share/turtlebot3_manipulation_description/urdf/turtlebot3_manipulation.urdf.xacro
[0.307s] -- Up-to-date: /home/borg/colcon_ws/install/turtlebot3_manipulation_description/share/turtlebot3_manipulation_description/urdf/turtlebot3_waffle_pi.urdf.xacro
[0.308s] -- Up-to-date: /home/borg/colcon_ws/install/turtlebot3_manipulation_description/share/turtlebot3_manipulation_description/gazebo
[0.308s] -- Up-to-date: /home/borg/colcon_ws/install/turtlebot3_manipulation_description/share/turtlebot3_manipulation_description/gazebo/materials.xacro
[0.309s] -- Up-to-date: /home/borg/colcon_ws/install/turtlebot3_manipulation_description/share/turtlebot3_manipulation_description/gazebo/open_manipulator_x.gazebo.xacro
[0.310s] -- Up-to-date: /home/borg/colcon_ws/install/turtlebot3_manipulation_description/share/turtlebot3_manipulation_description/gazebo/turtlebot3_waffle_pi.gazebo.xacro
[0.310s] -- Up-to-date: /home/borg/colcon_ws/install/turtlebot3_manipulation_description/share/turtlebot3_manipulation_description/meshes
[0.310s] -- Up-to-date: /home/borg/colcon_ws/install/turtlebot3_manipulation_description/share/turtlebot3_manipulation_description/meshes/open_manipulator_x
[0.311s] -- Up-to-date: /home/borg/colcon_ws/install/turtlebot3_manipulation_description/share/turtlebot3_manipulation_description/meshes/open_manipulator_x/gripper_left_palm.stl
[0.311s] -- Up-to-date: /home/borg/colcon_ws/install/turtlebot3_manipulation_description/share/turtlebot3_manipulation_description/meshes/open_manipulator_x/gripper_right_palm.stl
[0.312s] -- Up-to-date: /home/borg/colcon_ws/install/turtlebot3_manipulation_description/share/turtlebot3_manipulation_description/meshes/open_manipulator_x/link1.stl
[0.312s] -- Up-to-date: /home/borg/colcon_ws/install/turtlebot3_manipulation_description/share/turtlebot3_manipulation_description/meshes/open_manipulator_x/link2.stl
[0.312s] -- Up-to-date: /home/borg/colcon_ws/install/turtlebot3_manipulation_description/share/turtlebot3_manipulation_description/meshes/open_manipulator_x/link3.stl
[0.313s] -- Up-to-date: /home/borg/colcon_ws/install/turtlebot3_manipulation_description/share/turtlebot3_manipulation_description/meshes/open_manipulator_x/link4.stl
[0.313s] -- Up-to-date: /home/borg/colcon_ws/install/turtlebot3_manipulation_description/share/turtlebot3_manipulation_description/meshes/open_manipulator_x/link5.stl
[0.314s] -- Up-to-date: /home/borg/colcon_ws/install/turtlebot3_manipulation_description/share/turtlebot3_manipulation_description/meshes/turtlebot3_waffle_pi
[0.314s] -- Up-to-date: /home/borg/colcon_ws/install/turtlebot3_manipulation_description/share/turtlebot3_manipulation_description/meshes/turtlebot3_waffle_pi/base.stl
[0.314s] -- Up-to-date: /home/borg/colcon_ws/install/turtlebot3_manipulation_description/share/turtlebot3_manipulation_description/meshes/turtlebot3_waffle_pi/ladar.stl
[0.314s] -- Up-to-date: /home/borg/colcon_ws/install/turtlebot3_manipulation_description/share/turtlebot3_manipulation_description/meshes/turtlebot3_waffle_pi/left_tire.stl
[0.315s] -- Up-to-date: /home/borg/colcon_ws/install/turtlebot3_manipulation_description/share/turtlebot3_manipulation_description/meshes/turtlebot3_waffle_pi/right_tire.stl
[0.315s] -- Up-to-date: /home/borg/colcon_ws/install/turtlebot3_manipulation_description/share/turtlebot3_manipulation_description/ros2_control
[0.315s] -- Up-to-date: /home/borg/colcon_ws/install/turtlebot3_manipulation_description/share/turtlebot3_manipulation_description/ros2_control/turtlebot3_manipulation_system.ros2_control.xacro
[0.316s] -- Up-to-date: /home/borg/colcon_ws/install/turtlebot3_manipulation_description/share/turtlebot3_manipulation_description/environment/turtlebot3_manipulation_description.dsv
[0.316s] -- Up-to-date: /home/borg/colcon_ws/install/turtlebot3_manipulation_description/share/ament_index/resource_index/package_run_dependencies/turtlebot3_manipulation_description
[0.317s] -- Up-to-date: /home/borg/colcon_ws/install/turtlebot3_manipulation_description/share/ament_index/resource_index/parent_prefix_path/turtlebot3_manipulation_description
[0.318s] -- Up-to-date: /home/borg/colcon_ws/install/turtlebot3_manipulation_description/share/turtlebot3_manipulation_description/environment/ament_prefix_path.sh
[0.318s] -- Up-to-date: /home/borg/colcon_ws/install/turtlebot3_manipulation_description/share/turtlebot3_manipulation_description/environment/ament_prefix_path.dsv
[0.318s] -- Up-to-date: /home/borg/colcon_ws/install/turtlebot3_manipulation_description/share/turtlebot3_manipulation_description/environment/path.sh
[0.319s] -- Up-to-date: /home/borg/colcon_ws/install/turtlebot3_manipulation_description/share/turtlebot3_manipulation_description/environment/path.dsv
[0.319s] -- Up-to-date: /home/borg/colcon_ws/install/turtlebot3_manipulation_description/share/turtlebot3_manipulation_description/local_setup.bash
[0.319s] -- Up-to-date: /home/borg/colcon_ws/install/turtlebot3_manipulation_description/share/turtlebot3_manipulation_description/local_setup.sh
[0.320s] -- Up-to-date: /home/borg/colcon_ws/install/turtlebot3_manipulation_description/share/turtlebot3_manipulation_description/local_setup.zsh
[0.320s] -- Up-to-date: /home/borg/colcon_ws/install/turtlebot3_manipulation_description/share/turtlebot3_manipulation_description/local_setup.dsv
[0.320s] -- Installing: /home/borg/colcon_ws/install/turtlebot3_manipulation_description/share/turtlebot3_manipulation_description/package.dsv
[0.321s] -- Up-to-date: /home/borg/colcon_ws/install/turtlebot3_manipulation_description/share/ament_index/resource_index/packages/turtlebot3_manipulation_description
[0.321s] -- Up-to-date: /home/borg/colcon_ws/install/turtlebot3_manipulation_description/share/turtlebot3_manipulation_description/cmake/turtlebot3_manipulation_descriptionConfig.cmake
[0.321s] -- Up-to-date: /home/borg/colcon_ws/install/turtlebot3_manipulation_description/share/turtlebot3_manipulation_description/cmake/turtlebot3_manipulation_descriptionConfig-version.cmake
[0.321s] -- Up-to-date: /home/borg/colcon_ws/install/turtlebot3_manipulation_description/share/turtlebot3_manipulation_description/package.xml
[0.329s] Invoked command in '/home/borg/colcon_ws/build/turtlebot3_manipulation_description' returned '0': /usr/bin/cmake --install /home/borg/colcon_ws/build/turtlebot3_manipulation_description
