[0.597s] Invoking command in '/home/borg/colcon_ws/build/my_box_bot_gazebo': CMAKE_PREFIX_PATH=/home/borg/colcon_ws/install/my_box_bot_description:/home/borg/colcon_ws/install/my_simulation:/home/borg/colcon_ws/install/my_box_bot_gazebo:/home/borg/colcon_ws/install/urdfbot_description:/home/borg/colcon_ws/install/turtlebot3_simulations:/home/borg/colcon_ws/install/turtlebot3_manipulation:/home/borg/colcon_ws/install/turtlebot3_manipulation_teleop:/home/borg/colcon_ws/install/turtlebot3_manipulation_navigation2:/home/borg/colcon_ws/install/turtlebot3_manipulation_moveit_config:/home/borg/colcon_ws/install/turtlebot3_manipulation_hardware:/home/borg/colcon_ws/install/turtlebot3_manipulation_bringup:/home/borg/colcon_ws/install/turtlebot3_manipulation_description:/home/borg/colcon_ws/install/turtlebot3_manipulation_cartographer:/home/borg/colcon_ws/install/turtlebot3_gazebo:/home/borg/colcon_ws/install/turtlebot3_fake_node:/opt/ros/humble /usr/bin/cmake --build /home/borg/colcon_ws/build/my_box_bot_gazebo -- -j12 -l12
[0.946s] Invoked command in '/home/borg/colcon_ws/build/my_box_bot_gazebo' returned '0': CMAKE_PREFIX_PATH=/home/borg/colcon_ws/install/my_box_bot_description:/home/borg/colcon_ws/install/my_simulation:/home/borg/colcon_ws/install/my_box_bot_gazebo:/home/borg/colcon_ws/install/urdfbot_description:/home/borg/colcon_ws/install/turtlebot3_simulations:/home/borg/colcon_ws/install/turtlebot3_manipulation:/home/borg/colcon_ws/install/turtlebot3_manipulation_teleop:/home/borg/colcon_ws/install/turtlebot3_manipulation_navigation2:/home/borg/colcon_ws/install/turtlebot3_manipulation_moveit_config:/home/borg/colcon_ws/install/turtlebot3_manipulation_hardware:/home/borg/colcon_ws/install/turtlebot3_manipulation_bringup:/home/borg/colcon_ws/install/turtlebot3_manipulation_description:/home/borg/colcon_ws/install/turtlebot3_manipulation_cartographer:/home/borg/colcon_ws/install/turtlebot3_gazebo:/home/borg/colcon_ws/install/turtlebot3_fake_node:/opt/ros/humble /usr/bin/cmake --build /home/borg/colcon_ws/build/my_box_bot_gazebo -- -j12 -l12
[1.191s] Invoking command in '/home/borg/colcon_ws/build/my_box_bot_gazebo': CMAKE_PREFIX_PATH=/home/borg/colcon_ws/install/my_box_bot_description:/home/borg/colcon_ws/install/my_simulation:/home/borg/colcon_ws/install/my_box_bot_gazebo:/home/borg/colcon_ws/install/urdfbot_description:/home/borg/colcon_ws/install/turtlebot3_simulations:/home/borg/colcon_ws/install/turtlebot3_manipulation:/home/borg/colcon_ws/install/turtlebot3_manipulation_teleop:/home/borg/colcon_ws/install/turtlebot3_manipulation_navigation2:/home/borg/colcon_ws/install/turtlebot3_manipulation_moveit_config:/home/borg/colcon_ws/install/turtlebot3_manipulation_hardware:/home/borg/colcon_ws/install/turtlebot3_manipulation_bringup:/home/borg/colcon_ws/install/turtlebot3_manipulation_description:/home/borg/colcon_ws/install/turtlebot3_manipulation_cartographer:/home/borg/colcon_ws/install/turtlebot3_gazebo:/home/borg/colcon_ws/install/turtlebot3_fake_node:/opt/ros/humble /usr/bin/cmake --install /home/borg/colcon_ws/build/my_box_bot_gazebo
[1.305s] -- Install configuration: ""
[1.305s] -- Execute custom install script
[1.305s] -- Up-to-date symlink: /home/borg/colcon_ws/install/my_box_bot_gazebo/share/my_box_bot_gazebo//launch/spawn_robot_description.launch.py
[1.305s] -- Up-to-date symlink: /home/borg/colcon_ws/install/my_box_bot_gazebo/share/my_box_bot_gazebo//launch/spawn_robot_ros2.launch.xml
[1.306s] -- Up-to-date symlink: /home/borg/colcon_ws/install/my_box_bot_gazebo/share/my_box_bot_gazebo//launch/spawn_robot_ros2_control.launch.xml
[1.306s] -- Up-to-date symlink: /home/borg/colcon_ws/install/my_box_bot_gazebo/share/my_box_bot_gazebo//launch/spawn_robot_ros2_physical.launch.xml
[1.307s] -- Up-to-date symlink: /home/borg/colcon_ws/install/my_box_bot_gazebo/share/my_box_bot_gazebo//launch/start_world.launch.py
[1.307s] -- Up-to-date symlink: /home/borg/colcon_ws/install/my_box_bot_gazebo/share/my_box_bot_gazebo//worlds/box_bot_empty.world
[1.307s] -- Up-to-date symlink: /home/borg/colcon_ws/install/my_box_bot_gazebo/share/my_box_bot_gazebo//models/box_room/meshes/box_room.dae
[1.307s] -- Up-to-date symlink: /home/borg/colcon_ws/install/my_box_bot_gazebo/share/my_box_bot_gazebo//models/box_room/meshes/chambre.png
[1.307s] -- Up-to-date symlink: /home/borg/colcon_ws/install/my_box_bot_gazebo/share/my_box_bot_gazebo//models/box_room/model.config
[1.308s] -- Up-to-date symlink: /home/borg/colcon_ws/install/my_box_bot_gazebo/share/my_box_bot_gazebo//models/box_room/model.sdf
[1.308s] -- Up-to-date symlink: /home/borg/colcon_ws/install/my_box_bot_gazebo/share/ament_index/resource_index/package_run_dependencies/my_box_bot_gazebo
[1.308s] -- Up-to-date symlink: /home/borg/colcon_ws/install/my_box_bot_gazebo/share/ament_index/resource_index/parent_prefix_path/my_box_bot_gazebo
[1.308s] -- Up-to-date symlink: /home/borg/colcon_ws/install/my_box_bot_gazebo/share/my_box_bot_gazebo/environment/ament_prefix_path.sh
[1.309s] -- Up-to-date symlink: /home/borg/colcon_ws/install/my_box_bot_gazebo/share/my_box_bot_gazebo/environment/ament_prefix_path.dsv
[1.309s] -- Up-to-date symlink: /home/borg/colcon_ws/install/my_box_bot_gazebo/share/my_box_bot_gazebo/environment/path.sh
[1.309s] -- Up-to-date symlink: /home/borg/colcon_ws/install/my_box_bot_gazebo/share/my_box_bot_gazebo/environment/path.dsv
[1.309s] -- Up-to-date symlink: /home/borg/colcon_ws/install/my_box_bot_gazebo/share/my_box_bot_gazebo/local_setup.bash
[1.309s] -- Up-to-date symlink: /home/borg/colcon_ws/install/my_box_bot_gazebo/share/my_box_bot_gazebo/local_setup.sh
[1.310s] -- Up-to-date symlink: /home/borg/colcon_ws/install/my_box_bot_gazebo/share/my_box_bot_gazebo/local_setup.zsh
[1.310s] -- Up-to-date symlink: /home/borg/colcon_ws/install/my_box_bot_gazebo/share/my_box_bot_gazebo/local_setup.dsv
[1.310s] -- Symlinking: /home/borg/colcon_ws/install/my_box_bot_gazebo/share/my_box_bot_gazebo/package.dsv
[1.311s] -- Up-to-date symlink: /home/borg/colcon_ws/install/my_box_bot_gazebo/share/ament_index/resource_index/packages/my_box_bot_gazebo
[1.311s] -- Up-to-date symlink: /home/borg/colcon_ws/install/my_box_bot_gazebo/share/my_box_bot_gazebo/cmake/my_box_bot_gazeboConfig.cmake
[1.311s] -- Up-to-date symlink: /home/borg/colcon_ws/install/my_box_bot_gazebo/share/my_box_bot_gazebo/cmake/my_box_bot_gazeboConfig-version.cmake
[1.311s] -- Up-to-date symlink: /home/borg/colcon_ws/install/my_box_bot_gazebo/share/my_box_bot_gazebo/package.xml
[1.383s] Invoked command in '/home/borg/colcon_ws/build/my_box_bot_gazebo' returned '0': CMAKE_PREFIX_PATH=/home/borg/colcon_ws/install/my_box_bot_description:/home/borg/colcon_ws/install/my_simulation:/home/borg/colcon_ws/install/my_box_bot_gazebo:/home/borg/colcon_ws/install/urdfbot_description:/home/borg/colcon_ws/install/turtlebot3_simulations:/home/borg/colcon_ws/install/turtlebot3_manipulation:/home/borg/colcon_ws/install/turtlebot3_manipulation_teleop:/home/borg/colcon_ws/install/turtlebot3_manipulation_navigation2:/home/borg/colcon_ws/install/turtlebot3_manipulation_moveit_config:/home/borg/colcon_ws/install/turtlebot3_manipulation_hardware:/home/borg/colcon_ws/install/turtlebot3_manipulation_bringup:/home/borg/colcon_ws/install/turtlebot3_manipulation_description:/home/borg/colcon_ws/install/turtlebot3_manipulation_cartographer:/home/borg/colcon_ws/install/turtlebot3_gazebo:/home/borg/colcon_ws/install/turtlebot3_fake_node:/opt/ros/humble /usr/bin/cmake --install /home/borg/colcon_ws/build/my_box_bot_gazebo
