[0.853s] Invoking command in '/home/borg/colcon_ws/build/turtlebot3_manipulation_bringup': CMAKE_PREFIX_PATH=/home/borg/colcon_ws/install/turtlebot3_manipulation_description:/home/borg/colcon_ws/install/my_simulation:/home/borg/colcon_ws/install/my_box_bot_gazebo:/home/borg/colcon_ws/install/urdfbot_description:/home/borg/colcon_ws/install/turtlebot3_simulations:/home/borg/colcon_ws/install/turtlebot3_manipulation:/home/borg/colcon_ws/install/turtlebot3_manipulation_teleop:/home/borg/colcon_ws/install/turtlebot3_manipulation_navigation2:/home/borg/colcon_ws/install/turtlebot3_manipulation_moveit_config:/home/borg/colcon_ws/install/turtlebot3_manipulation_hardware:/home/borg/colcon_ws/install/turtlebot3_manipulation_bringup:/home/borg/colcon_ws/install/turtlebot3_manipulation_cartographer:/home/borg/colcon_ws/install/turtlebot3_gazebo:/home/borg/colcon_ws/install/turtlebot3_fake_node:/home/borg/colcon_ws/install/my_box_bot_description:/opt/ros/humble /usr/bin/cmake --build /home/borg/colcon_ws/build/turtlebot3_manipulation_bringup -- -j12 -l12
[1.252s] Invoked command in '/home/borg/colcon_ws/build/turtlebot3_manipulation_bringup' returned '0': CMAKE_PREFIX_PATH=/home/borg/colcon_ws/install/turtlebot3_manipulation_description:/home/borg/colcon_ws/install/my_simulation:/home/borg/colcon_ws/install/my_box_bot_gazebo:/home/borg/colcon_ws/install/urdfbot_description:/home/borg/colcon_ws/install/turtlebot3_simulations:/home/borg/colcon_ws/install/turtlebot3_manipulation:/home/borg/colcon_ws/install/turtlebot3_manipulation_teleop:/home/borg/colcon_ws/install/turtlebot3_manipulation_navigation2:/home/borg/colcon_ws/install/turtlebot3_manipulation_moveit_config:/home/borg/colcon_ws/install/turtlebot3_manipulation_hardware:/home/borg/colcon_ws/install/turtlebot3_manipulation_bringup:/home/borg/colcon_ws/install/turtlebot3_manipulation_cartographer:/home/borg/colcon_ws/install/turtlebot3_gazebo:/home/borg/colcon_ws/install/turtlebot3_fake_node:/home/borg/colcon_ws/install/my_box_bot_description:/opt/ros/humble /usr/bin/cmake --build /home/borg/colcon_ws/build/turtlebot3_manipulation_bringup -- -j12 -l12
[1.416s] Invoking command in '/home/borg/colcon_ws/build/turtlebot3_manipulation_bringup': CMAKE_PREFIX_PATH=/home/borg/colcon_ws/install/turtlebot3_manipulation_description:/home/borg/colcon_ws/install/my_simulation:/home/borg/colcon_ws/install/my_box_bot_gazebo:/home/borg/colcon_ws/install/urdfbot_description:/home/borg/colcon_ws/install/turtlebot3_simulations:/home/borg/colcon_ws/install/turtlebot3_manipulation:/home/borg/colcon_ws/install/turtlebot3_manipulation_teleop:/home/borg/colcon_ws/install/turtlebot3_manipulation_navigation2:/home/borg/colcon_ws/install/turtlebot3_manipulation_moveit_config:/home/borg/colcon_ws/install/turtlebot3_manipulation_hardware:/home/borg/colcon_ws/install/turtlebot3_manipulation_bringup:/home/borg/colcon_ws/install/turtlebot3_manipulation_cartographer:/home/borg/colcon_ws/install/turtlebot3_gazebo:/home/borg/colcon_ws/install/turtlebot3_fake_node:/home/borg/colcon_ws/install/my_box_bot_description:/opt/ros/humble /usr/bin/cmake --install /home/borg/colcon_ws/build/turtlebot3_manipulation_bringup
[1.428s] -- Install configuration: ""
[1.428s] -- Up-to-date: /home/borg/colcon_ws/install/turtlebot3_manipulation_bringup/share/turtlebot3_manipulation_bringup/launch
[1.428s] -- Up-to-date: /home/borg/colcon_ws/install/turtlebot3_manipulation_bringup/share/turtlebot3_manipulation_bringup/launch/base.launch.py
[1.429s] -- Up-to-date: /home/borg/colcon_ws/install/turtlebot3_manipulation_bringup/share/turtlebot3_manipulation_bringup/launch/fake.launch.py
[1.429s] -- Up-to-date: /home/borg/colcon_ws/install/turtlebot3_manipulation_bringup/share/turtlebot3_manipulation_bringup/launch/gazebo.launch.py
[1.429s] -- Up-to-date: /home/borg/colcon_ws/install/turtlebot3_manipulation_bringup/share/turtlebot3_manipulation_bringup/launch/hardware.launch.py
[1.429s] -- Up-to-date: /home/borg/colcon_ws/install/turtlebot3_manipulation_bringup/share/turtlebot3_manipulation_bringup/launch/__pycache__
[1.429s] -- Up-to-date: /home/borg/colcon_ws/install/turtlebot3_manipulation_bringup/share/turtlebot3_manipulation_bringup/launch/__pycache__/hardware.launch.cpython-310.pyc
[1.430s] -- Up-to-date: /home/borg/colcon_ws/install/turtlebot3_manipulation_bringup/share/turtlebot3_manipulation_bringup/launch/__pycache__/gazebo.launch.cpython-310.pyc
[1.430s] -- Up-to-date: /home/borg/colcon_ws/install/turtlebot3_manipulation_bringup/share/turtlebot3_manipulation_bringup/config
[1.430s] -- Up-to-date: /home/borg/colcon_ws/install/turtlebot3_manipulation_bringup/share/turtlebot3_manipulation_bringup/config/gazebo_controller_manager.yaml
[1.430s] -- Up-to-date: /home/borg/colcon_ws/install/turtlebot3_manipulation_bringup/share/turtlebot3_manipulation_bringup/config/hardware_controller_manager.yaml
[1.430s] -- Up-to-date: /home/borg/colcon_ws/install/turtlebot3_manipulation_bringup/share/turtlebot3_manipulation_bringup/rviz
[1.431s] -- Up-to-date: /home/borg/colcon_ws/install/turtlebot3_manipulation_bringup/share/turtlebot3_manipulation_bringup/rviz/turtlebot3_manipulation.rviz
[1.431s] -- Up-to-date: /home/borg/colcon_ws/install/turtlebot3_manipulation_bringup/share/turtlebot3_manipulation_bringup/worlds
[1.431s] -- Up-to-date: /home/borg/colcon_ws/install/turtlebot3_manipulation_bringup/share/turtlebot3_manipulation_bringup/worlds/empty_world.model
[1.431s] -- Up-to-date: /home/borg/colcon_ws/install/turtlebot3_manipulation_bringup/share/turtlebot3_manipulation_bringup/worlds/turtlebot3_world.model
[1.432s] -- Up-to-date: /home/borg/colcon_ws/install/turtlebot3_manipulation_bringup/share/turtlebot3_manipulation_bringup/worlds/turtlebot3_world
[1.432s] -- Up-to-date: /home/borg/colcon_ws/install/turtlebot3_manipulation_bringup/share/turtlebot3_manipulation_bringup/worlds/turtlebot3_world/meshes
[1.433s] -- Up-to-date: /home/borg/colcon_ws/install/turtlebot3_manipulation_bringup/share/turtlebot3_manipulation_bringup/worlds/turtlebot3_world/meshes/hexagon.dae
[1.433s] -- Up-to-date: /home/borg/colcon_ws/install/turtlebot3_manipulation_bringup/share/turtlebot3_manipulation_bringup/worlds/turtlebot3_world/meshes/wall.dae
[1.434s] -- Up-to-date: /home/borg/colcon_ws/install/turtlebot3_manipulation_bringup/share/turtlebot3_manipulation_bringup/worlds/turtlebot3_world/model-1_4.sdf
[1.434s] -- Up-to-date: /home/borg/colcon_ws/install/turtlebot3_manipulation_bringup/share/turtlebot3_manipulation_bringup/worlds/turtlebot3_world/model.config
[1.434s] -- Up-to-date: /home/borg/colcon_ws/install/turtlebot3_manipulation_bringup/share/turtlebot3_manipulation_bringup/worlds/turtlebot3_world/model.sdf
[1.434s] -- Up-to-date: /home/borg/colcon_ws/install/turtlebot3_manipulation_bringup/share/turtlebot3_manipulation_bringup/environment/turtlebot3_manipulation_bringup.dsv
[1.435s] -- Up-to-date: /home/borg/colcon_ws/install/turtlebot3_manipulation_bringup/share/ament_index/resource_index/package_run_dependencies/turtlebot3_manipulation_bringup
[1.435s] -- Up-to-date: /home/borg/colcon_ws/install/turtlebot3_manipulation_bringup/share/ament_index/resource_index/parent_prefix_path/turtlebot3_manipulation_bringup
[1.435s] -- Up-to-date: /home/borg/colcon_ws/install/turtlebot3_manipulation_bringup/share/turtlebot3_manipulation_bringup/environment/ament_prefix_path.sh
[1.435s] -- Up-to-date: /home/borg/colcon_ws/install/turtlebot3_manipulation_bringup/share/turtlebot3_manipulation_bringup/environment/ament_prefix_path.dsv
[1.436s] -- Up-to-date: /home/borg/colcon_ws/install/turtlebot3_manipulation_bringup/share/turtlebot3_manipulation_bringup/environment/path.sh
[1.436s] -- Up-to-date: /home/borg/colcon_ws/install/turtlebot3_manipulation_bringup/share/turtlebot3_manipulation_bringup/environment/path.dsv
[1.436s] -- Up-to-date: /home/borg/colcon_ws/install/turtlebot3_manipulation_bringup/share/turtlebot3_manipulation_bringup/local_setup.bash
[1.436s] -- Up-to-date: /home/borg/colcon_ws/install/turtlebot3_manipulation_bringup/share/turtlebot3_manipulation_bringup/local_setup.sh
[1.437s] -- Up-to-date: /home/borg/colcon_ws/install/turtlebot3_manipulation_bringup/share/turtlebot3_manipulation_bringup/local_setup.zsh
[1.438s] -- Up-to-date: /home/borg/colcon_ws/install/turtlebot3_manipulation_bringup/share/turtlebot3_manipulation_bringup/local_setup.dsv
[1.438s] -- Installing: /home/borg/colcon_ws/install/turtlebot3_manipulation_bringup/share/turtlebot3_manipulation_bringup/package.dsv
[1.439s] -- Up-to-date: /home/borg/colcon_ws/install/turtlebot3_manipulation_bringup/share/ament_index/resource_index/packages/turtlebot3_manipulation_bringup
[1.439s] -- Up-to-date: /home/borg/colcon_ws/install/turtlebot3_manipulation_bringup/share/turtlebot3_manipulation_bringup/cmake/turtlebot3_manipulation_bringupConfig.cmake
[1.439s] -- Up-to-date: /home/borg/colcon_ws/install/turtlebot3_manipulation_bringup/share/turtlebot3_manipulation_bringup/cmake/turtlebot3_manipulation_bringupConfig-version.cmake
[1.439s] -- Up-to-date: /home/borg/colcon_ws/install/turtlebot3_manipulation_bringup/share/turtlebot3_manipulation_bringup/package.xml
[1.446s] Invoked command in '/home/borg/colcon_ws/build/turtlebot3_manipulation_bringup' returned '0': CMAKE_PREFIX_PATH=/home/borg/colcon_ws/install/turtlebot3_manipulation_description:/home/borg/colcon_ws/install/my_simulation:/home/borg/colcon_ws/install/my_box_bot_gazebo:/home/borg/colcon_ws/install/urdfbot_description:/home/borg/colcon_ws/install/turtlebot3_simulations:/home/borg/colcon_ws/install/turtlebot3_manipulation:/home/borg/colcon_ws/install/turtlebot3_manipulation_teleop:/home/borg/colcon_ws/install/turtlebot3_manipulation_navigation2:/home/borg/colcon_ws/install/turtlebot3_manipulation_moveit_config:/home/borg/colcon_ws/install/turtlebot3_manipulation_hardware:/home/borg/colcon_ws/install/turtlebot3_manipulation_bringup:/home/borg/colcon_ws/install/turtlebot3_manipulation_cartographer:/home/borg/colcon_ws/install/turtlebot3_gazebo:/home/borg/colcon_ws/install/turtlebot3_fake_node:/home/borg/colcon_ws/install/my_box_bot_description:/opt/ros/humble /usr/bin/cmake --install /home/borg/colcon_ws/build/turtlebot3_manipulation_bringup
