[0.520s] Invoking command in '/home/borg/colcon_ws/build/turtlebot3_fake_node': CMAKE_PREFIX_PATH=${CMAKE_PREFIX_PATH}:/opt/ros/humble /usr/bin/cmake --build /home/borg/colcon_ws/build/turtlebot3_fake_node -- -j12 -l12
[0.631s] [100%] Built target turtlebot3_fake_node
[0.712s] Invoked command in '/home/borg/colcon_ws/build/turtlebot3_fake_node' returned '0': CMAKE_PREFIX_PATH=${CMAKE_PREFIX_PATH}:/opt/ros/humble /usr/bin/cmake --build /home/borg/colcon_ws/build/turtlebot3_fake_node -- -j12 -l12
[1.157s] Invoking command in '/home/borg/colcon_ws/build/turtlebot3_fake_node': CMAKE_PREFIX_PATH=${CMAKE_PREFIX_PATH}:/opt/ros/humble /usr/bin/cmake --install /home/borg/colcon_ws/build/turtlebot3_fake_node
[1.261s] -- Install configuration: ""
[1.261s] -- Up-to-date: /home/borg/colcon_ws/install/turtlebot3_fake_node/lib/turtlebot3_fake_node/turtlebot3_fake_node
[1.262s] -- Up-to-date: /home/borg/colcon_ws/install/turtlebot3_fake_node/share/turtlebot3_fake_node/launch
[1.262s] -- Up-to-date: /home/borg/colcon_ws/install/turtlebot3_fake_node/share/turtlebot3_fake_node/launch/rviz2.launch.py
[1.264s] -- Up-to-date: /home/borg/colcon_ws/install/turtlebot3_fake_node/share/turtlebot3_fake_node/launch/turtlebot3_fake_node.launch.py
[1.264s] -- Up-to-date: /home/borg/colcon_ws/install/turtlebot3_fake_node/share/turtlebot3_fake_node/param
[1.264s] -- Up-to-date: /home/borg/colcon_ws/install/turtlebot3_fake_node/share/turtlebot3_fake_node/param/burger.yaml
[1.264s] -- Up-to-date: /home/borg/colcon_ws/install/turtlebot3_fake_node/share/turtlebot3_fake_node/param/waffle.yaml
[1.264s] -- Up-to-date: /home/borg/colcon_ws/install/turtlebot3_fake_node/share/turtlebot3_fake_node/param/waffle_pi.yaml
[1.265s] -- Up-to-date: /home/borg/colcon_ws/install/turtlebot3_fake_node/include/
[1.265s] -- Up-to-date: /home/borg/colcon_ws/install/turtlebot3_fake_node/include//turtlebot3_fake_node
[1.265s] -- Up-to-date: /home/borg/colcon_ws/install/turtlebot3_fake_node/include//turtlebot3_fake_node/turtlebot3_fake_node.hpp
[1.266s] -- Up-to-date: /home/borg/colcon_ws/install/turtlebot3_fake_node/share/ament_index/resource_index/package_run_dependencies/turtlebot3_fake_node
[1.266s] -- Up-to-date: /home/borg/colcon_ws/install/turtlebot3_fake_node/share/ament_index/resource_index/parent_prefix_path/turtlebot3_fake_node
[1.266s] -- Up-to-date: /home/borg/colcon_ws/install/turtlebot3_fake_node/share/turtlebot3_fake_node/environment/ament_prefix_path.sh
[1.266s] -- Up-to-date: /home/borg/colcon_ws/install/turtlebot3_fake_node/share/turtlebot3_fake_node/environment/ament_prefix_path.dsv
[1.266s] -- Up-to-date: /home/borg/colcon_ws/install/turtlebot3_fake_node/share/turtlebot3_fake_node/environment/path.sh
[1.267s] -- Up-to-date: /home/borg/colcon_ws/install/turtlebot3_fake_node/share/turtlebot3_fake_node/environment/path.dsv
[1.267s] -- Up-to-date: /home/borg/colcon_ws/install/turtlebot3_fake_node/share/turtlebot3_fake_node/local_setup.bash
[1.267s] -- Up-to-date: /home/borg/colcon_ws/install/turtlebot3_fake_node/share/turtlebot3_fake_node/local_setup.sh
[1.267s] -- Up-to-date: /home/borg/colcon_ws/install/turtlebot3_fake_node/share/turtlebot3_fake_node/local_setup.zsh
[1.267s] -- Up-to-date: /home/borg/colcon_ws/install/turtlebot3_fake_node/share/turtlebot3_fake_node/local_setup.dsv
[1.268s] -- Installing: /home/borg/colcon_ws/install/turtlebot3_fake_node/share/turtlebot3_fake_node/package.dsv
[1.268s] -- Up-to-date: /home/borg/colcon_ws/install/turtlebot3_fake_node/share/ament_index/resource_index/packages/turtlebot3_fake_node
[1.268s] -- Up-to-date: /home/borg/colcon_ws/install/turtlebot3_fake_node/share/turtlebot3_fake_node/cmake/ament_cmake_export_include_directories-extras.cmake
[1.269s] -- Up-to-date: /home/borg/colcon_ws/install/turtlebot3_fake_node/share/turtlebot3_fake_node/cmake/ament_cmake_export_dependencies-extras.cmake
[1.269s] -- Up-to-date: /home/borg/colcon_ws/install/turtlebot3_fake_node/share/turtlebot3_fake_node/cmake/turtlebot3_fake_nodeConfig.cmake
[1.269s] -- Up-to-date: /home/borg/colcon_ws/install/turtlebot3_fake_node/share/turtlebot3_fake_node/cmake/turtlebot3_fake_nodeConfig-version.cmake
[1.270s] -- Up-to-date: /home/borg/colcon_ws/install/turtlebot3_fake_node/share/turtlebot3_fake_node/package.xml
[1.366s] Invoked command in '/home/borg/colcon_ws/build/turtlebot3_fake_node' returned '0': CMAKE_PREFIX_PATH=${CMAKE_PREFIX_PATH}:/opt/ros/humble /usr/bin/cmake --install /home/borg/colcon_ws/build/turtlebot3_fake_node
