[0.259s] Invoking command in '/home/borg/colcon_ws/build/turtlebot3_manipulation_navigation2': CMAKE_PREFIX_PATH=${CMAKE_PREFIX_PATH}:/opt/ros/humble /usr/bin/cmake --build /home/borg/colcon_ws/build/turtlebot3_manipulation_navigation2 -- -j12 -l12
[0.316s] Invoked command in '/home/borg/colcon_ws/build/turtlebot3_manipulation_navigation2' returned '0': CMAKE_PREFIX_PATH=${CMAKE_PREFIX_PATH}:/opt/ros/humble /usr/bin/cmake --build /home/borg/colcon_ws/build/turtlebot3_manipulation_navigation2 -- -j12 -l12
[0.377s] Invoking command in '/home/borg/colcon_ws/build/turtlebot3_manipulation_navigation2': CMAKE_PREFIX_PATH=${CMAKE_PREFIX_PATH}:/opt/ros/humble /usr/bin/cmake --install /home/borg/colcon_ws/build/turtlebot3_manipulation_navigation2
[0.407s] -- Install configuration: ""
[0.408s] -- Up-to-date: /home/borg/colcon_ws/install/turtlebot3_manipulation_navigation2/share/turtlebot3_manipulation_navigation2/launch
[0.408s] -- Up-to-date: /home/borg/colcon_ws/install/turtlebot3_manipulation_navigation2/share/turtlebot3_manipulation_navigation2/launch/navigation2.launch.py
[0.408s] -- Up-to-date: /home/borg/colcon_ws/install/turtlebot3_manipulation_navigation2/share/turtlebot3_manipulation_navigation2/launch/navigation2_use_sim_time.launch.py
[0.408s] -- Up-to-date: /home/borg/colcon_ws/install/turtlebot3_manipulation_navigation2/share/turtlebot3_manipulation_navigation2/map
[0.408s] -- Up-to-date: /home/borg/colcon_ws/install/turtlebot3_manipulation_navigation2/share/turtlebot3_manipulation_navigation2/map/turtlebot3_world.pgm
[0.409s] -- Up-to-date: /home/borg/colcon_ws/install/turtlebot3_manipulation_navigation2/share/turtlebot3_manipulation_navigation2/map/turtlebot3_world.yaml
[0.409s] -- Up-to-date: /home/borg/colcon_ws/install/turtlebot3_manipulation_navigation2/share/turtlebot3_manipulation_navigation2/param
[0.409s] -- Up-to-date: /home/borg/colcon_ws/install/turtlebot3_manipulation_navigation2/share/turtlebot3_manipulation_navigation2/param/turtlebot3.yaml
[0.409s] -- Up-to-date: /home/borg/colcon_ws/install/turtlebot3_manipulation_navigation2/share/turtlebot3_manipulation_navigation2/param/turtlebot3_use_sim_time.yaml
[0.409s] -- Up-to-date: /home/borg/colcon_ws/install/turtlebot3_manipulation_navigation2/share/turtlebot3_manipulation_navigation2/rviz
[0.409s] -- Up-to-date: /home/borg/colcon_ws/install/turtlebot3_manipulation_navigation2/share/turtlebot3_manipulation_navigation2/rviz/navigation2.rviz
[0.410s] -- Up-to-date: /home/borg/colcon_ws/install/turtlebot3_manipulation_navigation2/share/ament_index/resource_index/package_run_dependencies/turtlebot3_manipulation_navigation2
[0.410s] -- Up-to-date: /home/borg/colcon_ws/install/turtlebot3_manipulation_navigation2/share/ament_index/resource_index/parent_prefix_path/turtlebot3_manipulation_navigation2
[0.410s] -- Up-to-date: /home/borg/colcon_ws/install/turtlebot3_manipulation_navigation2/share/turtlebot3_manipulation_navigation2/environment/ament_prefix_path.sh
[0.410s] -- Up-to-date: /home/borg/colcon_ws/install/turtlebot3_manipulation_navigation2/share/turtlebot3_manipulation_navigation2/environment/ament_prefix_path.dsv
[0.410s] -- Up-to-date: /home/borg/colcon_ws/install/turtlebot3_manipulation_navigation2/share/turtlebot3_manipulation_navigation2/environment/path.sh
[0.411s] -- Up-to-date: /home/borg/colcon_ws/install/turtlebot3_manipulation_navigation2/share/turtlebot3_manipulation_navigation2/environment/path.dsv
[0.411s] -- Up-to-date: /home/borg/colcon_ws/install/turtlebot3_manipulation_navigation2/share/turtlebot3_manipulation_navigation2/local_setup.bash
[0.411s] -- Up-to-date: /home/borg/colcon_ws/install/turtlebot3_manipulation_navigation2/share/turtlebot3_manipulation_navigation2/local_setup.sh
[0.411s] -- Up-to-date: /home/borg/colcon_ws/install/turtlebot3_manipulation_navigation2/share/turtlebot3_manipulation_navigation2/local_setup.zsh
[0.412s] -- Up-to-date: /home/borg/colcon_ws/install/turtlebot3_manipulation_navigation2/share/turtlebot3_manipulation_navigation2/local_setup.dsv
[0.412s] -- Installing: /home/borg/colcon_ws/install/turtlebot3_manipulation_navigation2/share/turtlebot3_manipulation_navigation2/package.dsv
[0.412s] -- Up-to-date: /home/borg/colcon_ws/install/turtlebot3_manipulation_navigation2/share/ament_index/resource_index/packages/turtlebot3_manipulation_navigation2
[0.412s] -- Up-to-date: /home/borg/colcon_ws/install/turtlebot3_manipulation_navigation2/share/turtlebot3_manipulation_navigation2/cmake/turtlebot3_manipulation_navigation2Config.cmake
[0.413s] -- Up-to-date: /home/borg/colcon_ws/install/turtlebot3_manipulation_navigation2/share/turtlebot3_manipulation_navigation2/cmake/turtlebot3_manipulation_navigation2Config-version.cmake
[0.413s] -- Up-to-date: /home/borg/colcon_ws/install/turtlebot3_manipulation_navigation2/share/turtlebot3_manipulation_navigation2/package.xml
[0.591s] Invoked command in '/home/borg/colcon_ws/build/turtlebot3_manipulation_navigation2' returned '0': CMAKE_PREFIX_PATH=${CMAKE_PREFIX_PATH}:/opt/ros/humble /usr/bin/cmake --install /home/borg/colcon_ws/build/turtlebot3_manipulation_navigation2
