[0.354s] Invoking command in '/home/borg/colcon_ws/build/turtlebot3_gazebo': CMAKE_PREFIX_PATH=${CMAKE_PREFIX_PATH}:/opt/ros/humble /usr/bin/cmake --build /home/borg/colcon_ws/build/turtlebot3_gazebo -- -j12 -l12
[0.426s] [ 25%] Built target turtlebot3_drive
[0.455s] [ 50%] Built target obstacle1
[0.455s] [ 75%] Built target obstacles
[0.465s] [100%] Built target obstacle2
[0.595s] Invoked command in '/home/borg/colcon_ws/build/turtlebot3_gazebo' returned '0': CMAKE_PREFIX_PATH=${CMAKE_PREFIX_PATH}:/opt/ros/humble /usr/bin/cmake --build /home/borg/colcon_ws/build/turtlebot3_gazebo -- -j12 -l12
[0.764s] Invoking command in '/home/borg/colcon_ws/build/turtlebot3_gazebo': CMAKE_PREFIX_PATH=${CMAKE_PREFIX_PATH}:/opt/ros/humble /usr/bin/cmake --install /home/borg/colcon_ws/build/turtlebot3_gazebo
[0.828s] -- Install configuration: ""
[0.828s] -- Up-to-date: /home/borg/colcon_ws/install/turtlebot3_gazebo/lib/turtlebot3_gazebo/turtlebot3_drive
[0.829s] -- Up-to-date: /home/borg/colcon_ws/install/turtlebot3_gazebo/share/turtlebot3_gazebo//launch
[0.829s] -- Up-to-date: /home/borg/colcon_ws/install/turtlebot3_gazebo/share/turtlebot3_gazebo//launch/empty_world.launch.py
[0.829s] -- Up-to-date: /home/borg/colcon_ws/install/turtlebot3_gazebo/share/turtlebot3_gazebo//launch/spawn_turtlebot3.launch.py
[0.829s] -- Up-to-date: /home/borg/colcon_ws/install/turtlebot3_gazebo/share/turtlebot3_gazebo//launch/turtlebot3_dqn_stage1.launch.py
[0.829s] -- Up-to-date: /home/borg/colcon_ws/install/turtlebot3_gazebo/share/turtlebot3_gazebo//launch/turtlebot3_dqn_stage2.launch.py
[0.830s] -- Up-to-date: /home/borg/colcon_ws/install/turtlebot3_gazebo/share/turtlebot3_gazebo//launch/turtlebot3_dqn_stage3.launch.py
[0.830s] -- Up-to-date: /home/borg/colcon_ws/install/turtlebot3_gazebo/share/turtlebot3_gazebo//launch/turtlebot3_dqn_stage4.launch.py
[0.830s] -- Up-to-date: /home/borg/colcon_ws/install/turtlebot3_gazebo/share/turtlebot3_gazebo//launch/turtlebot3_house.launch.py
[0.831s] -- Up-to-date: /home/borg/colcon_ws/install/turtlebot3_gazebo/share/turtlebot3_gazebo//launch/turtlebot3_world.launch.py
[0.831s] -- Up-to-date: /home/borg/colcon_ws/install/turtlebot3_gazebo/share/turtlebot3_gazebo//launch/robot_state_publisher.launch.py
[0.831s] -- Up-to-date: /home/borg/colcon_ws/install/turtlebot3_gazebo/share/turtlebot3_gazebo//launch/insperbot_lab.launch.py
[0.832s] -- Up-to-date: /home/borg/colcon_ws/install/turtlebot3_gazebo/share/turtlebot3_gazebo//launch/pista-23B.launch.py
[0.832s] -- Up-to-date: /home/borg/colcon_ws/install/turtlebot3_gazebo/share/turtlebot3_gazebo//models
[0.832s] -- Up-to-date: /home/borg/colcon_ws/install/turtlebot3_gazebo/share/turtlebot3_gazebo//models/turtlebot3_burger
[0.833s] -- Up-to-date: /home/borg/colcon_ws/install/turtlebot3_gazebo/share/turtlebot3_gazebo//models/turtlebot3_burger/model-1_4.sdf
[0.833s] -- Up-to-date: /home/borg/colcon_ws/install/turtlebot3_gazebo/share/turtlebot3_gazebo//models/turtlebot3_burger/model.config
[0.834s] -- Up-to-date: /home/borg/colcon_ws/install/turtlebot3_gazebo/share/turtlebot3_gazebo//models/turtlebot3_burger/model.sdf
[0.834s] -- Up-to-date: /home/borg/colcon_ws/install/turtlebot3_gazebo/share/turtlebot3_gazebo//models/turtlebot3_common
[0.834s] -- Up-to-date: /home/borg/colcon_ws/install/turtlebot3_gazebo/share/turtlebot3_gazebo//models/turtlebot3_common/meshes
[0.835s] -- Up-to-date: /home/borg/colcon_ws/install/turtlebot3_gazebo/share/turtlebot3_gazebo//models/turtlebot3_common/meshes/burger_base.dae
[0.835s] -- Up-to-date: /home/borg/colcon_ws/install/turtlebot3_gazebo/share/turtlebot3_gazebo//models/turtlebot3_common/meshes/lds.dae
[0.835s] -- Up-to-date: /home/borg/colcon_ws/install/turtlebot3_gazebo/share/turtlebot3_gazebo//models/turtlebot3_common/meshes/r200.dae
[0.836s] -- Up-to-date: /home/borg/colcon_ws/install/turtlebot3_gazebo/share/turtlebot3_gazebo//models/turtlebot3_common/meshes/tire.dae
[0.836s] -- Up-to-date: /home/borg/colcon_ws/install/turtlebot3_gazebo/share/turtlebot3_gazebo//models/turtlebot3_common/meshes/waffle_base.dae
[0.836s] -- Up-to-date: /home/borg/colcon_ws/install/turtlebot3_gazebo/share/turtlebot3_gazebo//models/turtlebot3_common/meshes/waffle_pi_base.dae
[0.837s] -- Up-to-date: /home/borg/colcon_ws/install/turtlebot3_gazebo/share/turtlebot3_gazebo//models/turtlebot3_common/model.config
[0.837s] -- Up-to-date: /home/borg/colcon_ws/install/turtlebot3_gazebo/share/turtlebot3_gazebo//models/turtlebot3_dqn_world
[0.837s] -- Up-to-date: /home/borg/colcon_ws/install/turtlebot3_gazebo/share/turtlebot3_gazebo//models/turtlebot3_dqn_world/goal_box
[0.837s] -- Up-to-date: /home/borg/colcon_ws/install/turtlebot3_gazebo/share/turtlebot3_gazebo//models/turtlebot3_dqn_world/goal_box/model.config
[0.837s] -- Up-to-date: /home/borg/colcon_ws/install/turtlebot3_gazebo/share/turtlebot3_gazebo//models/turtlebot3_dqn_world/goal_box/model.sdf
[0.838s] -- Up-to-date: /home/borg/colcon_ws/install/turtlebot3_gazebo/share/turtlebot3_gazebo//models/turtlebot3_dqn_world/inner_walls
[0.838s] -- Up-to-date: /home/borg/colcon_ws/install/turtlebot3_gazebo/share/turtlebot3_gazebo//models/turtlebot3_dqn_world/inner_walls/model.config
[0.838s] -- Up-to-date: /home/borg/colcon_ws/install/turtlebot3_gazebo/share/turtlebot3_gazebo//models/turtlebot3_dqn_world/inner_walls/model.sdf
[0.839s] -- Up-to-date: /home/borg/colcon_ws/install/turtlebot3_gazebo/share/turtlebot3_gazebo//models/turtlebot3_dqn_world/model.config
[0.839s] -- Up-to-date: /home/borg/colcon_ws/install/turtlebot3_gazebo/share/turtlebot3_gazebo//models/turtlebot3_dqn_world/model.sdf
[0.839s] -- Up-to-date: /home/borg/colcon_ws/install/turtlebot3_gazebo/share/turtlebot3_gazebo//models/turtlebot3_dqn_world/obstacle1
[0.839s] -- Up-to-date: /home/borg/colcon_ws/install/turtlebot3_gazebo/share/turtlebot3_gazebo//models/turtlebot3_dqn_world/obstacle1/model.config
[0.839s] -- Up-to-date: /home/borg/colcon_ws/install/turtlebot3_gazebo/share/turtlebot3_gazebo//models/turtlebot3_dqn_world/obstacle1/model.sdf
[0.839s] -- Up-to-date: /home/borg/colcon_ws/install/turtlebot3_gazebo/share/turtlebot3_gazebo//models/turtlebot3_dqn_world/obstacle2
[0.839s] -- Up-to-date: /home/borg/colcon_ws/install/turtlebot3_gazebo/share/turtlebot3_gazebo//models/turtlebot3_dqn_world/obstacle2/model.config
[0.840s] -- Up-to-date: /home/borg/colcon_ws/install/turtlebot3_gazebo/share/turtlebot3_gazebo//models/turtlebot3_dqn_world/obstacle2/model.sdf
[0.840s] -- Up-to-date: /home/borg/colcon_ws/install/turtlebot3_gazebo/share/turtlebot3_gazebo//models/turtlebot3_dqn_world/obstacle_plugin
[0.840s] -- Up-to-date: /home/borg/colcon_ws/install/turtlebot3_gazebo/share/turtlebot3_gazebo//models/turtlebot3_dqn_world/obstacle_plugin/CMakeLists.txt
[0.840s] -- Up-to-date: /home/borg/colcon_ws/install/turtlebot3_gazebo/share/turtlebot3_gazebo//models/turtlebot3_dqn_world/obstacle_plugin/obstacle1.cc
[0.840s] -- Up-to-date: /home/borg/colcon_ws/install/turtlebot3_gazebo/share/turtlebot3_gazebo//models/turtlebot3_dqn_world/obstacle_plugin/obstacle2.cc
[0.840s] -- Up-to-date: /home/borg/colcon_ws/install/turtlebot3_gazebo/share/turtlebot3_gazebo//models/turtlebot3_dqn_world/obstacle_plugin/obstacles.cc
[0.841s] -- Up-to-date: /home/borg/colcon_ws/install/turtlebot3_gazebo/share/turtlebot3_gazebo//models/turtlebot3_dqn_world/obstacles
[0.841s] -- Up-to-date: /home/borg/colcon_ws/install/turtlebot3_gazebo/share/turtlebot3_gazebo//models/turtlebot3_dqn_world/obstacles/model.config
[0.841s] -- Up-to-date: /home/borg/colcon_ws/install/turtlebot3_gazebo/share/turtlebot3_gazebo//models/turtlebot3_dqn_world/obstacles/model.sdf
[0.841s] -- Up-to-date: /home/borg/colcon_ws/install/turtlebot3_gazebo/share/turtlebot3_gazebo//models/turtlebot3_house
[0.841s] -- Up-to-date: /home/borg/colcon_ws/install/turtlebot3_gazebo/share/turtlebot3_gazebo//models/turtlebot3_house/model.config
[0.841s] -- Up-to-date: /home/borg/colcon_ws/install/turtlebot3_gazebo/share/turtlebot3_gazebo//models/turtlebot3_house/model.sdf
[0.841s] -- Up-to-date: /home/borg/colcon_ws/install/turtlebot3_gazebo/share/turtlebot3_gazebo//models/turtlebot3_waffle
[0.841s] -- Up-to-date: /home/borg/colcon_ws/install/turtlebot3_gazebo/share/turtlebot3_gazebo//models/turtlebot3_waffle/model-1_4.sdf
[0.842s] -- Up-to-date: /home/borg/colcon_ws/install/turtlebot3_gazebo/share/turtlebot3_gazebo//models/turtlebot3_waffle/model.config
[0.842s] -- Up-to-date: /home/borg/colcon_ws/install/turtlebot3_gazebo/share/turtlebot3_gazebo//models/turtlebot3_waffle/model.sdf
[0.842s] -- Up-to-date: /home/borg/colcon_ws/install/turtlebot3_gazebo/share/turtlebot3_gazebo//models/turtlebot3_waffle_pi
[0.842s] -- Up-to-date: /home/borg/colcon_ws/install/turtlebot3_gazebo/share/turtlebot3_gazebo//models/turtlebot3_waffle_pi/model-1_4_.sdf
[0.842s] -- Up-to-date: /home/borg/colcon_ws/install/turtlebot3_gazebo/share/turtlebot3_gazebo//models/turtlebot3_waffle_pi/model.config
[0.842s] -- Up-to-date: /home/borg/colcon_ws/install/turtlebot3_gazebo/share/turtlebot3_gazebo//models/turtlebot3_waffle_pi/model.sdf
[0.842s] -- Up-to-date: /home/borg/colcon_ws/install/turtlebot3_gazebo/share/turtlebot3_gazebo//models/turtlebot3_world
[0.843s] -- Up-to-date: /home/borg/colcon_ws/install/turtlebot3_gazebo/share/turtlebot3_gazebo//models/turtlebot3_world/meshes
[0.843s] -- Up-to-date: /home/borg/colcon_ws/install/turtlebot3_gazebo/share/turtlebot3_gazebo//models/turtlebot3_world/meshes/hexagon.dae
[0.843s] -- Up-to-date: /home/borg/colcon_ws/install/turtlebot3_gazebo/share/turtlebot3_gazebo//models/turtlebot3_world/meshes/wall.dae
[0.843s] -- Up-to-date: /home/borg/colcon_ws/install/turtlebot3_gazebo/share/turtlebot3_gazebo//models/turtlebot3_world/model-1_4.sdf
[0.843s] -- Up-to-date: /home/borg/colcon_ws/install/turtlebot3_gazebo/share/turtlebot3_gazebo//models/turtlebot3_world/model.config
[0.843s] -- Up-to-date: /home/borg/colcon_ws/install/turtlebot3_gazebo/share/turtlebot3_gazebo//models/turtlebot3_world/model.sdf
[0.843s] -- Up-to-date: /home/borg/colcon_ws/install/turtlebot3_gazebo/share/turtlebot3_gazebo//models/mybot
[0.843s] -- Up-to-date: /home/borg/colcon_ws/install/turtlebot3_gazebo/share/turtlebot3_gazebo//models/mybot/model-1_4_.sdf
[0.843s] -- Up-to-date: /home/borg/colcon_ws/install/turtlebot3_gazebo/share/turtlebot3_gazebo//models/mybot/model.config
[0.844s] -- Up-to-date: /home/borg/colcon_ws/install/turtlebot3_gazebo/share/turtlebot3_gazebo//models/mybot/model.sdf
[0.844s] -- Up-to-date: /home/borg/colcon_ws/install/turtlebot3_gazebo/share/turtlebot3_gazebo//models/turtlebot3_burger_insper
[0.844s] -- Up-to-date: /home/borg/colcon_ws/install/turtlebot3_gazebo/share/turtlebot3_gazebo//models/turtlebot3_burger_insper/model.config
[0.844s] -- Up-to-date: /home/borg/colcon_ws/install/turtlebot3_gazebo/share/turtlebot3_gazebo//models/turtlebot3_burger_insper/model-1_4_.sdf
[0.844s] -- Up-to-date: /home/borg/colcon_ws/install/turtlebot3_gazebo/share/turtlebot3_gazebo//models/turtlebot3_burger_insper/model.sdf
[0.844s] -- Up-to-date: /home/borg/colcon_ws/install/turtlebot3_gazebo/share/turtlebot3_gazebo//models/pista23-1
[0.844s] -- Up-to-date: /home/borg/colcon_ws/install/turtlebot3_gazebo/share/turtlebot3_gazebo//models/pista23-1/creeper
[0.844s] -- Up-to-date: /home/borg/colcon_ws/install/turtlebot3_gazebo/share/turtlebot3_gazebo//models/pista23-1/creeper/aruco_05
[0.845s] -- Up-to-date: /home/borg/colcon_ws/install/turtlebot3_gazebo/share/turtlebot3_gazebo//models/pista23-1/creeper/aruco_05/materials
[0.845s] -- Up-to-date: /home/borg/colcon_ws/install/turtlebot3_gazebo/share/turtlebot3_gazebo//models/pista23-1/creeper/aruco_05/materials/scripts
[0.845s] -- Up-to-date: /home/borg/colcon_ws/install/turtlebot3_gazebo/share/turtlebot3_gazebo//models/pista23-1/creeper/aruco_05/materials/scripts/creeper.material
[0.845s] -- Up-to-date: /home/borg/colcon_ws/install/turtlebot3_gazebo/share/turtlebot3_gazebo//models/pista23-1/creeper/aruco_05/materials/textures
[0.845s] -- Up-to-date: /home/borg/colcon_ws/install/turtlebot3_gazebo/share/turtlebot3_gazebo//models/pista23-1/creeper/aruco_05/materials/textures/caixa.dae
[0.845s] -- Up-to-date: /home/borg/colcon_ws/install/turtlebot3_gazebo/share/turtlebot3_gazebo//models/pista23-1/creeper/aruco_05/materials/textures/caixa.png
[0.845s] -- Up-to-date: /home/borg/colcon_ws/install/turtlebot3_gazebo/share/turtlebot3_gazebo//models/pista23-1/creeper/aruco_05/materials/textures/caixa.png_old
[0.846s] -- Up-to-date: /home/borg/colcon_ws/install/turtlebot3_gazebo/share/turtlebot3_gazebo//models/pista23-1/creeper/aruco_05/model.config
[0.846s] -- Up-to-date: /home/borg/colcon_ws/install/turtlebot3_gazebo/share/turtlebot3_gazebo//models/pista23-1/creeper/aruco_05/model.sdf
[0.846s] -- Up-to-date: /home/borg/colcon_ws/install/turtlebot3_gazebo/share/turtlebot3_gazebo//models/pista23-1/creeper/aruco_15
[0.846s] -- Up-to-date: /home/borg/colcon_ws/install/turtlebot3_gazebo/share/turtlebot3_gazebo//models/pista23-1/creeper/aruco_15/materials
[0.846s] -- Up-to-date: /home/borg/colcon_ws/install/turtlebot3_gazebo/share/turtlebot3_gazebo//models/pista23-1/creeper/aruco_15/materials/scripts
[0.847s] -- Up-to-date: /home/borg/colcon_ws/install/turtlebot3_gazebo/share/turtlebot3_gazebo//models/pista23-1/creeper/aruco_15/materials/scripts/creeper.material
[0.847s] -- Up-to-date: /home/borg/colcon_ws/install/turtlebot3_gazebo/share/turtlebot3_gazebo//models/pista23-1/creeper/aruco_15/materials/textures
[0.847s] -- Up-to-date: /home/borg/colcon_ws/install/turtlebot3_gazebo/share/turtlebot3_gazebo//models/pista23-1/creeper/aruco_15/materials/textures/caixa.dae
[0.847s] -- Up-to-date: /home/borg/colcon_ws/install/turtlebot3_gazebo/share/turtlebot3_gazebo//models/pista23-1/creeper/aruco_15/materials/textures/caixa.png
[0.847s] -- Up-to-date: /home/borg/colcon_ws/install/turtlebot3_gazebo/share/turtlebot3_gazebo//models/pista23-1/creeper/aruco_15/materials/textures/caixa.png_old
[0.847s] -- Up-to-date: /home/borg/colcon_ws/install/turtlebot3_gazebo/share/turtlebot3_gazebo//models/pista23-1/creeper/aruco_15/model.config
[0.848s] -- Up-to-date: /home/borg/colcon_ws/install/turtlebot3_gazebo/share/turtlebot3_gazebo//models/pista23-1/creeper/aruco_15/model.sdf
[0.848s] -- Up-to-date: /home/borg/colcon_ws/install/turtlebot3_gazebo/share/turtlebot3_gazebo//models/pista23-1/creeper/aruco_25
[0.848s] -- Up-to-date: /home/borg/colcon_ws/install/turtlebot3_gazebo/share/turtlebot3_gazebo//models/pista23-1/creeper/aruco_25/materials
[0.848s] -- Up-to-date: /home/borg/colcon_ws/install/turtlebot3_gazebo/share/turtlebot3_gazebo//models/pista23-1/creeper/aruco_25/materials/scripts
[0.848s] -- Up-to-date: /home/borg/colcon_ws/install/turtlebot3_gazebo/share/turtlebot3_gazebo//models/pista23-1/creeper/aruco_25/materials/scripts/creeper.material
[0.848s] -- Up-to-date: /home/borg/colcon_ws/install/turtlebot3_gazebo/share/turtlebot3_gazebo//models/pista23-1/creeper/aruco_25/materials/textures
[0.849s] -- Up-to-date: /home/borg/colcon_ws/install/turtlebot3_gazebo/share/turtlebot3_gazebo//models/pista23-1/creeper/aruco_25/materials/textures/caixa.dae
[0.849s] -- Up-to-date: /home/borg/colcon_ws/install/turtlebot3_gazebo/share/turtlebot3_gazebo//models/pista23-1/creeper/aruco_25/materials/textures/caixa.png
[0.849s] -- Up-to-date: /home/borg/colcon_ws/install/turtlebot3_gazebo/share/turtlebot3_gazebo//models/pista23-1/creeper/aruco_25/materials/textures/caixa.png_old
[0.849s] -- Up-to-date: /home/borg/colcon_ws/install/turtlebot3_gazebo/share/turtlebot3_gazebo//models/pista23-1/creeper/aruco_25/model.config
[0.849s] -- Up-to-date: /home/borg/colcon_ws/install/turtlebot3_gazebo/share/turtlebot3_gazebo//models/pista23-1/creeper/aruco_25/model.sdf
[0.850s] -- Up-to-date: /home/borg/colcon_ws/install/turtlebot3_gazebo/share/turtlebot3_gazebo//models/pista23-1/creeper/aruco_55
[0.850s] -- Up-to-date: /home/borg/colcon_ws/install/turtlebot3_gazebo/share/turtlebot3_gazebo//models/pista23-1/creeper/aruco_55/materials
[0.850s] -- Up-to-date: /home/borg/colcon_ws/install/turtlebot3_gazebo/share/turtlebot3_gazebo//models/pista23-1/creeper/aruco_55/materials/scripts
[0.850s] -- Up-to-date: /home/borg/colcon_ws/install/turtlebot3_gazebo/share/turtlebot3_gazebo//models/pista23-1/creeper/aruco_55/materials/scripts/creeper.material
[0.851s] -- Up-to-date: /home/borg/colcon_ws/install/turtlebot3_gazebo/share/turtlebot3_gazebo//models/pista23-1/creeper/aruco_55/materials/textures
[0.851s] -- Up-to-date: /home/borg/colcon_ws/install/turtlebot3_gazebo/share/turtlebot3_gazebo//models/pista23-1/creeper/aruco_55/materials/textures/caixa.dae
[0.851s] -- Up-to-date: /home/borg/colcon_ws/install/turtlebot3_gazebo/share/turtlebot3_gazebo//models/pista23-1/creeper/aruco_55/materials/textures/caixa.png
[0.852s] -- Up-to-date: /home/borg/colcon_ws/install/turtlebot3_gazebo/share/turtlebot3_gazebo//models/pista23-1/creeper/aruco_55/materials/textures/caixa.png_old
[0.852s] -- Up-to-date: /home/borg/colcon_ws/install/turtlebot3_gazebo/share/turtlebot3_gazebo//models/pista23-1/creeper/aruco_55/model.config
[0.852s] -- Up-to-date: /home/borg/colcon_ws/install/turtlebot3_gazebo/share/turtlebot3_gazebo//models/pista23-1/creeper/aruco_55/model.sdf
[0.852s] -- Up-to-date: /home/borg/colcon_ws/install/turtlebot3_gazebo/share/turtlebot3_gazebo//models/pista23-1/creeper/creeper_11
[0.852s] -- Up-to-date: /home/borg/colcon_ws/install/turtlebot3_gazebo/share/turtlebot3_gazebo//models/pista23-1/creeper/creeper_11/materials
[0.853s] -- Up-to-date: /home/borg/colcon_ws/install/turtlebot3_gazebo/share/turtlebot3_gazebo//models/pista23-1/creeper/creeper_11/materials/scripts
[0.853s] -- Up-to-date: /home/borg/colcon_ws/install/turtlebot3_gazebo/share/turtlebot3_gazebo//models/pista23-1/creeper/creeper_11/materials/scripts/creeper.material
[0.853s] -- Up-to-date: /home/borg/colcon_ws/install/turtlebot3_gazebo/share/turtlebot3_gazebo//models/pista23-1/creeper/creeper_11/materials/textures
[0.853s] -- Up-to-date: /home/borg/colcon_ws/install/turtlebot3_gazebo/share/turtlebot3_gazebo//models/pista23-1/creeper/creeper_11/materials/textures/MarkerData.png
[0.854s] -- Up-to-date: /home/borg/colcon_ws/install/turtlebot3_gazebo/share/turtlebot3_gazebo//models/pista23-1/creeper/creeper_11/materials/textures/MarkerData.png.001.png
[0.854s] -- Up-to-date: /home/borg/colcon_ws/install/turtlebot3_gazebo/share/turtlebot3_gazebo//models/pista23-1/creeper/creeper_11/materials/textures/creeper.dae
[0.854s] -- Up-to-date: /home/borg/colcon_ws/install/turtlebot3_gazebo/share/turtlebot3_gazebo//models/pista23-1/creeper/creeper_11/model.config
[0.854s] -- Up-to-date: /home/borg/colcon_ws/install/turtlebot3_gazebo/share/turtlebot3_gazebo//models/pista23-1/creeper/creeper_11/model.sdf
[0.855s] -- Up-to-date: /home/borg/colcon_ws/install/turtlebot3_gazebo/share/turtlebot3_gazebo//models/pista23-1/creeper/creeper_11_rosa
[0.855s] -- Up-to-date: /home/borg/colcon_ws/install/turtlebot3_gazebo/share/turtlebot3_gazebo//models/pista23-1/creeper/creeper_11_rosa/materials
[0.855s] -- Up-to-date: /home/borg/colcon_ws/install/turtlebot3_gazebo/share/turtlebot3_gazebo//models/pista23-1/creeper/creeper_11_rosa/materials/scripts
[0.855s] -- Up-to-date: /home/borg/colcon_ws/install/turtlebot3_gazebo/share/turtlebot3_gazebo//models/pista23-1/creeper/creeper_11_rosa/materials/scripts/creeper.material
[0.855s] -- Up-to-date: /home/borg/colcon_ws/install/turtlebot3_gazebo/share/turtlebot3_gazebo//models/pista23-1/creeper/creeper_11_rosa/materials/textures
[0.856s] -- Up-to-date: /home/borg/colcon_ws/install/turtlebot3_gazebo/share/turtlebot3_gazebo//models/pista23-1/creeper/creeper_11_rosa/materials/textures/MarkerData.png
[0.856s] -- Up-to-date: /home/borg/colcon_ws/install/turtlebot3_gazebo/share/turtlebot3_gazebo//models/pista23-1/creeper/creeper_11_rosa/materials/textures/MarkerData.png.001.png
[0.856s] -- Up-to-date: /home/borg/colcon_ws/install/turtlebot3_gazebo/share/turtlebot3_gazebo//models/pista23-1/creeper/creeper_11_rosa/materials/textures/creeper.dae
[0.856s] -- Up-to-date: /home/borg/colcon_ws/install/turtlebot3_gazebo/share/turtlebot3_gazebo//models/pista23-1/creeper/creeper_11_rosa/model.config
[0.857s] -- Up-to-date: /home/borg/colcon_ws/install/turtlebot3_gazebo/share/turtlebot3_gazebo//models/pista23-1/creeper/creeper_11_rosa/model.sdf
[0.857s] -- Up-to-date: /home/borg/colcon_ws/install/turtlebot3_gazebo/share/turtlebot3_gazebo//models/pista23-1/creeper/creeper_11_verde
[0.857s] -- Up-to-date: /home/borg/colcon_ws/install/turtlebot3_gazebo/share/turtlebot3_gazebo//models/pista23-1/creeper/creeper_11_verde/materials
[0.857s] -- Up-to-date: /home/borg/colcon_ws/install/turtlebot3_gazebo/share/turtlebot3_gazebo//models/pista23-1/creeper/creeper_11_verde/materials/scripts
[0.858s] -- Up-to-date: /home/borg/colcon_ws/install/turtlebot3_gazebo/share/turtlebot3_gazebo//models/pista23-1/creeper/creeper_11_verde/materials/scripts/creeper.material
[0.858s] -- Up-to-date: /home/borg/colcon_ws/install/turtlebot3_gazebo/share/turtlebot3_gazebo//models/pista23-1/creeper/creeper_11_verde/materials/textures
[0.858s] -- Up-to-date: /home/borg/colcon_ws/install/turtlebot3_gazebo/share/turtlebot3_gazebo//models/pista23-1/creeper/creeper_11_verde/materials/textures/MarkerData.png
[0.859s] -- Up-to-date: /home/borg/colcon_ws/install/turtlebot3_gazebo/share/turtlebot3_gazebo//models/pista23-1/creeper/creeper_11_verde/materials/textures/MarkerData.png.001.png
[0.859s] -- Up-to-date: /home/borg/colcon_ws/install/turtlebot3_gazebo/share/turtlebot3_gazebo//models/pista23-1/creeper/creeper_11_verde/materials/textures/MarkerData.png.001.png_old
[0.859s] -- Up-to-date: /home/borg/colcon_ws/install/turtlebot3_gazebo/share/turtlebot3_gazebo//models/pista23-1/creeper/creeper_11_verde/materials/textures/MarkerData.png_old
[0.859s] -- Up-to-date: /home/borg/colcon_ws/install/turtlebot3_gazebo/share/turtlebot3_gazebo//models/pista23-1/creeper/creeper_11_verde/materials/textures/creeper.dae
[0.860s] -- Up-to-date: /home/borg/colcon_ws/install/turtlebot3_gazebo/share/turtlebot3_gazebo//models/pista23-1/creeper/creeper_11_verde/model.config
[0.860s] -- Up-to-date: /home/borg/colcon_ws/install/turtlebot3_gazebo/share/turtlebot3_gazebo//models/pista23-1/creeper/creeper_11_verde/model.sdf
[0.860s] -- Up-to-date: /home/borg/colcon_ws/install/turtlebot3_gazebo/share/turtlebot3_gazebo//models/pista23-1/creeper/creeper_11_vermelho
[0.861s] -- Up-to-date: /home/borg/colcon_ws/install/turtlebot3_gazebo/share/turtlebot3_gazebo//models/pista23-1/creeper/creeper_11_vermelho/materials
[0.861s] -- Up-to-date: /home/borg/colcon_ws/install/turtlebot3_gazebo/share/turtlebot3_gazebo//models/pista23-1/creeper/creeper_11_vermelho/materials/scripts
[0.861s] -- Up-to-date: /home/borg/colcon_ws/install/turtlebot3_gazebo/share/turtlebot3_gazebo//models/pista23-1/creeper/creeper_11_vermelho/materials/scripts/creeper.material
[0.862s] -- Up-to-date: /home/borg/colcon_ws/install/turtlebot3_gazebo/share/turtlebot3_gazebo//models/pista23-1/creeper/creeper_11_vermelho/materials/textures
[0.862s] -- Up-to-date: /home/borg/colcon_ws/install/turtlebot3_gazebo/share/turtlebot3_gazebo//models/pista23-1/creeper/creeper_11_vermelho/materials/textures/MarkerData.png
[0.862s] -- Up-to-date: /home/borg/colcon_ws/install/turtlebot3_gazebo/share/turtlebot3_gazebo//models/pista23-1/creeper/creeper_11_vermelho/materials/textures/MarkerData.png.001.png
[0.862s] -- Up-to-date: /home/borg/colcon_ws/install/turtlebot3_gazebo/share/turtlebot3_gazebo//models/pista23-1/creeper/creeper_11_vermelho/materials/textures/MarkerData.png.001.png_old
[0.863s] -- Up-to-date: /home/borg/colcon_ws/install/turtlebot3_gazebo/share/turtlebot3_gazebo//models/pista23-1/creeper/creeper_11_vermelho/materials/textures/MarkerData.png_old
[0.863s] -- Up-to-date: /home/borg/colcon_ws/install/turtlebot3_gazebo/share/turtlebot3_gazebo//models/pista23-1/creeper/creeper_11_vermelho/materials/textures/creeper.dae
[0.863s] -- Up-to-date: /home/borg/colcon_ws/install/turtlebot3_gazebo/share/turtlebot3_gazebo//models/pista23-1/creeper/creeper_11_vermelho/model.config
[0.864s] -- Up-to-date: /home/borg/colcon_ws/install/turtlebot3_gazebo/share/turtlebot3_gazebo//models/pista23-1/creeper/creeper_11_vermelho/model.sdf
[0.864s] -- Up-to-date: /home/borg/colcon_ws/install/turtlebot3_gazebo/share/turtlebot3_gazebo//models/pista23-1/creeper/creeper_12
[0.864s] -- Up-to-date: /home/borg/colcon_ws/install/turtlebot3_gazebo/share/turtlebot3_gazebo//models/pista23-1/creeper/creeper_12/materials
[0.864s] -- Up-to-date: /home/borg/colcon_ws/install/turtlebot3_gazebo/share/turtlebot3_gazebo//models/pista23-1/creeper/creeper_12/materials/scripts
[0.865s] -- Up-to-date: /home/borg/colcon_ws/install/turtlebot3_gazebo/share/turtlebot3_gazebo//models/pista23-1/creeper/creeper_12/materials/scripts/creeper.material
[0.865s] -- Up-to-date: /home/borg/colcon_ws/install/turtlebot3_gazebo/share/turtlebot3_gazebo//models/pista23-1/creeper/creeper_12/materials/textures
[0.865s] -- Up-to-date: /home/borg/colcon_ws/install/turtlebot3_gazebo/share/turtlebot3_gazebo//models/pista23-1/creeper/creeper_12/materials/textures/MarkerData.png
[0.865s] -- Up-to-date: /home/borg/colcon_ws/install/turtlebot3_gazebo/share/turtlebot3_gazebo//models/pista23-1/creeper/creeper_12/materials/textures/MarkerData.png.001.png
[0.866s] -- Up-to-date: /home/borg/colcon_ws/install/turtlebot3_gazebo/share/turtlebot3_gazebo//models/pista23-1/creeper/creeper_12/materials/textures/creeper.dae
[0.866s] -- Up-to-date: /home/borg/colcon_ws/install/turtlebot3_gazebo/share/turtlebot3_gazebo//models/pista23-1/creeper/creeper_12/model.config
[0.866s] -- Up-to-date: /home/borg/colcon_ws/install/turtlebot3_gazebo/share/turtlebot3_gazebo//models/pista23-1/creeper/creeper_12/model.sdf
[0.866s] -- Up-to-date: /home/borg/colcon_ws/install/turtlebot3_gazebo/share/turtlebot3_gazebo//models/pista23-1/creeper/creeper_12_rosa
[0.867s] -- Up-to-date: /home/borg/colcon_ws/install/turtlebot3_gazebo/share/turtlebot3_gazebo//models/pista23-1/creeper/creeper_12_rosa/materials
[0.867s] -- Up-to-date: /home/borg/colcon_ws/install/turtlebot3_gazebo/share/turtlebot3_gazebo//models/pista23-1/creeper/creeper_12_rosa/materials/scripts
[0.867s] -- Up-to-date: /home/borg/colcon_ws/install/turtlebot3_gazebo/share/turtlebot3_gazebo//models/pista23-1/creeper/creeper_12_rosa/materials/scripts/creeper.material
[0.868s] -- Up-to-date: /home/borg/colcon_ws/install/turtlebot3_gazebo/share/turtlebot3_gazebo//models/pista23-1/creeper/creeper_12_rosa/materials/textures
[0.868s] -- Up-to-date: /home/borg/colcon_ws/install/turtlebot3_gazebo/share/turtlebot3_gazebo//models/pista23-1/creeper/creeper_12_rosa/materials/textures/MarkerData.png
[0.868s] -- Up-to-date: /home/borg/colcon_ws/install/turtlebot3_gazebo/share/turtlebot3_gazebo//models/pista23-1/creeper/creeper_12_rosa/materials/textures/MarkerData.png.001.png
[0.868s] -- Up-to-date: /home/borg/colcon_ws/install/turtlebot3_gazebo/share/turtlebot3_gazebo//models/pista23-1/creeper/creeper_12_rosa/materials/textures/creeper.dae
[0.869s] -- Up-to-date: /home/borg/colcon_ws/install/turtlebot3_gazebo/share/turtlebot3_gazebo//models/pista23-1/creeper/creeper_12_rosa/model.config
[0.869s] -- Up-to-date: /home/borg/colcon_ws/install/turtlebot3_gazebo/share/turtlebot3_gazebo//models/pista23-1/creeper/creeper_12_rosa/model.sdf
[0.869s] -- Up-to-date: /home/borg/colcon_ws/install/turtlebot3_gazebo/share/turtlebot3_gazebo//models/pista23-1/creeper/creeper_12_verde
[0.870s] -- Up-to-date: /home/borg/colcon_ws/install/turtlebot3_gazebo/share/turtlebot3_gazebo//models/pista23-1/creeper/creeper_12_verde/materials
[0.870s] -- Up-to-date: /home/borg/colcon_ws/install/turtlebot3_gazebo/share/turtlebot3_gazebo//models/pista23-1/creeper/creeper_12_verde/materials/scripts
[0.870s] -- Up-to-date: /home/borg/colcon_ws/install/turtlebot3_gazebo/share/turtlebot3_gazebo//models/pista23-1/creeper/creeper_12_verde/materials/scripts/creeper.material
[0.870s] -- Up-to-date: /home/borg/colcon_ws/install/turtlebot3_gazebo/share/turtlebot3_gazebo//models/pista23-1/creeper/creeper_12_verde/materials/textures
[0.871s] -- Up-to-date: /home/borg/colcon_ws/install/turtlebot3_gazebo/share/turtlebot3_gazebo//models/pista23-1/creeper/creeper_12_verde/materials/textures/MarkerData.png
[0.871s] -- Up-to-date: /home/borg/colcon_ws/install/turtlebot3_gazebo/share/turtlebot3_gazebo//models/pista23-1/creeper/creeper_12_verde/materials/textures/MarkerData.png.001.png
[0.871s] -- Up-to-date: /home/borg/colcon_ws/install/turtlebot3_gazebo/share/turtlebot3_gazebo//models/pista23-1/creeper/creeper_12_verde/materials/textures/creeper.dae
[0.872s] -- Up-to-date: /home/borg/colcon_ws/install/turtlebot3_gazebo/share/turtlebot3_gazebo//models/pista23-1/creeper/creeper_12_verde/model.config
[0.872s] -- Up-to-date: /home/borg/colcon_ws/install/turtlebot3_gazebo/share/turtlebot3_gazebo//models/pista23-1/creeper/creeper_12_verde/model.sdf
[0.872s] -- Up-to-date: /home/borg/colcon_ws/install/turtlebot3_gazebo/share/turtlebot3_gazebo//models/pista23-1/creeper/creeper_21_vermelho
[0.872s] -- Up-to-date: /home/borg/colcon_ws/install/turtlebot3_gazebo/share/turtlebot3_gazebo//models/pista23-1/creeper/creeper_21_vermelho/materials
[0.872s] -- Up-to-date: /home/borg/colcon_ws/install/turtlebot3_gazebo/share/turtlebot3_gazebo//models/pista23-1/creeper/creeper_21_vermelho/materials/scripts
[0.873s] -- Up-to-date: /home/borg/colcon_ws/install/turtlebot3_gazebo/share/turtlebot3_gazebo//models/pista23-1/creeper/creeper_21_vermelho/materials/scripts/creeper.material
[0.873s] -- Up-to-date: /home/borg/colcon_ws/install/turtlebot3_gazebo/share/turtlebot3_gazebo//models/pista23-1/creeper/creeper_21_vermelho/materials/textures
[0.873s] -- Up-to-date: /home/borg/colcon_ws/install/turtlebot3_gazebo/share/turtlebot3_gazebo//models/pista23-1/creeper/creeper_21_vermelho/materials/textures/MarkerData.png
[0.874s] -- Up-to-date: /home/borg/colcon_ws/install/turtlebot3_gazebo/share/turtlebot3_gazebo//models/pista23-1/creeper/creeper_21_vermelho/materials/textures/MarkerData.png.001.png
[0.875s] -- Up-to-date: /home/borg/colcon_ws/install/turtlebot3_gazebo/share/turtlebot3_gazebo//models/pista23-1/creeper/creeper_21_vermelho/materials/textures/MarkerData.png.001.png_old
[0.876s] -- Up-to-date: /home/borg/colcon_ws/install/turtlebot3_gazebo/share/turtlebot3_gazebo//models/pista23-1/creeper/creeper_21_vermelho/materials/textures/MarkerData.png_old
[0.876s] -- Up-to-date: /home/borg/colcon_ws/install/turtlebot3_gazebo/share/turtlebot3_gazebo//models/pista23-1/creeper/creeper_21_vermelho/materials/textures/creeper.dae
[0.876s] -- Up-to-date: /home/borg/colcon_ws/install/turtlebot3_gazebo/share/turtlebot3_gazebo//models/pista23-1/creeper/creeper_21_vermelho/model.config
[0.876s] -- Up-to-date: /home/borg/colcon_ws/install/turtlebot3_gazebo/share/turtlebot3_gazebo//models/pista23-1/creeper/creeper_21_vermelho/model.sdf
[0.876s] -- Up-to-date: /home/borg/colcon_ws/install/turtlebot3_gazebo/share/turtlebot3_gazebo//models/pista23-1/mesa
[0.877s] -- Up-to-date: /home/borg/colcon_ws/install/turtlebot3_gazebo/share/turtlebot3_gazebo//models/pista23-1/mesa/mesa_02
[0.877s] -- Up-to-date: /home/borg/colcon_ws/install/turtlebot3_gazebo/share/turtlebot3_gazebo//models/pista23-1/mesa/mesa_02/model.config
[0.877s] -- Up-to-date: /home/borg/colcon_ws/install/turtlebot3_gazebo/share/turtlebot3_gazebo//models/pista23-1/mesa/mesa_02/model.sdf
[0.877s] -- Up-to-date: /home/borg/colcon_ws/install/turtlebot3_gazebo/share/turtlebot3_gazebo//models/pista23-1/mesa/mesa_03
[0.878s] -- Up-to-date: /home/borg/colcon_ws/install/turtlebot3_gazebo/share/turtlebot3_gazebo//models/pista23-1/mesa/mesa_03/model.config
[0.878s] -- Up-to-date: /home/borg/colcon_ws/install/turtlebot3_gazebo/share/turtlebot3_gazebo//models/pista23-1/mesa/mesa_03/model.sdf
[0.878s] -- Up-to-date: /home/borg/colcon_ws/install/turtlebot3_gazebo/share/turtlebot3_gazebo//models/pista23-1/mesa/mesa_04
[0.878s] -- Up-to-date: /home/borg/colcon_ws/install/turtlebot3_gazebo/share/turtlebot3_gazebo//models/pista23-1/mesa/mesa_04/model.config
[0.878s] -- Up-to-date: /home/borg/colcon_ws/install/turtlebot3_gazebo/share/turtlebot3_gazebo//models/pista23-1/mesa/mesa_04/model.sdf
[0.879s] -- Up-to-date: /home/borg/colcon_ws/install/turtlebot3_gazebo/share/turtlebot3_gazebo//models/pista23-1/mesa/mesa_05
[0.879s] -- Up-to-date: /home/borg/colcon_ws/install/turtlebot3_gazebo/share/turtlebot3_gazebo//models/pista23-1/mesa/mesa_05/model.config
[0.879s] -- Up-to-date: /home/borg/colcon_ws/install/turtlebot3_gazebo/share/turtlebot3_gazebo//models/pista23-1/mesa/mesa_05/model.sdf
[0.879s] -- Up-to-date: /home/borg/colcon_ws/install/turtlebot3_gazebo/share/turtlebot3_gazebo//models/pista23-1/mesa/mesa_1
[0.880s] -- Up-to-date: /home/borg/colcon_ws/install/turtlebot3_gazebo/share/turtlebot3_gazebo//models/pista23-1/mesa/mesa_1/model.config
[0.880s] -- Up-to-date: /home/borg/colcon_ws/install/turtlebot3_gazebo/share/turtlebot3_gazebo//models/pista23-1/mesa/mesa_1/model.sdf
[0.880s] -- Up-to-date: /home/borg/colcon_ws/install/turtlebot3_gazebo/share/turtlebot3_gazebo//models/pista23-1/objeto
[0.880s] -- Up-to-date: /home/borg/colcon_ws/install/turtlebot3_gazebo/share/turtlebot3_gazebo//models/pista23-1/objeto/bicycle
[0.880s] -- Up-to-date: /home/borg/colcon_ws/install/turtlebot3_gazebo/share/turtlebot3_gazebo//models/pista23-1/objeto/bicycle/materials
[0.881s] -- Up-to-date: /home/borg/colcon_ws/install/turtlebot3_gazebo/share/turtlebot3_gazebo//models/pista23-1/objeto/bicycle/materials/scripts
[0.881s] -- Up-to-date: /home/borg/colcon_ws/install/turtlebot3_gazebo/share/turtlebot3_gazebo//models/pista23-1/objeto/bicycle/materials/scripts/bicycle.material
[0.881s] -- Up-to-date: /home/borg/colcon_ws/install/turtlebot3_gazebo/share/turtlebot3_gazebo//models/pista23-1/objeto/bicycle/materials/textures
[0.881s] -- Up-to-date: /home/borg/colcon_ws/install/turtlebot3_gazebo/share/turtlebot3_gazebo//models/pista23-1/objeto/bicycle/materials/textures/bicycle.dae
[0.882s] -- Up-to-date: /home/borg/colcon_ws/install/turtlebot3_gazebo/share/turtlebot3_gazebo//models/pista23-1/objeto/bicycle/materials/textures/bicycle.png
[0.882s] -- Up-to-date: /home/borg/colcon_ws/install/turtlebot3_gazebo/share/turtlebot3_gazebo//models/pista23-1/objeto/bicycle/model.config
[0.882s] -- Up-to-date: /home/borg/colcon_ws/install/turtlebot3_gazebo/share/turtlebot3_gazebo//models/pista23-1/objeto/bicycle/model.sdf
[0.882s] -- Up-to-date: /home/borg/colcon_ws/install/turtlebot3_gazebo/share/turtlebot3_gazebo//models/pista23-1/objeto/bird
[0.882s] -- Up-to-date: /home/borg/colcon_ws/install/turtlebot3_gazebo/share/turtlebot3_gazebo//models/pista23-1/objeto/bird/materials
[0.883s] -- Up-to-date: /home/borg/colcon_ws/install/turtlebot3_gazebo/share/turtlebot3_gazebo//models/pista23-1/objeto/bird/materials/scripts
[0.883s] -- Up-to-date: /home/borg/colcon_ws/install/turtlebot3_gazebo/share/turtlebot3_gazebo//models/pista23-1/objeto/bird/materials/scripts/bird.material
[0.883s] -- Up-to-date: /home/borg/colcon_ws/install/turtlebot3_gazebo/share/turtlebot3_gazebo//models/pista23-1/objeto/bird/materials/textures
[0.883s] -- Up-to-date: /home/borg/colcon_ws/install/turtlebot3_gazebo/share/turtlebot3_gazebo//models/pista23-1/objeto/bird/materials/textures/bird.dae
[0.883s] -- Up-to-date: /home/borg/colcon_ws/install/turtlebot3_gazebo/share/turtlebot3_gazebo//models/pista23-1/objeto/bird/materials/textures/bird.png
[0.884s] -- Up-to-date: /home/borg/colcon_ws/install/turtlebot3_gazebo/share/turtlebot3_gazebo//models/pista23-1/objeto/bird/model.config
[0.884s] -- Up-to-date: /home/borg/colcon_ws/install/turtlebot3_gazebo/share/turtlebot3_gazebo//models/pista23-1/objeto/bird/model.sdf
[0.884s] -- Up-to-date: /home/borg/colcon_ws/install/turtlebot3_gazebo/share/turtlebot3_gazebo//models/pista23-1/objeto/caixa_azul
[0.884s] -- Up-to-date: /home/borg/colcon_ws/install/turtlebot3_gazebo/share/turtlebot3_gazebo//models/pista23-1/objeto/caixa_azul/model.config
[0.885s] -- Up-to-date: /home/borg/colcon_ws/install/turtlebot3_gazebo/share/turtlebot3_gazebo//models/pista23-1/objeto/caixa_azul/model.sdf
[0.885s] -- Up-to-date: /home/borg/colcon_ws/install/turtlebot3_gazebo/share/turtlebot3_gazebo//models/pista23-1/objeto/caixa_vermelha_01
[0.885s] -- Up-to-date: /home/borg/colcon_ws/install/turtlebot3_gazebo/share/turtlebot3_gazebo//models/pista23-1/objeto/caixa_vermelha_01/model.config
[0.885s] -- Up-to-date: /home/borg/colcon_ws/install/turtlebot3_gazebo/share/turtlebot3_gazebo//models/pista23-1/objeto/caixa_vermelha_01/model.sdf
[0.885s] -- Up-to-date: /home/borg/colcon_ws/install/turtlebot3_gazebo/share/turtlebot3_gazebo//models/pista23-1/objeto/caixa_vermelha_02
[0.886s] -- Up-to-date: /home/borg/colcon_ws/install/turtlebot3_gazebo/share/turtlebot3_gazebo//models/pista23-1/objeto/caixa_vermelha_02/model.config
[0.886s] -- Up-to-date: /home/borg/colcon_ws/install/turtlebot3_gazebo/share/turtlebot3_gazebo//models/pista23-1/objeto/caixa_vermelha_02/model.sdf
[0.886s] -- Up-to-date: /home/borg/colcon_ws/install/turtlebot3_gazebo/share/turtlebot3_gazebo//models/pista23-1/objeto/cat
[0.886s] -- Up-to-date: /home/borg/colcon_ws/install/turtlebot3_gazebo/share/turtlebot3_gazebo//models/pista23-1/objeto/cat/materials
[0.886s] -- Up-to-date: /home/borg/colcon_ws/install/turtlebot3_gazebo/share/turtlebot3_gazebo//models/pista23-1/objeto/cat/materials/scripts
[0.887s] -- Up-to-date: /home/borg/colcon_ws/install/turtlebot3_gazebo/share/turtlebot3_gazebo//models/pista23-1/objeto/cat/materials/scripts/cat.material
[0.887s] -- Up-to-date: /home/borg/colcon_ws/install/turtlebot3_gazebo/share/turtlebot3_gazebo//models/pista23-1/objeto/cat/materials/textures
[0.887s] -- Up-to-date: /home/borg/colcon_ws/install/turtlebot3_gazebo/share/turtlebot3_gazebo//models/pista23-1/objeto/cat/materials/textures/cat.dae
[0.887s] -- Up-to-date: /home/borg/colcon_ws/install/turtlebot3_gazebo/share/turtlebot3_gazebo//models/pista23-1/objeto/cat/materials/textures/cat.png
[0.887s] -- Up-to-date: /home/borg/colcon_ws/install/turtlebot3_gazebo/share/turtlebot3_gazebo//models/pista23-1/objeto/cat/model.config
[0.887s] -- Up-to-date: /home/borg/colcon_ws/install/turtlebot3_gazebo/share/turtlebot3_gazebo//models/pista23-1/objeto/cat/model.sdf
[0.888s] -- Up-to-date: /home/borg/colcon_ws/install/turtlebot3_gazebo/share/turtlebot3_gazebo//models/pista23-1/objeto/dog
[0.888s] -- Up-to-date: /home/borg/colcon_ws/install/turtlebot3_gazebo/share/turtlebot3_gazebo//models/pista23-1/objeto/dog/materials
[0.888s] -- Up-to-date: /home/borg/colcon_ws/install/turtlebot3_gazebo/share/turtlebot3_gazebo//models/pista23-1/objeto/dog/materials/scripts
[0.888s] -- Up-to-date: /home/borg/colcon_ws/install/turtlebot3_gazebo/share/turtlebot3_gazebo//models/pista23-1/objeto/dog/materials/scripts/dog.material
[0.888s] -- Up-to-date: /home/borg/colcon_ws/install/turtlebot3_gazebo/share/turtlebot3_gazebo//models/pista23-1/objeto/dog/materials/textures
[0.889s] -- Up-to-date: /home/borg/colcon_ws/install/turtlebot3_gazebo/share/turtlebot3_gazebo//models/pista23-1/objeto/dog/materials/textures/dog.dae
[0.889s] -- Up-to-date: /home/borg/colcon_ws/install/turtlebot3_gazebo/share/turtlebot3_gazebo//models/pista23-1/objeto/dog/materials/textures/dog.png
[0.889s] -- Up-to-date: /home/borg/colcon_ws/install/turtlebot3_gazebo/share/turtlebot3_gazebo//models/pista23-1/objeto/dog/model.config
[0.889s] -- Up-to-date: /home/borg/colcon_ws/install/turtlebot3_gazebo/share/turtlebot3_gazebo//models/pista23-1/objeto/dog/model.sdf
[0.889s] -- Up-to-date: /home/borg/colcon_ws/install/turtlebot3_gazebo/share/turtlebot3_gazebo//models/pista23-1/objeto/horse
[0.890s] -- Up-to-date: /home/borg/colcon_ws/install/turtlebot3_gazebo/share/turtlebot3_gazebo//models/pista23-1/objeto/horse/materials
[0.890s] -- Up-to-date: /home/borg/colcon_ws/install/turtlebot3_gazebo/share/turtlebot3_gazebo//models/pista23-1/objeto/horse/materials/scripts
[0.890s] -- Up-to-date: /home/borg/colcon_ws/install/turtlebot3_gazebo/share/turtlebot3_gazebo//models/pista23-1/objeto/horse/materials/scripts/horse.material
[0.890s] -- Up-to-date: /home/borg/colcon_ws/install/turtlebot3_gazebo/share/turtlebot3_gazebo//models/pista23-1/objeto/horse/materials/textures
[0.890s] -- Up-to-date: /home/borg/colcon_ws/install/turtlebot3_gazebo/share/turtlebot3_gazebo//models/pista23-1/objeto/horse/materials/textures/horse.png
[0.891s] -- Up-to-date: /home/borg/colcon_ws/install/turtlebot3_gazebo/share/turtlebot3_gazebo//models/pista23-1/objeto/horse/model.config
[0.891s] -- Up-to-date: /home/borg/colcon_ws/install/turtlebot3_gazebo/share/turtlebot3_gazebo//models/pista23-1/objeto/horse/model.sdf
[0.891s] -- Up-to-date: /home/borg/colcon_ws/install/turtlebot3_gazebo/share/turtlebot3_gazebo//models/pista23-1/parede
[0.891s] -- Up-to-date: /home/borg/colcon_ws/install/turtlebot3_gazebo/share/turtlebot3_gazebo//models/pista23-1/parede/model.config
[0.891s] -- Up-to-date: /home/borg/colcon_ws/install/turtlebot3_gazebo/share/turtlebot3_gazebo//models/pista23-1/parede/model.sdf
[0.892s] -- Up-to-date: /home/borg/colcon_ws/install/turtlebot3_gazebo/share/turtlebot3_gazebo//models/pista23-1/pisosala
[0.892s] -- Up-to-date: /home/borg/colcon_ws/install/turtlebot3_gazebo/share/turtlebot3_gazebo//models/pista23-1/pisosala/materials
[0.892s] -- Up-to-date: /home/borg/colcon_ws/install/turtlebot3_gazebo/share/turtlebot3_gazebo//models/pista23-1/pisosala/materials/scripts
[0.892s] -- Up-to-date: /home/borg/colcon_ws/install/turtlebot3_gazebo/share/turtlebot3_gazebo//models/pista23-1/pisosala/materials/scripts/pisosala.material
[0.892s] -- Up-to-date: /home/borg/colcon_ws/install/turtlebot3_gazebo/share/turtlebot3_gazebo//models/pista23-1/pisosala/materials/textures
[0.893s] -- Up-to-date: /home/borg/colcon_ws/install/turtlebot3_gazebo/share/turtlebot3_gazebo//models/pista23-1/pisosala/materials/textures/pisosala - antigo.png
[0.893s] -- Up-to-date: /home/borg/colcon_ws/install/turtlebot3_gazebo/share/turtlebot3_gazebo//models/pista23-1/pisosala/materials/textures/pisosala.png
[0.893s] -- Up-to-date: /home/borg/colcon_ws/install/turtlebot3_gazebo/share/turtlebot3_gazebo//models/pista23-1/pisosala/materials/textures/pisosala_cuenca.png
[0.893s] -- Up-to-date: /home/borg/colcon_ws/install/turtlebot3_gazebo/share/turtlebot3_gazebo//models/pista23-1/pisosala/model.config
[0.894s] -- Up-to-date: /home/borg/colcon_ws/install/turtlebot3_gazebo/share/turtlebot3_gazebo//models/pista23-1/pisosala/model.sdf
[0.894s] -- Up-to-date: /home/borg/colcon_ws/install/turtlebot3_gazebo/share/turtlebot3_gazebo//models/pista23-B
[0.894s] -- Up-to-date: /home/borg/colcon_ws/install/turtlebot3_gazebo/share/turtlebot3_gazebo//models/pista23-B/creeper
[0.894s] -- Up-to-date: /home/borg/colcon_ws/install/turtlebot3_gazebo/share/turtlebot3_gazebo//models/pista23-B/creeper/aruco_100
[0.894s] -- Up-to-date: /home/borg/colcon_ws/install/turtlebot3_gazebo/share/turtlebot3_gazebo//models/pista23-B/creeper/aruco_100/materials
[0.895s] -- Up-to-date: /home/borg/colcon_ws/install/turtlebot3_gazebo/share/turtlebot3_gazebo//models/pista23-B/creeper/aruco_100/materials/scripts
[0.895s] -- Up-to-date: /home/borg/colcon_ws/install/turtlebot3_gazebo/share/turtlebot3_gazebo//models/pista23-B/creeper/aruco_100/materials/scripts/creeper.material
[0.895s] -- Up-to-date: /home/borg/colcon_ws/install/turtlebot3_gazebo/share/turtlebot3_gazebo//models/pista23-B/creeper/aruco_100/materials/textures
[0.895s] -- Up-to-date: /home/borg/colcon_ws/install/turtlebot3_gazebo/share/turtlebot3_gazebo//models/pista23-B/creeper/aruco_100/materials/textures/caixa.dae
[0.895s] -- Up-to-date: /home/borg/colcon_ws/install/turtlebot3_gazebo/share/turtlebot3_gazebo//models/pista23-B/creeper/aruco_100/materials/textures/caixa.png
[0.896s] -- Up-to-date: /home/borg/colcon_ws/install/turtlebot3_gazebo/share/turtlebot3_gazebo//models/pista23-B/creeper/aruco_100/materials/textures/caixa.png_old
[0.896s] -- Up-to-date: /home/borg/colcon_ws/install/turtlebot3_gazebo/share/turtlebot3_gazebo//models/pista23-B/creeper/aruco_100/model.config
[0.896s] -- Up-to-date: /home/borg/colcon_ws/install/turtlebot3_gazebo/share/turtlebot3_gazebo//models/pista23-B/creeper/aruco_100/model.sdf
[0.897s] -- Up-to-date: /home/borg/colcon_ws/install/turtlebot3_gazebo/share/turtlebot3_gazebo//models/pista23-B/creeper/aruco_150
[0.897s] -- Up-to-date: /home/borg/colcon_ws/install/turtlebot3_gazebo/share/turtlebot3_gazebo//models/pista23-B/creeper/aruco_150/materials
[0.897s] -- Up-to-date: /home/borg/colcon_ws/install/turtlebot3_gazebo/share/turtlebot3_gazebo//models/pista23-B/creeper/aruco_150/materials/scripts
[0.898s] -- Up-to-date: /home/borg/colcon_ws/install/turtlebot3_gazebo/share/turtlebot3_gazebo//models/pista23-B/creeper/aruco_150/materials/scripts/creeper.material
[0.898s] -- Up-to-date: /home/borg/colcon_ws/install/turtlebot3_gazebo/share/turtlebot3_gazebo//models/pista23-B/creeper/aruco_150/materials/textures
[0.898s] -- Up-to-date: /home/borg/colcon_ws/install/turtlebot3_gazebo/share/turtlebot3_gazebo//models/pista23-B/creeper/aruco_150/materials/textures/caixa.dae
[0.898s] -- Up-to-date: /home/borg/colcon_ws/install/turtlebot3_gazebo/share/turtlebot3_gazebo//models/pista23-B/creeper/aruco_150/materials/textures/caixa.png
[0.899s] -- Up-to-date: /home/borg/colcon_ws/install/turtlebot3_gazebo/share/turtlebot3_gazebo//models/pista23-B/creeper/aruco_150/materials/textures/caixa.png_old
[0.899s] -- Up-to-date: /home/borg/colcon_ws/install/turtlebot3_gazebo/share/turtlebot3_gazebo//models/pista23-B/creeper/aruco_150/model.config
[0.899s] -- Up-to-date: /home/borg/colcon_ws/install/turtlebot3_gazebo/share/turtlebot3_gazebo//models/pista23-B/creeper/aruco_150/model.sdf
[0.899s] -- Up-to-date: /home/borg/colcon_ws/install/turtlebot3_gazebo/share/turtlebot3_gazebo//models/pista23-B/creeper/aruco_25
[0.900s] -- Up-to-date: /home/borg/colcon_ws/install/turtlebot3_gazebo/share/turtlebot3_gazebo//models/pista23-B/creeper/aruco_25/materials
[0.900s] -- Up-to-date: /home/borg/colcon_ws/install/turtlebot3_gazebo/share/turtlebot3_gazebo//models/pista23-B/creeper/aruco_25/materials/scripts
[0.900s] -- Up-to-date: /home/borg/colcon_ws/install/turtlebot3_gazebo/share/turtlebot3_gazebo//models/pista23-B/creeper/aruco_25/materials/scripts/creeper.material
[0.900s] -- Up-to-date: /home/borg/colcon_ws/install/turtlebot3_gazebo/share/turtlebot3_gazebo//models/pista23-B/creeper/aruco_25/materials/textures
[0.901s] -- Up-to-date: /home/borg/colcon_ws/install/turtlebot3_gazebo/share/turtlebot3_gazebo//models/pista23-B/creeper/aruco_25/materials/textures/caixa.dae
[0.901s] -- Up-to-date: /home/borg/colcon_ws/install/turtlebot3_gazebo/share/turtlebot3_gazebo//models/pista23-B/creeper/aruco_25/materials/textures/caixa.png
[0.901s] -- Up-to-date: /home/borg/colcon_ws/install/turtlebot3_gazebo/share/turtlebot3_gazebo//models/pista23-B/creeper/aruco_25/materials/textures/caixa.png_old
[0.901s] -- Up-to-date: /home/borg/colcon_ws/install/turtlebot3_gazebo/share/turtlebot3_gazebo//models/pista23-B/creeper/aruco_25/model.config
[0.902s] -- Up-to-date: /home/borg/colcon_ws/install/turtlebot3_gazebo/share/turtlebot3_gazebo//models/pista23-B/creeper/aruco_25/model.sdf
[0.902s] -- Up-to-date: /home/borg/colcon_ws/install/turtlebot3_gazebo/share/turtlebot3_gazebo//models/pista23-B/creeper/aruco_250
[0.902s] -- Up-to-date: /home/borg/colcon_ws/install/turtlebot3_gazebo/share/turtlebot3_gazebo//models/pista23-B/creeper/aruco_250/materials
[0.902s] -- Up-to-date: /home/borg/colcon_ws/install/turtlebot3_gazebo/share/turtlebot3_gazebo//models/pista23-B/creeper/aruco_250/materials/scripts
[0.902s] -- Up-to-date: /home/borg/colcon_ws/install/turtlebot3_gazebo/share/turtlebot3_gazebo//models/pista23-B/creeper/aruco_250/materials/scripts/creeper.material
[0.903s] -- Up-to-date: /home/borg/colcon_ws/install/turtlebot3_gazebo/share/turtlebot3_gazebo//models/pista23-B/creeper/aruco_250/materials/textures
[0.903s] -- Up-to-date: /home/borg/colcon_ws/install/turtlebot3_gazebo/share/turtlebot3_gazebo//models/pista23-B/creeper/aruco_250/materials/textures/caixa.dae
[0.903s] -- Up-to-date: /home/borg/colcon_ws/install/turtlebot3_gazebo/share/turtlebot3_gazebo//models/pista23-B/creeper/aruco_250/materials/textures/caixa.png
[0.903s] -- Up-to-date: /home/borg/colcon_ws/install/turtlebot3_gazebo/share/turtlebot3_gazebo//models/pista23-B/creeper/aruco_250/materials/textures/caixa.png_old
[0.904s] -- Up-to-date: /home/borg/colcon_ws/install/turtlebot3_gazebo/share/turtlebot3_gazebo//models/pista23-B/creeper/aruco_250/model.config
[0.904s] -- Up-to-date: /home/borg/colcon_ws/install/turtlebot3_gazebo/share/turtlebot3_gazebo//models/pista23-B/creeper/aruco_250/model.sdf
[0.904s] -- Up-to-date: /home/borg/colcon_ws/install/turtlebot3_gazebo/share/turtlebot3_gazebo//models/pista23-B/creeper/creeper_11_azul
[0.904s] -- Up-to-date: /home/borg/colcon_ws/install/turtlebot3_gazebo/share/turtlebot3_gazebo//models/pista23-B/creeper/creeper_11_azul/materials
[0.904s] -- Up-to-date: /home/borg/colcon_ws/install/turtlebot3_gazebo/share/turtlebot3_gazebo//models/pista23-B/creeper/creeper_11_azul/materials/scripts
[0.905s] -- Up-to-date: /home/borg/colcon_ws/install/turtlebot3_gazebo/share/turtlebot3_gazebo//models/pista23-B/creeper/creeper_11_azul/materials/scripts/creeper.material
[0.905s] -- Up-to-date: /home/borg/colcon_ws/install/turtlebot3_gazebo/share/turtlebot3_gazebo//models/pista23-B/creeper/creeper_11_azul/materials/textures
[0.905s] -- Up-to-date: /home/borg/colcon_ws/install/turtlebot3_gazebo/share/turtlebot3_gazebo//models/pista23-B/creeper/creeper_11_azul/materials/textures/MarkerData.png
[0.905s] -- Up-to-date: /home/borg/colcon_ws/install/turtlebot3_gazebo/share/turtlebot3_gazebo//models/pista23-B/creeper/creeper_11_azul/materials/textures/MarkerData.png.001.png
[0.905s] -- Up-to-date: /home/borg/colcon_ws/install/turtlebot3_gazebo/share/turtlebot3_gazebo//models/pista23-B/creeper/creeper_11_azul/materials/textures/creeper.dae
[0.906s] -- Up-to-date: /home/borg/colcon_ws/install/turtlebot3_gazebo/share/turtlebot3_gazebo//models/pista23-B/creeper/creeper_11_azul/model.sdf
[0.906s] -- Up-to-date: /home/borg/colcon_ws/install/turtlebot3_gazebo/share/turtlebot3_gazebo//models/pista23-B/creeper/creeper_11_azul/model.config
[0.906s] -- Up-to-date: /home/borg/colcon_ws/install/turtlebot3_gazebo/share/turtlebot3_gazebo//models/pista23-B/creeper/creeper_13_verde
[0.906s] -- Up-to-date: /home/borg/colcon_ws/install/turtlebot3_gazebo/share/turtlebot3_gazebo//models/pista23-B/creeper/creeper_13_verde/materials
[0.907s] -- Up-to-date: /home/borg/colcon_ws/install/turtlebot3_gazebo/share/turtlebot3_gazebo//models/pista23-B/creeper/creeper_13_verde/materials/scripts
[0.907s] -- Up-to-date: /home/borg/colcon_ws/install/turtlebot3_gazebo/share/turtlebot3_gazebo//models/pista23-B/creeper/creeper_13_verde/materials/scripts/creeper.material
[0.907s] -- Up-to-date: /home/borg/colcon_ws/install/turtlebot3_gazebo/share/turtlebot3_gazebo//models/pista23-B/creeper/creeper_13_verde/materials/textures
[0.907s] -- Up-to-date: /home/borg/colcon_ws/install/turtlebot3_gazebo/share/turtlebot3_gazebo//models/pista23-B/creeper/creeper_13_verde/materials/textures/MarkerData.png
[0.907s] -- Up-to-date: /home/borg/colcon_ws/install/turtlebot3_gazebo/share/turtlebot3_gazebo//models/pista23-B/creeper/creeper_13_verde/materials/textures/MarkerData.png.001.png
[0.908s] -- Up-to-date: /home/borg/colcon_ws/install/turtlebot3_gazebo/share/turtlebot3_gazebo//models/pista23-B/creeper/creeper_13_verde/materials/textures/MarkerData.png.001.png_old
[0.908s] -- Up-to-date: /home/borg/colcon_ws/install/turtlebot3_gazebo/share/turtlebot3_gazebo//models/pista23-B/creeper/creeper_13_verde/materials/textures/MarkerData.png_old
[0.908s] -- Up-to-date: /home/borg/colcon_ws/install/turtlebot3_gazebo/share/turtlebot3_gazebo//models/pista23-B/creeper/creeper_13_verde/materials/textures/creeper.dae
[0.908s] -- Up-to-date: /home/borg/colcon_ws/install/turtlebot3_gazebo/share/turtlebot3_gazebo//models/pista23-B/creeper/creeper_13_verde/model.sdf
[0.909s] -- Up-to-date: /home/borg/colcon_ws/install/turtlebot3_gazebo/share/turtlebot3_gazebo//models/pista23-B/creeper/creeper_13_verde/model.config
[0.909s] -- Up-to-date: /home/borg/colcon_ws/install/turtlebot3_gazebo/share/turtlebot3_gazebo//models/pista23-B/creeper/creeper_21_azul
[0.909s] -- Up-to-date: /home/borg/colcon_ws/install/turtlebot3_gazebo/share/turtlebot3_gazebo//models/pista23-B/creeper/creeper_21_azul/materials
[0.910s] -- Up-to-date: /home/borg/colcon_ws/install/turtlebot3_gazebo/share/turtlebot3_gazebo//models/pista23-B/creeper/creeper_21_azul/materials/scripts
[0.910s] -- Up-to-date: /home/borg/colcon_ws/install/turtlebot3_gazebo/share/turtlebot3_gazebo//models/pista23-B/creeper/creeper_21_azul/materials/scripts/creeper.material
[0.910s] -- Up-to-date: /home/borg/colcon_ws/install/turtlebot3_gazebo/share/turtlebot3_gazebo//models/pista23-B/creeper/creeper_21_azul/materials/textures
[0.910s] -- Up-to-date: /home/borg/colcon_ws/install/turtlebot3_gazebo/share/turtlebot3_gazebo//models/pista23-B/creeper/creeper_21_azul/materials/textures/MarkerData.png
[0.911s] -- Up-to-date: /home/borg/colcon_ws/install/turtlebot3_gazebo/share/turtlebot3_gazebo//models/pista23-B/creeper/creeper_21_azul/materials/textures/MarkerData.png.001.png
[0.911s] -- Up-to-date: /home/borg/colcon_ws/install/turtlebot3_gazebo/share/turtlebot3_gazebo//models/pista23-B/creeper/creeper_21_azul/materials/textures/creeper.dae
[0.911s] -- Up-to-date: /home/borg/colcon_ws/install/turtlebot3_gazebo/share/turtlebot3_gazebo//models/pista23-B/creeper/creeper_21_azul/model.sdf
[0.911s] -- Up-to-date: /home/borg/colcon_ws/install/turtlebot3_gazebo/share/turtlebot3_gazebo//models/pista23-B/creeper/creeper_21_azul/model.config
[0.911s] -- Up-to-date: /home/borg/colcon_ws/install/turtlebot3_gazebo/share/turtlebot3_gazebo//models/pista23-B/creeper/creeper_32_verde
[0.912s] -- Up-to-date: /home/borg/colcon_ws/install/turtlebot3_gazebo/share/turtlebot3_gazebo//models/pista23-B/creeper/creeper_32_verde/materials
[0.912s] -- Up-to-date: /home/borg/colcon_ws/install/turtlebot3_gazebo/share/turtlebot3_gazebo//models/pista23-B/creeper/creeper_32_verde/materials/scripts
[0.912s] -- Up-to-date: /home/borg/colcon_ws/install/turtlebot3_gazebo/share/turtlebot3_gazebo//models/pista23-B/creeper/creeper_32_verde/materials/scripts/creeper.material
[0.913s] -- Up-to-date: /home/borg/colcon_ws/install/turtlebot3_gazebo/share/turtlebot3_gazebo//models/pista23-B/creeper/creeper_32_verde/materials/textures
[0.913s] -- Up-to-date: /home/borg/colcon_ws/install/turtlebot3_gazebo/share/turtlebot3_gazebo//models/pista23-B/creeper/creeper_32_verde/materials/textures/MarkerData.png
[0.913s] -- Up-to-date: /home/borg/colcon_ws/install/turtlebot3_gazebo/share/turtlebot3_gazebo//models/pista23-B/creeper/creeper_32_verde/materials/textures/MarkerData.png.001.png
[0.913s] -- Up-to-date: /home/borg/colcon_ws/install/turtlebot3_gazebo/share/turtlebot3_gazebo//models/pista23-B/creeper/creeper_32_verde/materials/textures/creeper.dae
[0.914s] -- Up-to-date: /home/borg/colcon_ws/install/turtlebot3_gazebo/share/turtlebot3_gazebo//models/pista23-B/creeper/creeper_32_verde/model.sdf
[0.914s] -- Up-to-date: /home/borg/colcon_ws/install/turtlebot3_gazebo/share/turtlebot3_gazebo//models/pista23-B/creeper/creeper_32_verde/model.config
[0.914s] -- Up-to-date: /home/borg/colcon_ws/install/turtlebot3_gazebo/share/turtlebot3_gazebo//models/pista23-B/mesa
[0.914s] -- Up-to-date: /home/borg/colcon_ws/install/turtlebot3_gazebo/share/turtlebot3_gazebo//models/pista23-B/mesa/mesa_02
[0.915s] -- Up-to-date: /home/borg/colcon_ws/install/turtlebot3_gazebo/share/turtlebot3_gazebo//models/pista23-B/mesa/mesa_02/model.config
[0.915s] -- Up-to-date: /home/borg/colcon_ws/install/turtlebot3_gazebo/share/turtlebot3_gazebo//models/pista23-B/mesa/mesa_02/model.sdf
[0.915s] -- Up-to-date: /home/borg/colcon_ws/install/turtlebot3_gazebo/share/turtlebot3_gazebo//models/pista23-B/mesa/mesa_03
[0.916s] -- Up-to-date: /home/borg/colcon_ws/install/turtlebot3_gazebo/share/turtlebot3_gazebo//models/pista23-B/mesa/mesa_03/model.config
[0.916s] -- Up-to-date: /home/borg/colcon_ws/install/turtlebot3_gazebo/share/turtlebot3_gazebo//models/pista23-B/mesa/mesa_03/model.sdf
[0.916s] -- Up-to-date: /home/borg/colcon_ws/install/turtlebot3_gazebo/share/turtlebot3_gazebo//models/pista23-B/mesa/mesa_04
[0.916s] -- Up-to-date: /home/borg/colcon_ws/install/turtlebot3_gazebo/share/turtlebot3_gazebo//models/pista23-B/mesa/mesa_04/model.config
[0.916s] -- Up-to-date: /home/borg/colcon_ws/install/turtlebot3_gazebo/share/turtlebot3_gazebo//models/pista23-B/mesa/mesa_04/model.sdf
[0.917s] -- Up-to-date: /home/borg/colcon_ws/install/turtlebot3_gazebo/share/turtlebot3_gazebo//models/pista23-B/mesa/mesa_05
[0.917s] -- Up-to-date: /home/borg/colcon_ws/install/turtlebot3_gazebo/share/turtlebot3_gazebo//models/pista23-B/mesa/mesa_05/model.config
[0.917s] -- Up-to-date: /home/borg/colcon_ws/install/turtlebot3_gazebo/share/turtlebot3_gazebo//models/pista23-B/mesa/mesa_05/model.sdf
[0.917s] -- Up-to-date: /home/borg/colcon_ws/install/turtlebot3_gazebo/share/turtlebot3_gazebo//models/pista23-B/mesa/mesa_1
[0.918s] -- Up-to-date: /home/borg/colcon_ws/install/turtlebot3_gazebo/share/turtlebot3_gazebo//models/pista23-B/mesa/mesa_1/model.config
[0.918s] -- Up-to-date: /home/borg/colcon_ws/install/turtlebot3_gazebo/share/turtlebot3_gazebo//models/pista23-B/mesa/mesa_1/model.sdf
[0.919s] -- Up-to-date: /home/borg/colcon_ws/install/turtlebot3_gazebo/share/turtlebot3_gazebo//models/pista23-B/objeto
[0.919s] -- Up-to-date: /home/borg/colcon_ws/install/turtlebot3_gazebo/share/turtlebot3_gazebo//models/pista23-B/objeto/bicycle
[0.919s] -- Up-to-date: /home/borg/colcon_ws/install/turtlebot3_gazebo/share/turtlebot3_gazebo//models/pista23-B/objeto/bicycle/materials
[0.919s] -- Up-to-date: /home/borg/colcon_ws/install/turtlebot3_gazebo/share/turtlebot3_gazebo//models/pista23-B/objeto/bicycle/materials/scripts
[0.920s] -- Up-to-date: /home/borg/colcon_ws/install/turtlebot3_gazebo/share/turtlebot3_gazebo//models/pista23-B/objeto/bicycle/materials/scripts/bicycle.material
[0.920s] -- Up-to-date: /home/borg/colcon_ws/install/turtlebot3_gazebo/share/turtlebot3_gazebo//models/pista23-B/objeto/bicycle/materials/textures
[0.920s] -- Up-to-date: /home/borg/colcon_ws/install/turtlebot3_gazebo/share/turtlebot3_gazebo//models/pista23-B/objeto/bicycle/materials/textures/bicycle.dae
[0.920s] -- Up-to-date: /home/borg/colcon_ws/install/turtlebot3_gazebo/share/turtlebot3_gazebo//models/pista23-B/objeto/bicycle/materials/textures/bicycle.png
[0.920s] -- Up-to-date: /home/borg/colcon_ws/install/turtlebot3_gazebo/share/turtlebot3_gazebo//models/pista23-B/objeto/bicycle/model.config
[0.921s] -- Up-to-date: /home/borg/colcon_ws/install/turtlebot3_gazebo/share/turtlebot3_gazebo//models/pista23-B/objeto/bicycle/model.sdf
[0.921s] -- Up-to-date: /home/borg/colcon_ws/install/turtlebot3_gazebo/share/turtlebot3_gazebo//models/pista23-B/objeto/bird
[0.921s] -- Up-to-date: /home/borg/colcon_ws/install/turtlebot3_gazebo/share/turtlebot3_gazebo//models/pista23-B/objeto/bird/materials
[0.921s] -- Up-to-date: /home/borg/colcon_ws/install/turtlebot3_gazebo/share/turtlebot3_gazebo//models/pista23-B/objeto/bird/materials/scripts
[0.922s] -- Up-to-date: /home/borg/colcon_ws/install/turtlebot3_gazebo/share/turtlebot3_gazebo//models/pista23-B/objeto/bird/materials/scripts/bird.material
[0.922s] -- Up-to-date: /home/borg/colcon_ws/install/turtlebot3_gazebo/share/turtlebot3_gazebo//models/pista23-B/objeto/bird/materials/textures
[0.922s] -- Up-to-date: /home/borg/colcon_ws/install/turtlebot3_gazebo/share/turtlebot3_gazebo//models/pista23-B/objeto/bird/materials/textures/bird.dae
[0.922s] -- Up-to-date: /home/borg/colcon_ws/install/turtlebot3_gazebo/share/turtlebot3_gazebo//models/pista23-B/objeto/bird/materials/textures/bird.png
[0.922s] -- Up-to-date: /home/borg/colcon_ws/install/turtlebot3_gazebo/share/turtlebot3_gazebo//models/pista23-B/objeto/bird/model.config
[0.923s] -- Up-to-date: /home/borg/colcon_ws/install/turtlebot3_gazebo/share/turtlebot3_gazebo//models/pista23-B/objeto/bird/model.sdf
[0.923s] -- Up-to-date: /home/borg/colcon_ws/install/turtlebot3_gazebo/share/turtlebot3_gazebo//models/pista23-B/objeto/caixa_azul
[0.923s] -- Up-to-date: /home/borg/colcon_ws/install/turtlebot3_gazebo/share/turtlebot3_gazebo//models/pista23-B/objeto/caixa_azul/model.config
[0.924s] -- Up-to-date: /home/borg/colcon_ws/install/turtlebot3_gazebo/share/turtlebot3_gazebo//models/pista23-B/objeto/caixa_azul/model.sdf
[0.924s] -- Up-to-date: /home/borg/colcon_ws/install/turtlebot3_gazebo/share/turtlebot3_gazebo//models/pista23-B/objeto/caixa_vermelha_01
[0.924s] -- Up-to-date: /home/borg/colcon_ws/install/turtlebot3_gazebo/share/turtlebot3_gazebo//models/pista23-B/objeto/caixa_vermelha_01/model.config
[0.924s] -- Up-to-date: /home/borg/colcon_ws/install/turtlebot3_gazebo/share/turtlebot3_gazebo//models/pista23-B/objeto/caixa_vermelha_01/model.sdf
[0.926s] -- Up-to-date: /home/borg/colcon_ws/install/turtlebot3_gazebo/share/turtlebot3_gazebo//models/pista23-B/objeto/caixa_vermelha_02
[0.926s] -- Up-to-date: /home/borg/colcon_ws/install/turtlebot3_gazebo/share/turtlebot3_gazebo//models/pista23-B/objeto/caixa_vermelha_02/model.config
[0.926s] -- Up-to-date: /home/borg/colcon_ws/install/turtlebot3_gazebo/share/turtlebot3_gazebo//models/pista23-B/objeto/caixa_vermelha_02/model.sdf
[0.926s] -- Up-to-date: /home/borg/colcon_ws/install/turtlebot3_gazebo/share/turtlebot3_gazebo//models/pista23-B/objeto/cat
[0.926s] -- Up-to-date: /home/borg/colcon_ws/install/turtlebot3_gazebo/share/turtlebot3_gazebo//models/pista23-B/objeto/cat/materials
[0.926s] -- Up-to-date: /home/borg/colcon_ws/install/turtlebot3_gazebo/share/turtlebot3_gazebo//models/pista23-B/objeto/cat/materials/scripts
[0.927s] -- Up-to-date: /home/borg/colcon_ws/install/turtlebot3_gazebo/share/turtlebot3_gazebo//models/pista23-B/objeto/cat/materials/scripts/cat.material
[0.927s] -- Up-to-date: /home/borg/colcon_ws/install/turtlebot3_gazebo/share/turtlebot3_gazebo//models/pista23-B/objeto/cat/materials/textures
[0.927s] -- Up-to-date: /home/borg/colcon_ws/install/turtlebot3_gazebo/share/turtlebot3_gazebo//models/pista23-B/objeto/cat/materials/textures/cat.dae
[0.927s] -- Up-to-date: /home/borg/colcon_ws/install/turtlebot3_gazebo/share/turtlebot3_gazebo//models/pista23-B/objeto/cat/materials/textures/cat.png
[0.927s] -- Up-to-date: /home/borg/colcon_ws/install/turtlebot3_gazebo/share/turtlebot3_gazebo//models/pista23-B/objeto/cat/model.config
[0.927s] -- Up-to-date: /home/borg/colcon_ws/install/turtlebot3_gazebo/share/turtlebot3_gazebo//models/pista23-B/objeto/cat/model.sdf
[0.927s] -- Up-to-date: /home/borg/colcon_ws/install/turtlebot3_gazebo/share/turtlebot3_gazebo//models/pista23-B/objeto/dog
[0.927s] -- Up-to-date: /home/borg/colcon_ws/install/turtlebot3_gazebo/share/turtlebot3_gazebo//models/pista23-B/objeto/dog/materials
[0.928s] -- Up-to-date: /home/borg/colcon_ws/install/turtlebot3_gazebo/share/turtlebot3_gazebo//models/pista23-B/objeto/dog/materials/scripts
[0.928s] -- Up-to-date: /home/borg/colcon_ws/install/turtlebot3_gazebo/share/turtlebot3_gazebo//models/pista23-B/objeto/dog/materials/scripts/dog.material
[0.928s] -- Up-to-date: /home/borg/colcon_ws/install/turtlebot3_gazebo/share/turtlebot3_gazebo//models/pista23-B/objeto/dog/materials/textures
[0.928s] -- Up-to-date: /home/borg/colcon_ws/install/turtlebot3_gazebo/share/turtlebot3_gazebo//models/pista23-B/objeto/dog/materials/textures/dog.dae
[0.928s] -- Up-to-date: /home/borg/colcon_ws/install/turtlebot3_gazebo/share/turtlebot3_gazebo//models/pista23-B/objeto/dog/materials/textures/dog.png
[0.928s] -- Up-to-date: /home/borg/colcon_ws/install/turtlebot3_gazebo/share/turtlebot3_gazebo//models/pista23-B/objeto/dog/model.config
[0.928s] -- Up-to-date: /home/borg/colcon_ws/install/turtlebot3_gazebo/share/turtlebot3_gazebo//models/pista23-B/objeto/dog/model.sdf
[0.929s] -- Up-to-date: /home/borg/colcon_ws/install/turtlebot3_gazebo/share/turtlebot3_gazebo//models/pista23-B/objeto/horse
[0.929s] -- Up-to-date: /home/borg/colcon_ws/install/turtlebot3_gazebo/share/turtlebot3_gazebo//models/pista23-B/objeto/horse/materials
[0.929s] -- Up-to-date: /home/borg/colcon_ws/install/turtlebot3_gazebo/share/turtlebot3_gazebo//models/pista23-B/objeto/horse/materials/scripts
[0.929s] -- Up-to-date: /home/borg/colcon_ws/install/turtlebot3_gazebo/share/turtlebot3_gazebo//models/pista23-B/objeto/horse/materials/scripts/horse.material
[0.929s] -- Up-to-date: /home/borg/colcon_ws/install/turtlebot3_gazebo/share/turtlebot3_gazebo//models/pista23-B/objeto/horse/materials/textures
[0.929s] -- Up-to-date: /home/borg/colcon_ws/install/turtlebot3_gazebo/share/turtlebot3_gazebo//models/pista23-B/objeto/horse/materials/textures/horse.png
[0.929s] -- Up-to-date: /home/borg/colcon_ws/install/turtlebot3_gazebo/share/turtlebot3_gazebo//models/pista23-B/objeto/horse/model.config
[0.929s] -- Up-to-date: /home/borg/colcon_ws/install/turtlebot3_gazebo/share/turtlebot3_gazebo//models/pista23-B/objeto/horse/model.sdf
[0.930s] -- Up-to-date: /home/borg/colcon_ws/install/turtlebot3_gazebo/share/turtlebot3_gazebo//models/pista23-B/parede
[0.930s] -- Up-to-date: /home/borg/colcon_ws/install/turtlebot3_gazebo/share/turtlebot3_gazebo//models/pista23-B/parede/model.config
[0.930s] -- Up-to-date: /home/borg/colcon_ws/install/turtlebot3_gazebo/share/turtlebot3_gazebo//models/pista23-B/parede/model.sdf
[0.930s] -- Up-to-date: /home/borg/colcon_ws/install/turtlebot3_gazebo/share/turtlebot3_gazebo//models/pista23-B/pisosala
[0.930s] -- Up-to-date: /home/borg/colcon_ws/install/turtlebot3_gazebo/share/turtlebot3_gazebo//models/pista23-B/pisosala/materials
[0.930s] -- Up-to-date: /home/borg/colcon_ws/install/turtlebot3_gazebo/share/turtlebot3_gazebo//models/pista23-B/pisosala/materials/scripts
[0.931s] -- Up-to-date: /home/borg/colcon_ws/install/turtlebot3_gazebo/share/turtlebot3_gazebo//models/pista23-B/pisosala/materials/scripts/pisosala.material
[0.931s] -- Up-to-date: /home/borg/colcon_ws/install/turtlebot3_gazebo/share/turtlebot3_gazebo//models/pista23-B/pisosala/materials/textures
[0.931s] -- Up-to-date: /home/borg/colcon_ws/install/turtlebot3_gazebo/share/turtlebot3_gazebo//models/pista23-B/pisosala/materials/textures/pisosala - antigo.png
[0.931s] -- Up-to-date: /home/borg/colcon_ws/install/turtlebot3_gazebo/share/turtlebot3_gazebo//models/pista23-B/pisosala/materials/textures/pisosala.png
[0.931s] -- Up-to-date: /home/borg/colcon_ws/install/turtlebot3_gazebo/share/turtlebot3_gazebo//models/pista23-B/pisosala/materials/textures/pisosala_cuenca.png
[0.931s] -- Up-to-date: /home/borg/colcon_ws/install/turtlebot3_gazebo/share/turtlebot3_gazebo//models/pista23-B/pisosala/model.config
[0.931s] -- Up-to-date: /home/borg/colcon_ws/install/turtlebot3_gazebo/share/turtlebot3_gazebo//models/pista23-B/pisosala/model.sdf
[0.932s] -- Up-to-date: /home/borg/colcon_ws/install/turtlebot3_gazebo/share/turtlebot3_gazebo//rviz
[0.932s] -- Up-to-date: /home/borg/colcon_ws/install/turtlebot3_gazebo/share/turtlebot3_gazebo//rviz/tb3_gazebo.rviz
[0.932s] -- Up-to-date: /home/borg/colcon_ws/install/turtlebot3_gazebo/share/turtlebot3_gazebo//urdf
[0.932s] -- Up-to-date: /home/borg/colcon_ws/install/turtlebot3_gazebo/share/turtlebot3_gazebo//urdf/common_properties.urdf
[0.933s] -- Up-to-date: /home/borg/colcon_ws/install/turtlebot3_gazebo/share/turtlebot3_gazebo//urdf/turtlebot3_burger.urdf
[0.933s] -- Up-to-date: /home/borg/colcon_ws/install/turtlebot3_gazebo/share/turtlebot3_gazebo//urdf/turtlebot3_waffle.urdf
[0.933s] -- Up-to-date: /home/borg/colcon_ws/install/turtlebot3_gazebo/share/turtlebot3_gazebo//urdf/turtlebot3_waffle_pi.urdf
[0.933s] -- Up-to-date: /home/borg/colcon_ws/install/turtlebot3_gazebo/share/turtlebot3_gazebo//urdf/common_properties.xacro
[0.933s] -- Up-to-date: /home/borg/colcon_ws/install/turtlebot3_gazebo/share/turtlebot3_gazebo//urdf/mybot.gazebo.urdf
[0.934s] -- Up-to-date: /home/borg/colcon_ws/install/turtlebot3_gazebo/share/turtlebot3_gazebo//urdf/mybot.gazebo.xacro
[0.934s] -- Up-to-date: /home/borg/colcon_ws/install/turtlebot3_gazebo/share/turtlebot3_gazebo//urdf/mybot.urdf
[0.934s] -- Up-to-date: /home/borg/colcon_ws/install/turtlebot3_gazebo/share/turtlebot3_gazebo//urdf/mybot.urdf.xacro
[0.934s] -- Up-to-date: /home/borg/colcon_ws/install/turtlebot3_gazebo/share/turtlebot3_gazebo//urdf/meshes
[0.934s] -- Up-to-date: /home/borg/colcon_ws/install/turtlebot3_gazebo/share/turtlebot3_gazebo//urdf/meshes/bases
[0.935s] -- Up-to-date: /home/borg/colcon_ws/install/turtlebot3_gazebo/share/turtlebot3_gazebo//urdf/meshes/bases/burger_base.stl
[0.935s] -- Up-to-date: /home/borg/colcon_ws/install/turtlebot3_gazebo/share/turtlebot3_gazebo//urdf/meshes/garra
[0.935s] -- Up-to-date: /home/borg/colcon_ws/install/turtlebot3_gazebo/share/turtlebot3_gazebo//urdf/meshes/garra/arm.dae
[0.935s] -- Up-to-date: /home/borg/colcon_ws/install/turtlebot3_gazebo/share/turtlebot3_gazebo//urdf/meshes/garra/arm.stl
[0.935s] -- Up-to-date: /home/borg/colcon_ws/install/turtlebot3_gazebo/share/turtlebot3_gazebo//urdf/meshes/garra/base_camera1.dae
[0.936s] -- Up-to-date: /home/borg/colcon_ws/install/turtlebot3_gazebo/share/turtlebot3_gazebo//urdf/meshes/garra/base_camera1.stl
[0.936s] -- Up-to-date: /home/borg/colcon_ws/install/turtlebot3_gazebo/share/turtlebot3_gazebo//urdf/meshes/garra/base_link_garra.dae
[0.936s] -- Up-to-date: /home/borg/colcon_ws/install/turtlebot3_gazebo/share/turtlebot3_gazebo//urdf/meshes/garra/base_link_garra.stl
[0.936s] -- Up-to-date: /home/borg/colcon_ws/install/turtlebot3_gazebo/share/turtlebot3_gazebo//urdf/meshes/garra/direita.dae
[0.936s] -- Up-to-date: /home/borg/colcon_ws/install/turtlebot3_gazebo/share/turtlebot3_gazebo//urdf/meshes/garra/direita.stl
[0.937s] -- Up-to-date: /home/borg/colcon_ws/install/turtlebot3_gazebo/share/turtlebot3_gazebo//urdf/meshes/garra/esquerda.dae
[0.937s] -- Up-to-date: /home/borg/colcon_ws/install/turtlebot3_gazebo/share/turtlebot3_gazebo//urdf/meshes/garra/esquerda.stl
[0.937s] -- Up-to-date: /home/borg/colcon_ws/install/turtlebot3_gazebo/share/turtlebot3_gazebo//urdf/meshes/garra/garra1garrabraco1.stl
[0.937s] -- Up-to-date: /home/borg/colcon_ws/install/turtlebot3_gazebo/share/turtlebot3_gazebo//urdf/meshes/garra/garra1garradireita1.stl
[0.938s] -- Up-to-date: /home/borg/colcon_ws/install/turtlebot3_gazebo/share/turtlebot3_gazebo//urdf/meshes/garra/garra1garraesquerda1.stl
[0.938s] -- Up-to-date: /home/borg/colcon_ws/install/turtlebot3_gazebo/share/turtlebot3_gazebo//urdf/meshes/garra/lat11.dae
[0.938s] -- Up-to-date: /home/borg/colcon_ws/install/turtlebot3_gazebo/share/turtlebot3_gazebo//urdf/meshes/garra/lat11.stl
[0.938s] -- Up-to-date: /home/borg/colcon_ws/install/turtlebot3_gazebo/share/turtlebot3_gazebo//urdf/meshes/garra/lat21.dae
[0.938s] -- Up-to-date: /home/borg/colcon_ws/install/turtlebot3_gazebo/share/turtlebot3_gazebo//urdf/meshes/garra/lat21.stl
[0.939s] -- Up-to-date: /home/borg/colcon_ws/install/turtlebot3_gazebo/share/turtlebot3_gazebo//urdf/meshes/garra/lat31.dae
[0.939s] -- Up-to-date: /home/borg/colcon_ws/install/turtlebot3_gazebo/share/turtlebot3_gazebo//urdf/meshes/garra/lat31.stl
[0.939s] -- Up-to-date: /home/borg/colcon_ws/install/turtlebot3_gazebo/share/turtlebot3_gazebo//urdf/meshes/garra/servo_garra1.dae
[0.939s] -- Up-to-date: /home/borg/colcon_ws/install/turtlebot3_gazebo/share/turtlebot3_gazebo//urdf/meshes/garra/servo_garra1.stl
[0.940s] -- Up-to-date: /home/borg/colcon_ws/install/turtlebot3_gazebo/share/turtlebot3_gazebo//urdf/meshes/sensors
[0.940s] -- Up-to-date: /home/borg/colcon_ws/install/turtlebot3_gazebo/share/turtlebot3_gazebo//urdf/meshes/sensors/arm.dae
[0.940s] -- Up-to-date: /home/borg/colcon_ws/install/turtlebot3_gazebo/share/turtlebot3_gazebo//urdf/meshes/sensors/arm.stl
[0.940s] -- Up-to-date: /home/borg/colcon_ws/install/turtlebot3_gazebo/share/turtlebot3_gazebo//urdf/meshes/sensors/astra.dae
[0.940s] -- Up-to-date: /home/borg/colcon_ws/install/turtlebot3_gazebo/share/turtlebot3_gazebo//urdf/meshes/sensors/astra.jpg
[0.941s] -- Up-to-date: /home/borg/colcon_ws/install/turtlebot3_gazebo/share/turtlebot3_gazebo//urdf/meshes/sensors/direita.dae
[0.941s] -- Up-to-date: /home/borg/colcon_ws/install/turtlebot3_gazebo/share/turtlebot3_gazebo//urdf/meshes/sensors/esquerda.dae
[0.941s] -- Up-to-date: /home/borg/colcon_ws/install/turtlebot3_gazebo/share/turtlebot3_gazebo//urdf/meshes/sensors/garra_direita.stl
[0.941s] -- Up-to-date: /home/borg/colcon_ws/install/turtlebot3_gazebo/share/turtlebot3_gazebo//urdf/meshes/sensors/garra_esquerda.stl
[0.941s] -- Up-to-date: /home/borg/colcon_ws/install/turtlebot3_gazebo/share/turtlebot3_gazebo//urdf/meshes/sensors/l_finger.dae
[0.942s] -- Up-to-date: /home/borg/colcon_ws/install/turtlebot3_gazebo/share/turtlebot3_gazebo//urdf/meshes/sensors/l_finger_color.tif
[0.942s] -- Up-to-date: /home/borg/colcon_ws/install/turtlebot3_gazebo/share/turtlebot3_gazebo//urdf/meshes/sensors/l_finger_tip.dae
[0.942s] -- Up-to-date: /home/borg/colcon_ws/install/turtlebot3_gazebo/share/turtlebot3_gazebo//urdf/meshes/sensors/l_finger_tip_color.tif
[0.942s] -- Up-to-date: /home/borg/colcon_ws/install/turtlebot3_gazebo/share/turtlebot3_gazebo//urdf/meshes/sensors/lds.stl
[0.942s] -- Up-to-date: /home/borg/colcon_ws/install/turtlebot3_gazebo/share/turtlebot3_gazebo//urdf/meshes/sensors/r200.dae
[0.943s] -- Up-to-date: /home/borg/colcon_ws/install/turtlebot3_gazebo/share/turtlebot3_gazebo//urdf/meshes/sensors/r200.jpg
[0.943s] -- Up-to-date: /home/borg/colcon_ws/install/turtlebot3_gazebo/share/turtlebot3_gazebo//urdf/meshes/wheels
[0.943s] -- Up-to-date: /home/borg/colcon_ws/install/turtlebot3_gazebo/share/turtlebot3_gazebo//urdf/meshes/wheels/left_tire.stl
[0.943s] -- Up-to-date: /home/borg/colcon_ws/install/turtlebot3_gazebo/share/turtlebot3_gazebo//urdf/meshes/wheels/right_tire.stl
[0.943s] -- Up-to-date: /home/borg/colcon_ws/install/turtlebot3_gazebo/share/turtlebot3_gazebo//urdf/turtlebot3_burger_insper.urdf
[0.943s] -- Up-to-date: /home/borg/colcon_ws/install/turtlebot3_gazebo/share/turtlebot3_gazebo//worlds
[0.944s] -- Up-to-date: /home/borg/colcon_ws/install/turtlebot3_gazebo/share/turtlebot3_gazebo//worlds/empty_world.world
[0.944s] -- Up-to-date: /home/borg/colcon_ws/install/turtlebot3_gazebo/share/turtlebot3_gazebo//worlds/turtlebot3_dqn_stage1.world
[0.944s] -- Up-to-date: /home/borg/colcon_ws/install/turtlebot3_gazebo/share/turtlebot3_gazebo//worlds/turtlebot3_dqn_stage2.world
[0.944s] -- Up-to-date: /home/borg/colcon_ws/install/turtlebot3_gazebo/share/turtlebot3_gazebo//worlds/turtlebot3_dqn_stage3.world
[0.945s] -- Up-to-date: /home/borg/colcon_ws/install/turtlebot3_gazebo/share/turtlebot3_gazebo//worlds/turtlebot3_dqn_stage4.world
[0.945s] -- Up-to-date: /home/borg/colcon_ws/install/turtlebot3_gazebo/share/turtlebot3_gazebo//worlds/turtlebot3_house.world
[0.945s] -- Up-to-date: /home/borg/colcon_ws/install/turtlebot3_gazebo/share/turtlebot3_gazebo//worlds/turtlebot3_world.world
[0.945s] -- Up-to-date: /home/borg/colcon_ws/install/turtlebot3_gazebo/share/turtlebot3_gazebo//worlds/lab.world
[0.945s] -- Up-to-date: /home/borg/colcon_ws/install/turtlebot3_gazebo/share/turtlebot3_gazebo//worlds/pista23-B.world
[0.946s] -- Up-to-date: /home/borg/colcon_ws/install/turtlebot3_gazebo/include/
[0.946s] -- Up-to-date: /home/borg/colcon_ws/install/turtlebot3_gazebo/include//turtlebot3_gazebo
[0.946s] -- Up-to-date: /home/borg/colcon_ws/install/turtlebot3_gazebo/include//turtlebot3_gazebo/turtlebot3_drive.hpp
[0.946s] -- Up-to-date: /home/borg/colcon_ws/install/turtlebot3_gazebo/share/ament_index/resource_index/package_run_dependencies/turtlebot3_gazebo
[0.946s] -- Up-to-date: /home/borg/colcon_ws/install/turtlebot3_gazebo/share/ament_index/resource_index/parent_prefix_path/turtlebot3_gazebo
[0.947s] -- Up-to-date: /home/borg/colcon_ws/install/turtlebot3_gazebo/share/turtlebot3_gazebo/environment/ament_prefix_path.sh
[0.947s] -- Up-to-date: /home/borg/colcon_ws/install/turtlebot3_gazebo/share/turtlebot3_gazebo/environment/ament_prefix_path.dsv
[0.947s] -- Up-to-date: /home/borg/colcon_ws/install/turtlebot3_gazebo/share/turtlebot3_gazebo/environment/path.sh
[0.947s] -- Up-to-date: /home/borg/colcon_ws/install/turtlebot3_gazebo/share/turtlebot3_gazebo/environment/path.dsv
[0.947s] -- Up-to-date: /home/borg/colcon_ws/install/turtlebot3_gazebo/share/turtlebot3_gazebo/local_setup.bash
[0.947s] -- Up-to-date: /home/borg/colcon_ws/install/turtlebot3_gazebo/share/turtlebot3_gazebo/local_setup.sh
[0.948s] -- Up-to-date: /home/borg/colcon_ws/install/turtlebot3_gazebo/share/turtlebot3_gazebo/local_setup.zsh
[0.948s] -- Up-to-date: /home/borg/colcon_ws/install/turtlebot3_gazebo/share/turtlebot3_gazebo/local_setup.dsv
[0.948s] -- Installing: /home/borg/colcon_ws/install/turtlebot3_gazebo/share/turtlebot3_gazebo/package.dsv
[0.948s] -- Up-to-date: /home/borg/colcon_ws/install/turtlebot3_gazebo/share/ament_index/resource_index/packages/turtlebot3_gazebo
[0.948s] -- Up-to-date: /home/borg/colcon_ws/install/turtlebot3_gazebo/share/turtlebot3_gazebo/cmake/ament_cmake_export_include_directories-extras.cmake
[0.949s] -- Up-to-date: /home/borg/colcon_ws/install/turtlebot3_gazebo/share/turtlebot3_gazebo/cmake/ament_cmake_export_dependencies-extras.cmake
[0.949s] -- Up-to-date: /home/borg/colcon_ws/install/turtlebot3_gazebo/share/turtlebot3_gazebo/cmake/turtlebot3_gazeboConfig.cmake
[0.949s] -- Up-to-date: /home/borg/colcon_ws/install/turtlebot3_gazebo/share/turtlebot3_gazebo/cmake/turtlebot3_gazeboConfig-version.cmake
[0.949s] -- Up-to-date: /home/borg/colcon_ws/install/turtlebot3_gazebo/share/turtlebot3_gazebo/package.xml
[1.388s] Invoked command in '/home/borg/colcon_ws/build/turtlebot3_gazebo' returned '0': CMAKE_PREFIX_PATH=${CMAKE_PREFIX_PATH}:/opt/ros/humble /usr/bin/cmake --install /home/borg/colcon_ws/build/turtlebot3_gazebo
