-- Install configuration: ""
-- Up-to-date: /home/borg/colcon_ws/install/turtlebot3_manipulation_cartographer/share/turtlebot3_manipulation_cartographer/config
-- Up-to-date: /home/borg/colcon_ws/install/turtlebot3_manipulation_cartographer/share/turtlebot3_manipulation_cartographer/config/turtlebot3_2d.lua
-- Up-to-date: /home/borg/colcon_ws/install/turtlebot3_manipulation_cartographer/share/turtlebot3_manipulation_cartographer/launch
-- Up-to-date: /home/borg/colcon_ws/install/turtlebot3_manipulation_cartographer/share/turtlebot3_manipulation_cartographer/launch/cartographer.launch.py
-- Up-to-date: /home/borg/colcon_ws/install/turtlebot3_manipulation_cartographer/share/turtlebot3_manipulation_cartographer/rviz
-- Up-to-date: /home/borg/colcon_ws/install/turtlebot3_manipulation_cartographer/share/turtlebot3_manipulation_cartographer/rviz/cartographer.rviz
-- Up-to-date: /home/borg/colcon_ws/install/turtlebot3_manipulation_cartographer/share/ament_index/resource_index/package_run_dependencies/turtlebot3_manipulation_cartographer
-- Up-to-date: /home/borg/colcon_ws/install/turtlebot3_manipulation_cartographer/share/ament_index/resource_index/parent_prefix_path/turtlebot3_manipulation_cartographer
-- Up-to-date: /home/borg/colcon_ws/install/turtlebot3_manipulation_cartographer/share/turtlebot3_manipulation_cartographer/environment/ament_prefix_path.sh
-- Up-to-date: /home/borg/colcon_ws/install/turtlebot3_manipulation_cartographer/share/turtlebot3_manipulation_cartographer/environment/ament_prefix_path.dsv
-- Up-to-date: /home/borg/colcon_ws/install/turtlebot3_manipulation_cartographer/share/turtlebot3_manipulation_cartographer/environment/path.sh
-- Up-to-date: /home/borg/colcon_ws/install/turtlebot3_manipulation_cartographer/share/turtlebot3_manipulation_cartographer/environment/path.dsv
-- Up-to-date: /home/borg/colcon_ws/install/turtlebot3_manipulation_cartographer/share/turtlebot3_manipulation_cartographer/local_setup.bash
-- Up-to-date: /home/borg/colcon_ws/install/turtlebot3_manipulation_cartographer/share/turtlebot3_manipulation_cartographer/local_setup.sh
-- Up-to-date: /home/borg/colcon_ws/install/turtlebot3_manipulation_cartographer/share/turtlebot3_manipulation_cartographer/local_setup.zsh
-- Up-to-date: /home/borg/colcon_ws/install/turtlebot3_manipulation_cartographer/share/turtlebot3_manipulation_cartographer/local_setup.dsv
-- Installing: /home/borg/colcon_ws/install/turtlebot3_manipulation_cartographer/share/turtlebot3_manipulation_cartographer/package.dsv
-- Up-to-date: /home/borg/colcon_ws/install/turtlebot3_manipulation_cartographer/share/ament_index/resource_index/packages/turtlebot3_manipulation_cartographer
-- Up-to-date: /home/borg/colcon_ws/install/turtlebot3_manipulation_cartographer/share/turtlebot3_manipulation_cartographer/cmake/turtlebot3_manipulation_cartographerConfig.cmake
-- Up-to-date: /home/borg/colcon_ws/install/turtlebot3_manipulation_cartographer/share/turtlebot3_manipulation_cartographer/cmake/turtlebot3_manipulation_cartographerConfig-version.cmake
-- Up-to-date: /home/borg/colcon_ws/install/turtlebot3_manipulation_cartographer/share/turtlebot3_manipulation_cartographer/package.xml
