[0.306s] Invoking command in '/home/borg/colcon_ws/build/turtlebot3_manipulation_cartographer': CMAKE_PREFIX_PATH=${CMAKE_PREFIX_PATH}:/opt/ros/humble:/home/borg/colcon_ws/install/turtlebot3_fake_node /usr/bin/cmake --build /home/borg/colcon_ws/build/turtlebot3_manipulation_cartographer -- -j12 -l12
[0.353s] Invoked command in '/home/borg/colcon_ws/build/turtlebot3_manipulation_cartographer' returned '0': CMAKE_PREFIX_PATH=${CMAKE_PREFIX_PATH}:/opt/ros/humble:/home/borg/colcon_ws/install/turtlebot3_fake_node /usr/bin/cmake --build /home/borg/colcon_ws/build/turtlebot3_manipulation_cartographer -- -j12 -l12
[0.390s] Invoking command in '/home/borg/colcon_ws/build/turtlebot3_manipulation_cartographer': CMAKE_PREFIX_PATH=${CMAKE_PREFIX_PATH}:/opt/ros/humble:/home/borg/colcon_ws/install/turtlebot3_fake_node /usr/bin/cmake --install /home/borg/colcon_ws/build/turtlebot3_manipulation_cartographer
[0.419s] -- Install configuration: ""
[0.419s] -- Up-to-date: /home/borg/colcon_ws/install/turtlebot3_manipulation_cartographer/share/turtlebot3_manipulation_cartographer/config
[0.420s] -- Up-to-date: /home/borg/colcon_ws/install/turtlebot3_manipulation_cartographer/share/turtlebot3_manipulation_cartographer/config/turtlebot3_2d.lua
[0.420s] -- Up-to-date: /home/borg/colcon_ws/install/turtlebot3_manipulation_cartographer/share/turtlebot3_manipulation_cartographer/launch
[0.420s] -- Up-to-date: /home/borg/colcon_ws/install/turtlebot3_manipulation_cartographer/share/turtlebot3_manipulation_cartographer/launch/cartographer.launch.py
[0.421s] -- Up-to-date: /home/borg/colcon_ws/install/turtlebot3_manipulation_cartographer/share/turtlebot3_manipulation_cartographer/rviz
[0.421s] -- Up-to-date: /home/borg/colcon_ws/install/turtlebot3_manipulation_cartographer/share/turtlebot3_manipulation_cartographer/rviz/cartographer.rviz
[0.421s] -- Up-to-date: /home/borg/colcon_ws/install/turtlebot3_manipulation_cartographer/share/ament_index/resource_index/package_run_dependencies/turtlebot3_manipulation_cartographer
[0.421s] -- Up-to-date: /home/borg/colcon_ws/install/turtlebot3_manipulation_cartographer/share/ament_index/resource_index/parent_prefix_path/turtlebot3_manipulation_cartographer
[0.422s] -- Up-to-date: /home/borg/colcon_ws/install/turtlebot3_manipulation_cartographer/share/turtlebot3_manipulation_cartographer/environment/ament_prefix_path.sh
[0.422s] -- Up-to-date: /home/borg/colcon_ws/install/turtlebot3_manipulation_cartographer/share/turtlebot3_manipulation_cartographer/environment/ament_prefix_path.dsv
[0.422s] -- Up-to-date: /home/borg/colcon_ws/install/turtlebot3_manipulation_cartographer/share/turtlebot3_manipulation_cartographer/environment/path.sh
[0.422s] -- Up-to-date: /home/borg/colcon_ws/install/turtlebot3_manipulation_cartographer/share/turtlebot3_manipulation_cartographer/environment/path.dsv
[0.423s] -- Up-to-date: /home/borg/colcon_ws/install/turtlebot3_manipulation_cartographer/share/turtlebot3_manipulation_cartographer/local_setup.bash
[0.423s] -- Up-to-date: /home/borg/colcon_ws/install/turtlebot3_manipulation_cartographer/share/turtlebot3_manipulation_cartographer/local_setup.sh
[0.423s] -- Up-to-date: /home/borg/colcon_ws/install/turtlebot3_manipulation_cartographer/share/turtlebot3_manipulation_cartographer/local_setup.zsh
[0.424s] -- Up-to-date: /home/borg/colcon_ws/install/turtlebot3_manipulation_cartographer/share/turtlebot3_manipulation_cartographer/local_setup.dsv
[0.424s] -- Installing: /home/borg/colcon_ws/install/turtlebot3_manipulation_cartographer/share/turtlebot3_manipulation_cartographer/package.dsv
[0.424s] -- Up-to-date: /home/borg/colcon_ws/install/turtlebot3_manipulation_cartographer/share/ament_index/resource_index/packages/turtlebot3_manipulation_cartographer
[0.424s] -- Up-to-date: /home/borg/colcon_ws/install/turtlebot3_manipulation_cartographer/share/turtlebot3_manipulation_cartographer/cmake/turtlebot3_manipulation_cartographerConfig.cmake
[0.424s] -- Up-to-date: /home/borg/colcon_ws/install/turtlebot3_manipulation_cartographer/share/turtlebot3_manipulation_cartographer/cmake/turtlebot3_manipulation_cartographerConfig-version.cmake
[0.425s] -- Up-to-date: /home/borg/colcon_ws/install/turtlebot3_manipulation_cartographer/share/turtlebot3_manipulation_cartographer/package.xml
[0.483s] Invoked command in '/home/borg/colcon_ws/build/turtlebot3_manipulation_cartographer' returned '0': CMAKE_PREFIX_PATH=${CMAKE_PREFIX_PATH}:/opt/ros/humble:/home/borg/colcon_ws/install/turtlebot3_fake_node /usr/bin/cmake --install /home/borg/colcon_ws/build/turtlebot3_manipulation_cartographer
