[0.406s] Invoking command in '/home/borg/colcon_ws/build/turtlebot3_fake_node': CMAKE_PREFIX_PATH=${CMAKE_PREFIX_PATH}:/opt/ros/humble /usr/bin/cmake --build /home/borg/colcon_ws/build/turtlebot3_fake_node -- -j12 -l12
[0.493s] [35m[1mConsolidate compiler generated dependencies of target turtlebot3_fake_node[0m
[0.620s] [100%] Built target turtlebot3_fake_node
[0.841s] Invoked command in '/home/borg/colcon_ws/build/turtlebot3_fake_node' returned '0': CMAKE_PREFIX_PATH=${CMAKE_PREFIX_PATH}:/opt/ros/humble /usr/bin/cmake --build /home/borg/colcon_ws/build/turtlebot3_fake_node -- -j12 -l12
[1.269s] Invoking command in '/home/borg/colcon_ws/build/turtlebot3_fake_node': CMAKE_PREFIX_PATH=${CMAKE_PREFIX_PATH}:/opt/ros/humble /usr/bin/cmake --install /home/borg/colcon_ws/build/turtlebot3_fake_node
[1.278s] -- Install configuration: ""
[1.281s] -- Up-to-date: /home/borg/colcon_ws/install/turtlebot3_fake_node/lib/turtlebot3_fake_node/turtlebot3_fake_node
[1.281s] -- Up-to-date: /home/borg/colcon_ws/install/turtlebot3_fake_node/share/turtlebot3_fake_node/launch
[1.282s] -- Up-to-date: /home/borg/colcon_ws/install/turtlebot3_fake_node/share/turtlebot3_fake_node/launch/rviz2.launch.py
[1.283s] -- Up-to-date: /home/borg/colcon_ws/install/turtlebot3_fake_node/share/turtlebot3_fake_node/launch/turtlebot3_fake_node.launch.py
[1.284s] -- Up-to-date: /home/borg/colcon_ws/install/turtlebot3_fake_node/share/turtlebot3_fake_node/param
[1.285s] -- Up-to-date: /home/borg/colcon_ws/install/turtlebot3_fake_node/share/turtlebot3_fake_node/param/burger.yaml
[1.285s] -- Up-to-date: /home/borg/colcon_ws/install/turtlebot3_fake_node/share/turtlebot3_fake_node/param/waffle.yaml
[1.286s] -- Up-to-date: /home/borg/colcon_ws/install/turtlebot3_fake_node/share/turtlebot3_fake_node/param/waffle_pi.yaml
[1.286s] -- Up-to-date: /home/borg/colcon_ws/install/turtlebot3_fake_node/include/
[1.286s] -- Up-to-date: /home/borg/colcon_ws/install/turtlebot3_fake_node/include//turtlebot3_fake_node
[1.287s] -- Up-to-date: /home/borg/colcon_ws/install/turtlebot3_fake_node/include//turtlebot3_fake_node/turtlebot3_fake_node.hpp
[1.287s] -- Up-to-date: /home/borg/colcon_ws/install/turtlebot3_fake_node/share/ament_index/resource_index/package_run_dependencies/turtlebot3_fake_node
[1.287s] -- Up-to-date: /home/borg/colcon_ws/install/turtlebot3_fake_node/share/ament_index/resource_index/parent_prefix_path/turtlebot3_fake_node
[1.288s] -- Installing: /home/borg/colcon_ws/install/turtlebot3_fake_node/share/turtlebot3_fake_node/environment/ament_prefix_path.sh
[1.288s] -- Up-to-date: /home/borg/colcon_ws/install/turtlebot3_fake_node/share/turtlebot3_fake_node/environment/ament_prefix_path.dsv
[1.290s] -- Installing: /home/borg/colcon_ws/install/turtlebot3_fake_node/share/turtlebot3_fake_node/environment/path.sh
[1.290s] -- Up-to-date: /home/borg/colcon_ws/install/turtlebot3_fake_node/share/turtlebot3_fake_node/environment/path.dsv
[1.290s] -- Up-to-date: /home/borg/colcon_ws/install/turtlebot3_fake_node/share/turtlebot3_fake_node/local_setup.bash
[1.291s] -- Up-to-date: /home/borg/colcon_ws/install/turtlebot3_fake_node/share/turtlebot3_fake_node/local_setup.sh
[1.291s] -- Up-to-date: /home/borg/colcon_ws/install/turtlebot3_fake_node/share/turtlebot3_fake_node/local_setup.zsh
[1.292s] -- Up-to-date: /home/borg/colcon_ws/install/turtlebot3_fake_node/share/turtlebot3_fake_node/local_setup.dsv
[1.292s] -- Installing: /home/borg/colcon_ws/install/turtlebot3_fake_node/share/turtlebot3_fake_node/package.dsv
[1.292s] -- Up-to-date: /home/borg/colcon_ws/install/turtlebot3_fake_node/share/ament_index/resource_index/packages/turtlebot3_fake_node
[1.292s] -- Up-to-date: /home/borg/colcon_ws/install/turtlebot3_fake_node/share/turtlebot3_fake_node/cmake/ament_cmake_export_include_directories-extras.cmake
[1.293s] -- Up-to-date: /home/borg/colcon_ws/install/turtlebot3_fake_node/share/turtlebot3_fake_node/cmake/ament_cmake_export_dependencies-extras.cmake
[1.293s] -- Up-to-date: /home/borg/colcon_ws/install/turtlebot3_fake_node/share/turtlebot3_fake_node/cmake/turtlebot3_fake_nodeConfig.cmake
[1.293s] -- Up-to-date: /home/borg/colcon_ws/install/turtlebot3_fake_node/share/turtlebot3_fake_node/cmake/turtlebot3_fake_nodeConfig-version.cmake
[1.293s] -- Up-to-date: /home/borg/colcon_ws/install/turtlebot3_fake_node/share/turtlebot3_fake_node/package.xml
[1.307s] Invoked command in '/home/borg/colcon_ws/build/turtlebot3_fake_node' returned '0': CMAKE_PREFIX_PATH=${CMAKE_PREFIX_PATH}:/opt/ros/humble /usr/bin/cmake --install /home/borg/colcon_ws/build/turtlebot3_fake_node
