[0.126s] Invoking command in '/home/borg/colcon_ws/build/turtlebot3_manipulation_hardware': CMAKE_PREFIX_PATH=${CMAKE_PREFIX_PATH}:/home/borg/colcon_ws/install/turtlebot3_fake_node /usr/bin/cmake --build /home/borg/colcon_ws/build/turtlebot3_manipulation_hardware -- -j12 -l12
[0.196s] [100%] Built target turtlebot3_manipulation_hardware
[0.300s] Invoked command in '/home/borg/colcon_ws/build/turtlebot3_manipulation_hardware' returned '0': CMAKE_PREFIX_PATH=${CMAKE_PREFIX_PATH}:/home/borg/colcon_ws/install/turtlebot3_fake_node /usr/bin/cmake --build /home/borg/colcon_ws/build/turtlebot3_manipulation_hardware -- -j12 -l12
[0.453s] Invoking command in '/home/borg/colcon_ws/build/turtlebot3_manipulation_hardware': CMAKE_PREFIX_PATH=${CMAKE_PREFIX_PATH}:/home/borg/colcon_ws/install/turtlebot3_fake_node /usr/bin/cmake --install /home/borg/colcon_ws/build/turtlebot3_manipulation_hardware
[0.567s] -- Install configuration: ""
[0.567s] -- Up-to-date: /home/borg/colcon_ws/install/turtlebot3_manipulation_hardware/share/turtlebot3_manipulation_hardware/turtlebot3_manipulation_hardware.xml
[0.568s] -- Up-to-date: /home/borg/colcon_ws/install/turtlebot3_manipulation_hardware/include
[0.568s] -- Up-to-date: /home/borg/colcon_ws/install/turtlebot3_manipulation_hardware/include/turtlebot3_manipulation_hardware
[0.568s] -- Up-to-date: /home/borg/colcon_ws/install/turtlebot3_manipulation_hardware/include/turtlebot3_manipulation_hardware/dynamixel_sdk_wrapper.hpp
[0.568s] -- Up-to-date: /home/borg/colcon_ws/install/turtlebot3_manipulation_hardware/include/turtlebot3_manipulation_hardware/opencr.hpp
[0.568s] -- Up-to-date: /home/borg/colcon_ws/install/turtlebot3_manipulation_hardware/include/turtlebot3_manipulation_hardware/opencr_control_table.hpp
[0.569s] -- Up-to-date: /home/borg/colcon_ws/install/turtlebot3_manipulation_hardware/include/turtlebot3_manipulation_hardware/opencr_definitions.hpp
[0.569s] -- Up-to-date: /home/borg/colcon_ws/install/turtlebot3_manipulation_hardware/include/turtlebot3_manipulation_hardware/turtlebot3_manipulation_system.hpp
[0.569s] -- Up-to-date: /home/borg/colcon_ws/install/turtlebot3_manipulation_hardware/include/turtlebot3_manipulation_hardware/visibility_control.h
[0.569s] -- Up-to-date: /home/borg/colcon_ws/install/turtlebot3_manipulation_hardware/lib/libturtlebot3_manipulation_hardware.so
[0.569s] -- Up-to-date: /home/borg/colcon_ws/install/turtlebot3_manipulation_hardware/share/turtlebot3_manipulation_hardware/environment/library_path.sh
[0.569s] -- Up-to-date: /home/borg/colcon_ws/install/turtlebot3_manipulation_hardware/share/turtlebot3_manipulation_hardware/environment/library_path.dsv
[0.570s] -- Up-to-date: /home/borg/colcon_ws/install/turtlebot3_manipulation_hardware/share/ament_index/resource_index/package_run_dependencies/turtlebot3_manipulation_hardware
[0.570s] -- Up-to-date: /home/borg/colcon_ws/install/turtlebot3_manipulation_hardware/share/ament_index/resource_index/parent_prefix_path/turtlebot3_manipulation_hardware
[0.570s] -- Up-to-date: /home/borg/colcon_ws/install/turtlebot3_manipulation_hardware/share/turtlebot3_manipulation_hardware/environment/ament_prefix_path.sh
[0.570s] -- Up-to-date: /home/borg/colcon_ws/install/turtlebot3_manipulation_hardware/share/turtlebot3_manipulation_hardware/environment/ament_prefix_path.dsv
[0.570s] -- Up-to-date: /home/borg/colcon_ws/install/turtlebot3_manipulation_hardware/share/turtlebot3_manipulation_hardware/environment/path.sh
[0.570s] -- Up-to-date: /home/borg/colcon_ws/install/turtlebot3_manipulation_hardware/share/turtlebot3_manipulation_hardware/environment/path.dsv
[0.571s] -- Up-to-date: /home/borg/colcon_ws/install/turtlebot3_manipulation_hardware/share/turtlebot3_manipulation_hardware/local_setup.bash
[0.571s] -- Up-to-date: /home/borg/colcon_ws/install/turtlebot3_manipulation_hardware/share/turtlebot3_manipulation_hardware/local_setup.sh
[0.571s] -- Up-to-date: /home/borg/colcon_ws/install/turtlebot3_manipulation_hardware/share/turtlebot3_manipulation_hardware/local_setup.zsh
[0.572s] -- Up-to-date: /home/borg/colcon_ws/install/turtlebot3_manipulation_hardware/share/turtlebot3_manipulation_hardware/local_setup.dsv
[0.572s] -- Installing: /home/borg/colcon_ws/install/turtlebot3_manipulation_hardware/share/turtlebot3_manipulation_hardware/package.dsv
[0.572s] -- Up-to-date: /home/borg/colcon_ws/install/turtlebot3_manipulation_hardware/share/ament_index/resource_index/packages/turtlebot3_manipulation_hardware
[0.572s] -- Up-to-date: /home/borg/colcon_ws/install/turtlebot3_manipulation_hardware/share/ament_index/resource_index/hardware_interface__pluginlib__plugin/turtlebot3_manipulation_hardware
[0.572s] -- Up-to-date: /home/borg/colcon_ws/install/turtlebot3_manipulation_hardware/share/turtlebot3_manipulation_hardware/cmake/ament_cmake_export_include_directories-extras.cmake
[0.572s] -- Up-to-date: /home/borg/colcon_ws/install/turtlebot3_manipulation_hardware/share/turtlebot3_manipulation_hardware/cmake/ament_cmake_export_libraries-extras.cmake
[0.573s] -- Up-to-date: /home/borg/colcon_ws/install/turtlebot3_manipulation_hardware/share/turtlebot3_manipulation_hardware/cmake/ament_cmake_export_dependencies-extras.cmake
[0.573s] -- Up-to-date: /home/borg/colcon_ws/install/turtlebot3_manipulation_hardware/share/turtlebot3_manipulation_hardware/cmake/turtlebot3_manipulation_hardwareConfig.cmake
[0.573s] -- Up-to-date: /home/borg/colcon_ws/install/turtlebot3_manipulation_hardware/share/turtlebot3_manipulation_hardware/cmake/turtlebot3_manipulation_hardwareConfig-version.cmake
[0.573s] -- Up-to-date: /home/borg/colcon_ws/install/turtlebot3_manipulation_hardware/share/turtlebot3_manipulation_hardware/package.xml
[0.698s] Invoked command in '/home/borg/colcon_ws/build/turtlebot3_manipulation_hardware' returned '0': CMAKE_PREFIX_PATH=${CMAKE_PREFIX_PATH}:/home/borg/colcon_ws/install/turtlebot3_fake_node /usr/bin/cmake --install /home/borg/colcon_ws/build/turtlebot3_manipulation_hardware
