[0.063s] Invoking command in '/home/borg/colcon_ws/build/my_box_bot_description': CMAKE_PREFIX_PATH=${CMAKE_PREFIX_PATH}:/opt/ros/humble /usr/bin/cmake /home/borg/colcon_ws/src/my_box_bot_description -DCMAKE_INSTALL_PREFIX=/home/borg/colcon_ws/install/my_box_bot_description
[0.104s] -- The C compiler identification is GNU 11.4.0
[0.152s] -- The CXX compiler identification is GNU 11.4.0
[0.160s] -- Detecting C compiler ABI info
[0.223s] -- Detecting C compiler ABI info - done
[0.231s] -- Check for working C compiler: /usr/bin/cc - skipped
[0.231s] -- Detecting C compile features
[0.232s] -- Detecting C compile features - done
[0.236s] -- Detecting CXX compiler ABI info
[0.323s] -- Detecting CXX compiler ABI info - done
[0.330s] -- Check for working CXX compiler: /usr/bin/c++ - skipped
[0.330s] -- Detecting CXX compile features
[0.331s] -- Detecting CXX compile features - done
[0.335s] -- Found ament_cmake: 1.3.6 (/opt/ros/humble/share/ament_cmake/cmake)
[0.474s] -- Found Python3: /usr/bin/python3.10 (found version "3.10.12") found components: Interpreter 
[0.556s] -- Found urdf: 2.6.0 (/opt/ros/humble/share/urdf/cmake)
[0.605s] -- Found xacro: 2.0.8 (/opt/ros/humble/share/xacro/cmake)
[0.607s] -- Found ament_lint_auto: 0.12.9 (/opt/ros/humble/share/ament_lint_auto/cmake)
[0.678s] -- Added test 'copyright' to check source files copyright and LICENSE
[0.680s] -- Added test 'flake8' to check Python code syntax and style conventions
[0.681s] -- Added test 'lint_cmake' to check CMake code style
[0.681s] -- Added test 'pep257' to check Python code against some of the docstring style conventions in PEP 257
[0.683s] -- Added test 'xmllint' to check XML markup files
[0.684s] -- Configuring done
[0.687s] -- Generating done
[0.687s] -- Build files have been written to: /home/borg/colcon_ws/build/my_box_bot_description
[0.692s] Invoked command in '/home/borg/colcon_ws/build/my_box_bot_description' returned '0': CMAKE_PREFIX_PATH=${CMAKE_PREFIX_PATH}:/opt/ros/humble /usr/bin/cmake /home/borg/colcon_ws/src/my_box_bot_description -DCMAKE_INSTALL_PREFIX=/home/borg/colcon_ws/install/my_box_bot_description
[0.694s] Invoking command in '/home/borg/colcon_ws/build/my_box_bot_description': CMAKE_PREFIX_PATH=${CMAKE_PREFIX_PATH}:/opt/ros/humble /usr/bin/cmake --build /home/borg/colcon_ws/build/my_box_bot_description -- -j12 -l12
[0.723s] Invoked command in '/home/borg/colcon_ws/build/my_box_bot_description' returned '0': CMAKE_PREFIX_PATH=${CMAKE_PREFIX_PATH}:/opt/ros/humble /usr/bin/cmake --build /home/borg/colcon_ws/build/my_box_bot_description -- -j12 -l12
[0.751s] Invoking command in '/home/borg/colcon_ws/build/my_box_bot_description': CMAKE_PREFIX_PATH=${CMAKE_PREFIX_PATH}:/opt/ros/humble /usr/bin/cmake --install /home/borg/colcon_ws/build/my_box_bot_description
[0.757s] -- Install configuration: ""
[0.757s] -- Installing: /home/borg/colcon_ws/install/my_box_bot_description/share/my_box_bot_description//urdf
[0.757s] -- Installing: /home/borg/colcon_ws/install/my_box_bot_description/share/my_box_bot_description//urdf/box_bot_geometric.urdf
[0.757s] -- Installing: /home/borg/colcon_ws/install/my_box_bot_description/share/my_box_bot_description//urdf/box_bot_geometric_meshes.urdf
[0.757s] -- Installing: /home/borg/colcon_ws/install/my_box_bot_description/share/my_box_bot_description//rviz
[0.758s] -- Installing: /home/borg/colcon_ws/install/my_box_bot_description/share/my_box_bot_description//launch
[0.758s] -- Installing: /home/borg/colcon_ws/install/my_box_bot_description/share/my_box_bot_description//launch/urdf_visualize_geometric.launch.py
[0.758s] -- Installing: /home/borg/colcon_ws/install/my_box_bot_description/share/my_box_bot_description//launch/urdf_visualize_meshes.launch.py
[0.758s] [31mCMake Error at cmake_install.cmake:46 (file):
[0.758s]   file INSTALL cannot find
[0.758s]   "/home/borg/colcon_ws/src/my_box_bot_description/meshes": No such file or
[0.758s]   directory.
[0.758s] 
[0.758s] [0m
[0.759s] Invoked command in '/home/borg/colcon_ws/build/my_box_bot_description' returned '1': CMAKE_PREFIX_PATH=${CMAKE_PREFIX_PATH}:/opt/ros/humble /usr/bin/cmake --install /home/borg/colcon_ws/build/my_box_bot_description
