[0.425s] Invoking command in '/home/borg/colcon_ws/build/my_box_bot_gazebo': CMAKE_PREFIX_PATH=/home/borg/colcon_ws/install/my_box_bot_description:/home/borg/colcon_ws/install/my_simulation:/home/borg/colcon_ws/install/my_box_bot_gazebo:/home/borg/colcon_ws/install/urdfbot_description:/home/borg/colcon_ws/install/turtlebot3_simulations:/home/borg/colcon_ws/install/turtlebot3_manipulation:/home/borg/colcon_ws/install/turtlebot3_manipulation_teleop:/home/borg/colcon_ws/install/turtlebot3_manipulation_navigation2:/home/borg/colcon_ws/install/turtlebot3_manipulation_moveit_config:/home/borg/colcon_ws/install/turtlebot3_manipulation_hardware:/home/borg/colcon_ws/install/turtlebot3_manipulation_bringup:/home/borg/colcon_ws/install/turtlebot3_manipulation_description:/home/borg/colcon_ws/install/turtlebot3_manipulation_cartographer:/home/borg/colcon_ws/install/turtlebot3_gazebo:/home/borg/colcon_ws/install/turtlebot3_fake_node:/opt/ros/humble /usr/bin/cmake --build /home/borg/colcon_ws/build/my_box_bot_gazebo -- -j12 -l12
[0.715s] Invoked command in '/home/borg/colcon_ws/build/my_box_bot_gazebo' returned '0': CMAKE_PREFIX_PATH=/home/borg/colcon_ws/install/my_box_bot_description:/home/borg/colcon_ws/install/my_simulation:/home/borg/colcon_ws/install/my_box_bot_gazebo:/home/borg/colcon_ws/install/urdfbot_description:/home/borg/colcon_ws/install/turtlebot3_simulations:/home/borg/colcon_ws/install/turtlebot3_manipulation:/home/borg/colcon_ws/install/turtlebot3_manipulation_teleop:/home/borg/colcon_ws/install/turtlebot3_manipulation_navigation2:/home/borg/colcon_ws/install/turtlebot3_manipulation_moveit_config:/home/borg/colcon_ws/install/turtlebot3_manipulation_hardware:/home/borg/colcon_ws/install/turtlebot3_manipulation_bringup:/home/borg/colcon_ws/install/turtlebot3_manipulation_description:/home/borg/colcon_ws/install/turtlebot3_manipulation_cartographer:/home/borg/colcon_ws/install/turtlebot3_gazebo:/home/borg/colcon_ws/install/turtlebot3_fake_node:/opt/ros/humble /usr/bin/cmake --build /home/borg/colcon_ws/build/my_box_bot_gazebo -- -j12 -l12
[0.964s] Invoking command in '/home/borg/colcon_ws/build/my_box_bot_gazebo': CMAKE_PREFIX_PATH=/home/borg/colcon_ws/install/my_box_bot_description:/home/borg/colcon_ws/install/my_simulation:/home/borg/colcon_ws/install/my_box_bot_gazebo:/home/borg/colcon_ws/install/urdfbot_description:/home/borg/colcon_ws/install/turtlebot3_simulations:/home/borg/colcon_ws/install/turtlebot3_manipulation:/home/borg/colcon_ws/install/turtlebot3_manipulation_teleop:/home/borg/colcon_ws/install/turtlebot3_manipulation_navigation2:/home/borg/colcon_ws/install/turtlebot3_manipulation_moveit_config:/home/borg/colcon_ws/install/turtlebot3_manipulation_hardware:/home/borg/colcon_ws/install/turtlebot3_manipulation_bringup:/home/borg/colcon_ws/install/turtlebot3_manipulation_description:/home/borg/colcon_ws/install/turtlebot3_manipulation_cartographer:/home/borg/colcon_ws/install/turtlebot3_gazebo:/home/borg/colcon_ws/install/turtlebot3_fake_node:/opt/ros/humble /usr/bin/cmake --install /home/borg/colcon_ws/build/my_box_bot_gazebo
[0.986s] -- Install configuration: ""
[0.988s] -- Execute custom install script
[0.988s] -- Up-to-date symlink: /home/borg/colcon_ws/install/my_box_bot_gazebo/share/my_box_bot_gazebo//launch/spawn_robot_description.launch.py
[0.988s] -- Up-to-date symlink: /home/borg/colcon_ws/install/my_box_bot_gazebo/share/my_box_bot_gazebo//launch/spawn_robot_ros2.launch.xml
[0.989s] -- Up-to-date symlink: /home/borg/colcon_ws/install/my_box_bot_gazebo/share/my_box_bot_gazebo//launch/spawn_robot_ros2_control.launch.xml
[0.990s] -- Up-to-date symlink: /home/borg/colcon_ws/install/my_box_bot_gazebo/share/my_box_bot_gazebo//launch/spawn_robot_ros2_physical.launch.xml
[0.991s] -- Up-to-date symlink: /home/borg/colcon_ws/install/my_box_bot_gazebo/share/my_box_bot_gazebo//launch/start_world.launch.py
[0.992s] -- Up-to-date symlink: /home/borg/colcon_ws/install/my_box_bot_gazebo/share/my_box_bot_gazebo//worlds/box_bot_empty.world
[0.992s] -- Up-to-date symlink: /home/borg/colcon_ws/install/my_box_bot_gazebo/share/my_box_bot_gazebo//models/box_room/meshes/box_room.dae
[0.995s] -- Up-to-date symlink: /home/borg/colcon_ws/install/my_box_bot_gazebo/share/my_box_bot_gazebo//models/box_room/meshes/chambre.png
[0.996s] -- Up-to-date symlink: /home/borg/colcon_ws/install/my_box_bot_gazebo/share/my_box_bot_gazebo//models/box_room/model.config
[0.998s] -- Up-to-date symlink: /home/borg/colcon_ws/install/my_box_bot_gazebo/share/my_box_bot_gazebo//models/box_room/model.sdf
[0.999s] -- Up-to-date symlink: /home/borg/colcon_ws/install/my_box_bot_gazebo/share/ament_index/resource_index/package_run_dependencies/my_box_bot_gazebo
[1.000s] -- Up-to-date symlink: /home/borg/colcon_ws/install/my_box_bot_gazebo/share/ament_index/resource_index/parent_prefix_path/my_box_bot_gazebo
[1.000s] -- Up-to-date symlink: /home/borg/colcon_ws/install/my_box_bot_gazebo/share/my_box_bot_gazebo/environment/ament_prefix_path.sh
[1.001s] -- Up-to-date symlink: /home/borg/colcon_ws/install/my_box_bot_gazebo/share/my_box_bot_gazebo/environment/ament_prefix_path.dsv
[1.001s] -- Up-to-date symlink: /home/borg/colcon_ws/install/my_box_bot_gazebo/share/my_box_bot_gazebo/environment/path.sh
[1.001s] -- Up-to-date symlink: /home/borg/colcon_ws/install/my_box_bot_gazebo/share/my_box_bot_gazebo/environment/path.dsv
[1.001s] -- Up-to-date symlink: /home/borg/colcon_ws/install/my_box_bot_gazebo/share/my_box_bot_gazebo/local_setup.bash
[1.001s] -- Up-to-date symlink: /home/borg/colcon_ws/install/my_box_bot_gazebo/share/my_box_bot_gazebo/local_setup.sh
[1.002s] -- Up-to-date symlink: /home/borg/colcon_ws/install/my_box_bot_gazebo/share/my_box_bot_gazebo/local_setup.zsh
[1.002s] -- Up-to-date symlink: /home/borg/colcon_ws/install/my_box_bot_gazebo/share/my_box_bot_gazebo/local_setup.dsv
[1.002s] -- Symlinking: /home/borg/colcon_ws/install/my_box_bot_gazebo/share/my_box_bot_gazebo/package.dsv
[1.002s] -- Up-to-date symlink: /home/borg/colcon_ws/install/my_box_bot_gazebo/share/ament_index/resource_index/packages/my_box_bot_gazebo
[1.003s] -- Up-to-date symlink: /home/borg/colcon_ws/install/my_box_bot_gazebo/share/my_box_bot_gazebo/cmake/my_box_bot_gazeboConfig.cmake
[1.003s] -- Up-to-date symlink: /home/borg/colcon_ws/install/my_box_bot_gazebo/share/my_box_bot_gazebo/cmake/my_box_bot_gazeboConfig-version.cmake
[1.003s] -- Up-to-date symlink: /home/borg/colcon_ws/install/my_box_bot_gazebo/share/my_box_bot_gazebo/package.xml
[1.122s] Invoked command in '/home/borg/colcon_ws/build/my_box_bot_gazebo' returned '0': CMAKE_PREFIX_PATH=/home/borg/colcon_ws/install/my_box_bot_description:/home/borg/colcon_ws/install/my_simulation:/home/borg/colcon_ws/install/my_box_bot_gazebo:/home/borg/colcon_ws/install/urdfbot_description:/home/borg/colcon_ws/install/turtlebot3_simulations:/home/borg/colcon_ws/install/turtlebot3_manipulation:/home/borg/colcon_ws/install/turtlebot3_manipulation_teleop:/home/borg/colcon_ws/install/turtlebot3_manipulation_navigation2:/home/borg/colcon_ws/install/turtlebot3_manipulation_moveit_config:/home/borg/colcon_ws/install/turtlebot3_manipulation_hardware:/home/borg/colcon_ws/install/turtlebot3_manipulation_bringup:/home/borg/colcon_ws/install/turtlebot3_manipulation_description:/home/borg/colcon_ws/install/turtlebot3_manipulation_cartographer:/home/borg/colcon_ws/install/turtlebot3_gazebo:/home/borg/colcon_ws/install/turtlebot3_fake_node:/opt/ros/humble /usr/bin/cmake --install /home/borg/colcon_ws/build/my_box_bot_gazebo
