[0.377s] Invoking command in '/home/borg/colcon_ws/build/turtlebot3_gazebo': CMAKE_PREFIX_PATH=${CMAKE_PREFIX_PATH}:/opt/ros/humble /usr/bin/cmake --build /home/borg/colcon_ws/build/turtlebot3_gazebo -- -j12 -l12
[0.461s] [ 25%] Built target turtlebot3_drive
[0.488s] [ 50%] Built target obstacle1
[0.491s] [ 75%] Built target obstacle2
[0.508s] [100%] Built target obstacles
[0.585s] Invoked command in '/home/borg/colcon_ws/build/turtlebot3_gazebo' returned '0': CMAKE_PREFIX_PATH=${CMAKE_PREFIX_PATH}:/opt/ros/humble /usr/bin/cmake --build /home/borg/colcon_ws/build/turtlebot3_gazebo -- -j12 -l12
[0.814s] Invoking command in '/home/borg/colcon_ws/build/turtlebot3_gazebo': CMAKE_PREFIX_PATH=${CMAKE_PREFIX_PATH}:/opt/ros/humble /usr/bin/cmake --install /home/borg/colcon_ws/build/turtlebot3_gazebo
[0.960s] -- Install configuration: ""
[0.960s] -- Up-to-date: /home/borg/colcon_ws/install/turtlebot3_gazebo/lib/turtlebot3_gazebo/turtlebot3_drive
[0.960s] -- Up-to-date: /home/borg/colcon_ws/install/turtlebot3_gazebo/share/turtlebot3_gazebo//launch
[0.961s] -- Up-to-date: /home/borg/colcon_ws/install/turtlebot3_gazebo/share/turtlebot3_gazebo//launch/empty_world.launch.py
[0.961s] -- Up-to-date: /home/borg/colcon_ws/install/turtlebot3_gazebo/share/turtlebot3_gazebo//launch/spawn_turtlebot3.launch.py
[0.961s] -- Up-to-date: /home/borg/colcon_ws/install/turtlebot3_gazebo/share/turtlebot3_gazebo//launch/turtlebot3_dqn_stage1.launch.py
[0.962s] -- Up-to-date: /home/borg/colcon_ws/install/turtlebot3_gazebo/share/turtlebot3_gazebo//launch/turtlebot3_dqn_stage2.launch.py
[0.962s] -- Up-to-date: /home/borg/colcon_ws/install/turtlebot3_gazebo/share/turtlebot3_gazebo//launch/turtlebot3_dqn_stage3.launch.py
[0.962s] -- Up-to-date: /home/borg/colcon_ws/install/turtlebot3_gazebo/share/turtlebot3_gazebo//launch/turtlebot3_dqn_stage4.launch.py
[0.963s] -- Up-to-date: /home/borg/colcon_ws/install/turtlebot3_gazebo/share/turtlebot3_gazebo//launch/turtlebot3_house.launch.py
[0.963s] -- Up-to-date: /home/borg/colcon_ws/install/turtlebot3_gazebo/share/turtlebot3_gazebo//launch/turtlebot3_world.launch.py
[0.963s] -- Up-to-date: /home/borg/colcon_ws/install/turtlebot3_gazebo/share/turtlebot3_gazebo//launch/robot_state_publisher.launch.py
[0.963s] -- Up-to-date: /home/borg/colcon_ws/install/turtlebot3_gazebo/share/turtlebot3_gazebo//launch/insperbot_lab.launch.py
[0.964s] -- Up-to-date: /home/borg/colcon_ws/install/turtlebot3_gazebo/share/turtlebot3_gazebo//launch/pista-23B.launch.py
[0.964s] -- Up-to-date: /home/borg/colcon_ws/install/turtlebot3_gazebo/share/turtlebot3_gazebo//models
[0.964s] -- Up-to-date: /home/borg/colcon_ws/install/turtlebot3_gazebo/share/turtlebot3_gazebo//models/turtlebot3_burger
[0.964s] -- Up-to-date: /home/borg/colcon_ws/install/turtlebot3_gazebo/share/turtlebot3_gazebo//models/turtlebot3_burger/model-1_4.sdf
[0.964s] -- Up-to-date: /home/borg/colcon_ws/install/turtlebot3_gazebo/share/turtlebot3_gazebo//models/turtlebot3_burger/model.config
[0.965s] -- Up-to-date: /home/borg/colcon_ws/install/turtlebot3_gazebo/share/turtlebot3_gazebo//models/turtlebot3_burger/model.sdf
[0.965s] -- Up-to-date: /home/borg/colcon_ws/install/turtlebot3_gazebo/share/turtlebot3_gazebo//models/turtlebot3_common
[0.965s] -- Up-to-date: /home/borg/colcon_ws/install/turtlebot3_gazebo/share/turtlebot3_gazebo//models/turtlebot3_common/meshes
[0.965s] -- Up-to-date: /home/borg/colcon_ws/install/turtlebot3_gazebo/share/turtlebot3_gazebo//models/turtlebot3_common/meshes/burger_base.dae
[0.966s] -- Up-to-date: /home/borg/colcon_ws/install/turtlebot3_gazebo/share/turtlebot3_gazebo//models/turtlebot3_common/meshes/lds.dae
[0.966s] -- Up-to-date: /home/borg/colcon_ws/install/turtlebot3_gazebo/share/turtlebot3_gazebo//models/turtlebot3_common/meshes/r200.dae
[0.966s] -- Up-to-date: /home/borg/colcon_ws/install/turtlebot3_gazebo/share/turtlebot3_gazebo//models/turtlebot3_common/meshes/tire.dae
[0.966s] -- Up-to-date: /home/borg/colcon_ws/install/turtlebot3_gazebo/share/turtlebot3_gazebo//models/turtlebot3_common/meshes/waffle_base.dae
[0.967s] -- Up-to-date: /home/borg/colcon_ws/install/turtlebot3_gazebo/share/turtlebot3_gazebo//models/turtlebot3_common/meshes/waffle_pi_base.dae
[0.967s] -- Up-to-date: /home/borg/colcon_ws/install/turtlebot3_gazebo/share/turtlebot3_gazebo//models/turtlebot3_common/model.config
[0.967s] -- Up-to-date: /home/borg/colcon_ws/install/turtlebot3_gazebo/share/turtlebot3_gazebo//models/turtlebot3_dqn_world
[0.968s] -- Up-to-date: /home/borg/colcon_ws/install/turtlebot3_gazebo/share/turtlebot3_gazebo//models/turtlebot3_dqn_world/goal_box
[0.968s] -- Up-to-date: /home/borg/colcon_ws/install/turtlebot3_gazebo/share/turtlebot3_gazebo//models/turtlebot3_dqn_world/goal_box/model.config
[0.968s] -- Up-to-date: /home/borg/colcon_ws/install/turtlebot3_gazebo/share/turtlebot3_gazebo//models/turtlebot3_dqn_world/goal_box/model.sdf
[0.968s] -- Up-to-date: /home/borg/colcon_ws/install/turtlebot3_gazebo/share/turtlebot3_gazebo//models/turtlebot3_dqn_world/inner_walls
[0.977s] -- Up-to-date: /home/borg/colcon_ws/install/turtlebot3_gazebo/share/turtlebot3_gazebo//models/turtlebot3_dqn_world/inner_walls/model.config
[0.977s] -- Up-to-date: /home/borg/colcon_ws/install/turtlebot3_gazebo/share/turtlebot3_gazebo//models/turtlebot3_dqn_world/inner_walls/model.sdf
[0.977s] -- Up-to-date: /home/borg/colcon_ws/install/turtlebot3_gazebo/share/turtlebot3_gazebo//models/turtlebot3_dqn_world/model.config
[0.977s] -- Up-to-date: /home/borg/colcon_ws/install/turtlebot3_gazebo/share/turtlebot3_gazebo//models/turtlebot3_dqn_world/model.sdf
[0.977s] -- Up-to-date: /home/borg/colcon_ws/install/turtlebot3_gazebo/share/turtlebot3_gazebo//models/turtlebot3_dqn_world/obstacle1
[0.977s] -- Up-to-date: /home/borg/colcon_ws/install/turtlebot3_gazebo/share/turtlebot3_gazebo//models/turtlebot3_dqn_world/obstacle1/model.config
[0.978s] -- Up-to-date: /home/borg/colcon_ws/install/turtlebot3_gazebo/share/turtlebot3_gazebo//models/turtlebot3_dqn_world/obstacle1/model.sdf
[0.978s] -- Up-to-date: /home/borg/colcon_ws/install/turtlebot3_gazebo/share/turtlebot3_gazebo//models/turtlebot3_dqn_world/obstacle2
[0.978s] -- Up-to-date: /home/borg/colcon_ws/install/turtlebot3_gazebo/share/turtlebot3_gazebo//models/turtlebot3_dqn_world/obstacle2/model.config
[0.978s] -- Up-to-date: /home/borg/colcon_ws/install/turtlebot3_gazebo/share/turtlebot3_gazebo//models/turtlebot3_dqn_world/obstacle2/model.sdf
[0.978s] -- Up-to-date: /home/borg/colcon_ws/install/turtlebot3_gazebo/share/turtlebot3_gazebo//models/turtlebot3_dqn_world/obstacle_plugin
[0.979s] -- Up-to-date: /home/borg/colcon_ws/install/turtlebot3_gazebo/share/turtlebot3_gazebo//models/turtlebot3_dqn_world/obstacle_plugin/CMakeLists.txt
[0.979s] -- Up-to-date: /home/borg/colcon_ws/install/turtlebot3_gazebo/share/turtlebot3_gazebo//models/turtlebot3_dqn_world/obstacle_plugin/obstacle1.cc
[0.979s] -- Up-to-date: /home/borg/colcon_ws/install/turtlebot3_gazebo/share/turtlebot3_gazebo//models/turtlebot3_dqn_world/obstacle_plugin/obstacle2.cc
[0.979s] -- Up-to-date: /home/borg/colcon_ws/install/turtlebot3_gazebo/share/turtlebot3_gazebo//models/turtlebot3_dqn_world/obstacle_plugin/obstacles.cc
[0.979s] -- Up-to-date: /home/borg/colcon_ws/install/turtlebot3_gazebo/share/turtlebot3_gazebo//models/turtlebot3_dqn_world/obstacles
[0.979s] -- Up-to-date: /home/borg/colcon_ws/install/turtlebot3_gazebo/share/turtlebot3_gazebo//models/turtlebot3_dqn_world/obstacles/model.config
[0.979s] -- Up-to-date: /home/borg/colcon_ws/install/turtlebot3_gazebo/share/turtlebot3_gazebo//models/turtlebot3_dqn_world/obstacles/model.sdf
[0.979s] -- Up-to-date: /home/borg/colcon_ws/install/turtlebot3_gazebo/share/turtlebot3_gazebo//models/turtlebot3_house
[0.980s] -- Up-to-date: /home/borg/colcon_ws/install/turtlebot3_gazebo/share/turtlebot3_gazebo//models/turtlebot3_house/model.config
[0.980s] -- Up-to-date: /home/borg/colcon_ws/install/turtlebot3_gazebo/share/turtlebot3_gazebo//models/turtlebot3_house/model.sdf
[0.980s] -- Up-to-date: /home/borg/colcon_ws/install/turtlebot3_gazebo/share/turtlebot3_gazebo//models/turtlebot3_waffle
[0.980s] -- Up-to-date: /home/borg/colcon_ws/install/turtlebot3_gazebo/share/turtlebot3_gazebo//models/turtlebot3_waffle/model-1_4.sdf
[0.980s] -- Up-to-date: /home/borg/colcon_ws/install/turtlebot3_gazebo/share/turtlebot3_gazebo//models/turtlebot3_waffle/model.config
[0.980s] -- Up-to-date: /home/borg/colcon_ws/install/turtlebot3_gazebo/share/turtlebot3_gazebo//models/turtlebot3_waffle/model.sdf
[0.981s] -- Up-to-date: /home/borg/colcon_ws/install/turtlebot3_gazebo/share/turtlebot3_gazebo//models/turtlebot3_waffle_pi
[0.981s] -- Up-to-date: /home/borg/colcon_ws/install/turtlebot3_gazebo/share/turtlebot3_gazebo//models/turtlebot3_waffle_pi/model-1_4_.sdf
[0.981s] -- Up-to-date: /home/borg/colcon_ws/install/turtlebot3_gazebo/share/turtlebot3_gazebo//models/turtlebot3_waffle_pi/model.config
[0.981s] -- Up-to-date: /home/borg/colcon_ws/install/turtlebot3_gazebo/share/turtlebot3_gazebo//models/turtlebot3_waffle_pi/model.sdf
[0.981s] -- Up-to-date: /home/borg/colcon_ws/install/turtlebot3_gazebo/share/turtlebot3_gazebo//models/turtlebot3_world
[0.982s] -- Up-to-date: /home/borg/colcon_ws/install/turtlebot3_gazebo/share/turtlebot3_gazebo//models/turtlebot3_world/meshes
[0.982s] -- Up-to-date: /home/borg/colcon_ws/install/turtlebot3_gazebo/share/turtlebot3_gazebo//models/turtlebot3_world/meshes/hexagon.dae
[0.982s] -- Up-to-date: /home/borg/colcon_ws/install/turtlebot3_gazebo/share/turtlebot3_gazebo//models/turtlebot3_world/meshes/wall.dae
[0.982s] -- Up-to-date: /home/borg/colcon_ws/install/turtlebot3_gazebo/share/turtlebot3_gazebo//models/turtlebot3_world/model-1_4.sdf
[0.983s] -- Up-to-date: /home/borg/colcon_ws/install/turtlebot3_gazebo/share/turtlebot3_gazebo//models/turtlebot3_world/model.config
[0.983s] -- Up-to-date: /home/borg/colcon_ws/install/turtlebot3_gazebo/share/turtlebot3_gazebo//models/turtlebot3_world/model.sdf
[0.983s] -- Up-to-date: /home/borg/colcon_ws/install/turtlebot3_gazebo/share/turtlebot3_gazebo//models/mybot
[0.983s] -- Up-to-date: /home/borg/colcon_ws/install/turtlebot3_gazebo/share/turtlebot3_gazebo//models/mybot/model-1_4_.sdf
[0.984s] -- Up-to-date: /home/borg/colcon_ws/install/turtlebot3_gazebo/share/turtlebot3_gazebo//models/mybot/model.config
[0.984s] -- Up-to-date: /home/borg/colcon_ws/install/turtlebot3_gazebo/share/turtlebot3_gazebo//models/mybot/model.sdf
[0.984s] -- Up-to-date: /home/borg/colcon_ws/install/turtlebot3_gazebo/share/turtlebot3_gazebo//models/turtlebot3_burger_insper
[0.984s] -- Up-to-date: /home/borg/colcon_ws/install/turtlebot3_gazebo/share/turtlebot3_gazebo//models/turtlebot3_burger_insper/model.config
[0.984s] -- Up-to-date: /home/borg/colcon_ws/install/turtlebot3_gazebo/share/turtlebot3_gazebo//models/turtlebot3_burger_insper/model-1_4_.sdf
[0.985s] -- Up-to-date: /home/borg/colcon_ws/install/turtlebot3_gazebo/share/turtlebot3_gazebo//models/turtlebot3_burger_insper/model.sdf
[0.985s] -- Up-to-date: /home/borg/colcon_ws/install/turtlebot3_gazebo/share/turtlebot3_gazebo//models/pista23-1
[0.985s] -- Up-to-date: /home/borg/colcon_ws/install/turtlebot3_gazebo/share/turtlebot3_gazebo//models/pista23-1/creeper
[0.985s] -- Up-to-date: /home/borg/colcon_ws/install/turtlebot3_gazebo/share/turtlebot3_gazebo//models/pista23-1/creeper/aruco_05
[0.985s] -- Up-to-date: /home/borg/colcon_ws/install/turtlebot3_gazebo/share/turtlebot3_gazebo//models/pista23-1/creeper/aruco_05/materials
[0.985s] -- Up-to-date: /home/borg/colcon_ws/install/turtlebot3_gazebo/share/turtlebot3_gazebo//models/pista23-1/creeper/aruco_05/materials/scripts
[0.985s] -- Up-to-date: /home/borg/colcon_ws/install/turtlebot3_gazebo/share/turtlebot3_gazebo//models/pista23-1/creeper/aruco_05/materials/scripts/creeper.material
[0.986s] -- Up-to-date: /home/borg/colcon_ws/install/turtlebot3_gazebo/share/turtlebot3_gazebo//models/pista23-1/creeper/aruco_05/materials/textures
[0.986s] -- Up-to-date: /home/borg/colcon_ws/install/turtlebot3_gazebo/share/turtlebot3_gazebo//models/pista23-1/creeper/aruco_05/materials/textures/caixa.dae
[0.986s] -- Up-to-date: /home/borg/colcon_ws/install/turtlebot3_gazebo/share/turtlebot3_gazebo//models/pista23-1/creeper/aruco_05/materials/textures/caixa.png
[0.986s] -- Up-to-date: /home/borg/colcon_ws/install/turtlebot3_gazebo/share/turtlebot3_gazebo//models/pista23-1/creeper/aruco_05/materials/textures/caixa.png_old
[0.986s] -- Up-to-date: /home/borg/colcon_ws/install/turtlebot3_gazebo/share/turtlebot3_gazebo//models/pista23-1/creeper/aruco_05/model.config
[0.986s] -- Up-to-date: /home/borg/colcon_ws/install/turtlebot3_gazebo/share/turtlebot3_gazebo//models/pista23-1/creeper/aruco_05/model.sdf
[0.986s] -- Up-to-date: /home/borg/colcon_ws/install/turtlebot3_gazebo/share/turtlebot3_gazebo//models/pista23-1/creeper/aruco_15
[0.987s] -- Up-to-date: /home/borg/colcon_ws/install/turtlebot3_gazebo/share/turtlebot3_gazebo//models/pista23-1/creeper/aruco_15/materials
[0.987s] -- Up-to-date: /home/borg/colcon_ws/install/turtlebot3_gazebo/share/turtlebot3_gazebo//models/pista23-1/creeper/aruco_15/materials/scripts
[0.987s] -- Up-to-date: /home/borg/colcon_ws/install/turtlebot3_gazebo/share/turtlebot3_gazebo//models/pista23-1/creeper/aruco_15/materials/scripts/creeper.material
[0.987s] -- Up-to-date: /home/borg/colcon_ws/install/turtlebot3_gazebo/share/turtlebot3_gazebo//models/pista23-1/creeper/aruco_15/materials/textures
[0.987s] -- Up-to-date: /home/borg/colcon_ws/install/turtlebot3_gazebo/share/turtlebot3_gazebo//models/pista23-1/creeper/aruco_15/materials/textures/caixa.dae
[0.988s] -- Up-to-date: /home/borg/colcon_ws/install/turtlebot3_gazebo/share/turtlebot3_gazebo//models/pista23-1/creeper/aruco_15/materials/textures/caixa.png
[1.003s] -- Up-to-date: /home/borg/colcon_ws/install/turtlebot3_gazebo/share/turtlebot3_gazebo//models/pista23-1/creeper/aruco_15/materials/textures/caixa.png_old
[1.003s] -- Up-to-date: /home/borg/colcon_ws/install/turtlebot3_gazebo/share/turtlebot3_gazebo//models/pista23-1/creeper/aruco_15/model.config
[1.003s] -- Up-to-date: /home/borg/colcon_ws/install/turtlebot3_gazebo/share/turtlebot3_gazebo//models/pista23-1/creeper/aruco_15/model.sdf
[1.003s] -- Up-to-date: /home/borg/colcon_ws/install/turtlebot3_gazebo/share/turtlebot3_gazebo//models/pista23-1/creeper/aruco_25
[1.003s] -- Up-to-date: /home/borg/colcon_ws/install/turtlebot3_gazebo/share/turtlebot3_gazebo//models/pista23-1/creeper/aruco_25/materials
[1.004s] -- Up-to-date: /home/borg/colcon_ws/install/turtlebot3_gazebo/share/turtlebot3_gazebo//models/pista23-1/creeper/aruco_25/materials/scripts
[1.004s] -- Up-to-date: /home/borg/colcon_ws/install/turtlebot3_gazebo/share/turtlebot3_gazebo//models/pista23-1/creeper/aruco_25/materials/scripts/creeper.material
[1.004s] -- Up-to-date: /home/borg/colcon_ws/install/turtlebot3_gazebo/share/turtlebot3_gazebo//models/pista23-1/creeper/aruco_25/materials/textures
[1.004s] -- Up-to-date: /home/borg/colcon_ws/install/turtlebot3_gazebo/share/turtlebot3_gazebo//models/pista23-1/creeper/aruco_25/materials/textures/caixa.dae
[1.005s] -- Up-to-date: /home/borg/colcon_ws/install/turtlebot3_gazebo/share/turtlebot3_gazebo//models/pista23-1/creeper/aruco_25/materials/textures/caixa.png
[1.005s] -- Up-to-date: /home/borg/colcon_ws/install/turtlebot3_gazebo/share/turtlebot3_gazebo//models/pista23-1/creeper/aruco_25/materials/textures/caixa.png_old
[1.005s] -- Up-to-date: /home/borg/colcon_ws/install/turtlebot3_gazebo/share/turtlebot3_gazebo//models/pista23-1/creeper/aruco_25/model.config
[1.005s] -- Up-to-date: /home/borg/colcon_ws/install/turtlebot3_gazebo/share/turtlebot3_gazebo//models/pista23-1/creeper/aruco_25/model.sdf
[1.005s] -- Up-to-date: /home/borg/colcon_ws/install/turtlebot3_gazebo/share/turtlebot3_gazebo//models/pista23-1/creeper/aruco_55
[1.006s] -- Up-to-date: /home/borg/colcon_ws/install/turtlebot3_gazebo/share/turtlebot3_gazebo//models/pista23-1/creeper/aruco_55/materials
[1.006s] -- Up-to-date: /home/borg/colcon_ws/install/turtlebot3_gazebo/share/turtlebot3_gazebo//models/pista23-1/creeper/aruco_55/materials/scripts
[1.006s] -- Up-to-date: /home/borg/colcon_ws/install/turtlebot3_gazebo/share/turtlebot3_gazebo//models/pista23-1/creeper/aruco_55/materials/scripts/creeper.material
[1.006s] -- Up-to-date: /home/borg/colcon_ws/install/turtlebot3_gazebo/share/turtlebot3_gazebo//models/pista23-1/creeper/aruco_55/materials/textures
[1.006s] -- Up-to-date: /home/borg/colcon_ws/install/turtlebot3_gazebo/share/turtlebot3_gazebo//models/pista23-1/creeper/aruco_55/materials/textures/caixa.dae
[1.007s] -- Up-to-date: /home/borg/colcon_ws/install/turtlebot3_gazebo/share/turtlebot3_gazebo//models/pista23-1/creeper/aruco_55/materials/textures/caixa.png
[1.007s] -- Up-to-date: /home/borg/colcon_ws/install/turtlebot3_gazebo/share/turtlebot3_gazebo//models/pista23-1/creeper/aruco_55/materials/textures/caixa.png_old
[1.007s] -- Up-to-date: /home/borg/colcon_ws/install/turtlebot3_gazebo/share/turtlebot3_gazebo//models/pista23-1/creeper/aruco_55/model.config
[1.008s] -- Up-to-date: /home/borg/colcon_ws/install/turtlebot3_gazebo/share/turtlebot3_gazebo//models/pista23-1/creeper/aruco_55/model.sdf
[1.008s] -- Up-to-date: /home/borg/colcon_ws/install/turtlebot3_gazebo/share/turtlebot3_gazebo//models/pista23-1/creeper/creeper_11
[1.008s] -- Up-to-date: /home/borg/colcon_ws/install/turtlebot3_gazebo/share/turtlebot3_gazebo//models/pista23-1/creeper/creeper_11/materials
[1.008s] -- Up-to-date: /home/borg/colcon_ws/install/turtlebot3_gazebo/share/turtlebot3_gazebo//models/pista23-1/creeper/creeper_11/materials/scripts
[1.009s] -- Up-to-date: /home/borg/colcon_ws/install/turtlebot3_gazebo/share/turtlebot3_gazebo//models/pista23-1/creeper/creeper_11/materials/scripts/creeper.material
[1.009s] -- Up-to-date: /home/borg/colcon_ws/install/turtlebot3_gazebo/share/turtlebot3_gazebo//models/pista23-1/creeper/creeper_11/materials/textures
[1.009s] -- Up-to-date: /home/borg/colcon_ws/install/turtlebot3_gazebo/share/turtlebot3_gazebo//models/pista23-1/creeper/creeper_11/materials/textures/MarkerData.png
[1.018s] -- Up-to-date: /home/borg/colcon_ws/install/turtlebot3_gazebo/share/turtlebot3_gazebo//models/pista23-1/creeper/creeper_11/materials/textures/MarkerData.png.001.png
[1.018s] -- Up-to-date: /home/borg/colcon_ws/install/turtlebot3_gazebo/share/turtlebot3_gazebo//models/pista23-1/creeper/creeper_11/materials/textures/creeper.dae
[1.019s] -- Up-to-date: /home/borg/colcon_ws/install/turtlebot3_gazebo/share/turtlebot3_gazebo//models/pista23-1/creeper/creeper_11/model.config
[1.019s] -- Up-to-date: /home/borg/colcon_ws/install/turtlebot3_gazebo/share/turtlebot3_gazebo//models/pista23-1/creeper/creeper_11/model.sdf
[1.019s] -- Up-to-date: /home/borg/colcon_ws/install/turtlebot3_gazebo/share/turtlebot3_gazebo//models/pista23-1/creeper/creeper_11_rosa
[1.020s] -- Up-to-date: /home/borg/colcon_ws/install/turtlebot3_gazebo/share/turtlebot3_gazebo//models/pista23-1/creeper/creeper_11_rosa/materials
[1.020s] -- Up-to-date: /home/borg/colcon_ws/install/turtlebot3_gazebo/share/turtlebot3_gazebo//models/pista23-1/creeper/creeper_11_rosa/materials/scripts
[1.020s] -- Up-to-date: /home/borg/colcon_ws/install/turtlebot3_gazebo/share/turtlebot3_gazebo//models/pista23-1/creeper/creeper_11_rosa/materials/scripts/creeper.material
[1.021s] -- Up-to-date: /home/borg/colcon_ws/install/turtlebot3_gazebo/share/turtlebot3_gazebo//models/pista23-1/creeper/creeper_11_rosa/materials/textures
[1.021s] -- Up-to-date: /home/borg/colcon_ws/install/turtlebot3_gazebo/share/turtlebot3_gazebo//models/pista23-1/creeper/creeper_11_rosa/materials/textures/MarkerData.png
[1.021s] -- Up-to-date: /home/borg/colcon_ws/install/turtlebot3_gazebo/share/turtlebot3_gazebo//models/pista23-1/creeper/creeper_11_rosa/materials/textures/MarkerData.png.001.png
[1.021s] -- Up-to-date: /home/borg/colcon_ws/install/turtlebot3_gazebo/share/turtlebot3_gazebo//models/pista23-1/creeper/creeper_11_rosa/materials/textures/creeper.dae
[1.021s] -- Up-to-date: /home/borg/colcon_ws/install/turtlebot3_gazebo/share/turtlebot3_gazebo//models/pista23-1/creeper/creeper_11_rosa/model.config
[1.022s] -- Up-to-date: /home/borg/colcon_ws/install/turtlebot3_gazebo/share/turtlebot3_gazebo//models/pista23-1/creeper/creeper_11_rosa/model.sdf
[1.022s] -- Up-to-date: /home/borg/colcon_ws/install/turtlebot3_gazebo/share/turtlebot3_gazebo//models/pista23-1/creeper/creeper_11_verde
[1.022s] -- Up-to-date: /home/borg/colcon_ws/install/turtlebot3_gazebo/share/turtlebot3_gazebo//models/pista23-1/creeper/creeper_11_verde/materials
[1.022s] -- Up-to-date: /home/borg/colcon_ws/install/turtlebot3_gazebo/share/turtlebot3_gazebo//models/pista23-1/creeper/creeper_11_verde/materials/scripts
[1.022s] -- Up-to-date: /home/borg/colcon_ws/install/turtlebot3_gazebo/share/turtlebot3_gazebo//models/pista23-1/creeper/creeper_11_verde/materials/scripts/creeper.material
[1.023s] -- Up-to-date: /home/borg/colcon_ws/install/turtlebot3_gazebo/share/turtlebot3_gazebo//models/pista23-1/creeper/creeper_11_verde/materials/textures
[1.023s] -- Up-to-date: /home/borg/colcon_ws/install/turtlebot3_gazebo/share/turtlebot3_gazebo//models/pista23-1/creeper/creeper_11_verde/materials/textures/MarkerData.png
[1.023s] -- Up-to-date: /home/borg/colcon_ws/install/turtlebot3_gazebo/share/turtlebot3_gazebo//models/pista23-1/creeper/creeper_11_verde/materials/textures/MarkerData.png.001.png
[1.023s] -- Up-to-date: /home/borg/colcon_ws/install/turtlebot3_gazebo/share/turtlebot3_gazebo//models/pista23-1/creeper/creeper_11_verde/materials/textures/MarkerData.png.001.png_old
[1.024s] -- Up-to-date: /home/borg/colcon_ws/install/turtlebot3_gazebo/share/turtlebot3_gazebo//models/pista23-1/creeper/creeper_11_verde/materials/textures/MarkerData.png_old
[1.024s] -- Up-to-date: /home/borg/colcon_ws/install/turtlebot3_gazebo/share/turtlebot3_gazebo//models/pista23-1/creeper/creeper_11_verde/materials/textures/creeper.dae
[1.024s] -- Up-to-date: /home/borg/colcon_ws/install/turtlebot3_gazebo/share/turtlebot3_gazebo//models/pista23-1/creeper/creeper_11_verde/model.config
[1.024s] -- Up-to-date: /home/borg/colcon_ws/install/turtlebot3_gazebo/share/turtlebot3_gazebo//models/pista23-1/creeper/creeper_11_verde/model.sdf
[1.025s] -- Up-to-date: /home/borg/colcon_ws/install/turtlebot3_gazebo/share/turtlebot3_gazebo//models/pista23-1/creeper/creeper_11_vermelho
[1.025s] -- Up-to-date: /home/borg/colcon_ws/install/turtlebot3_gazebo/share/turtlebot3_gazebo//models/pista23-1/creeper/creeper_11_vermelho/materials
[1.025s] -- Up-to-date: /home/borg/colcon_ws/install/turtlebot3_gazebo/share/turtlebot3_gazebo//models/pista23-1/creeper/creeper_11_vermelho/materials/scripts
[1.026s] -- Up-to-date: /home/borg/colcon_ws/install/turtlebot3_gazebo/share/turtlebot3_gazebo//models/pista23-1/creeper/creeper_11_vermelho/materials/scripts/creeper.material
[1.026s] -- Up-to-date: /home/borg/colcon_ws/install/turtlebot3_gazebo/share/turtlebot3_gazebo//models/pista23-1/creeper/creeper_11_vermelho/materials/textures
[1.026s] -- Up-to-date: /home/borg/colcon_ws/install/turtlebot3_gazebo/share/turtlebot3_gazebo//models/pista23-1/creeper/creeper_11_vermelho/materials/textures/MarkerData.png
[1.026s] -- Up-to-date: /home/borg/colcon_ws/install/turtlebot3_gazebo/share/turtlebot3_gazebo//models/pista23-1/creeper/creeper_11_vermelho/materials/textures/MarkerData.png.001.png
[1.026s] -- Up-to-date: /home/borg/colcon_ws/install/turtlebot3_gazebo/share/turtlebot3_gazebo//models/pista23-1/creeper/creeper_11_vermelho/materials/textures/MarkerData.png.001.png_old
[1.027s] -- Up-to-date: /home/borg/colcon_ws/install/turtlebot3_gazebo/share/turtlebot3_gazebo//models/pista23-1/creeper/creeper_11_vermelho/materials/textures/MarkerData.png_old
[1.027s] -- Up-to-date: /home/borg/colcon_ws/install/turtlebot3_gazebo/share/turtlebot3_gazebo//models/pista23-1/creeper/creeper_11_vermelho/materials/textures/creeper.dae
[1.027s] -- Up-to-date: /home/borg/colcon_ws/install/turtlebot3_gazebo/share/turtlebot3_gazebo//models/pista23-1/creeper/creeper_11_vermelho/model.config
[1.027s] -- Up-to-date: /home/borg/colcon_ws/install/turtlebot3_gazebo/share/turtlebot3_gazebo//models/pista23-1/creeper/creeper_11_vermelho/model.sdf
[1.028s] -- Up-to-date: /home/borg/colcon_ws/install/turtlebot3_gazebo/share/turtlebot3_gazebo//models/pista23-1/creeper/creeper_12
[1.028s] -- Up-to-date: /home/borg/colcon_ws/install/turtlebot3_gazebo/share/turtlebot3_gazebo//models/pista23-1/creeper/creeper_12/materials
[1.028s] -- Up-to-date: /home/borg/colcon_ws/install/turtlebot3_gazebo/share/turtlebot3_gazebo//models/pista23-1/creeper/creeper_12/materials/scripts
[1.028s] -- Up-to-date: /home/borg/colcon_ws/install/turtlebot3_gazebo/share/turtlebot3_gazebo//models/pista23-1/creeper/creeper_12/materials/scripts/creeper.material
[1.028s] -- Up-to-date: /home/borg/colcon_ws/install/turtlebot3_gazebo/share/turtlebot3_gazebo//models/pista23-1/creeper/creeper_12/materials/textures
[1.029s] -- Up-to-date: /home/borg/colcon_ws/install/turtlebot3_gazebo/share/turtlebot3_gazebo//models/pista23-1/creeper/creeper_12/materials/textures/MarkerData.png
[1.029s] -- Up-to-date: /home/borg/colcon_ws/install/turtlebot3_gazebo/share/turtlebot3_gazebo//models/pista23-1/creeper/creeper_12/materials/textures/MarkerData.png.001.png
[1.030s] -- Up-to-date: /home/borg/colcon_ws/install/turtlebot3_gazebo/share/turtlebot3_gazebo//models/pista23-1/creeper/creeper_12/materials/textures/creeper.dae
[1.030s] -- Up-to-date: /home/borg/colcon_ws/install/turtlebot3_gazebo/share/turtlebot3_gazebo//models/pista23-1/creeper/creeper_12/model.config
[1.030s] -- Up-to-date: /home/borg/colcon_ws/install/turtlebot3_gazebo/share/turtlebot3_gazebo//models/pista23-1/creeper/creeper_12/model.sdf
[1.030s] -- Up-to-date: /home/borg/colcon_ws/install/turtlebot3_gazebo/share/turtlebot3_gazebo//models/pista23-1/creeper/creeper_12_rosa
[1.030s] -- Up-to-date: /home/borg/colcon_ws/install/turtlebot3_gazebo/share/turtlebot3_gazebo//models/pista23-1/creeper/creeper_12_rosa/materials
[1.031s] -- Up-to-date: /home/borg/colcon_ws/install/turtlebot3_gazebo/share/turtlebot3_gazebo//models/pista23-1/creeper/creeper_12_rosa/materials/scripts
[1.031s] -- Up-to-date: /home/borg/colcon_ws/install/turtlebot3_gazebo/share/turtlebot3_gazebo//models/pista23-1/creeper/creeper_12_rosa/materials/scripts/creeper.material
[1.031s] -- Up-to-date: /home/borg/colcon_ws/install/turtlebot3_gazebo/share/turtlebot3_gazebo//models/pista23-1/creeper/creeper_12_rosa/materials/textures
[1.034s] -- Up-to-date: /home/borg/colcon_ws/install/turtlebot3_gazebo/share/turtlebot3_gazebo//models/pista23-1/creeper/creeper_12_rosa/materials/textures/MarkerData.png
[1.034s] -- Up-to-date: /home/borg/colcon_ws/install/turtlebot3_gazebo/share/turtlebot3_gazebo//models/pista23-1/creeper/creeper_12_rosa/materials/textures/MarkerData.png.001.png
[1.035s] -- Up-to-date: /home/borg/colcon_ws/install/turtlebot3_gazebo/share/turtlebot3_gazebo//models/pista23-1/creeper/creeper_12_rosa/materials/textures/creeper.dae
[1.035s] -- Up-to-date: /home/borg/colcon_ws/install/turtlebot3_gazebo/share/turtlebot3_gazebo//models/pista23-1/creeper/creeper_12_rosa/model.config
[1.036s] -- Up-to-date: /home/borg/colcon_ws/install/turtlebot3_gazebo/share/turtlebot3_gazebo//models/pista23-1/creeper/creeper_12_rosa/model.sdf
[1.036s] -- Up-to-date: /home/borg/colcon_ws/install/turtlebot3_gazebo/share/turtlebot3_gazebo//models/pista23-1/creeper/creeper_12_verde
[1.037s] -- Up-to-date: /home/borg/colcon_ws/install/turtlebot3_gazebo/share/turtlebot3_gazebo//models/pista23-1/creeper/creeper_12_verde/materials
[1.037s] -- Up-to-date: /home/borg/colcon_ws/install/turtlebot3_gazebo/share/turtlebot3_gazebo//models/pista23-1/creeper/creeper_12_verde/materials/scripts
[1.038s] -- Up-to-date: /home/borg/colcon_ws/install/turtlebot3_gazebo/share/turtlebot3_gazebo//models/pista23-1/creeper/creeper_12_verde/materials/scripts/creeper.material
[1.038s] -- Up-to-date: /home/borg/colcon_ws/install/turtlebot3_gazebo/share/turtlebot3_gazebo//models/pista23-1/creeper/creeper_12_verde/materials/textures
[1.038s] -- Up-to-date: /home/borg/colcon_ws/install/turtlebot3_gazebo/share/turtlebot3_gazebo//models/pista23-1/creeper/creeper_12_verde/materials/textures/MarkerData.png
[1.039s] -- Up-to-date: /home/borg/colcon_ws/install/turtlebot3_gazebo/share/turtlebot3_gazebo//models/pista23-1/creeper/creeper_12_verde/materials/textures/MarkerData.png.001.png
[1.039s] -- Up-to-date: /home/borg/colcon_ws/install/turtlebot3_gazebo/share/turtlebot3_gazebo//models/pista23-1/creeper/creeper_12_verde/materials/textures/creeper.dae
[1.039s] -- Up-to-date: /home/borg/colcon_ws/install/turtlebot3_gazebo/share/turtlebot3_gazebo//models/pista23-1/creeper/creeper_12_verde/model.config
[1.040s] -- Up-to-date: /home/borg/colcon_ws/install/turtlebot3_gazebo/share/turtlebot3_gazebo//models/pista23-1/creeper/creeper_12_verde/model.sdf
[1.040s] -- Up-to-date: /home/borg/colcon_ws/install/turtlebot3_gazebo/share/turtlebot3_gazebo//models/pista23-1/creeper/creeper_21_vermelho
[1.040s] -- Up-to-date: /home/borg/colcon_ws/install/turtlebot3_gazebo/share/turtlebot3_gazebo//models/pista23-1/creeper/creeper_21_vermelho/materials
[1.040s] -- Up-to-date: /home/borg/colcon_ws/install/turtlebot3_gazebo/share/turtlebot3_gazebo//models/pista23-1/creeper/creeper_21_vermelho/materials/scripts
[1.040s] -- Up-to-date: /home/borg/colcon_ws/install/turtlebot3_gazebo/share/turtlebot3_gazebo//models/pista23-1/creeper/creeper_21_vermelho/materials/scripts/creeper.material
[1.040s] -- Up-to-date: /home/borg/colcon_ws/install/turtlebot3_gazebo/share/turtlebot3_gazebo//models/pista23-1/creeper/creeper_21_vermelho/materials/textures
[1.041s] -- Up-to-date: /home/borg/colcon_ws/install/turtlebot3_gazebo/share/turtlebot3_gazebo//models/pista23-1/creeper/creeper_21_vermelho/materials/textures/MarkerData.png
[1.041s] -- Up-to-date: /home/borg/colcon_ws/install/turtlebot3_gazebo/share/turtlebot3_gazebo//models/pista23-1/creeper/creeper_21_vermelho/materials/textures/MarkerData.png.001.png
[1.041s] -- Up-to-date: /home/borg/colcon_ws/install/turtlebot3_gazebo/share/turtlebot3_gazebo//models/pista23-1/creeper/creeper_21_vermelho/materials/textures/MarkerData.png.001.png_old
[1.041s] -- Up-to-date: /home/borg/colcon_ws/install/turtlebot3_gazebo/share/turtlebot3_gazebo//models/pista23-1/creeper/creeper_21_vermelho/materials/textures/MarkerData.png_old
[1.041s] -- Up-to-date: /home/borg/colcon_ws/install/turtlebot3_gazebo/share/turtlebot3_gazebo//models/pista23-1/creeper/creeper_21_vermelho/materials/textures/creeper.dae
[1.041s] -- Up-to-date: /home/borg/colcon_ws/install/turtlebot3_gazebo/share/turtlebot3_gazebo//models/pista23-1/creeper/creeper_21_vermelho/model.config
[1.042s] -- Up-to-date: /home/borg/colcon_ws/install/turtlebot3_gazebo/share/turtlebot3_gazebo//models/pista23-1/creeper/creeper_21_vermelho/model.sdf
[1.042s] -- Up-to-date: /home/borg/colcon_ws/install/turtlebot3_gazebo/share/turtlebot3_gazebo//models/pista23-1/mesa
[1.044s] -- Up-to-date: /home/borg/colcon_ws/install/turtlebot3_gazebo/share/turtlebot3_gazebo//models/pista23-1/mesa/mesa_02
[1.044s] -- Up-to-date: /home/borg/colcon_ws/install/turtlebot3_gazebo/share/turtlebot3_gazebo//models/pista23-1/mesa/mesa_02/model.config
[1.044s] -- Up-to-date: /home/borg/colcon_ws/install/turtlebot3_gazebo/share/turtlebot3_gazebo//models/pista23-1/mesa/mesa_02/model.sdf
[1.045s] -- Up-to-date: /home/borg/colcon_ws/install/turtlebot3_gazebo/share/turtlebot3_gazebo//models/pista23-1/mesa/mesa_03
[1.045s] -- Up-to-date: /home/borg/colcon_ws/install/turtlebot3_gazebo/share/turtlebot3_gazebo//models/pista23-1/mesa/mesa_03/model.config
[1.045s] -- Up-to-date: /home/borg/colcon_ws/install/turtlebot3_gazebo/share/turtlebot3_gazebo//models/pista23-1/mesa/mesa_03/model.sdf
[1.046s] -- Up-to-date: /home/borg/colcon_ws/install/turtlebot3_gazebo/share/turtlebot3_gazebo//models/pista23-1/mesa/mesa_04
[1.046s] -- Up-to-date: /home/borg/colcon_ws/install/turtlebot3_gazebo/share/turtlebot3_gazebo//models/pista23-1/mesa/mesa_04/model.config
[1.047s] -- Up-to-date: /home/borg/colcon_ws/install/turtlebot3_gazebo/share/turtlebot3_gazebo//models/pista23-1/mesa/mesa_04/model.sdf
[1.047s] -- Up-to-date: /home/borg/colcon_ws/install/turtlebot3_gazebo/share/turtlebot3_gazebo//models/pista23-1/mesa/mesa_05
[1.047s] -- Up-to-date: /home/borg/colcon_ws/install/turtlebot3_gazebo/share/turtlebot3_gazebo//models/pista23-1/mesa/mesa_05/model.config
[1.048s] -- Up-to-date: /home/borg/colcon_ws/install/turtlebot3_gazebo/share/turtlebot3_gazebo//models/pista23-1/mesa/mesa_05/model.sdf
[1.048s] -- Up-to-date: /home/borg/colcon_ws/install/turtlebot3_gazebo/share/turtlebot3_gazebo//models/pista23-1/mesa/mesa_1
[1.049s] -- Up-to-date: /home/borg/colcon_ws/install/turtlebot3_gazebo/share/turtlebot3_gazebo//models/pista23-1/mesa/mesa_1/model.config
[1.049s] -- Up-to-date: /home/borg/colcon_ws/install/turtlebot3_gazebo/share/turtlebot3_gazebo//models/pista23-1/mesa/mesa_1/model.sdf
[1.049s] -- Up-to-date: /home/borg/colcon_ws/install/turtlebot3_gazebo/share/turtlebot3_gazebo//models/pista23-1/objeto
[1.049s] -- Up-to-date: /home/borg/colcon_ws/install/turtlebot3_gazebo/share/turtlebot3_gazebo//models/pista23-1/objeto/bicycle
[1.050s] -- Up-to-date: /home/borg/colcon_ws/install/turtlebot3_gazebo/share/turtlebot3_gazebo//models/pista23-1/objeto/bicycle/materials
[1.050s] -- Up-to-date: /home/borg/colcon_ws/install/turtlebot3_gazebo/share/turtlebot3_gazebo//models/pista23-1/objeto/bicycle/materials/scripts
[1.050s] -- Up-to-date: /home/borg/colcon_ws/install/turtlebot3_gazebo/share/turtlebot3_gazebo//models/pista23-1/objeto/bicycle/materials/scripts/bicycle.material
[1.052s] -- Up-to-date: /home/borg/colcon_ws/install/turtlebot3_gazebo/share/turtlebot3_gazebo//models/pista23-1/objeto/bicycle/materials/textures
[1.054s] -- Up-to-date: /home/borg/colcon_ws/install/turtlebot3_gazebo/share/turtlebot3_gazebo//models/pista23-1/objeto/bicycle/materials/textures/bicycle.dae
[1.054s] -- Up-to-date: /home/borg/colcon_ws/install/turtlebot3_gazebo/share/turtlebot3_gazebo//models/pista23-1/objeto/bicycle/materials/textures/bicycle.png
[1.054s] -- Up-to-date: /home/borg/colcon_ws/install/turtlebot3_gazebo/share/turtlebot3_gazebo//models/pista23-1/objeto/bicycle/model.config
[1.055s] -- Up-to-date: /home/borg/colcon_ws/install/turtlebot3_gazebo/share/turtlebot3_gazebo//models/pista23-1/objeto/bicycle/model.sdf
[1.055s] -- Up-to-date: /home/borg/colcon_ws/install/turtlebot3_gazebo/share/turtlebot3_gazebo//models/pista23-1/objeto/bird
[1.055s] -- Up-to-date: /home/borg/colcon_ws/install/turtlebot3_gazebo/share/turtlebot3_gazebo//models/pista23-1/objeto/bird/materials
[1.055s] -- Up-to-date: /home/borg/colcon_ws/install/turtlebot3_gazebo/share/turtlebot3_gazebo//models/pista23-1/objeto/bird/materials/scripts
[1.055s] -- Up-to-date: /home/borg/colcon_ws/install/turtlebot3_gazebo/share/turtlebot3_gazebo//models/pista23-1/objeto/bird/materials/scripts/bird.material
[1.056s] -- Up-to-date: /home/borg/colcon_ws/install/turtlebot3_gazebo/share/turtlebot3_gazebo//models/pista23-1/objeto/bird/materials/textures
[1.056s] -- Up-to-date: /home/borg/colcon_ws/install/turtlebot3_gazebo/share/turtlebot3_gazebo//models/pista23-1/objeto/bird/materials/textures/bird.dae
[1.056s] -- Up-to-date: /home/borg/colcon_ws/install/turtlebot3_gazebo/share/turtlebot3_gazebo//models/pista23-1/objeto/bird/materials/textures/bird.png
[1.057s] -- Up-to-date: /home/borg/colcon_ws/install/turtlebot3_gazebo/share/turtlebot3_gazebo//models/pista23-1/objeto/bird/model.config
[1.057s] -- Up-to-date: /home/borg/colcon_ws/install/turtlebot3_gazebo/share/turtlebot3_gazebo//models/pista23-1/objeto/bird/model.sdf
[1.057s] -- Up-to-date: /home/borg/colcon_ws/install/turtlebot3_gazebo/share/turtlebot3_gazebo//models/pista23-1/objeto/caixa_azul
[1.057s] -- Up-to-date: /home/borg/colcon_ws/install/turtlebot3_gazebo/share/turtlebot3_gazebo//models/pista23-1/objeto/caixa_azul/model.config
[1.058s] -- Up-to-date: /home/borg/colcon_ws/install/turtlebot3_gazebo/share/turtlebot3_gazebo//models/pista23-1/objeto/caixa_azul/model.sdf
[1.058s] -- Up-to-date: /home/borg/colcon_ws/install/turtlebot3_gazebo/share/turtlebot3_gazebo//models/pista23-1/objeto/caixa_vermelha_01
[1.060s] -- Up-to-date: /home/borg/colcon_ws/install/turtlebot3_gazebo/share/turtlebot3_gazebo//models/pista23-1/objeto/caixa_vermelha_01/model.config
[1.060s] -- Up-to-date: /home/borg/colcon_ws/install/turtlebot3_gazebo/share/turtlebot3_gazebo//models/pista23-1/objeto/caixa_vermelha_01/model.sdf
[1.060s] -- Up-to-date: /home/borg/colcon_ws/install/turtlebot3_gazebo/share/turtlebot3_gazebo//models/pista23-1/objeto/caixa_vermelha_02
[1.060s] -- Up-to-date: /home/borg/colcon_ws/install/turtlebot3_gazebo/share/turtlebot3_gazebo//models/pista23-1/objeto/caixa_vermelha_02/model.config
[1.060s] -- Up-to-date: /home/borg/colcon_ws/install/turtlebot3_gazebo/share/turtlebot3_gazebo//models/pista23-1/objeto/caixa_vermelha_02/model.sdf
[1.061s] -- Up-to-date: /home/borg/colcon_ws/install/turtlebot3_gazebo/share/turtlebot3_gazebo//models/pista23-1/objeto/cat
[1.061s] -- Up-to-date: /home/borg/colcon_ws/install/turtlebot3_gazebo/share/turtlebot3_gazebo//models/pista23-1/objeto/cat/materials
[1.062s] -- Up-to-date: /home/borg/colcon_ws/install/turtlebot3_gazebo/share/turtlebot3_gazebo//models/pista23-1/objeto/cat/materials/scripts
[1.063s] -- Up-to-date: /home/borg/colcon_ws/install/turtlebot3_gazebo/share/turtlebot3_gazebo//models/pista23-1/objeto/cat/materials/scripts/cat.material
[1.063s] -- Up-to-date: /home/borg/colcon_ws/install/turtlebot3_gazebo/share/turtlebot3_gazebo//models/pista23-1/objeto/cat/materials/textures
[1.064s] -- Up-to-date: /home/borg/colcon_ws/install/turtlebot3_gazebo/share/turtlebot3_gazebo//models/pista23-1/objeto/cat/materials/textures/cat.dae
[1.064s] -- Up-to-date: /home/borg/colcon_ws/install/turtlebot3_gazebo/share/turtlebot3_gazebo//models/pista23-1/objeto/cat/materials/textures/cat.png
[1.065s] -- Up-to-date: /home/borg/colcon_ws/install/turtlebot3_gazebo/share/turtlebot3_gazebo//models/pista23-1/objeto/cat/model.config
[1.065s] -- Up-to-date: /home/borg/colcon_ws/install/turtlebot3_gazebo/share/turtlebot3_gazebo//models/pista23-1/objeto/cat/model.sdf
[1.065s] -- Up-to-date: /home/borg/colcon_ws/install/turtlebot3_gazebo/share/turtlebot3_gazebo//models/pista23-1/objeto/dog
[1.066s] -- Up-to-date: /home/borg/colcon_ws/install/turtlebot3_gazebo/share/turtlebot3_gazebo//models/pista23-1/objeto/dog/materials
[1.067s] -- Up-to-date: /home/borg/colcon_ws/install/turtlebot3_gazebo/share/turtlebot3_gazebo//models/pista23-1/objeto/dog/materials/scripts
[1.067s] -- Up-to-date: /home/borg/colcon_ws/install/turtlebot3_gazebo/share/turtlebot3_gazebo//models/pista23-1/objeto/dog/materials/scripts/dog.material
[1.068s] -- Up-to-date: /home/borg/colcon_ws/install/turtlebot3_gazebo/share/turtlebot3_gazebo//models/pista23-1/objeto/dog/materials/textures
[1.069s] -- Up-to-date: /home/borg/colcon_ws/install/turtlebot3_gazebo/share/turtlebot3_gazebo//models/pista23-1/objeto/dog/materials/textures/dog.dae
[1.069s] -- Up-to-date: /home/borg/colcon_ws/install/turtlebot3_gazebo/share/turtlebot3_gazebo//models/pista23-1/objeto/dog/materials/textures/dog.png
[1.069s] -- Up-to-date: /home/borg/colcon_ws/install/turtlebot3_gazebo/share/turtlebot3_gazebo//models/pista23-1/objeto/dog/model.config
[1.069s] -- Up-to-date: /home/borg/colcon_ws/install/turtlebot3_gazebo/share/turtlebot3_gazebo//models/pista23-1/objeto/dog/model.sdf
[1.069s] -- Up-to-date: /home/borg/colcon_ws/install/turtlebot3_gazebo/share/turtlebot3_gazebo//models/pista23-1/objeto/horse
[1.070s] -- Up-to-date: /home/borg/colcon_ws/install/turtlebot3_gazebo/share/turtlebot3_gazebo//models/pista23-1/objeto/horse/materials
[1.070s] -- Up-to-date: /home/borg/colcon_ws/install/turtlebot3_gazebo/share/turtlebot3_gazebo//models/pista23-1/objeto/horse/materials/scripts
[1.070s] -- Up-to-date: /home/borg/colcon_ws/install/turtlebot3_gazebo/share/turtlebot3_gazebo//models/pista23-1/objeto/horse/materials/scripts/horse.material
[1.070s] -- Up-to-date: /home/borg/colcon_ws/install/turtlebot3_gazebo/share/turtlebot3_gazebo//models/pista23-1/objeto/horse/materials/textures
[1.070s] -- Up-to-date: /home/borg/colcon_ws/install/turtlebot3_gazebo/share/turtlebot3_gazebo//models/pista23-1/objeto/horse/materials/textures/horse.png
[1.071s] -- Up-to-date: /home/borg/colcon_ws/install/turtlebot3_gazebo/share/turtlebot3_gazebo//models/pista23-1/objeto/horse/model.config
[1.071s] -- Up-to-date: /home/borg/colcon_ws/install/turtlebot3_gazebo/share/turtlebot3_gazebo//models/pista23-1/objeto/horse/model.sdf
[1.072s] -- Up-to-date: /home/borg/colcon_ws/install/turtlebot3_gazebo/share/turtlebot3_gazebo//models/pista23-1/parede
[1.074s] -- Up-to-date: /home/borg/colcon_ws/install/turtlebot3_gazebo/share/turtlebot3_gazebo//models/pista23-1/parede/model.config
[1.074s] -- Up-to-date: /home/borg/colcon_ws/install/turtlebot3_gazebo/share/turtlebot3_gazebo//models/pista23-1/parede/model.sdf
[1.074s] -- Up-to-date: /home/borg/colcon_ws/install/turtlebot3_gazebo/share/turtlebot3_gazebo//models/pista23-1/pisosala
[1.075s] -- Up-to-date: /home/borg/colcon_ws/install/turtlebot3_gazebo/share/turtlebot3_gazebo//models/pista23-1/pisosala/materials
[1.075s] -- Up-to-date: /home/borg/colcon_ws/install/turtlebot3_gazebo/share/turtlebot3_gazebo//models/pista23-1/pisosala/materials/scripts
[1.077s] -- Up-to-date: /home/borg/colcon_ws/install/turtlebot3_gazebo/share/turtlebot3_gazebo//models/pista23-1/pisosala/materials/scripts/pisosala.material
[1.077s] -- Up-to-date: /home/borg/colcon_ws/install/turtlebot3_gazebo/share/turtlebot3_gazebo//models/pista23-1/pisosala/materials/textures
[1.077s] -- Up-to-date: /home/borg/colcon_ws/install/turtlebot3_gazebo/share/turtlebot3_gazebo//models/pista23-1/pisosala/materials/textures/pisosala - antigo.png
[1.078s] -- Up-to-date: /home/borg/colcon_ws/install/turtlebot3_gazebo/share/turtlebot3_gazebo//models/pista23-1/pisosala/materials/textures/pisosala.png
[1.078s] -- Up-to-date: /home/borg/colcon_ws/install/turtlebot3_gazebo/share/turtlebot3_gazebo//models/pista23-1/pisosala/materials/textures/pisosala_cuenca.png
[1.078s] -- Up-to-date: /home/borg/colcon_ws/install/turtlebot3_gazebo/share/turtlebot3_gazebo//models/pista23-1/pisosala/model.config
[1.079s] -- Up-to-date: /home/borg/colcon_ws/install/turtlebot3_gazebo/share/turtlebot3_gazebo//models/pista23-1/pisosala/model.sdf
[1.079s] -- Up-to-date: /home/borg/colcon_ws/install/turtlebot3_gazebo/share/turtlebot3_gazebo//models/pista23-B
[1.079s] -- Up-to-date: /home/borg/colcon_ws/install/turtlebot3_gazebo/share/turtlebot3_gazebo//models/pista23-B/creeper
[1.081s] -- Up-to-date: /home/borg/colcon_ws/install/turtlebot3_gazebo/share/turtlebot3_gazebo//models/pista23-B/creeper/aruco_100
[1.082s] -- Up-to-date: /home/borg/colcon_ws/install/turtlebot3_gazebo/share/turtlebot3_gazebo//models/pista23-B/creeper/aruco_100/materials
[1.082s] -- Up-to-date: /home/borg/colcon_ws/install/turtlebot3_gazebo/share/turtlebot3_gazebo//models/pista23-B/creeper/aruco_100/materials/scripts
[1.082s] -- Up-to-date: /home/borg/colcon_ws/install/turtlebot3_gazebo/share/turtlebot3_gazebo//models/pista23-B/creeper/aruco_100/materials/scripts/creeper.material
[1.082s] -- Up-to-date: /home/borg/colcon_ws/install/turtlebot3_gazebo/share/turtlebot3_gazebo//models/pista23-B/creeper/aruco_100/materials/textures
[1.083s] -- Up-to-date: /home/borg/colcon_ws/install/turtlebot3_gazebo/share/turtlebot3_gazebo//models/pista23-B/creeper/aruco_100/materials/textures/caixa.dae
[1.085s] -- Up-to-date: /home/borg/colcon_ws/install/turtlebot3_gazebo/share/turtlebot3_gazebo//models/pista23-B/creeper/aruco_100/materials/textures/caixa.png
[1.085s] -- Up-to-date: /home/borg/colcon_ws/install/turtlebot3_gazebo/share/turtlebot3_gazebo//models/pista23-B/creeper/aruco_100/materials/textures/caixa.png_old
[1.085s] -- Up-to-date: /home/borg/colcon_ws/install/turtlebot3_gazebo/share/turtlebot3_gazebo//models/pista23-B/creeper/aruco_100/model.config
[1.085s] -- Up-to-date: /home/borg/colcon_ws/install/turtlebot3_gazebo/share/turtlebot3_gazebo//models/pista23-B/creeper/aruco_100/model.sdf
[1.086s] -- Up-to-date: /home/borg/colcon_ws/install/turtlebot3_gazebo/share/turtlebot3_gazebo//models/pista23-B/creeper/aruco_150
[1.086s] -- Up-to-date: /home/borg/colcon_ws/install/turtlebot3_gazebo/share/turtlebot3_gazebo//models/pista23-B/creeper/aruco_150/materials
[1.086s] -- Up-to-date: /home/borg/colcon_ws/install/turtlebot3_gazebo/share/turtlebot3_gazebo//models/pista23-B/creeper/aruco_150/materials/scripts
[1.087s] -- Up-to-date: /home/borg/colcon_ws/install/turtlebot3_gazebo/share/turtlebot3_gazebo//models/pista23-B/creeper/aruco_150/materials/scripts/creeper.material
[1.088s] -- Up-to-date: /home/borg/colcon_ws/install/turtlebot3_gazebo/share/turtlebot3_gazebo//models/pista23-B/creeper/aruco_150/materials/textures
[1.088s] -- Up-to-date: /home/borg/colcon_ws/install/turtlebot3_gazebo/share/turtlebot3_gazebo//models/pista23-B/creeper/aruco_150/materials/textures/caixa.dae
[1.091s] -- Up-to-date: /home/borg/colcon_ws/install/turtlebot3_gazebo/share/turtlebot3_gazebo//models/pista23-B/creeper/aruco_150/materials/textures/caixa.png
[1.092s] -- Up-to-date: /home/borg/colcon_ws/install/turtlebot3_gazebo/share/turtlebot3_gazebo//models/pista23-B/creeper/aruco_150/materials/textures/caixa.png_old
[1.092s] -- Up-to-date: /home/borg/colcon_ws/install/turtlebot3_gazebo/share/turtlebot3_gazebo//models/pista23-B/creeper/aruco_150/model.config
[1.092s] -- Up-to-date: /home/borg/colcon_ws/install/turtlebot3_gazebo/share/turtlebot3_gazebo//models/pista23-B/creeper/aruco_150/model.sdf
[1.093s] -- Up-to-date: /home/borg/colcon_ws/install/turtlebot3_gazebo/share/turtlebot3_gazebo//models/pista23-B/creeper/aruco_25
[1.093s] -- Up-to-date: /home/borg/colcon_ws/install/turtlebot3_gazebo/share/turtlebot3_gazebo//models/pista23-B/creeper/aruco_25/materials
[1.093s] -- Up-to-date: /home/borg/colcon_ws/install/turtlebot3_gazebo/share/turtlebot3_gazebo//models/pista23-B/creeper/aruco_25/materials/scripts
[1.094s] -- Up-to-date: /home/borg/colcon_ws/install/turtlebot3_gazebo/share/turtlebot3_gazebo//models/pista23-B/creeper/aruco_25/materials/scripts/creeper.material
[1.095s] -- Up-to-date: /home/borg/colcon_ws/install/turtlebot3_gazebo/share/turtlebot3_gazebo//models/pista23-B/creeper/aruco_25/materials/textures
[1.095s] -- Up-to-date: /home/borg/colcon_ws/install/turtlebot3_gazebo/share/turtlebot3_gazebo//models/pista23-B/creeper/aruco_25/materials/textures/caixa.dae
[1.095s] -- Up-to-date: /home/borg/colcon_ws/install/turtlebot3_gazebo/share/turtlebot3_gazebo//models/pista23-B/creeper/aruco_25/materials/textures/caixa.png
[1.095s] -- Up-to-date: /home/borg/colcon_ws/install/turtlebot3_gazebo/share/turtlebot3_gazebo//models/pista23-B/creeper/aruco_25/materials/textures/caixa.png_old
[1.095s] -- Up-to-date: /home/borg/colcon_ws/install/turtlebot3_gazebo/share/turtlebot3_gazebo//models/pista23-B/creeper/aruco_25/model.config
[1.096s] -- Up-to-date: /home/borg/colcon_ws/install/turtlebot3_gazebo/share/turtlebot3_gazebo//models/pista23-B/creeper/aruco_25/model.sdf
[1.097s] -- Up-to-date: /home/borg/colcon_ws/install/turtlebot3_gazebo/share/turtlebot3_gazebo//models/pista23-B/creeper/aruco_250
[1.097s] -- Up-to-date: /home/borg/colcon_ws/install/turtlebot3_gazebo/share/turtlebot3_gazebo//models/pista23-B/creeper/aruco_250/materials
[1.097s] -- Up-to-date: /home/borg/colcon_ws/install/turtlebot3_gazebo/share/turtlebot3_gazebo//models/pista23-B/creeper/aruco_250/materials/scripts
[1.097s] -- Up-to-date: /home/borg/colcon_ws/install/turtlebot3_gazebo/share/turtlebot3_gazebo//models/pista23-B/creeper/aruco_250/materials/scripts/creeper.material
[1.098s] -- Up-to-date: /home/borg/colcon_ws/install/turtlebot3_gazebo/share/turtlebot3_gazebo//models/pista23-B/creeper/aruco_250/materials/textures
[1.098s] -- Up-to-date: /home/borg/colcon_ws/install/turtlebot3_gazebo/share/turtlebot3_gazebo//models/pista23-B/creeper/aruco_250/materials/textures/caixa.dae
[1.099s] -- Up-to-date: /home/borg/colcon_ws/install/turtlebot3_gazebo/share/turtlebot3_gazebo//models/pista23-B/creeper/aruco_250/materials/textures/caixa.png
[1.099s] -- Up-to-date: /home/borg/colcon_ws/install/turtlebot3_gazebo/share/turtlebot3_gazebo//models/pista23-B/creeper/aruco_250/materials/textures/caixa.png_old
[1.101s] -- Up-to-date: /home/borg/colcon_ws/install/turtlebot3_gazebo/share/turtlebot3_gazebo//models/pista23-B/creeper/aruco_250/model.config
[1.101s] -- Up-to-date: /home/borg/colcon_ws/install/turtlebot3_gazebo/share/turtlebot3_gazebo//models/pista23-B/creeper/aruco_250/model.sdf
[1.101s] -- Up-to-date: /home/borg/colcon_ws/install/turtlebot3_gazebo/share/turtlebot3_gazebo//models/pista23-B/creeper/creeper_11_azul
[1.102s] -- Up-to-date: /home/borg/colcon_ws/install/turtlebot3_gazebo/share/turtlebot3_gazebo//models/pista23-B/creeper/creeper_11_azul/materials
[1.102s] -- Up-to-date: /home/borg/colcon_ws/install/turtlebot3_gazebo/share/turtlebot3_gazebo//models/pista23-B/creeper/creeper_11_azul/materials/scripts
[1.102s] -- Up-to-date: /home/borg/colcon_ws/install/turtlebot3_gazebo/share/turtlebot3_gazebo//models/pista23-B/creeper/creeper_11_azul/materials/scripts/creeper.material
[1.103s] -- Up-to-date: /home/borg/colcon_ws/install/turtlebot3_gazebo/share/turtlebot3_gazebo//models/pista23-B/creeper/creeper_11_azul/materials/textures
[1.103s] -- Up-to-date: /home/borg/colcon_ws/install/turtlebot3_gazebo/share/turtlebot3_gazebo//models/pista23-B/creeper/creeper_11_azul/materials/textures/MarkerData.png
[1.103s] -- Up-to-date: /home/borg/colcon_ws/install/turtlebot3_gazebo/share/turtlebot3_gazebo//models/pista23-B/creeper/creeper_11_azul/materials/textures/MarkerData.png.001.png
[1.104s] -- Up-to-date: /home/borg/colcon_ws/install/turtlebot3_gazebo/share/turtlebot3_gazebo//models/pista23-B/creeper/creeper_11_azul/materials/textures/creeper.dae
[1.104s] -- Up-to-date: /home/borg/colcon_ws/install/turtlebot3_gazebo/share/turtlebot3_gazebo//models/pista23-B/creeper/creeper_11_azul/model.sdf
[1.104s] -- Up-to-date: /home/borg/colcon_ws/install/turtlebot3_gazebo/share/turtlebot3_gazebo//models/pista23-B/creeper/creeper_11_azul/model.config
[1.105s] -- Up-to-date: /home/borg/colcon_ws/install/turtlebot3_gazebo/share/turtlebot3_gazebo//models/pista23-B/creeper/creeper_13_verde
[1.105s] -- Up-to-date: /home/borg/colcon_ws/install/turtlebot3_gazebo/share/turtlebot3_gazebo//models/pista23-B/creeper/creeper_13_verde/materials
[1.105s] -- Up-to-date: /home/borg/colcon_ws/install/turtlebot3_gazebo/share/turtlebot3_gazebo//models/pista23-B/creeper/creeper_13_verde/materials/scripts
[1.106s] -- Up-to-date: /home/borg/colcon_ws/install/turtlebot3_gazebo/share/turtlebot3_gazebo//models/pista23-B/creeper/creeper_13_verde/materials/scripts/creeper.material
[1.106s] -- Up-to-date: /home/borg/colcon_ws/install/turtlebot3_gazebo/share/turtlebot3_gazebo//models/pista23-B/creeper/creeper_13_verde/materials/textures
[1.107s] -- Up-to-date: /home/borg/colcon_ws/install/turtlebot3_gazebo/share/turtlebot3_gazebo//models/pista23-B/creeper/creeper_13_verde/materials/textures/MarkerData.png
[1.107s] -- Up-to-date: /home/borg/colcon_ws/install/turtlebot3_gazebo/share/turtlebot3_gazebo//models/pista23-B/creeper/creeper_13_verde/materials/textures/MarkerData.png.001.png
[1.108s] -- Up-to-date: /home/borg/colcon_ws/install/turtlebot3_gazebo/share/turtlebot3_gazebo//models/pista23-B/creeper/creeper_13_verde/materials/textures/MarkerData.png.001.png_old
[1.108s] -- Up-to-date: /home/borg/colcon_ws/install/turtlebot3_gazebo/share/turtlebot3_gazebo//models/pista23-B/creeper/creeper_13_verde/materials/textures/MarkerData.png_old
[1.108s] -- Up-to-date: /home/borg/colcon_ws/install/turtlebot3_gazebo/share/turtlebot3_gazebo//models/pista23-B/creeper/creeper_13_verde/materials/textures/creeper.dae
[1.110s] -- Up-to-date: /home/borg/colcon_ws/install/turtlebot3_gazebo/share/turtlebot3_gazebo//models/pista23-B/creeper/creeper_13_verde/model.sdf
[1.110s] -- Up-to-date: /home/borg/colcon_ws/install/turtlebot3_gazebo/share/turtlebot3_gazebo//models/pista23-B/creeper/creeper_13_verde/model.config
[1.110s] -- Up-to-date: /home/borg/colcon_ws/install/turtlebot3_gazebo/share/turtlebot3_gazebo//models/pista23-B/creeper/creeper_21_azul
[1.110s] -- Up-to-date: /home/borg/colcon_ws/install/turtlebot3_gazebo/share/turtlebot3_gazebo//models/pista23-B/creeper/creeper_21_azul/materials
[1.110s] -- Up-to-date: /home/borg/colcon_ws/install/turtlebot3_gazebo/share/turtlebot3_gazebo//models/pista23-B/creeper/creeper_21_azul/materials/scripts
[1.111s] -- Up-to-date: /home/borg/colcon_ws/install/turtlebot3_gazebo/share/turtlebot3_gazebo//models/pista23-B/creeper/creeper_21_azul/materials/scripts/creeper.material
[1.111s] -- Up-to-date: /home/borg/colcon_ws/install/turtlebot3_gazebo/share/turtlebot3_gazebo//models/pista23-B/creeper/creeper_21_azul/materials/textures
[1.112s] -- Up-to-date: /home/borg/colcon_ws/install/turtlebot3_gazebo/share/turtlebot3_gazebo//models/pista23-B/creeper/creeper_21_azul/materials/textures/MarkerData.png
[1.112s] -- Up-to-date: /home/borg/colcon_ws/install/turtlebot3_gazebo/share/turtlebot3_gazebo//models/pista23-B/creeper/creeper_21_azul/materials/textures/MarkerData.png.001.png
[1.112s] -- Up-to-date: /home/borg/colcon_ws/install/turtlebot3_gazebo/share/turtlebot3_gazebo//models/pista23-B/creeper/creeper_21_azul/materials/textures/creeper.dae
[1.113s] -- Up-to-date: /home/borg/colcon_ws/install/turtlebot3_gazebo/share/turtlebot3_gazebo//models/pista23-B/creeper/creeper_21_azul/model.sdf
[1.113s] -- Up-to-date: /home/borg/colcon_ws/install/turtlebot3_gazebo/share/turtlebot3_gazebo//models/pista23-B/creeper/creeper_21_azul/model.config
[1.113s] -- Up-to-date: /home/borg/colcon_ws/install/turtlebot3_gazebo/share/turtlebot3_gazebo//models/pista23-B/creeper/creeper_32_verde
[1.114s] -- Up-to-date: /home/borg/colcon_ws/install/turtlebot3_gazebo/share/turtlebot3_gazebo//models/pista23-B/creeper/creeper_32_verde/materials
[1.114s] -- Up-to-date: /home/borg/colcon_ws/install/turtlebot3_gazebo/share/turtlebot3_gazebo//models/pista23-B/creeper/creeper_32_verde/materials/scripts
[1.116s] -- Up-to-date: /home/borg/colcon_ws/install/turtlebot3_gazebo/share/turtlebot3_gazebo//models/pista23-B/creeper/creeper_32_verde/materials/scripts/creeper.material
[1.116s] -- Up-to-date: /home/borg/colcon_ws/install/turtlebot3_gazebo/share/turtlebot3_gazebo//models/pista23-B/creeper/creeper_32_verde/materials/textures
[1.116s] -- Up-to-date: /home/borg/colcon_ws/install/turtlebot3_gazebo/share/turtlebot3_gazebo//models/pista23-B/creeper/creeper_32_verde/materials/textures/MarkerData.png
[1.117s] -- Up-to-date: /home/borg/colcon_ws/install/turtlebot3_gazebo/share/turtlebot3_gazebo//models/pista23-B/creeper/creeper_32_verde/materials/textures/MarkerData.png.001.png
[1.118s] -- Up-to-date: /home/borg/colcon_ws/install/turtlebot3_gazebo/share/turtlebot3_gazebo//models/pista23-B/creeper/creeper_32_verde/materials/textures/creeper.dae
[1.118s] -- Up-to-date: /home/borg/colcon_ws/install/turtlebot3_gazebo/share/turtlebot3_gazebo//models/pista23-B/creeper/creeper_32_verde/model.sdf
[1.119s] -- Up-to-date: /home/borg/colcon_ws/install/turtlebot3_gazebo/share/turtlebot3_gazebo//models/pista23-B/creeper/creeper_32_verde/model.config
[1.119s] -- Up-to-date: /home/borg/colcon_ws/install/turtlebot3_gazebo/share/turtlebot3_gazebo//models/pista23-B/mesa
[1.119s] -- Up-to-date: /home/borg/colcon_ws/install/turtlebot3_gazebo/share/turtlebot3_gazebo//models/pista23-B/mesa/mesa_02
[1.121s] -- Up-to-date: /home/borg/colcon_ws/install/turtlebot3_gazebo/share/turtlebot3_gazebo//models/pista23-B/mesa/mesa_02/model.config
[1.122s] -- Up-to-date: /home/borg/colcon_ws/install/turtlebot3_gazebo/share/turtlebot3_gazebo//models/pista23-B/mesa/mesa_02/model.sdf
[1.122s] -- Up-to-date: /home/borg/colcon_ws/install/turtlebot3_gazebo/share/turtlebot3_gazebo//models/pista23-B/mesa/mesa_03
[1.122s] -- Up-to-date: /home/borg/colcon_ws/install/turtlebot3_gazebo/share/turtlebot3_gazebo//models/pista23-B/mesa/mesa_03/model.config
[1.122s] -- Up-to-date: /home/borg/colcon_ws/install/turtlebot3_gazebo/share/turtlebot3_gazebo//models/pista23-B/mesa/mesa_03/model.sdf
[1.122s] -- Up-to-date: /home/borg/colcon_ws/install/turtlebot3_gazebo/share/turtlebot3_gazebo//models/pista23-B/mesa/mesa_04
[1.123s] -- Up-to-date: /home/borg/colcon_ws/install/turtlebot3_gazebo/share/turtlebot3_gazebo//models/pista23-B/mesa/mesa_04/model.config
[1.123s] -- Up-to-date: /home/borg/colcon_ws/install/turtlebot3_gazebo/share/turtlebot3_gazebo//models/pista23-B/mesa/mesa_04/model.sdf
[1.124s] -- Up-to-date: /home/borg/colcon_ws/install/turtlebot3_gazebo/share/turtlebot3_gazebo//models/pista23-B/mesa/mesa_05
[1.124s] -- Up-to-date: /home/borg/colcon_ws/install/turtlebot3_gazebo/share/turtlebot3_gazebo//models/pista23-B/mesa/mesa_05/model.config
[1.125s] -- Up-to-date: /home/borg/colcon_ws/install/turtlebot3_gazebo/share/turtlebot3_gazebo//models/pista23-B/mesa/mesa_05/model.sdf
[1.125s] -- Up-to-date: /home/borg/colcon_ws/install/turtlebot3_gazebo/share/turtlebot3_gazebo//models/pista23-B/mesa/mesa_1
[1.125s] -- Up-to-date: /home/borg/colcon_ws/install/turtlebot3_gazebo/share/turtlebot3_gazebo//models/pista23-B/mesa/mesa_1/model.config
[1.125s] -- Up-to-date: /home/borg/colcon_ws/install/turtlebot3_gazebo/share/turtlebot3_gazebo//models/pista23-B/mesa/mesa_1/model.sdf
[1.126s] -- Up-to-date: /home/borg/colcon_ws/install/turtlebot3_gazebo/share/turtlebot3_gazebo//models/pista23-B/objeto
[1.128s] -- Up-to-date: /home/borg/colcon_ws/install/turtlebot3_gazebo/share/turtlebot3_gazebo//models/pista23-B/objeto/bicycle
[1.129s] -- Up-to-date: /home/borg/colcon_ws/install/turtlebot3_gazebo/share/turtlebot3_gazebo//models/pista23-B/objeto/bicycle/materials
[1.129s] -- Up-to-date: /home/borg/colcon_ws/install/turtlebot3_gazebo/share/turtlebot3_gazebo//models/pista23-B/objeto/bicycle/materials/scripts
[1.130s] -- Up-to-date: /home/borg/colcon_ws/install/turtlebot3_gazebo/share/turtlebot3_gazebo//models/pista23-B/objeto/bicycle/materials/scripts/bicycle.material
[1.130s] -- Up-to-date: /home/borg/colcon_ws/install/turtlebot3_gazebo/share/turtlebot3_gazebo//models/pista23-B/objeto/bicycle/materials/textures
[1.130s] -- Up-to-date: /home/borg/colcon_ws/install/turtlebot3_gazebo/share/turtlebot3_gazebo//models/pista23-B/objeto/bicycle/materials/textures/bicycle.dae
[1.130s] -- Up-to-date: /home/borg/colcon_ws/install/turtlebot3_gazebo/share/turtlebot3_gazebo//models/pista23-B/objeto/bicycle/materials/textures/bicycle.png
[1.132s] -- Up-to-date: /home/borg/colcon_ws/install/turtlebot3_gazebo/share/turtlebot3_gazebo//models/pista23-B/objeto/bicycle/model.config
[1.134s] -- Up-to-date: /home/borg/colcon_ws/install/turtlebot3_gazebo/share/turtlebot3_gazebo//models/pista23-B/objeto/bicycle/model.sdf
[1.134s] -- Up-to-date: /home/borg/colcon_ws/install/turtlebot3_gazebo/share/turtlebot3_gazebo//models/pista23-B/objeto/bird
[1.135s] -- Up-to-date: /home/borg/colcon_ws/install/turtlebot3_gazebo/share/turtlebot3_gazebo//models/pista23-B/objeto/bird/materials
[1.135s] -- Up-to-date: /home/borg/colcon_ws/install/turtlebot3_gazebo/share/turtlebot3_gazebo//models/pista23-B/objeto/bird/materials/scripts
[1.135s] -- Up-to-date: /home/borg/colcon_ws/install/turtlebot3_gazebo/share/turtlebot3_gazebo//models/pista23-B/objeto/bird/materials/scripts/bird.material
[1.135s] -- Up-to-date: /home/borg/colcon_ws/install/turtlebot3_gazebo/share/turtlebot3_gazebo//models/pista23-B/objeto/bird/materials/textures
[1.136s] -- Up-to-date: /home/borg/colcon_ws/install/turtlebot3_gazebo/share/turtlebot3_gazebo//models/pista23-B/objeto/bird/materials/textures/bird.dae
[1.136s] -- Up-to-date: /home/borg/colcon_ws/install/turtlebot3_gazebo/share/turtlebot3_gazebo//models/pista23-B/objeto/bird/materials/textures/bird.png
[1.136s] -- Up-to-date: /home/borg/colcon_ws/install/turtlebot3_gazebo/share/turtlebot3_gazebo//models/pista23-B/objeto/bird/model.config
[1.137s] -- Up-to-date: /home/borg/colcon_ws/install/turtlebot3_gazebo/share/turtlebot3_gazebo//models/pista23-B/objeto/bird/model.sdf
[1.137s] -- Up-to-date: /home/borg/colcon_ws/install/turtlebot3_gazebo/share/turtlebot3_gazebo//models/pista23-B/objeto/caixa_azul
[1.137s] -- Up-to-date: /home/borg/colcon_ws/install/turtlebot3_gazebo/share/turtlebot3_gazebo//models/pista23-B/objeto/caixa_azul/model.config
[1.137s] -- Up-to-date: /home/borg/colcon_ws/install/turtlebot3_gazebo/share/turtlebot3_gazebo//models/pista23-B/objeto/caixa_azul/model.sdf
[1.138s] -- Up-to-date: /home/borg/colcon_ws/install/turtlebot3_gazebo/share/turtlebot3_gazebo//models/pista23-B/objeto/caixa_vermelha_01
[1.141s] -- Up-to-date: /home/borg/colcon_ws/install/turtlebot3_gazebo/share/turtlebot3_gazebo//models/pista23-B/objeto/caixa_vermelha_01/model.config
[1.145s] -- Up-to-date: /home/borg/colcon_ws/install/turtlebot3_gazebo/share/turtlebot3_gazebo//models/pista23-B/objeto/caixa_vermelha_01/model.sdf
[1.145s] -- Up-to-date: /home/borg/colcon_ws/install/turtlebot3_gazebo/share/turtlebot3_gazebo//models/pista23-B/objeto/caixa_vermelha_02
[1.145s] -- Up-to-date: /home/borg/colcon_ws/install/turtlebot3_gazebo/share/turtlebot3_gazebo//models/pista23-B/objeto/caixa_vermelha_02/model.config
[1.146s] -- Up-to-date: /home/borg/colcon_ws/install/turtlebot3_gazebo/share/turtlebot3_gazebo//models/pista23-B/objeto/caixa_vermelha_02/model.sdf
[1.146s] -- Up-to-date: /home/borg/colcon_ws/install/turtlebot3_gazebo/share/turtlebot3_gazebo//models/pista23-B/objeto/cat
[1.146s] -- Up-to-date: /home/borg/colcon_ws/install/turtlebot3_gazebo/share/turtlebot3_gazebo//models/pista23-B/objeto/cat/materials
[1.147s] -- Up-to-date: /home/borg/colcon_ws/install/turtlebot3_gazebo/share/turtlebot3_gazebo//models/pista23-B/objeto/cat/materials/scripts
[1.147s] -- Up-to-date: /home/borg/colcon_ws/install/turtlebot3_gazebo/share/turtlebot3_gazebo//models/pista23-B/objeto/cat/materials/scripts/cat.material
[1.147s] -- Up-to-date: /home/borg/colcon_ws/install/turtlebot3_gazebo/share/turtlebot3_gazebo//models/pista23-B/objeto/cat/materials/textures
[1.147s] -- Up-to-date: /home/borg/colcon_ws/install/turtlebot3_gazebo/share/turtlebot3_gazebo//models/pista23-B/objeto/cat/materials/textures/cat.dae
[1.148s] -- Up-to-date: /home/borg/colcon_ws/install/turtlebot3_gazebo/share/turtlebot3_gazebo//models/pista23-B/objeto/cat/materials/textures/cat.png
[1.148s] -- Up-to-date: /home/borg/colcon_ws/install/turtlebot3_gazebo/share/turtlebot3_gazebo//models/pista23-B/objeto/cat/model.config
[1.149s] -- Up-to-date: /home/borg/colcon_ws/install/turtlebot3_gazebo/share/turtlebot3_gazebo//models/pista23-B/objeto/cat/model.sdf
[1.149s] -- Up-to-date: /home/borg/colcon_ws/install/turtlebot3_gazebo/share/turtlebot3_gazebo//models/pista23-B/objeto/dog
[1.149s] -- Up-to-date: /home/borg/colcon_ws/install/turtlebot3_gazebo/share/turtlebot3_gazebo//models/pista23-B/objeto/dog/materials
[1.149s] -- Up-to-date: /home/borg/colcon_ws/install/turtlebot3_gazebo/share/turtlebot3_gazebo//models/pista23-B/objeto/dog/materials/scripts
[1.149s] -- Up-to-date: /home/borg/colcon_ws/install/turtlebot3_gazebo/share/turtlebot3_gazebo//models/pista23-B/objeto/dog/materials/scripts/dog.material
[1.150s] -- Up-to-date: /home/borg/colcon_ws/install/turtlebot3_gazebo/share/turtlebot3_gazebo//models/pista23-B/objeto/dog/materials/textures
[1.150s] -- Up-to-date: /home/borg/colcon_ws/install/turtlebot3_gazebo/share/turtlebot3_gazebo//models/pista23-B/objeto/dog/materials/textures/dog.dae
[1.150s] -- Up-to-date: /home/borg/colcon_ws/install/turtlebot3_gazebo/share/turtlebot3_gazebo//models/pista23-B/objeto/dog/materials/textures/dog.png
[1.150s] -- Up-to-date: /home/borg/colcon_ws/install/turtlebot3_gazebo/share/turtlebot3_gazebo//models/pista23-B/objeto/dog/model.config
[1.151s] -- Up-to-date: /home/borg/colcon_ws/install/turtlebot3_gazebo/share/turtlebot3_gazebo//models/pista23-B/objeto/dog/model.sdf
[1.151s] -- Up-to-date: /home/borg/colcon_ws/install/turtlebot3_gazebo/share/turtlebot3_gazebo//models/pista23-B/objeto/horse
[1.153s] -- Up-to-date: /home/borg/colcon_ws/install/turtlebot3_gazebo/share/turtlebot3_gazebo//models/pista23-B/objeto/horse/materials
[1.153s] -- Up-to-date: /home/borg/colcon_ws/install/turtlebot3_gazebo/share/turtlebot3_gazebo//models/pista23-B/objeto/horse/materials/scripts
[1.155s] -- Up-to-date: /home/borg/colcon_ws/install/turtlebot3_gazebo/share/turtlebot3_gazebo//models/pista23-B/objeto/horse/materials/scripts/horse.material
[1.155s] -- Up-to-date: /home/borg/colcon_ws/install/turtlebot3_gazebo/share/turtlebot3_gazebo//models/pista23-B/objeto/horse/materials/textures
[1.155s] -- Up-to-date: /home/borg/colcon_ws/install/turtlebot3_gazebo/share/turtlebot3_gazebo//models/pista23-B/objeto/horse/materials/textures/horse.png
[1.155s] -- Up-to-date: /home/borg/colcon_ws/install/turtlebot3_gazebo/share/turtlebot3_gazebo//models/pista23-B/objeto/horse/model.config
[1.156s] -- Up-to-date: /home/borg/colcon_ws/install/turtlebot3_gazebo/share/turtlebot3_gazebo//models/pista23-B/objeto/horse/model.sdf
[1.156s] -- Up-to-date: /home/borg/colcon_ws/install/turtlebot3_gazebo/share/turtlebot3_gazebo//models/pista23-B/parede
[1.157s] -- Up-to-date: /home/borg/colcon_ws/install/turtlebot3_gazebo/share/turtlebot3_gazebo//models/pista23-B/parede/model.config
[1.157s] -- Up-to-date: /home/borg/colcon_ws/install/turtlebot3_gazebo/share/turtlebot3_gazebo//models/pista23-B/parede/model.sdf
[1.157s] -- Up-to-date: /home/borg/colcon_ws/install/turtlebot3_gazebo/share/turtlebot3_gazebo//models/pista23-B/pisosala
[1.157s] -- Up-to-date: /home/borg/colcon_ws/install/turtlebot3_gazebo/share/turtlebot3_gazebo//models/pista23-B/pisosala/materials
[1.158s] -- Up-to-date: /home/borg/colcon_ws/install/turtlebot3_gazebo/share/turtlebot3_gazebo//models/pista23-B/pisosala/materials/scripts
[1.158s] -- Up-to-date: /home/borg/colcon_ws/install/turtlebot3_gazebo/share/turtlebot3_gazebo//models/pista23-B/pisosala/materials/scripts/pisosala.material
[1.158s] -- Up-to-date: /home/borg/colcon_ws/install/turtlebot3_gazebo/share/turtlebot3_gazebo//models/pista23-B/pisosala/materials/textures
[1.160s] -- Up-to-date: /home/borg/colcon_ws/install/turtlebot3_gazebo/share/turtlebot3_gazebo//models/pista23-B/pisosala/materials/textures/pisosala - antigo.png
[1.160s] -- Up-to-date: /home/borg/colcon_ws/install/turtlebot3_gazebo/share/turtlebot3_gazebo//models/pista23-B/pisosala/materials/textures/pisosala.png
[1.160s] -- Up-to-date: /home/borg/colcon_ws/install/turtlebot3_gazebo/share/turtlebot3_gazebo//models/pista23-B/pisosala/materials/textures/pisosala_cuenca.png
[1.161s] -- Up-to-date: /home/borg/colcon_ws/install/turtlebot3_gazebo/share/turtlebot3_gazebo//models/pista23-B/pisosala/model.config
[1.162s] -- Up-to-date: /home/borg/colcon_ws/install/turtlebot3_gazebo/share/turtlebot3_gazebo//models/pista23-B/pisosala/model.sdf
[1.162s] -- Up-to-date: /home/borg/colcon_ws/install/turtlebot3_gazebo/share/turtlebot3_gazebo//rviz
[1.162s] -- Up-to-date: /home/borg/colcon_ws/install/turtlebot3_gazebo/share/turtlebot3_gazebo//rviz/tb3_gazebo.rviz
[1.162s] -- Up-to-date: /home/borg/colcon_ws/install/turtlebot3_gazebo/share/turtlebot3_gazebo//urdf
[1.163s] -- Up-to-date: /home/borg/colcon_ws/install/turtlebot3_gazebo/share/turtlebot3_gazebo//urdf/common_properties.urdf
[1.163s] -- Up-to-date: /home/borg/colcon_ws/install/turtlebot3_gazebo/share/turtlebot3_gazebo//urdf/turtlebot3_burger.urdf
[1.163s] -- Up-to-date: /home/borg/colcon_ws/install/turtlebot3_gazebo/share/turtlebot3_gazebo//urdf/turtlebot3_waffle.urdf
[1.163s] -- Up-to-date: /home/borg/colcon_ws/install/turtlebot3_gazebo/share/turtlebot3_gazebo//urdf/turtlebot3_waffle_pi.urdf
[1.163s] -- Up-to-date: /home/borg/colcon_ws/install/turtlebot3_gazebo/share/turtlebot3_gazebo//urdf/common_properties.xacro
[1.164s] -- Up-to-date: /home/borg/colcon_ws/install/turtlebot3_gazebo/share/turtlebot3_gazebo//urdf/mybot.gazebo.urdf
[1.165s] -- Up-to-date: /home/borg/colcon_ws/install/turtlebot3_gazebo/share/turtlebot3_gazebo//urdf/mybot.gazebo.xacro
[1.165s] -- Up-to-date: /home/borg/colcon_ws/install/turtlebot3_gazebo/share/turtlebot3_gazebo//urdf/mybot.urdf
[1.166s] -- Up-to-date: /home/borg/colcon_ws/install/turtlebot3_gazebo/share/turtlebot3_gazebo//urdf/mybot.urdf.xacro
[1.166s] -- Up-to-date: /home/borg/colcon_ws/install/turtlebot3_gazebo/share/turtlebot3_gazebo//urdf/meshes
[1.167s] -- Up-to-date: /home/borg/colcon_ws/install/turtlebot3_gazebo/share/turtlebot3_gazebo//urdf/meshes/bases
[1.168s] -- Up-to-date: /home/borg/colcon_ws/install/turtlebot3_gazebo/share/turtlebot3_gazebo//urdf/meshes/bases/burger_base.stl
[1.168s] -- Up-to-date: /home/borg/colcon_ws/install/turtlebot3_gazebo/share/turtlebot3_gazebo//urdf/meshes/garra
[1.168s] -- Up-to-date: /home/borg/colcon_ws/install/turtlebot3_gazebo/share/turtlebot3_gazebo//urdf/meshes/garra/arm.dae
[1.169s] -- Up-to-date: /home/borg/colcon_ws/install/turtlebot3_gazebo/share/turtlebot3_gazebo//urdf/meshes/garra/arm.stl
[1.170s] -- Up-to-date: /home/borg/colcon_ws/install/turtlebot3_gazebo/share/turtlebot3_gazebo//urdf/meshes/garra/base_camera1.dae
[1.170s] -- Up-to-date: /home/borg/colcon_ws/install/turtlebot3_gazebo/share/turtlebot3_gazebo//urdf/meshes/garra/base_camera1.stl
[1.170s] -- Up-to-date: /home/borg/colcon_ws/install/turtlebot3_gazebo/share/turtlebot3_gazebo//urdf/meshes/garra/base_link_garra.dae
[1.171s] -- Up-to-date: /home/borg/colcon_ws/install/turtlebot3_gazebo/share/turtlebot3_gazebo//urdf/meshes/garra/base_link_garra.stl
[1.171s] -- Up-to-date: /home/borg/colcon_ws/install/turtlebot3_gazebo/share/turtlebot3_gazebo//urdf/meshes/garra/direita.dae
[1.171s] -- Up-to-date: /home/borg/colcon_ws/install/turtlebot3_gazebo/share/turtlebot3_gazebo//urdf/meshes/garra/direita.stl
[1.173s] -- Up-to-date: /home/borg/colcon_ws/install/turtlebot3_gazebo/share/turtlebot3_gazebo//urdf/meshes/garra/esquerda.dae
[1.173s] -- Up-to-date: /home/borg/colcon_ws/install/turtlebot3_gazebo/share/turtlebot3_gazebo//urdf/meshes/garra/esquerda.stl
[1.173s] -- Up-to-date: /home/borg/colcon_ws/install/turtlebot3_gazebo/share/turtlebot3_gazebo//urdf/meshes/garra/garra1garrabraco1.stl
[1.173s] -- Up-to-date: /home/borg/colcon_ws/install/turtlebot3_gazebo/share/turtlebot3_gazebo//urdf/meshes/garra/garra1garradireita1.stl
[1.174s] -- Up-to-date: /home/borg/colcon_ws/install/turtlebot3_gazebo/share/turtlebot3_gazebo//urdf/meshes/garra/garra1garraesquerda1.stl
[1.174s] -- Up-to-date: /home/borg/colcon_ws/install/turtlebot3_gazebo/share/turtlebot3_gazebo//urdf/meshes/garra/lat11.dae
[1.174s] -- Up-to-date: /home/borg/colcon_ws/install/turtlebot3_gazebo/share/turtlebot3_gazebo//urdf/meshes/garra/lat11.stl
[1.174s] -- Up-to-date: /home/borg/colcon_ws/install/turtlebot3_gazebo/share/turtlebot3_gazebo//urdf/meshes/garra/lat21.dae
[1.174s] -- Up-to-date: /home/borg/colcon_ws/install/turtlebot3_gazebo/share/turtlebot3_gazebo//urdf/meshes/garra/lat21.stl
[1.175s] -- Up-to-date: /home/borg/colcon_ws/install/turtlebot3_gazebo/share/turtlebot3_gazebo//urdf/meshes/garra/lat31.dae
[1.175s] -- Up-to-date: /home/borg/colcon_ws/install/turtlebot3_gazebo/share/turtlebot3_gazebo//urdf/meshes/garra/lat31.stl
[1.175s] -- Up-to-date: /home/borg/colcon_ws/install/turtlebot3_gazebo/share/turtlebot3_gazebo//urdf/meshes/garra/servo_garra1.dae
[1.176s] -- Up-to-date: /home/borg/colcon_ws/install/turtlebot3_gazebo/share/turtlebot3_gazebo//urdf/meshes/garra/servo_garra1.stl
[1.176s] -- Up-to-date: /home/borg/colcon_ws/install/turtlebot3_gazebo/share/turtlebot3_gazebo//urdf/meshes/sensors
[1.178s] -- Up-to-date: /home/borg/colcon_ws/install/turtlebot3_gazebo/share/turtlebot3_gazebo//urdf/meshes/sensors/arm.dae
[1.179s] -- Up-to-date: /home/borg/colcon_ws/install/turtlebot3_gazebo/share/turtlebot3_gazebo//urdf/meshes/sensors/arm.stl
[1.179s] -- Up-to-date: /home/borg/colcon_ws/install/turtlebot3_gazebo/share/turtlebot3_gazebo//urdf/meshes/sensors/astra.dae
[1.179s] -- Up-to-date: /home/borg/colcon_ws/install/turtlebot3_gazebo/share/turtlebot3_gazebo//urdf/meshes/sensors/astra.jpg
[1.181s] -- Up-to-date: /home/borg/colcon_ws/install/turtlebot3_gazebo/share/turtlebot3_gazebo//urdf/meshes/sensors/direita.dae
[1.181s] -- Up-to-date: /home/borg/colcon_ws/install/turtlebot3_gazebo/share/turtlebot3_gazebo//urdf/meshes/sensors/esquerda.dae
[1.181s] -- Up-to-date: /home/borg/colcon_ws/install/turtlebot3_gazebo/share/turtlebot3_gazebo//urdf/meshes/sensors/garra_direita.stl
[1.182s] -- Up-to-date: /home/borg/colcon_ws/install/turtlebot3_gazebo/share/turtlebot3_gazebo//urdf/meshes/sensors/garra_esquerda.stl
[1.182s] -- Up-to-date: /home/borg/colcon_ws/install/turtlebot3_gazebo/share/turtlebot3_gazebo//urdf/meshes/sensors/l_finger.dae
[1.182s] -- Up-to-date: /home/borg/colcon_ws/install/turtlebot3_gazebo/share/turtlebot3_gazebo//urdf/meshes/sensors/l_finger_color.tif
[1.182s] -- Up-to-date: /home/borg/colcon_ws/install/turtlebot3_gazebo/share/turtlebot3_gazebo//urdf/meshes/sensors/l_finger_tip.dae
[1.183s] -- Up-to-date: /home/borg/colcon_ws/install/turtlebot3_gazebo/share/turtlebot3_gazebo//urdf/meshes/sensors/l_finger_tip_color.tif
[1.183s] -- Up-to-date: /home/borg/colcon_ws/install/turtlebot3_gazebo/share/turtlebot3_gazebo//urdf/meshes/sensors/lds.stl
[1.183s] -- Up-to-date: /home/borg/colcon_ws/install/turtlebot3_gazebo/share/turtlebot3_gazebo//urdf/meshes/sensors/r200.dae
[1.183s] -- Up-to-date: /home/borg/colcon_ws/install/turtlebot3_gazebo/share/turtlebot3_gazebo//urdf/meshes/sensors/r200.jpg
[1.185s] -- Up-to-date: /home/borg/colcon_ws/install/turtlebot3_gazebo/share/turtlebot3_gazebo//urdf/meshes/wheels
[1.185s] -- Up-to-date: /home/borg/colcon_ws/install/turtlebot3_gazebo/share/turtlebot3_gazebo//urdf/meshes/wheels/left_tire.stl
[1.185s] -- Up-to-date: /home/borg/colcon_ws/install/turtlebot3_gazebo/share/turtlebot3_gazebo//urdf/meshes/wheels/right_tire.stl
[1.186s] -- Up-to-date: /home/borg/colcon_ws/install/turtlebot3_gazebo/share/turtlebot3_gazebo//urdf/turtlebot3_burger_insper.urdf
[1.186s] -- Up-to-date: /home/borg/colcon_ws/install/turtlebot3_gazebo/share/turtlebot3_gazebo//worlds
[1.188s] -- Up-to-date: /home/borg/colcon_ws/install/turtlebot3_gazebo/share/turtlebot3_gazebo//worlds/empty_world.world
[1.188s] -- Up-to-date: /home/borg/colcon_ws/install/turtlebot3_gazebo/share/turtlebot3_gazebo//worlds/turtlebot3_dqn_stage1.world
[1.188s] -- Up-to-date: /home/borg/colcon_ws/install/turtlebot3_gazebo/share/turtlebot3_gazebo//worlds/turtlebot3_dqn_stage2.world
[1.188s] -- Up-to-date: /home/borg/colcon_ws/install/turtlebot3_gazebo/share/turtlebot3_gazebo//worlds/turtlebot3_dqn_stage3.world
[1.189s] -- Up-to-date: /home/borg/colcon_ws/install/turtlebot3_gazebo/share/turtlebot3_gazebo//worlds/turtlebot3_dqn_stage4.world
[1.190s] -- Up-to-date: /home/borg/colcon_ws/install/turtlebot3_gazebo/share/turtlebot3_gazebo//worlds/turtlebot3_house.world
[1.190s] -- Up-to-date: /home/borg/colcon_ws/install/turtlebot3_gazebo/share/turtlebot3_gazebo//worlds/turtlebot3_world.world
[1.190s] -- Up-to-date: /home/borg/colcon_ws/install/turtlebot3_gazebo/share/turtlebot3_gazebo//worlds/lab.world
[1.194s] -- Up-to-date: /home/borg/colcon_ws/install/turtlebot3_gazebo/share/turtlebot3_gazebo//worlds/pista23-B.world
[1.194s] -- Up-to-date: /home/borg/colcon_ws/install/turtlebot3_gazebo/include/
[1.194s] -- Up-to-date: /home/borg/colcon_ws/install/turtlebot3_gazebo/include//turtlebot3_gazebo
[1.195s] -- Up-to-date: /home/borg/colcon_ws/install/turtlebot3_gazebo/include//turtlebot3_gazebo/turtlebot3_drive.hpp
[1.195s] -- Up-to-date: /home/borg/colcon_ws/install/turtlebot3_gazebo/share/ament_index/resource_index/package_run_dependencies/turtlebot3_gazebo
[1.195s] -- Up-to-date: /home/borg/colcon_ws/install/turtlebot3_gazebo/share/ament_index/resource_index/parent_prefix_path/turtlebot3_gazebo
[1.195s] -- Up-to-date: /home/borg/colcon_ws/install/turtlebot3_gazebo/share/turtlebot3_gazebo/environment/ament_prefix_path.sh
[1.198s] -- Up-to-date: /home/borg/colcon_ws/install/turtlebot3_gazebo/share/turtlebot3_gazebo/environment/ament_prefix_path.dsv
[1.199s] -- Up-to-date: /home/borg/colcon_ws/install/turtlebot3_gazebo/share/turtlebot3_gazebo/environment/path.sh
[1.199s] -- Up-to-date: /home/borg/colcon_ws/install/turtlebot3_gazebo/share/turtlebot3_gazebo/environment/path.dsv
[1.199s] -- Up-to-date: /home/borg/colcon_ws/install/turtlebot3_gazebo/share/turtlebot3_gazebo/local_setup.bash
[1.201s] -- Up-to-date: /home/borg/colcon_ws/install/turtlebot3_gazebo/share/turtlebot3_gazebo/local_setup.sh
[1.201s] -- Up-to-date: /home/borg/colcon_ws/install/turtlebot3_gazebo/share/turtlebot3_gazebo/local_setup.zsh
[1.202s] -- Up-to-date: /home/borg/colcon_ws/install/turtlebot3_gazebo/share/turtlebot3_gazebo/local_setup.dsv
[1.203s] -- Installing: /home/borg/colcon_ws/install/turtlebot3_gazebo/share/turtlebot3_gazebo/package.dsv
[1.204s] -- Up-to-date: /home/borg/colcon_ws/install/turtlebot3_gazebo/share/ament_index/resource_index/packages/turtlebot3_gazebo
[1.205s] -- Up-to-date: /home/borg/colcon_ws/install/turtlebot3_gazebo/share/turtlebot3_gazebo/cmake/ament_cmake_export_include_directories-extras.cmake
[1.205s] -- Up-to-date: /home/borg/colcon_ws/install/turtlebot3_gazebo/share/turtlebot3_gazebo/cmake/ament_cmake_export_dependencies-extras.cmake
[1.206s] -- Up-to-date: /home/borg/colcon_ws/install/turtlebot3_gazebo/share/turtlebot3_gazebo/cmake/turtlebot3_gazeboConfig.cmake
[1.207s] -- Up-to-date: /home/borg/colcon_ws/install/turtlebot3_gazebo/share/turtlebot3_gazebo/cmake/turtlebot3_gazeboConfig-version.cmake
[1.208s] -- Up-to-date: /home/borg/colcon_ws/install/turtlebot3_gazebo/share/turtlebot3_gazebo/package.xml
[1.604s] Invoked command in '/home/borg/colcon_ws/build/turtlebot3_gazebo' returned '0': CMAKE_PREFIX_PATH=${CMAKE_PREFIX_PATH}:/opt/ros/humble /usr/bin/cmake --install /home/borg/colcon_ws/build/turtlebot3_gazebo
