[0.203s] Invoking command in '/home/borg/colcon_ws/build/turtlebot3_manipulation_bringup': CMAKE_PREFIX_PATH=/home/borg/colcon_ws/install/turtlebot3_manipulation_description:/home/borg/colcon_ws/install/turtlebot3_simulations:/home/borg/colcon_ws/install/turtlebot3_manipulation:/home/borg/colcon_ws/install/turtlebot3_manipulation_teleop:/home/borg/colcon_ws/install/turtlebot3_manipulation_navigation2:/home/borg/colcon_ws/install/turtlebot3_manipulation_moveit_config:/home/borg/colcon_ws/install/turtlebot3_manipulation_hardware:/home/borg/colcon_ws/install/turtlebot3_manipulation_bringup:/home/borg/colcon_ws/install/turtlebot3_manipulation_cartographer:/home/borg/colcon_ws/install/turtlebot3_gazebo:/home/borg/colcon_ws/install/turtlebot3_fake_node:/home/borg/colcon_ws/install/gripper_controller:/home/borg/colcon_ws/install/urdfbot_description:/opt/ros/humble /usr/bin/cmake /home/borg/colcon_ws/src/turtlebot3_manipulation/turtlebot3_manipulation_bringup -DCMAKE_INSTALL_PREFIX=/home/borg/colcon_ws/install/turtlebot3_manipulation_bringup
[0.261s] -- The C compiler identification is GNU 11.4.0
[0.320s] -- The CXX compiler identification is GNU 11.4.0
[0.330s] -- Detecting C compiler ABI info
[0.406s] -- Detecting C compiler ABI info - done
[0.418s] -- Check for working C compiler: /usr/bin/cc - skipped
[0.418s] -- Detecting C compile features
[0.418s] -- Detecting C compile features - done
[0.422s] -- Detecting CXX compiler ABI info
[0.519s] -- Detecting CXX compiler ABI info - done
[0.527s] -- Check for working CXX compiler: /usr/bin/c++ - skipped
[0.527s] -- Detecting CXX compile features
[0.527s] -- Detecting CXX compile features - done
[0.532s] -- Found ament_cmake: 1.3.5 (/opt/ros/humble/share/ament_cmake/cmake)
[0.707s] -- Found Python3: /usr/bin/python3.10 (found version "3.10.12") found components: Interpreter 
[0.875s] -- Configuring done
[0.878s] -- Generating done
[0.879s] -- Build files have been written to: /home/borg/colcon_ws/build/turtlebot3_manipulation_bringup
[0.884s] Invoked command in '/home/borg/colcon_ws/build/turtlebot3_manipulation_bringup' returned '0': CMAKE_PREFIX_PATH=/home/borg/colcon_ws/install/turtlebot3_manipulation_description:/home/borg/colcon_ws/install/turtlebot3_simulations:/home/borg/colcon_ws/install/turtlebot3_manipulation:/home/borg/colcon_ws/install/turtlebot3_manipulation_teleop:/home/borg/colcon_ws/install/turtlebot3_manipulation_navigation2:/home/borg/colcon_ws/install/turtlebot3_manipulation_moveit_config:/home/borg/colcon_ws/install/turtlebot3_manipulation_hardware:/home/borg/colcon_ws/install/turtlebot3_manipulation_bringup:/home/borg/colcon_ws/install/turtlebot3_manipulation_cartographer:/home/borg/colcon_ws/install/turtlebot3_gazebo:/home/borg/colcon_ws/install/turtlebot3_fake_node:/home/borg/colcon_ws/install/gripper_controller:/home/borg/colcon_ws/install/urdfbot_description:/opt/ros/humble /usr/bin/cmake /home/borg/colcon_ws/src/turtlebot3_manipulation/turtlebot3_manipulation_bringup -DCMAKE_INSTALL_PREFIX=/home/borg/colcon_ws/install/turtlebot3_manipulation_bringup
[0.886s] Invoking command in '/home/borg/colcon_ws/build/turtlebot3_manipulation_bringup': CMAKE_PREFIX_PATH=/home/borg/colcon_ws/install/turtlebot3_manipulation_description:/home/borg/colcon_ws/install/turtlebot3_simulations:/home/borg/colcon_ws/install/turtlebot3_manipulation:/home/borg/colcon_ws/install/turtlebot3_manipulation_teleop:/home/borg/colcon_ws/install/turtlebot3_manipulation_navigation2:/home/borg/colcon_ws/install/turtlebot3_manipulation_moveit_config:/home/borg/colcon_ws/install/turtlebot3_manipulation_hardware:/home/borg/colcon_ws/install/turtlebot3_manipulation_bringup:/home/borg/colcon_ws/install/turtlebot3_manipulation_cartographer:/home/borg/colcon_ws/install/turtlebot3_gazebo:/home/borg/colcon_ws/install/turtlebot3_fake_node:/home/borg/colcon_ws/install/gripper_controller:/home/borg/colcon_ws/install/urdfbot_description:/opt/ros/humble /usr/bin/cmake --build /home/borg/colcon_ws/build/turtlebot3_manipulation_bringup -- -j12 -l12
[0.924s] Invoked command in '/home/borg/colcon_ws/build/turtlebot3_manipulation_bringup' returned '0': CMAKE_PREFIX_PATH=/home/borg/colcon_ws/install/turtlebot3_manipulation_description:/home/borg/colcon_ws/install/turtlebot3_simulations:/home/borg/colcon_ws/install/turtlebot3_manipulation:/home/borg/colcon_ws/install/turtlebot3_manipulation_teleop:/home/borg/colcon_ws/install/turtlebot3_manipulation_navigation2:/home/borg/colcon_ws/install/turtlebot3_manipulation_moveit_config:/home/borg/colcon_ws/install/turtlebot3_manipulation_hardware:/home/borg/colcon_ws/install/turtlebot3_manipulation_bringup:/home/borg/colcon_ws/install/turtlebot3_manipulation_cartographer:/home/borg/colcon_ws/install/turtlebot3_gazebo:/home/borg/colcon_ws/install/turtlebot3_fake_node:/home/borg/colcon_ws/install/gripper_controller:/home/borg/colcon_ws/install/urdfbot_description:/opt/ros/humble /usr/bin/cmake --build /home/borg/colcon_ws/build/turtlebot3_manipulation_bringup -- -j12 -l12
[0.948s] Invoking command in '/home/borg/colcon_ws/build/turtlebot3_manipulation_bringup': CMAKE_PREFIX_PATH=/home/borg/colcon_ws/install/turtlebot3_manipulation_description:/home/borg/colcon_ws/install/turtlebot3_simulations:/home/borg/colcon_ws/install/turtlebot3_manipulation:/home/borg/colcon_ws/install/turtlebot3_manipulation_teleop:/home/borg/colcon_ws/install/turtlebot3_manipulation_navigation2:/home/borg/colcon_ws/install/turtlebot3_manipulation_moveit_config:/home/borg/colcon_ws/install/turtlebot3_manipulation_hardware:/home/borg/colcon_ws/install/turtlebot3_manipulation_bringup:/home/borg/colcon_ws/install/turtlebot3_manipulation_cartographer:/home/borg/colcon_ws/install/turtlebot3_gazebo:/home/borg/colcon_ws/install/turtlebot3_fake_node:/home/borg/colcon_ws/install/gripper_controller:/home/borg/colcon_ws/install/urdfbot_description:/opt/ros/humble /usr/bin/cmake --install /home/borg/colcon_ws/build/turtlebot3_manipulation_bringup
[0.956s] -- Install configuration: ""
[0.956s] -- Installing: /home/borg/colcon_ws/install/turtlebot3_manipulation_bringup/share/turtlebot3_manipulation_bringup/launch
[0.957s] -- Installing: /home/borg/colcon_ws/install/turtlebot3_manipulation_bringup/share/turtlebot3_manipulation_bringup/launch/base.launch.py
[0.957s] -- Installing: /home/borg/colcon_ws/install/turtlebot3_manipulation_bringup/share/turtlebot3_manipulation_bringup/launch/fake.launch.py
[0.957s] -- Installing: /home/borg/colcon_ws/install/turtlebot3_manipulation_bringup/share/turtlebot3_manipulation_bringup/launch/gazebo.launch.py
[0.957s] -- Installing: /home/borg/colcon_ws/install/turtlebot3_manipulation_bringup/share/turtlebot3_manipulation_bringup/launch/hardware.launch.py
[0.957s] -- Installing: /home/borg/colcon_ws/install/turtlebot3_manipulation_bringup/share/turtlebot3_manipulation_bringup/launch/__pycache__
[0.958s] -- Installing: /home/borg/colcon_ws/install/turtlebot3_manipulation_bringup/share/turtlebot3_manipulation_bringup/launch/__pycache__/hardware.launch.cpython-310.pyc
[0.959s] -- Installing: /home/borg/colcon_ws/install/turtlebot3_manipulation_bringup/share/turtlebot3_manipulation_bringup/launch/__pycache__/gazebo.launch.cpython-310.pyc
[0.960s] -- Installing: /home/borg/colcon_ws/install/turtlebot3_manipulation_bringup/share/turtlebot3_manipulation_bringup/config
[0.960s] -- Installing: /home/borg/colcon_ws/install/turtlebot3_manipulation_bringup/share/turtlebot3_manipulation_bringup/config/gazebo_controller_manager.yaml
[0.960s] -- Installing: /home/borg/colcon_ws/install/turtlebot3_manipulation_bringup/share/turtlebot3_manipulation_bringup/config/hardware_controller_manager.yaml
[0.961s] -- Installing: /home/borg/colcon_ws/install/turtlebot3_manipulation_bringup/share/turtlebot3_manipulation_bringup/rviz
[0.961s] -- Installing: /home/borg/colcon_ws/install/turtlebot3_manipulation_bringup/share/turtlebot3_manipulation_bringup/rviz/turtlebot3_manipulation.rviz
[0.961s] -- Installing: /home/borg/colcon_ws/install/turtlebot3_manipulation_bringup/share/turtlebot3_manipulation_bringup/worlds
[0.961s] -- Installing: /home/borg/colcon_ws/install/turtlebot3_manipulation_bringup/share/turtlebot3_manipulation_bringup/worlds/empty_world.model
[0.961s] -- Installing: /home/borg/colcon_ws/install/turtlebot3_manipulation_bringup/share/turtlebot3_manipulation_bringup/worlds/turtlebot3_world.model
[0.961s] -- Installing: /home/borg/colcon_ws/install/turtlebot3_manipulation_bringup/share/turtlebot3_manipulation_bringup/worlds/turtlebot3_world
[0.961s] -- Installing: /home/borg/colcon_ws/install/turtlebot3_manipulation_bringup/share/turtlebot3_manipulation_bringup/worlds/turtlebot3_world/meshes
[0.962s] -- Installing: /home/borg/colcon_ws/install/turtlebot3_manipulation_bringup/share/turtlebot3_manipulation_bringup/worlds/turtlebot3_world/meshes/hexagon.dae
[0.962s] -- Installing: /home/borg/colcon_ws/install/turtlebot3_manipulation_bringup/share/turtlebot3_manipulation_bringup/worlds/turtlebot3_world/meshes/wall.dae
[0.962s] -- Installing: /home/borg/colcon_ws/install/turtlebot3_manipulation_bringup/share/turtlebot3_manipulation_bringup/worlds/turtlebot3_world/model-1_4.sdf
[0.962s] -- Installing: /home/borg/colcon_ws/install/turtlebot3_manipulation_bringup/share/turtlebot3_manipulation_bringup/worlds/turtlebot3_world/model.config
[0.962s] -- Installing: /home/borg/colcon_ws/install/turtlebot3_manipulation_bringup/share/turtlebot3_manipulation_bringup/worlds/turtlebot3_world/model.sdf
[0.963s] -- Installing: /home/borg/colcon_ws/install/turtlebot3_manipulation_bringup/share/turtlebot3_manipulation_bringup/environment/turtlebot3_manipulation_bringup.dsv
[0.963s] -- Installing: /home/borg/colcon_ws/install/turtlebot3_manipulation_bringup/share/ament_index/resource_index/package_run_dependencies/turtlebot3_manipulation_bringup
[0.964s] -- Installing: /home/borg/colcon_ws/install/turtlebot3_manipulation_bringup/share/ament_index/resource_index/parent_prefix_path/turtlebot3_manipulation_bringup
[0.964s] -- Installing: /home/borg/colcon_ws/install/turtlebot3_manipulation_bringup/share/turtlebot3_manipulation_bringup/environment/ament_prefix_path.sh
[0.965s] -- Installing: /home/borg/colcon_ws/install/turtlebot3_manipulation_bringup/share/turtlebot3_manipulation_bringup/environment/ament_prefix_path.dsv
[0.965s] -- Installing: /home/borg/colcon_ws/install/turtlebot3_manipulation_bringup/share/turtlebot3_manipulation_bringup/environment/path.sh
[0.965s] -- Installing: /home/borg/colcon_ws/install/turtlebot3_manipulation_bringup/share/turtlebot3_manipulation_bringup/environment/path.dsv
[0.965s] -- Installing: /home/borg/colcon_ws/install/turtlebot3_manipulation_bringup/share/turtlebot3_manipulation_bringup/local_setup.bash
[0.966s] -- Installing: /home/borg/colcon_ws/install/turtlebot3_manipulation_bringup/share/turtlebot3_manipulation_bringup/local_setup.sh
[0.966s] -- Installing: /home/borg/colcon_ws/install/turtlebot3_manipulation_bringup/share/turtlebot3_manipulation_bringup/local_setup.zsh
[0.966s] -- Installing: /home/borg/colcon_ws/install/turtlebot3_manipulation_bringup/share/turtlebot3_manipulation_bringup/local_setup.dsv
[0.966s] -- Installing: /home/borg/colcon_ws/install/turtlebot3_manipulation_bringup/share/turtlebot3_manipulation_bringup/package.dsv
[0.967s] -- Installing: /home/borg/colcon_ws/install/turtlebot3_manipulation_bringup/share/ament_index/resource_index/packages/turtlebot3_manipulation_bringup
[0.967s] -- Installing: /home/borg/colcon_ws/install/turtlebot3_manipulation_bringup/share/turtlebot3_manipulation_bringup/cmake/turtlebot3_manipulation_bringupConfig.cmake
[0.967s] -- Installing: /home/borg/colcon_ws/install/turtlebot3_manipulation_bringup/share/turtlebot3_manipulation_bringup/cmake/turtlebot3_manipulation_bringupConfig-version.cmake
[0.968s] -- Installing: /home/borg/colcon_ws/install/turtlebot3_manipulation_bringup/share/turtlebot3_manipulation_bringup/package.xml
[0.968s] Invoked command in '/home/borg/colcon_ws/build/turtlebot3_manipulation_bringup' returned '0': CMAKE_PREFIX_PATH=/home/borg/colcon_ws/install/turtlebot3_manipulation_description:/home/borg/colcon_ws/install/turtlebot3_simulations:/home/borg/colcon_ws/install/turtlebot3_manipulation:/home/borg/colcon_ws/install/turtlebot3_manipulation_teleop:/home/borg/colcon_ws/install/turtlebot3_manipulation_navigation2:/home/borg/colcon_ws/install/turtlebot3_manipulation_moveit_config:/home/borg/colcon_ws/install/turtlebot3_manipulation_hardware:/home/borg/colcon_ws/install/turtlebot3_manipulation_bringup:/home/borg/colcon_ws/install/turtlebot3_manipulation_cartographer:/home/borg/colcon_ws/install/turtlebot3_gazebo:/home/borg/colcon_ws/install/turtlebot3_fake_node:/home/borg/colcon_ws/install/gripper_controller:/home/borg/colcon_ws/install/urdfbot_description:/opt/ros/humble /usr/bin/cmake --install /home/borg/colcon_ws/build/turtlebot3_manipulation_bringup
