-- Install configuration: ""
-- Up-to-date: /home/borg/colcon_ws/install/my_box_bot_description/share/my_box_bot_description//urdf
-- Up-to-date: /home/borg/colcon_ws/install/my_box_bot_description/share/my_box_bot_description//urdf/box_bot_geometric.urdf
-- Installing: /home/borg/colcon_ws/install/my_box_bot_description/share/my_box_bot_description//urdf/box_bot_geometric_meshes.urdf
-- Installing: /home/borg/colcon_ws/install/my_box_bot_description/share/my_box_bot_description//urdf/box_bot_meshes_collisions_inertias.urdf
-- Up-to-date: /home/borg/colcon_ws/install/my_box_bot_description/share/my_box_bot_description//rviz
-- Up-to-date: /home/borg/colcon_ws/install/my_box_bot_description/share/my_box_bot_description//launch
-- Up-to-date: /home/borg/colcon_ws/install/my_box_bot_description/share/my_box_bot_description//launch/urdf_visualize_geometric.launch.py
-- Up-to-date: /home/borg/colcon_ws/install/my_box_bot_description/share/my_box_bot_description//launch/urdf_visualize_meshes.launch.py
-- Installing: /home/borg/colcon_ws/install/my_box_bot_description/share/my_box_bot_description//launch/spawn_robot_description.launch.py
-- Installing: /home/borg/colcon_ws/install/my_box_bot_description/share/my_box_bot_description//launch/spawn_robot_ros2.launch.xml
-- Installing: /home/borg/colcon_ws/install/my_box_bot_description/share/my_box_bot_description//launch/urdf_visualize_meshes_collisions_inertias.launch.py
-- Up-to-date: /home/borg/colcon_ws/install/my_box_bot_description/share/my_box_bot_description//meshes
-- Up-to-date: /home/borg/colcon_ws/install/my_box_bot_description/share/my_box_bot_description//meshes/cute_cube.blend
-- Up-to-date: /home/borg/colcon_ws/install/my_box_bot_description/share/my_box_bot_description//meshes/cute_cube.dae
-- Up-to-date: /home/borg/colcon_ws/install/my_box_bot_description/share/my_box_bot_description//meshes/lambert3_baseColor.png
-- Up-to-date: /home/borg/colcon_ws/install/my_box_bot_description/share/ament_index/resource_index/package_run_dependencies/my_box_bot_description
-- Up-to-date: /home/borg/colcon_ws/install/my_box_bot_description/share/ament_index/resource_index/parent_prefix_path/my_box_bot_description
-- Up-to-date: /home/borg/colcon_ws/install/my_box_bot_description/share/my_box_bot_description/environment/ament_prefix_path.sh
-- Up-to-date: /home/borg/colcon_ws/install/my_box_bot_description/share/my_box_bot_description/environment/ament_prefix_path.dsv
-- Up-to-date: /home/borg/colcon_ws/install/my_box_bot_description/share/my_box_bot_description/environment/path.sh
-- Up-to-date: /home/borg/colcon_ws/install/my_box_bot_description/share/my_box_bot_description/environment/path.dsv
-- Up-to-date: /home/borg/colcon_ws/install/my_box_bot_description/share/my_box_bot_description/local_setup.bash
-- Up-to-date: /home/borg/colcon_ws/install/my_box_bot_description/share/my_box_bot_description/local_setup.sh
-- Up-to-date: /home/borg/colcon_ws/install/my_box_bot_description/share/my_box_bot_description/local_setup.zsh
-- Up-to-date: /home/borg/colcon_ws/install/my_box_bot_description/share/my_box_bot_description/local_setup.dsv
-- Installing: /home/borg/colcon_ws/install/my_box_bot_description/share/my_box_bot_description/package.dsv
-- Up-to-date: /home/borg/colcon_ws/install/my_box_bot_description/share/ament_index/resource_index/packages/my_box_bot_description
-- Up-to-date: /home/borg/colcon_ws/install/my_box_bot_description/share/my_box_bot_description/cmake/my_box_bot_descriptionConfig.cmake
-- Up-to-date: /home/borg/colcon_ws/install/my_box_bot_description/share/my_box_bot_description/cmake/my_box_bot_descriptionConfig-version.cmake
-- Up-to-date: /home/borg/colcon_ws/install/my_box_bot_description/share/my_box_bot_description/package.xml
