-- The C compiler identification is GNU 11.4.0
-- The CXX compiler identification is GNU 11.4.0
-- Detecting C compiler ABI info
-- Detecting C compiler ABI info - done
-- Check for working C compiler: /usr/bin/cc - skipped
-- Detecting C compile features
-- Detecting C compile features - done
-- Detecting CXX compiler ABI info
-- Detecting CXX compiler ABI info - done
-- Check for working CXX compiler: /usr/bin/c++ - skipped
-- Detecting CXX compile features
-- Detecting CXX compile features - done
-- Found ament_cmake: 1.3.6 (/opt/ros/humble/share/ament_cmake/cmake)
-- Found Python3: /usr/bin/python3.10 (found version "3.10.12") found components: Interpreter 
[33mCMake Warning (dev) at /usr/share/cmake-3.22/Modules/FindPackageHandleStandardArgs.cmake:438 (message):
  The package name passed to `find_package_handle_standard_args` (PkgConfig)
  does not match the name of the calling package (gazebo).  This can lead to
  problems in calling code that expects `find_package` result variables
  (e.g., `_FOUND`) to follow a certain pattern.
Call Stack (most recent call first):
  /usr/share/cmake-3.22/Modules/FindPkgConfig.cmake:99 (find_package_handle_standard_args)
  /usr/lib/x86_64-linux-gnu/cmake/gazebo/gazebo-config.cmake:72 (include)
  CMakeLists.txt:23 (find_package)
This warning is for project developers.  Use -Wno-dev to suppress it.
[0m
-- Found PkgConfig: /usr/bin/pkg-config (found version "0.29.2") 
-- Checking for module 'bullet>=2.82'
--   Found bullet, version 3.05
-- Found fcl: /usr/include (found suitable version "0.7.0", minimum required is "0.5.0") 
-- Found assimp: /usr/include (found version "5.2.0") 
-- Found DART: /usr/include (Required is at least version "6.6") found components: dart 
-- Found Boost: /usr/lib/x86_64-linux-gnu/cmake/Boost-1.74.0/BoostConfig.cmake (found suitable version "1.74.0", minimum required is "1.40.0") found components: thread system filesystem program_options regex iostreams date_time 
-- Found Protobuf: /usr/lib/x86_64-linux-gnu/libprotobuf.so (found version "3.12.4") 
-- Looking for ignition-math6 -- found version 6.15.0
-- Searching for dependencies of ignition-math6
-- Looking for OGRE...
-- OGRE_PREFIX_WATCH changed.
-- Checking for module 'OGRE'
--   Found OGRE, version 1.9.0
-- Found Ogre Ghadamon (1.9.0)
-- Found OGRE: optimized;/usr/lib/x86_64-linux-gnu/libOgreMain.so;debug;/usr/lib/x86_64-linux-gnu/libOgreMain.so
-- Looking for OGRE_Paging...
-- Found OGRE_Paging: optimized;/usr/lib/x86_64-linux-gnu/libOgrePaging.so;debug;/usr/lib/x86_64-linux-gnu/libOgrePaging.so
-- Looking for OGRE_Terrain...
-- Found OGRE_Terrain: optimized;/usr/lib/x86_64-linux-gnu/libOgreTerrain.so;debug;/usr/lib/x86_64-linux-gnu/libOgreTerrain.so
-- Looking for OGRE_Property...
-- Found OGRE_Property: optimized;/usr/lib/x86_64-linux-gnu/libOgreProperty.so;debug;/usr/lib/x86_64-linux-gnu/libOgreProperty.so
-- Looking for OGRE_RTShaderSystem...
-- Found OGRE_RTShaderSystem: optimized;/usr/lib/x86_64-linux-gnu/libOgreRTShaderSystem.so;debug;/usr/lib/x86_64-linux-gnu/libOgreRTShaderSystem.so
-- Looking for OGRE_Volume...
-- Found OGRE_Volume: optimized;/usr/lib/x86_64-linux-gnu/libOgreVolume.so;debug;/usr/lib/x86_64-linux-gnu/libOgreVolume.so
-- Looking for OGRE_Overlay...
-- Found OGRE_Overlay: optimized;/usr/lib/x86_64-linux-gnu/libOgreOverlay.so;debug;/usr/lib/x86_64-linux-gnu/libOgreOverlay.so
-- Looking for ignition-math6 -- found version 6.15.0
-- Looking for ignition-transport8 -- found version 8.2.1
-- Searching for dependencies of ignition-transport8
-- Found Protobuf: /usr/lib/x86_64-linux-gnu/libprotobuf.so (found suitable version "3.12.4", minimum required is "3") 
-- Config-file not installed for ZeroMQ -- checking for pkg-config
-- Checking for module 'libzmq >= 4'
--   Found libzmq , version 4.3.4
-- Found ZeroMQ: TRUE (Required is at least version "4") 
-- Checking for module 'uuid'
--   Found uuid, version 2.37.2
-- Found UUID: TRUE  
-- Looking for ignition-msgs5 -- found version 5.8.1
-- Searching for dependencies of ignition-msgs5
-- Looking for ignition-math6 -- found version 6.15.0
-- Checking for module 'tinyxml2'
--   Found tinyxml2, version 9.0.0
-- Looking for ignition-msgs5 -- found version 5.8.1
-- Looking for ignition-common3 -- found version 3.14.0
-- Searching for dependencies of ignition-common3
-- Looking for dlfcn.h - found
-- Looking for libdl - found
-- Found DL: TRUE  
-- Found tinyobjloader: /usr/lib/x86_64-linux-gnu/cmake/tinyobjloader/tinyobjloader-config.cmake (found version "2.0.0") 
-- Searching for <ignition-common3> component [graphics]
-- Looking for ignition-common3-graphics -- found version 3.14.0
-- Searching for dependencies of ignition-common3-graphics
-- Looking for ignition-math6 -- found version 6.15.0
-- Looking for ignition-fuel_tools4 -- found version 4.4.0
-- Searching for dependencies of ignition-fuel_tools4
-- Found CURL: /usr/lib/x86_64-linux-gnu/libcurl.so (found version "7.81.0")  
-- Checking for module 'jsoncpp'
--   Found jsoncpp, version 1.9.5
-- Found JSONCPP: TRUE  
-- Checking for module 'libzip'
--   Found libzip, version 1.7.3
-- Found ZIP: TRUE  
-- Looking for ignition-common3 -- found version 3.14.0
-- Looking for ignition-math6 -- found version 6.15.0
-- Looking for ignition-msgs5 -- found version 5.8.1
-- Found gazebo_ros_pkgs: 3.7.0 (/opt/ros/humble/share/gazebo_ros_pkgs/cmake)
-- Found geometry_msgs: 4.2.3 (/opt/ros/humble/share/geometry_msgs/cmake)
-- Found rosidl_generator_c: 3.1.5 (/opt/ros/humble/share/rosidl_generator_c/cmake)
-- Found rosidl_adapter: 3.1.5 (/opt/ros/humble/share/rosidl_adapter/cmake)
-- Found rosidl_generator_cpp: 3.1.5 (/opt/ros/humble/share/rosidl_generator_cpp/cmake)
-- Using all available rosidl_typesupport_c: rosidl_typesupport_fastrtps_c;rosidl_typesupport_introspection_c
-- Using all available rosidl_typesupport_cpp: rosidl_typesupport_fastrtps_cpp;rosidl_typesupport_introspection_cpp
-- Found nav_msgs: 4.2.3 (/opt/ros/humble/share/nav_msgs/cmake)
-- Found rclcpp: 16.0.7 (/opt/ros/humble/share/rclcpp/cmake)
-- Found rmw_implementation_cmake: 6.1.1 (/opt/ros/humble/share/rmw_implementation_cmake/cmake)
-- Found rmw_fastrtps_cpp: 6.2.5 (/opt/ros/humble/share/rmw_fastrtps_cpp/cmake)
-- Found OpenSSL: /usr/lib/x86_64-linux-gnu/libcrypto.so (found version "3.0.2")  
-- Found FastRTPS: /opt/ros/humble/include  
-- Using RMW implementation 'rmw_fastrtps_cpp' as default
-- Found Threads: TRUE  
-- Found sensor_msgs: 4.2.3 (/opt/ros/humble/share/sensor_msgs/cmake)
-- Found tf2: 0.25.5 (/opt/ros/humble/share/tf2/cmake)
-- Configuring done
-- Generating done
-- Build files have been written to: /home/borg/colcon_ws/build/my_simulation
[ 25%] [32mBuilding CXX object CMakeFiles/turtlebot3_drive.dir/src/turtlebot3_drive.cpp.o[0m
[ 25%] [32mBuilding CXX object CMakeFiles/obstacle1.dir/models/turtlebot3_dqn_world/obstacle_plugin/obstacle1.cc.o[0m
[ 37%] [32mBuilding CXX object CMakeFiles/obstacle2.dir/models/turtlebot3_dqn_world/obstacle_plugin/obstacle2.cc.o[0m
[ 50%] [32mBuilding CXX object CMakeFiles/obstacles.dir/models/turtlebot3_dqn_world/obstacle_plugin/obstacles.cc.o[0m
[ 62%] [32m[1mLinking CXX executable turtlebot3_drive[0m
[ 75%] [32m[1mLinking CXX shared library libobstacle2.so[0m
[ 87%] [32m[1mLinking CXX shared library libobstacle1.so[0m
[100%] [32m[1mLinking CXX shared library libobstacles.so[0m
[100%] Built target obstacle2
[100%] Built target obstacle1
[100%] Built target obstacles
[100%] Built target turtlebot3_drive
-- Install configuration: ""
-- Installing: /home/borg/colcon_ws/install/my_simulation/lib/my_simulation/turtlebot3_drive
-- Set runtime path of "/home/borg/colcon_ws/install/my_simulation/lib/my_simulation/turtlebot3_drive" to ""
-- Installing: /home/borg/colcon_ws/install/my_simulation/share/my_simulation//launch
-- Installing: /home/borg/colcon_ws/install/my_simulation/share/my_simulation//launch/empty_world.launch.py
-- Installing: /home/borg/colcon_ws/install/my_simulation/share/my_simulation//launch/spawn_turtlebot3.launch.py
-- Installing: /home/borg/colcon_ws/install/my_simulation/share/my_simulation//launch/turtlebot3_dqn_stage1.launch.py
-- Installing: /home/borg/colcon_ws/install/my_simulation/share/my_simulation//launch/turtlebot3_dqn_stage2.launch.py
-- Installing: /home/borg/colcon_ws/install/my_simulation/share/my_simulation//launch/turtlebot3_dqn_stage3.launch.py
-- Installing: /home/borg/colcon_ws/install/my_simulation/share/my_simulation//launch/turtlebot3_dqn_stage4.launch.py
-- Installing: /home/borg/colcon_ws/install/my_simulation/share/my_simulation//launch/turtlebot3_house.launch.py
-- Installing: /home/borg/colcon_ws/install/my_simulation/share/my_simulation//launch/turtlebot3_world.launch.py
-- Installing: /home/borg/colcon_ws/install/my_simulation/share/my_simulation//launch/robot_state_publisher.launch.py
-- Installing: /home/borg/colcon_ws/install/my_simulation/share/my_simulation//launch/insperbot_lab.launch.py
-- Installing: /home/borg/colcon_ws/install/my_simulation/share/my_simulation//launch/pista-23B.launch.py
-- Installing: /home/borg/colcon_ws/install/my_simulation/share/my_simulation//models
-- Installing: /home/borg/colcon_ws/install/my_simulation/share/my_simulation//models/turtlebot3_burger
-- Installing: /home/borg/colcon_ws/install/my_simulation/share/my_simulation//models/turtlebot3_burger/model-1_4.sdf
-- Installing: /home/borg/colcon_ws/install/my_simulation/share/my_simulation//models/turtlebot3_burger/model.config
-- Installing: /home/borg/colcon_ws/install/my_simulation/share/my_simulation//models/turtlebot3_burger/model.sdf
-- Installing: /home/borg/colcon_ws/install/my_simulation/share/my_simulation//models/turtlebot3_common
-- Installing: /home/borg/colcon_ws/install/my_simulation/share/my_simulation//models/turtlebot3_common/meshes
-- Installing: /home/borg/colcon_ws/install/my_simulation/share/my_simulation//models/turtlebot3_common/meshes/burger_base.dae
-- Installing: /home/borg/colcon_ws/install/my_simulation/share/my_simulation//models/turtlebot3_common/meshes/lds.dae
-- Installing: /home/borg/colcon_ws/install/my_simulation/share/my_simulation//models/turtlebot3_common/meshes/r200.dae
-- Installing: /home/borg/colcon_ws/install/my_simulation/share/my_simulation//models/turtlebot3_common/meshes/tire.dae
-- Installing: /home/borg/colcon_ws/install/my_simulation/share/my_simulation//models/turtlebot3_common/meshes/waffle_base.dae
-- Installing: /home/borg/colcon_ws/install/my_simulation/share/my_simulation//models/turtlebot3_common/meshes/waffle_pi_base.dae
-- Installing: /home/borg/colcon_ws/install/my_simulation/share/my_simulation//models/turtlebot3_common/model.config
-- Installing: /home/borg/colcon_ws/install/my_simulation/share/my_simulation//models/turtlebot3_dqn_world
-- Installing: /home/borg/colcon_ws/install/my_simulation/share/my_simulation//models/turtlebot3_dqn_world/goal_box
-- Installing: /home/borg/colcon_ws/install/my_simulation/share/my_simulation//models/turtlebot3_dqn_world/goal_box/model.config
-- Installing: /home/borg/colcon_ws/install/my_simulation/share/my_simulation//models/turtlebot3_dqn_world/goal_box/model.sdf
-- Installing: /home/borg/colcon_ws/install/my_simulation/share/my_simulation//models/turtlebot3_dqn_world/inner_walls
-- Installing: /home/borg/colcon_ws/install/my_simulation/share/my_simulation//models/turtlebot3_dqn_world/inner_walls/model.config
-- Installing: /home/borg/colcon_ws/install/my_simulation/share/my_simulation//models/turtlebot3_dqn_world/inner_walls/model.sdf
-- Installing: /home/borg/colcon_ws/install/my_simulation/share/my_simulation//models/turtlebot3_dqn_world/model.config
-- Installing: /home/borg/colcon_ws/install/my_simulation/share/my_simulation//models/turtlebot3_dqn_world/model.sdf
-- Installing: /home/borg/colcon_ws/install/my_simulation/share/my_simulation//models/turtlebot3_dqn_world/obstacle1
-- Installing: /home/borg/colcon_ws/install/my_simulation/share/my_simulation//models/turtlebot3_dqn_world/obstacle1/model.config
-- Installing: /home/borg/colcon_ws/install/my_simulation/share/my_simulation//models/turtlebot3_dqn_world/obstacle1/model.sdf
-- Installing: /home/borg/colcon_ws/install/my_simulation/share/my_simulation//models/turtlebot3_dqn_world/obstacle2
-- Installing: /home/borg/colcon_ws/install/my_simulation/share/my_simulation//models/turtlebot3_dqn_world/obstacle2/model.config
-- Installing: /home/borg/colcon_ws/install/my_simulation/share/my_simulation//models/turtlebot3_dqn_world/obstacle2/model.sdf
-- Installing: /home/borg/colcon_ws/install/my_simulation/share/my_simulation//models/turtlebot3_dqn_world/obstacle_plugin
-- Installing: /home/borg/colcon_ws/install/my_simulation/share/my_simulation//models/turtlebot3_dqn_world/obstacle_plugin/CMakeLists.txt
-- Installing: /home/borg/colcon_ws/install/my_simulation/share/my_simulation//models/turtlebot3_dqn_world/obstacle_plugin/obstacle1.cc
-- Installing: /home/borg/colcon_ws/install/my_simulation/share/my_simulation//models/turtlebot3_dqn_world/obstacle_plugin/obstacle2.cc
-- Installing: /home/borg/colcon_ws/install/my_simulation/share/my_simulation//models/turtlebot3_dqn_world/obstacle_plugin/obstacles.cc
-- Installing: /home/borg/colcon_ws/install/my_simulation/share/my_simulation//models/turtlebot3_dqn_world/obstacles
-- Installing: /home/borg/colcon_ws/install/my_simulation/share/my_simulation//models/turtlebot3_dqn_world/obstacles/model.config
-- Installing: /home/borg/colcon_ws/install/my_simulation/share/my_simulation//models/turtlebot3_dqn_world/obstacles/model.sdf
-- Installing: /home/borg/colcon_ws/install/my_simulation/share/my_simulation//models/turtlebot3_house
-- Installing: /home/borg/colcon_ws/install/my_simulation/share/my_simulation//models/turtlebot3_house/model.config
-- Installing: /home/borg/colcon_ws/install/my_simulation/share/my_simulation//models/turtlebot3_house/model.sdf
-- Installing: /home/borg/colcon_ws/install/my_simulation/share/my_simulation//models/turtlebot3_waffle
-- Installing: /home/borg/colcon_ws/install/my_simulation/share/my_simulation//models/turtlebot3_waffle/model-1_4.sdf
-- Installing: /home/borg/colcon_ws/install/my_simulation/share/my_simulation//models/turtlebot3_waffle/model.config
-- Installing: /home/borg/colcon_ws/install/my_simulation/share/my_simulation//models/turtlebot3_waffle/model.sdf
-- Installing: /home/borg/colcon_ws/install/my_simulation/share/my_simulation//models/turtlebot3_waffle_pi
-- Installing: /home/borg/colcon_ws/install/my_simulation/share/my_simulation//models/turtlebot3_waffle_pi/model-1_4_.sdf
-- Installing: /home/borg/colcon_ws/install/my_simulation/share/my_simulation//models/turtlebot3_waffle_pi/model.config
-- Installing: /home/borg/colcon_ws/install/my_simulation/share/my_simulation//models/turtlebot3_waffle_pi/model.sdf
-- Installing: /home/borg/colcon_ws/install/my_simulation/share/my_simulation//models/turtlebot3_world
-- Installing: /home/borg/colcon_ws/install/my_simulation/share/my_simulation//models/turtlebot3_world/meshes
-- Installing: /home/borg/colcon_ws/install/my_simulation/share/my_simulation//models/turtlebot3_world/meshes/hexagon.dae
-- Installing: /home/borg/colcon_ws/install/my_simulation/share/my_simulation//models/turtlebot3_world/meshes/wall.dae
-- Installing: /home/borg/colcon_ws/install/my_simulation/share/my_simulation//models/turtlebot3_world/model-1_4.sdf
-- Installing: /home/borg/colcon_ws/install/my_simulation/share/my_simulation//models/turtlebot3_world/model.config
-- Installing: /home/borg/colcon_ws/install/my_simulation/share/my_simulation//models/turtlebot3_world/model.sdf
-- Installing: /home/borg/colcon_ws/install/my_simulation/share/my_simulation//models/mybot
-- Installing: /home/borg/colcon_ws/install/my_simulation/share/my_simulation//models/mybot/model-1_4_.sdf
-- Installing: /home/borg/colcon_ws/install/my_simulation/share/my_simulation//models/mybot/model.config
-- Installing: /home/borg/colcon_ws/install/my_simulation/share/my_simulation//models/mybot/model.sdf
-- Installing: /home/borg/colcon_ws/install/my_simulation/share/my_simulation//models/turtlebot3_burger_insper
-- Installing: /home/borg/colcon_ws/install/my_simulation/share/my_simulation//models/turtlebot3_burger_insper/model.config
-- Installing: /home/borg/colcon_ws/install/my_simulation/share/my_simulation//models/turtlebot3_burger_insper/model-1_4_.sdf
-- Installing: /home/borg/colcon_ws/install/my_simulation/share/my_simulation//models/turtlebot3_burger_insper/model.sdf
-- Installing: /home/borg/colcon_ws/install/my_simulation/share/my_simulation//models/pista23-1
-- Installing: /home/borg/colcon_ws/install/my_simulation/share/my_simulation//models/pista23-1/creeper
-- Installing: /home/borg/colcon_ws/install/my_simulation/share/my_simulation//models/pista23-1/creeper/aruco_05
-- Installing: /home/borg/colcon_ws/install/my_simulation/share/my_simulation//models/pista23-1/creeper/aruco_05/materials
-- Installing: /home/borg/colcon_ws/install/my_simulation/share/my_simulation//models/pista23-1/creeper/aruco_05/materials/scripts
-- Installing: /home/borg/colcon_ws/install/my_simulation/share/my_simulation//models/pista23-1/creeper/aruco_05/materials/scripts/creeper.material
-- Installing: /home/borg/colcon_ws/install/my_simulation/share/my_simulation//models/pista23-1/creeper/aruco_05/materials/textures
-- Installing: /home/borg/colcon_ws/install/my_simulation/share/my_simulation//models/pista23-1/creeper/aruco_05/materials/textures/caixa.dae
-- Installing: /home/borg/colcon_ws/install/my_simulation/share/my_simulation//models/pista23-1/creeper/aruco_05/materials/textures/caixa.png
-- Installing: /home/borg/colcon_ws/install/my_simulation/share/my_simulation//models/pista23-1/creeper/aruco_05/materials/textures/caixa.png_old
-- Installing: /home/borg/colcon_ws/install/my_simulation/share/my_simulation//models/pista23-1/creeper/aruco_05/model.config
-- Installing: /home/borg/colcon_ws/install/my_simulation/share/my_simulation//models/pista23-1/creeper/aruco_05/model.sdf
-- Installing: /home/borg/colcon_ws/install/my_simulation/share/my_simulation//models/pista23-1/creeper/aruco_15
-- Installing: /home/borg/colcon_ws/install/my_simulation/share/my_simulation//models/pista23-1/creeper/aruco_15/materials
-- Installing: /home/borg/colcon_ws/install/my_simulation/share/my_simulation//models/pista23-1/creeper/aruco_15/materials/scripts
-- Installing: /home/borg/colcon_ws/install/my_simulation/share/my_simulation//models/pista23-1/creeper/aruco_15/materials/scripts/creeper.material
-- Installing: /home/borg/colcon_ws/install/my_simulation/share/my_simulation//models/pista23-1/creeper/aruco_15/materials/textures
-- Installing: /home/borg/colcon_ws/install/my_simulation/share/my_simulation//models/pista23-1/creeper/aruco_15/materials/textures/caixa.dae
-- Installing: /home/borg/colcon_ws/install/my_simulation/share/my_simulation//models/pista23-1/creeper/aruco_15/materials/textures/caixa.png
-- Installing: /home/borg/colcon_ws/install/my_simulation/share/my_simulation//models/pista23-1/creeper/aruco_15/materials/textures/caixa.png_old
-- Installing: /home/borg/colcon_ws/install/my_simulation/share/my_simulation//models/pista23-1/creeper/aruco_15/model.config
-- Installing: /home/borg/colcon_ws/install/my_simulation/share/my_simulation//models/pista23-1/creeper/aruco_15/model.sdf
-- Installing: /home/borg/colcon_ws/install/my_simulation/share/my_simulation//models/pista23-1/creeper/aruco_25
-- Installing: /home/borg/colcon_ws/install/my_simulation/share/my_simulation//models/pista23-1/creeper/aruco_25/materials
-- Installing: /home/borg/colcon_ws/install/my_simulation/share/my_simulation//models/pista23-1/creeper/aruco_25/materials/scripts
-- Installing: /home/borg/colcon_ws/install/my_simulation/share/my_simulation//models/pista23-1/creeper/aruco_25/materials/scripts/creeper.material
-- Installing: /home/borg/colcon_ws/install/my_simulation/share/my_simulation//models/pista23-1/creeper/aruco_25/materials/textures
-- Installing: /home/borg/colcon_ws/install/my_simulation/share/my_simulation//models/pista23-1/creeper/aruco_25/materials/textures/caixa.dae
-- Installing: /home/borg/colcon_ws/install/my_simulation/share/my_simulation//models/pista23-1/creeper/aruco_25/materials/textures/caixa.png
-- Installing: /home/borg/colcon_ws/install/my_simulation/share/my_simulation//models/pista23-1/creeper/aruco_25/materials/textures/caixa.png_old
-- Installing: /home/borg/colcon_ws/install/my_simulation/share/my_simulation//models/pista23-1/creeper/aruco_25/model.config
-- Installing: /home/borg/colcon_ws/install/my_simulation/share/my_simulation//models/pista23-1/creeper/aruco_25/model.sdf
-- Installing: /home/borg/colcon_ws/install/my_simulation/share/my_simulation//models/pista23-1/creeper/aruco_55
-- Installing: /home/borg/colcon_ws/install/my_simulation/share/my_simulation//models/pista23-1/creeper/aruco_55/materials
-- Installing: /home/borg/colcon_ws/install/my_simulation/share/my_simulation//models/pista23-1/creeper/aruco_55/materials/scripts
-- Installing: /home/borg/colcon_ws/install/my_simulation/share/my_simulation//models/pista23-1/creeper/aruco_55/materials/scripts/creeper.material
-- Installing: /home/borg/colcon_ws/install/my_simulation/share/my_simulation//models/pista23-1/creeper/aruco_55/materials/textures
-- Installing: /home/borg/colcon_ws/install/my_simulation/share/my_simulation//models/pista23-1/creeper/aruco_55/materials/textures/caixa.dae
-- Installing: /home/borg/colcon_ws/install/my_simulation/share/my_simulation//models/pista23-1/creeper/aruco_55/materials/textures/caixa.png
-- Installing: /home/borg/colcon_ws/install/my_simulation/share/my_simulation//models/pista23-1/creeper/aruco_55/materials/textures/caixa.png_old
-- Installing: /home/borg/colcon_ws/install/my_simulation/share/my_simulation//models/pista23-1/creeper/aruco_55/model.config
-- Installing: /home/borg/colcon_ws/install/my_simulation/share/my_simulation//models/pista23-1/creeper/aruco_55/model.sdf
-- Installing: /home/borg/colcon_ws/install/my_simulation/share/my_simulation//models/pista23-1/creeper/creeper_11
-- Installing: /home/borg/colcon_ws/install/my_simulation/share/my_simulation//models/pista23-1/creeper/creeper_11/materials
-- Installing: /home/borg/colcon_ws/install/my_simulation/share/my_simulation//models/pista23-1/creeper/creeper_11/materials/scripts
-- Installing: /home/borg/colcon_ws/install/my_simulation/share/my_simulation//models/pista23-1/creeper/creeper_11/materials/scripts/creeper.material
-- Installing: /home/borg/colcon_ws/install/my_simulation/share/my_simulation//models/pista23-1/creeper/creeper_11/materials/textures
-- Installing: /home/borg/colcon_ws/install/my_simulation/share/my_simulation//models/pista23-1/creeper/creeper_11/materials/textures/MarkerData.png
-- Installing: /home/borg/colcon_ws/install/my_simulation/share/my_simulation//models/pista23-1/creeper/creeper_11/materials/textures/MarkerData.png.001.png
-- Installing: /home/borg/colcon_ws/install/my_simulation/share/my_simulation//models/pista23-1/creeper/creeper_11/materials/textures/creeper.dae
-- Installing: /home/borg/colcon_ws/install/my_simulation/share/my_simulation//models/pista23-1/creeper/creeper_11/model.config
-- Installing: /home/borg/colcon_ws/install/my_simulation/share/my_simulation//models/pista23-1/creeper/creeper_11/model.sdf
-- Installing: /home/borg/colcon_ws/install/my_simulation/share/my_simulation//models/pista23-1/creeper/creeper_11_rosa
-- Installing: /home/borg/colcon_ws/install/my_simulation/share/my_simulation//models/pista23-1/creeper/creeper_11_rosa/materials
-- Installing: /home/borg/colcon_ws/install/my_simulation/share/my_simulation//models/pista23-1/creeper/creeper_11_rosa/materials/scripts
-- Installing: /home/borg/colcon_ws/install/my_simulation/share/my_simulation//models/pista23-1/creeper/creeper_11_rosa/materials/scripts/creeper.material
-- Installing: /home/borg/colcon_ws/install/my_simulation/share/my_simulation//models/pista23-1/creeper/creeper_11_rosa/materials/textures
-- Installing: /home/borg/colcon_ws/install/my_simulation/share/my_simulation//models/pista23-1/creeper/creeper_11_rosa/materials/textures/MarkerData.png
-- Installing: /home/borg/colcon_ws/install/my_simulation/share/my_simulation//models/pista23-1/creeper/creeper_11_rosa/materials/textures/MarkerData.png.001.png
-- Installing: /home/borg/colcon_ws/install/my_simulation/share/my_simulation//models/pista23-1/creeper/creeper_11_rosa/materials/textures/creeper.dae
-- Installing: /home/borg/colcon_ws/install/my_simulation/share/my_simulation//models/pista23-1/creeper/creeper_11_rosa/model.config
-- Installing: /home/borg/colcon_ws/install/my_simulation/share/my_simulation//models/pista23-1/creeper/creeper_11_rosa/model.sdf
-- Installing: /home/borg/colcon_ws/install/my_simulation/share/my_simulation//models/pista23-1/creeper/creeper_11_verde
-- Installing: /home/borg/colcon_ws/install/my_simulation/share/my_simulation//models/pista23-1/creeper/creeper_11_verde/materials
-- Installing: /home/borg/colcon_ws/install/my_simulation/share/my_simulation//models/pista23-1/creeper/creeper_11_verde/materials/scripts
-- Installing: /home/borg/colcon_ws/install/my_simulation/share/my_simulation//models/pista23-1/creeper/creeper_11_verde/materials/scripts/creeper.material
-- Installing: /home/borg/colcon_ws/install/my_simulation/share/my_simulation//models/pista23-1/creeper/creeper_11_verde/materials/textures
-- Installing: /home/borg/colcon_ws/install/my_simulation/share/my_simulation//models/pista23-1/creeper/creeper_11_verde/materials/textures/MarkerData.png
-- Installing: /home/borg/colcon_ws/install/my_simulation/share/my_simulation//models/pista23-1/creeper/creeper_11_verde/materials/textures/MarkerData.png.001.png
-- Installing: /home/borg/colcon_ws/install/my_simulation/share/my_simulation//models/pista23-1/creeper/creeper_11_verde/materials/textures/MarkerData.png.001.png_old
-- Installing: /home/borg/colcon_ws/install/my_simulation/share/my_simulation//models/pista23-1/creeper/creeper_11_verde/materials/textures/MarkerData.png_old
-- Installing: /home/borg/colcon_ws/install/my_simulation/share/my_simulation//models/pista23-1/creeper/creeper_11_verde/materials/textures/creeper.dae
-- Installing: /home/borg/colcon_ws/install/my_simulation/share/my_simulation//models/pista23-1/creeper/creeper_11_verde/model.config
-- Installing: /home/borg/colcon_ws/install/my_simulation/share/my_simulation//models/pista23-1/creeper/creeper_11_verde/model.sdf
-- Installing: /home/borg/colcon_ws/install/my_simulation/share/my_simulation//models/pista23-1/creeper/creeper_11_vermelho
-- Installing: /home/borg/colcon_ws/install/my_simulation/share/my_simulation//models/pista23-1/creeper/creeper_11_vermelho/materials
-- Installing: /home/borg/colcon_ws/install/my_simulation/share/my_simulation//models/pista23-1/creeper/creeper_11_vermelho/materials/scripts
-- Installing: /home/borg/colcon_ws/install/my_simulation/share/my_simulation//models/pista23-1/creeper/creeper_11_vermelho/materials/scripts/creeper.material
-- Installing: /home/borg/colcon_ws/install/my_simulation/share/my_simulation//models/pista23-1/creeper/creeper_11_vermelho/materials/textures
-- Installing: /home/borg/colcon_ws/install/my_simulation/share/my_simulation//models/pista23-1/creeper/creeper_11_vermelho/materials/textures/MarkerData.png
-- Installing: /home/borg/colcon_ws/install/my_simulation/share/my_simulation//models/pista23-1/creeper/creeper_11_vermelho/materials/textures/MarkerData.png.001.png
-- Installing: /home/borg/colcon_ws/install/my_simulation/share/my_simulation//models/pista23-1/creeper/creeper_11_vermelho/materials/textures/MarkerData.png.001.png_old
-- Installing: /home/borg/colcon_ws/install/my_simulation/share/my_simulation//models/pista23-1/creeper/creeper_11_vermelho/materials/textures/MarkerData.png_old
-- Installing: /home/borg/colcon_ws/install/my_simulation/share/my_simulation//models/pista23-1/creeper/creeper_11_vermelho/materials/textures/creeper.dae
-- Installing: /home/borg/colcon_ws/install/my_simulation/share/my_simulation//models/pista23-1/creeper/creeper_11_vermelho/model.config
-- Installing: /home/borg/colcon_ws/install/my_simulation/share/my_simulation//models/pista23-1/creeper/creeper_11_vermelho/model.sdf
-- Installing: /home/borg/colcon_ws/install/my_simulation/share/my_simulation//models/pista23-1/creeper/creeper_12
-- Installing: /home/borg/colcon_ws/install/my_simulation/share/my_simulation//models/pista23-1/creeper/creeper_12/materials
-- Installing: /home/borg/colcon_ws/install/my_simulation/share/my_simulation//models/pista23-1/creeper/creeper_12/materials/scripts
-- Installing: /home/borg/colcon_ws/install/my_simulation/share/my_simulation//models/pista23-1/creeper/creeper_12/materials/scripts/creeper.material
-- Installing: /home/borg/colcon_ws/install/my_simulation/share/my_simulation//models/pista23-1/creeper/creeper_12/materials/textures
-- Installing: /home/borg/colcon_ws/install/my_simulation/share/my_simulation//models/pista23-1/creeper/creeper_12/materials/textures/MarkerData.png
-- Installing: /home/borg/colcon_ws/install/my_simulation/share/my_simulation//models/pista23-1/creeper/creeper_12/materials/textures/MarkerData.png.001.png
-- Installing: /home/borg/colcon_ws/install/my_simulation/share/my_simulation//models/pista23-1/creeper/creeper_12/materials/textures/creeper.dae
-- Installing: /home/borg/colcon_ws/install/my_simulation/share/my_simulation//models/pista23-1/creeper/creeper_12/model.config
-- Installing: /home/borg/colcon_ws/install/my_simulation/share/my_simulation//models/pista23-1/creeper/creeper_12/model.sdf
-- Installing: /home/borg/colcon_ws/install/my_simulation/share/my_simulation//models/pista23-1/creeper/creeper_12_rosa
-- Installing: /home/borg/colcon_ws/install/my_simulation/share/my_simulation//models/pista23-1/creeper/creeper_12_rosa/materials
-- Installing: /home/borg/colcon_ws/install/my_simulation/share/my_simulation//models/pista23-1/creeper/creeper_12_rosa/materials/scripts
-- Installing: /home/borg/colcon_ws/install/my_simulation/share/my_simulation//models/pista23-1/creeper/creeper_12_rosa/materials/scripts/creeper.material
-- Installing: /home/borg/colcon_ws/install/my_simulation/share/my_simulation//models/pista23-1/creeper/creeper_12_rosa/materials/textures
-- Installing: /home/borg/colcon_ws/install/my_simulation/share/my_simulation//models/pista23-1/creeper/creeper_12_rosa/materials/textures/MarkerData.png
-- Installing: /home/borg/colcon_ws/install/my_simulation/share/my_simulation//models/pista23-1/creeper/creeper_12_rosa/materials/textures/MarkerData.png.001.png
-- Installing: /home/borg/colcon_ws/install/my_simulation/share/my_simulation//models/pista23-1/creeper/creeper_12_rosa/materials/textures/creeper.dae
-- Installing: /home/borg/colcon_ws/install/my_simulation/share/my_simulation//models/pista23-1/creeper/creeper_12_rosa/model.config
-- Installing: /home/borg/colcon_ws/install/my_simulation/share/my_simulation//models/pista23-1/creeper/creeper_12_rosa/model.sdf
-- Installing: /home/borg/colcon_ws/install/my_simulation/share/my_simulation//models/pista23-1/creeper/creeper_12_verde
-- Installing: /home/borg/colcon_ws/install/my_simulation/share/my_simulation//models/pista23-1/creeper/creeper_12_verde/materials
-- Installing: /home/borg/colcon_ws/install/my_simulation/share/my_simulation//models/pista23-1/creeper/creeper_12_verde/materials/scripts
-- Installing: /home/borg/colcon_ws/install/my_simulation/share/my_simulation//models/pista23-1/creeper/creeper_12_verde/materials/scripts/creeper.material
-- Installing: /home/borg/colcon_ws/install/my_simulation/share/my_simulation//models/pista23-1/creeper/creeper_12_verde/materials/textures
-- Installing: /home/borg/colcon_ws/install/my_simulation/share/my_simulation//models/pista23-1/creeper/creeper_12_verde/materials/textures/MarkerData.png
-- Installing: /home/borg/colcon_ws/install/my_simulation/share/my_simulation//models/pista23-1/creeper/creeper_12_verde/materials/textures/MarkerData.png.001.png
-- Installing: /home/borg/colcon_ws/install/my_simulation/share/my_simulation//models/pista23-1/creeper/creeper_12_verde/materials/textures/creeper.dae
-- Installing: /home/borg/colcon_ws/install/my_simulation/share/my_simulation//models/pista23-1/creeper/creeper_12_verde/model.config
-- Installing: /home/borg/colcon_ws/install/my_simulation/share/my_simulation//models/pista23-1/creeper/creeper_12_verde/model.sdf
-- Installing: /home/borg/colcon_ws/install/my_simulation/share/my_simulation//models/pista23-1/creeper/creeper_21_vermelho
-- Installing: /home/borg/colcon_ws/install/my_simulation/share/my_simulation//models/pista23-1/creeper/creeper_21_vermelho/materials
-- Installing: /home/borg/colcon_ws/install/my_simulation/share/my_simulation//models/pista23-1/creeper/creeper_21_vermelho/materials/scripts
-- Installing: /home/borg/colcon_ws/install/my_simulation/share/my_simulation//models/pista23-1/creeper/creeper_21_vermelho/materials/scripts/creeper.material
-- Installing: /home/borg/colcon_ws/install/my_simulation/share/my_simulation//models/pista23-1/creeper/creeper_21_vermelho/materials/textures
-- Installing: /home/borg/colcon_ws/install/my_simulation/share/my_simulation//models/pista23-1/creeper/creeper_21_vermelho/materials/textures/MarkerData.png
-- Installing: /home/borg/colcon_ws/install/my_simulation/share/my_simulation//models/pista23-1/creeper/creeper_21_vermelho/materials/textures/MarkerData.png.001.png
-- Installing: /home/borg/colcon_ws/install/my_simulation/share/my_simulation//models/pista23-1/creeper/creeper_21_vermelho/materials/textures/MarkerData.png.001.png_old
-- Installing: /home/borg/colcon_ws/install/my_simulation/share/my_simulation//models/pista23-1/creeper/creeper_21_vermelho/materials/textures/MarkerData.png_old
-- Installing: /home/borg/colcon_ws/install/my_simulation/share/my_simulation//models/pista23-1/creeper/creeper_21_vermelho/materials/textures/creeper.dae
-- Installing: /home/borg/colcon_ws/install/my_simulation/share/my_simulation//models/pista23-1/creeper/creeper_21_vermelho/model.config
-- Installing: /home/borg/colcon_ws/install/my_simulation/share/my_simulation//models/pista23-1/creeper/creeper_21_vermelho/model.sdf
-- Installing: /home/borg/colcon_ws/install/my_simulation/share/my_simulation//models/pista23-1/mesa
-- Installing: /home/borg/colcon_ws/install/my_simulation/share/my_simulation//models/pista23-1/mesa/mesa_02
-- Installing: /home/borg/colcon_ws/install/my_simulation/share/my_simulation//models/pista23-1/mesa/mesa_02/model.config
-- Installing: /home/borg/colcon_ws/install/my_simulation/share/my_simulation//models/pista23-1/mesa/mesa_02/model.sdf
-- Installing: /home/borg/colcon_ws/install/my_simulation/share/my_simulation//models/pista23-1/mesa/mesa_03
-- Installing: /home/borg/colcon_ws/install/my_simulation/share/my_simulation//models/pista23-1/mesa/mesa_03/model.config
-- Installing: /home/borg/colcon_ws/install/my_simulation/share/my_simulation//models/pista23-1/mesa/mesa_03/model.sdf
-- Installing: /home/borg/colcon_ws/install/my_simulation/share/my_simulation//models/pista23-1/mesa/mesa_04
-- Installing: /home/borg/colcon_ws/install/my_simulation/share/my_simulation//models/pista23-1/mesa/mesa_04/model.config
-- Installing: /home/borg/colcon_ws/install/my_simulation/share/my_simulation//models/pista23-1/mesa/mesa_04/model.sdf
-- Installing: /home/borg/colcon_ws/install/my_simulation/share/my_simulation//models/pista23-1/mesa/mesa_05
-- Installing: /home/borg/colcon_ws/install/my_simulation/share/my_simulation//models/pista23-1/mesa/mesa_05/model.config
-- Installing: /home/borg/colcon_ws/install/my_simulation/share/my_simulation//models/pista23-1/mesa/mesa_05/model.sdf
-- Installing: /home/borg/colcon_ws/install/my_simulation/share/my_simulation//models/pista23-1/mesa/mesa_1
-- Installing: /home/borg/colcon_ws/install/my_simulation/share/my_simulation//models/pista23-1/mesa/mesa_1/model.config
-- Installing: /home/borg/colcon_ws/install/my_simulation/share/my_simulation//models/pista23-1/mesa/mesa_1/model.sdf
-- Installing: /home/borg/colcon_ws/install/my_simulation/share/my_simulation//models/pista23-1/objeto
-- Installing: /home/borg/colcon_ws/install/my_simulation/share/my_simulation//models/pista23-1/objeto/bicycle
-- Installing: /home/borg/colcon_ws/install/my_simulation/share/my_simulation//models/pista23-1/objeto/bicycle/materials
-- Installing: /home/borg/colcon_ws/install/my_simulation/share/my_simulation//models/pista23-1/objeto/bicycle/materials/scripts
-- Installing: /home/borg/colcon_ws/install/my_simulation/share/my_simulation//models/pista23-1/objeto/bicycle/materials/scripts/bicycle.material
-- Installing: /home/borg/colcon_ws/install/my_simulation/share/my_simulation//models/pista23-1/objeto/bicycle/materials/textures
-- Installing: /home/borg/colcon_ws/install/my_simulation/share/my_simulation//models/pista23-1/objeto/bicycle/materials/textures/bicycle.dae
-- Installing: /home/borg/colcon_ws/install/my_simulation/share/my_simulation//models/pista23-1/objeto/bicycle/materials/textures/bicycle.png
-- Installing: /home/borg/colcon_ws/install/my_simulation/share/my_simulation//models/pista23-1/objeto/bicycle/model.config
-- Installing: /home/borg/colcon_ws/install/my_simulation/share/my_simulation//models/pista23-1/objeto/bicycle/model.sdf
-- Installing: /home/borg/colcon_ws/install/my_simulation/share/my_simulation//models/pista23-1/objeto/bird
-- Installing: /home/borg/colcon_ws/install/my_simulation/share/my_simulation//models/pista23-1/objeto/bird/materials
-- Installing: /home/borg/colcon_ws/install/my_simulation/share/my_simulation//models/pista23-1/objeto/bird/materials/scripts
-- Installing: /home/borg/colcon_ws/install/my_simulation/share/my_simulation//models/pista23-1/objeto/bird/materials/scripts/bird.material
-- Installing: /home/borg/colcon_ws/install/my_simulation/share/my_simulation//models/pista23-1/objeto/bird/materials/textures
-- Installing: /home/borg/colcon_ws/install/my_simulation/share/my_simulation//models/pista23-1/objeto/bird/materials/textures/bird.dae
-- Installing: /home/borg/colcon_ws/install/my_simulation/share/my_simulation//models/pista23-1/objeto/bird/materials/textures/bird.png
-- Installing: /home/borg/colcon_ws/install/my_simulation/share/my_simulation//models/pista23-1/objeto/bird/model.config
-- Installing: /home/borg/colcon_ws/install/my_simulation/share/my_simulation//models/pista23-1/objeto/bird/model.sdf
-- Installing: /home/borg/colcon_ws/install/my_simulation/share/my_simulation//models/pista23-1/objeto/caixa_azul
-- Installing: /home/borg/colcon_ws/install/my_simulation/share/my_simulation//models/pista23-1/objeto/caixa_azul/model.config
-- Installing: /home/borg/colcon_ws/install/my_simulation/share/my_simulation//models/pista23-1/objeto/caixa_azul/model.sdf
-- Installing: /home/borg/colcon_ws/install/my_simulation/share/my_simulation//models/pista23-1/objeto/caixa_vermelha_01
-- Installing: /home/borg/colcon_ws/install/my_simulation/share/my_simulation//models/pista23-1/objeto/caixa_vermelha_01/model.config
-- Installing: /home/borg/colcon_ws/install/my_simulation/share/my_simulation//models/pista23-1/objeto/caixa_vermelha_01/model.sdf
-- Installing: /home/borg/colcon_ws/install/my_simulation/share/my_simulation//models/pista23-1/objeto/caixa_vermelha_02
-- Installing: /home/borg/colcon_ws/install/my_simulation/share/my_simulation//models/pista23-1/objeto/caixa_vermelha_02/model.config
-- Installing: /home/borg/colcon_ws/install/my_simulation/share/my_simulation//models/pista23-1/objeto/caixa_vermelha_02/model.sdf
-- Installing: /home/borg/colcon_ws/install/my_simulation/share/my_simulation//models/pista23-1/objeto/cat
-- Installing: /home/borg/colcon_ws/install/my_simulation/share/my_simulation//models/pista23-1/objeto/cat/materials
-- Installing: /home/borg/colcon_ws/install/my_simulation/share/my_simulation//models/pista23-1/objeto/cat/materials/scripts
-- Installing: /home/borg/colcon_ws/install/my_simulation/share/my_simulation//models/pista23-1/objeto/cat/materials/scripts/cat.material
-- Installing: /home/borg/colcon_ws/install/my_simulation/share/my_simulation//models/pista23-1/objeto/cat/materials/textures
-- Installing: /home/borg/colcon_ws/install/my_simulation/share/my_simulation//models/pista23-1/objeto/cat/materials/textures/cat.dae
-- Installing: /home/borg/colcon_ws/install/my_simulation/share/my_simulation//models/pista23-1/objeto/cat/materials/textures/cat.png
-- Installing: /home/borg/colcon_ws/install/my_simulation/share/my_simulation//models/pista23-1/objeto/cat/model.config
-- Installing: /home/borg/colcon_ws/install/my_simulation/share/my_simulation//models/pista23-1/objeto/cat/model.sdf
-- Installing: /home/borg/colcon_ws/install/my_simulation/share/my_simulation//models/pista23-1/objeto/dog
-- Installing: /home/borg/colcon_ws/install/my_simulation/share/my_simulation//models/pista23-1/objeto/dog/materials
-- Installing: /home/borg/colcon_ws/install/my_simulation/share/my_simulation//models/pista23-1/objeto/dog/materials/scripts
-- Installing: /home/borg/colcon_ws/install/my_simulation/share/my_simulation//models/pista23-1/objeto/dog/materials/scripts/dog.material
-- Installing: /home/borg/colcon_ws/install/my_simulation/share/my_simulation//models/pista23-1/objeto/dog/materials/textures
-- Installing: /home/borg/colcon_ws/install/my_simulation/share/my_simulation//models/pista23-1/objeto/dog/materials/textures/dog.dae
-- Installing: /home/borg/colcon_ws/install/my_simulation/share/my_simulation//models/pista23-1/objeto/dog/materials/textures/dog.png
-- Installing: /home/borg/colcon_ws/install/my_simulation/share/my_simulation//models/pista23-1/objeto/dog/model.config
-- Installing: /home/borg/colcon_ws/install/my_simulation/share/my_simulation//models/pista23-1/objeto/dog/model.sdf
-- Installing: /home/borg/colcon_ws/install/my_simulation/share/my_simulation//models/pista23-1/objeto/horse
-- Installing: /home/borg/colcon_ws/install/my_simulation/share/my_simulation//models/pista23-1/objeto/horse/materials
-- Installing: /home/borg/colcon_ws/install/my_simulation/share/my_simulation//models/pista23-1/objeto/horse/materials/scripts
-- Installing: /home/borg/colcon_ws/install/my_simulation/share/my_simulation//models/pista23-1/objeto/horse/materials/scripts/horse.material
-- Installing: /home/borg/colcon_ws/install/my_simulation/share/my_simulation//models/pista23-1/objeto/horse/materials/textures
-- Installing: /home/borg/colcon_ws/install/my_simulation/share/my_simulation//models/pista23-1/objeto/horse/materials/textures/horse.png
-- Installing: /home/borg/colcon_ws/install/my_simulation/share/my_simulation//models/pista23-1/objeto/horse/model.config
-- Installing: /home/borg/colcon_ws/install/my_simulation/share/my_simulation//models/pista23-1/objeto/horse/model.sdf
-- Installing: /home/borg/colcon_ws/install/my_simulation/share/my_simulation//models/pista23-1/parede
-- Installing: /home/borg/colcon_ws/install/my_simulation/share/my_simulation//models/pista23-1/parede/model.config
-- Installing: /home/borg/colcon_ws/install/my_simulation/share/my_simulation//models/pista23-1/parede/model.sdf
-- Installing: /home/borg/colcon_ws/install/my_simulation/share/my_simulation//models/pista23-1/pisosala
-- Installing: /home/borg/colcon_ws/install/my_simulation/share/my_simulation//models/pista23-1/pisosala/materials
-- Installing: /home/borg/colcon_ws/install/my_simulation/share/my_simulation//models/pista23-1/pisosala/materials/scripts
-- Installing: /home/borg/colcon_ws/install/my_simulation/share/my_simulation//models/pista23-1/pisosala/materials/scripts/pisosala.material
-- Installing: /home/borg/colcon_ws/install/my_simulation/share/my_simulation//models/pista23-1/pisosala/materials/textures
-- Installing: /home/borg/colcon_ws/install/my_simulation/share/my_simulation//models/pista23-1/pisosala/materials/textures/pisosala - antigo.png
-- Installing: /home/borg/colcon_ws/install/my_simulation/share/my_simulation//models/pista23-1/pisosala/materials/textures/pisosala.png
-- Installing: /home/borg/colcon_ws/install/my_simulation/share/my_simulation//models/pista23-1/pisosala/materials/textures/pisosala_cuenca.png
-- Installing: /home/borg/colcon_ws/install/my_simulation/share/my_simulation//models/pista23-1/pisosala/model.config
-- Installing: /home/borg/colcon_ws/install/my_simulation/share/my_simulation//models/pista23-1/pisosala/model.sdf
-- Installing: /home/borg/colcon_ws/install/my_simulation/share/my_simulation//models/pista23-B
-- Installing: /home/borg/colcon_ws/install/my_simulation/share/my_simulation//models/pista23-B/creeper
-- Installing: /home/borg/colcon_ws/install/my_simulation/share/my_simulation//models/pista23-B/creeper/aruco_100
-- Installing: /home/borg/colcon_ws/install/my_simulation/share/my_simulation//models/pista23-B/creeper/aruco_100/materials
-- Installing: /home/borg/colcon_ws/install/my_simulation/share/my_simulation//models/pista23-B/creeper/aruco_100/materials/scripts
-- Installing: /home/borg/colcon_ws/install/my_simulation/share/my_simulation//models/pista23-B/creeper/aruco_100/materials/scripts/creeper.material
-- Installing: /home/borg/colcon_ws/install/my_simulation/share/my_simulation//models/pista23-B/creeper/aruco_100/materials/textures
-- Installing: /home/borg/colcon_ws/install/my_simulation/share/my_simulation//models/pista23-B/creeper/aruco_100/materials/textures/caixa.dae
-- Installing: /home/borg/colcon_ws/install/my_simulation/share/my_simulation//models/pista23-B/creeper/aruco_100/materials/textures/caixa.png
-- Installing: /home/borg/colcon_ws/install/my_simulation/share/my_simulation//models/pista23-B/creeper/aruco_100/materials/textures/caixa.png_old
-- Installing: /home/borg/colcon_ws/install/my_simulation/share/my_simulation//models/pista23-B/creeper/aruco_100/model.config
-- Installing: /home/borg/colcon_ws/install/my_simulation/share/my_simulation//models/pista23-B/creeper/aruco_100/model.sdf
-- Installing: /home/borg/colcon_ws/install/my_simulation/share/my_simulation//models/pista23-B/creeper/aruco_150
-- Installing: /home/borg/colcon_ws/install/my_simulation/share/my_simulation//models/pista23-B/creeper/aruco_150/materials
-- Installing: /home/borg/colcon_ws/install/my_simulation/share/my_simulation//models/pista23-B/creeper/aruco_150/materials/scripts
-- Installing: /home/borg/colcon_ws/install/my_simulation/share/my_simulation//models/pista23-B/creeper/aruco_150/materials/scripts/creeper.material
-- Installing: /home/borg/colcon_ws/install/my_simulation/share/my_simulation//models/pista23-B/creeper/aruco_150/materials/textures
-- Installing: /home/borg/colcon_ws/install/my_simulation/share/my_simulation//models/pista23-B/creeper/aruco_150/materials/textures/caixa.dae
-- Installing: /home/borg/colcon_ws/install/my_simulation/share/my_simulation//models/pista23-B/creeper/aruco_150/materials/textures/caixa.png
-- Installing: /home/borg/colcon_ws/install/my_simulation/share/my_simulation//models/pista23-B/creeper/aruco_150/materials/textures/caixa.png_old
-- Installing: /home/borg/colcon_ws/install/my_simulation/share/my_simulation//models/pista23-B/creeper/aruco_150/model.config
-- Installing: /home/borg/colcon_ws/install/my_simulation/share/my_simulation//models/pista23-B/creeper/aruco_150/model.sdf
-- Installing: /home/borg/colcon_ws/install/my_simulation/share/my_simulation//models/pista23-B/creeper/aruco_25
-- Installing: /home/borg/colcon_ws/install/my_simulation/share/my_simulation//models/pista23-B/creeper/aruco_25/materials
-- Installing: /home/borg/colcon_ws/install/my_simulation/share/my_simulation//models/pista23-B/creeper/aruco_25/materials/scripts
-- Installing: /home/borg/colcon_ws/install/my_simulation/share/my_simulation//models/pista23-B/creeper/aruco_25/materials/scripts/creeper.material
-- Installing: /home/borg/colcon_ws/install/my_simulation/share/my_simulation//models/pista23-B/creeper/aruco_25/materials/textures
-- Installing: /home/borg/colcon_ws/install/my_simulation/share/my_simulation//models/pista23-B/creeper/aruco_25/materials/textures/caixa.dae
-- Installing: /home/borg/colcon_ws/install/my_simulation/share/my_simulation//models/pista23-B/creeper/aruco_25/materials/textures/caixa.png
-- Installing: /home/borg/colcon_ws/install/my_simulation/share/my_simulation//models/pista23-B/creeper/aruco_25/materials/textures/caixa.png_old
-- Installing: /home/borg/colcon_ws/install/my_simulation/share/my_simulation//models/pista23-B/creeper/aruco_25/model.config
-- Installing: /home/borg/colcon_ws/install/my_simulation/share/my_simulation//models/pista23-B/creeper/aruco_25/model.sdf
-- Installing: /home/borg/colcon_ws/install/my_simulation/share/my_simulation//models/pista23-B/creeper/aruco_250
-- Installing: /home/borg/colcon_ws/install/my_simulation/share/my_simulation//models/pista23-B/creeper/aruco_250/materials
-- Installing: /home/borg/colcon_ws/install/my_simulation/share/my_simulation//models/pista23-B/creeper/aruco_250/materials/scripts
-- Installing: /home/borg/colcon_ws/install/my_simulation/share/my_simulation//models/pista23-B/creeper/aruco_250/materials/scripts/creeper.material
-- Installing: /home/borg/colcon_ws/install/my_simulation/share/my_simulation//models/pista23-B/creeper/aruco_250/materials/textures
-- Installing: /home/borg/colcon_ws/install/my_simulation/share/my_simulation//models/pista23-B/creeper/aruco_250/materials/textures/caixa.dae
-- Installing: /home/borg/colcon_ws/install/my_simulation/share/my_simulation//models/pista23-B/creeper/aruco_250/materials/textures/caixa.png
-- Installing: /home/borg/colcon_ws/install/my_simulation/share/my_simulation//models/pista23-B/creeper/aruco_250/materials/textures/caixa.png_old
-- Installing: /home/borg/colcon_ws/install/my_simulation/share/my_simulation//models/pista23-B/creeper/aruco_250/model.config
-- Installing: /home/borg/colcon_ws/install/my_simulation/share/my_simulation//models/pista23-B/creeper/aruco_250/model.sdf
-- Installing: /home/borg/colcon_ws/install/my_simulation/share/my_simulation//models/pista23-B/creeper/creeper_11_azul
-- Installing: /home/borg/colcon_ws/install/my_simulation/share/my_simulation//models/pista23-B/creeper/creeper_11_azul/materials
-- Installing: /home/borg/colcon_ws/install/my_simulation/share/my_simulation//models/pista23-B/creeper/creeper_11_azul/materials/scripts
-- Installing: /home/borg/colcon_ws/install/my_simulation/share/my_simulation//models/pista23-B/creeper/creeper_11_azul/materials/scripts/creeper.material
-- Installing: /home/borg/colcon_ws/install/my_simulation/share/my_simulation//models/pista23-B/creeper/creeper_11_azul/materials/textures
-- Installing: /home/borg/colcon_ws/install/my_simulation/share/my_simulation//models/pista23-B/creeper/creeper_11_azul/materials/textures/MarkerData.png
-- Installing: /home/borg/colcon_ws/install/my_simulation/share/my_simulation//models/pista23-B/creeper/creeper_11_azul/materials/textures/MarkerData.png.001.png
-- Installing: /home/borg/colcon_ws/install/my_simulation/share/my_simulation//models/pista23-B/creeper/creeper_11_azul/materials/textures/creeper.dae
-- Installing: /home/borg/colcon_ws/install/my_simulation/share/my_simulation//models/pista23-B/creeper/creeper_11_azul/model.sdf
-- Installing: /home/borg/colcon_ws/install/my_simulation/share/my_simulation//models/pista23-B/creeper/creeper_11_azul/model.config
-- Installing: /home/borg/colcon_ws/install/my_simulation/share/my_simulation//models/pista23-B/creeper/creeper_13_verde
-- Installing: /home/borg/colcon_ws/install/my_simulation/share/my_simulation//models/pista23-B/creeper/creeper_13_verde/materials
-- Installing: /home/borg/colcon_ws/install/my_simulation/share/my_simulation//models/pista23-B/creeper/creeper_13_verde/materials/scripts
-- Installing: /home/borg/colcon_ws/install/my_simulation/share/my_simulation//models/pista23-B/creeper/creeper_13_verde/materials/scripts/creeper.material
-- Installing: /home/borg/colcon_ws/install/my_simulation/share/my_simulation//models/pista23-B/creeper/creeper_13_verde/materials/textures
-- Installing: /home/borg/colcon_ws/install/my_simulation/share/my_simulation//models/pista23-B/creeper/creeper_13_verde/materials/textures/MarkerData.png
-- Installing: /home/borg/colcon_ws/install/my_simulation/share/my_simulation//models/pista23-B/creeper/creeper_13_verde/materials/textures/MarkerData.png.001.png
-- Installing: /home/borg/colcon_ws/install/my_simulation/share/my_simulation//models/pista23-B/creeper/creeper_13_verde/materials/textures/MarkerData.png.001.png_old
-- Installing: /home/borg/colcon_ws/install/my_simulation/share/my_simulation//models/pista23-B/creeper/creeper_13_verde/materials/textures/MarkerData.png_old
-- Installing: /home/borg/colcon_ws/install/my_simulation/share/my_simulation//models/pista23-B/creeper/creeper_13_verde/materials/textures/creeper.dae
-- Installing: /home/borg/colcon_ws/install/my_simulation/share/my_simulation//models/pista23-B/creeper/creeper_13_verde/model.sdf
-- Installing: /home/borg/colcon_ws/install/my_simulation/share/my_simulation//models/pista23-B/creeper/creeper_13_verde/model.config
-- Installing: /home/borg/colcon_ws/install/my_simulation/share/my_simulation//models/pista23-B/creeper/creeper_21_azul
-- Installing: /home/borg/colcon_ws/install/my_simulation/share/my_simulation//models/pista23-B/creeper/creeper_21_azul/materials
-- Installing: /home/borg/colcon_ws/install/my_simulation/share/my_simulation//models/pista23-B/creeper/creeper_21_azul/materials/scripts
-- Installing: /home/borg/colcon_ws/install/my_simulation/share/my_simulation//models/pista23-B/creeper/creeper_21_azul/materials/scripts/creeper.material
-- Installing: /home/borg/colcon_ws/install/my_simulation/share/my_simulation//models/pista23-B/creeper/creeper_21_azul/materials/textures
-- Installing: /home/borg/colcon_ws/install/my_simulation/share/my_simulation//models/pista23-B/creeper/creeper_21_azul/materials/textures/MarkerData.png
-- Installing: /home/borg/colcon_ws/install/my_simulation/share/my_simulation//models/pista23-B/creeper/creeper_21_azul/materials/textures/MarkerData.png.001.png
-- Installing: /home/borg/colcon_ws/install/my_simulation/share/my_simulation//models/pista23-B/creeper/creeper_21_azul/materials/textures/creeper.dae
-- Installing: /home/borg/colcon_ws/install/my_simulation/share/my_simulation//models/pista23-B/creeper/creeper_21_azul/model.sdf
-- Installing: /home/borg/colcon_ws/install/my_simulation/share/my_simulation//models/pista23-B/creeper/creeper_21_azul/model.config
-- Installing: /home/borg/colcon_ws/install/my_simulation/share/my_simulation//models/pista23-B/creeper/creeper_32_verde
-- Installing: /home/borg/colcon_ws/install/my_simulation/share/my_simulation//models/pista23-B/creeper/creeper_32_verde/materials
-- Installing: /home/borg/colcon_ws/install/my_simulation/share/my_simulation//models/pista23-B/creeper/creeper_32_verde/materials/scripts
-- Installing: /home/borg/colcon_ws/install/my_simulation/share/my_simulation//models/pista23-B/creeper/creeper_32_verde/materials/scripts/creeper.material
-- Installing: /home/borg/colcon_ws/install/my_simulation/share/my_simulation//models/pista23-B/creeper/creeper_32_verde/materials/textures
-- Installing: /home/borg/colcon_ws/install/my_simulation/share/my_simulation//models/pista23-B/creeper/creeper_32_verde/materials/textures/MarkerData.png
-- Installing: /home/borg/colcon_ws/install/my_simulation/share/my_simulation//models/pista23-B/creeper/creeper_32_verde/materials/textures/MarkerData.png.001.png
-- Installing: /home/borg/colcon_ws/install/my_simulation/share/my_simulation//models/pista23-B/creeper/creeper_32_verde/materials/textures/creeper.dae
-- Installing: /home/borg/colcon_ws/install/my_simulation/share/my_simulation//models/pista23-B/creeper/creeper_32_verde/model.sdf
-- Installing: /home/borg/colcon_ws/install/my_simulation/share/my_simulation//models/pista23-B/creeper/creeper_32_verde/model.config
-- Installing: /home/borg/colcon_ws/install/my_simulation/share/my_simulation//models/pista23-B/mesa
-- Installing: /home/borg/colcon_ws/install/my_simulation/share/my_simulation//models/pista23-B/mesa/mesa_02
-- Installing: /home/borg/colcon_ws/install/my_simulation/share/my_simulation//models/pista23-B/mesa/mesa_02/model.config
-- Installing: /home/borg/colcon_ws/install/my_simulation/share/my_simulation//models/pista23-B/mesa/mesa_02/model.sdf
-- Installing: /home/borg/colcon_ws/install/my_simulation/share/my_simulation//models/pista23-B/mesa/mesa_03
-- Installing: /home/borg/colcon_ws/install/my_simulation/share/my_simulation//models/pista23-B/mesa/mesa_03/model.config
-- Installing: /home/borg/colcon_ws/install/my_simulation/share/my_simulation//models/pista23-B/mesa/mesa_03/model.sdf
-- Installing: /home/borg/colcon_ws/install/my_simulation/share/my_simulation//models/pista23-B/mesa/mesa_04
-- Installing: /home/borg/colcon_ws/install/my_simulation/share/my_simulation//models/pista23-B/mesa/mesa_04/model.config
-- Installing: /home/borg/colcon_ws/install/my_simulation/share/my_simulation//models/pista23-B/mesa/mesa_04/model.sdf
-- Installing: /home/borg/colcon_ws/install/my_simulation/share/my_simulation//models/pista23-B/mesa/mesa_05
-- Installing: /home/borg/colcon_ws/install/my_simulation/share/my_simulation//models/pista23-B/mesa/mesa_05/model.config
-- Installing: /home/borg/colcon_ws/install/my_simulation/share/my_simulation//models/pista23-B/mesa/mesa_05/model.sdf
-- Installing: /home/borg/colcon_ws/install/my_simulation/share/my_simulation//models/pista23-B/mesa/mesa_1
-- Installing: /home/borg/colcon_ws/install/my_simulation/share/my_simulation//models/pista23-B/mesa/mesa_1/model.config
-- Installing: /home/borg/colcon_ws/install/my_simulation/share/my_simulation//models/pista23-B/mesa/mesa_1/model.sdf
-- Installing: /home/borg/colcon_ws/install/my_simulation/share/my_simulation//models/pista23-B/objeto
-- Installing: /home/borg/colcon_ws/install/my_simulation/share/my_simulation//models/pista23-B/objeto/bicycle
-- Installing: /home/borg/colcon_ws/install/my_simulation/share/my_simulation//models/pista23-B/objeto/bicycle/materials
-- Installing: /home/borg/colcon_ws/install/my_simulation/share/my_simulation//models/pista23-B/objeto/bicycle/materials/scripts
-- Installing: /home/borg/colcon_ws/install/my_simulation/share/my_simulation//models/pista23-B/objeto/bicycle/materials/scripts/bicycle.material
-- Installing: /home/borg/colcon_ws/install/my_simulation/share/my_simulation//models/pista23-B/objeto/bicycle/materials/textures
-- Installing: /home/borg/colcon_ws/install/my_simulation/share/my_simulation//models/pista23-B/objeto/bicycle/materials/textures/bicycle.dae
-- Installing: /home/borg/colcon_ws/install/my_simulation/share/my_simulation//models/pista23-B/objeto/bicycle/materials/textures/bicycle.png
-- Installing: /home/borg/colcon_ws/install/my_simulation/share/my_simulation//models/pista23-B/objeto/bicycle/model.config
-- Installing: /home/borg/colcon_ws/install/my_simulation/share/my_simulation//models/pista23-B/objeto/bicycle/model.sdf
-- Installing: /home/borg/colcon_ws/install/my_simulation/share/my_simulation//models/pista23-B/objeto/bird
-- Installing: /home/borg/colcon_ws/install/my_simulation/share/my_simulation//models/pista23-B/objeto/bird/materials
-- Installing: /home/borg/colcon_ws/install/my_simulation/share/my_simulation//models/pista23-B/objeto/bird/materials/scripts
-- Installing: /home/borg/colcon_ws/install/my_simulation/share/my_simulation//models/pista23-B/objeto/bird/materials/scripts/bird.material
-- Installing: /home/borg/colcon_ws/install/my_simulation/share/my_simulation//models/pista23-B/objeto/bird/materials/textures
-- Installing: /home/borg/colcon_ws/install/my_simulation/share/my_simulation//models/pista23-B/objeto/bird/materials/textures/bird.dae
-- Installing: /home/borg/colcon_ws/install/my_simulation/share/my_simulation//models/pista23-B/objeto/bird/materials/textures/bird.png
-- Installing: /home/borg/colcon_ws/install/my_simulation/share/my_simulation//models/pista23-B/objeto/bird/model.config
-- Installing: /home/borg/colcon_ws/install/my_simulation/share/my_simulation//models/pista23-B/objeto/bird/model.sdf
-- Installing: /home/borg/colcon_ws/install/my_simulation/share/my_simulation//models/pista23-B/objeto/caixa_azul
-- Installing: /home/borg/colcon_ws/install/my_simulation/share/my_simulation//models/pista23-B/objeto/caixa_azul/model.config
-- Installing: /home/borg/colcon_ws/install/my_simulation/share/my_simulation//models/pista23-B/objeto/caixa_azul/model.sdf
-- Installing: /home/borg/colcon_ws/install/my_simulation/share/my_simulation//models/pista23-B/objeto/caixa_vermelha_01
-- Installing: /home/borg/colcon_ws/install/my_simulation/share/my_simulation//models/pista23-B/objeto/caixa_vermelha_01/model.config
-- Installing: /home/borg/colcon_ws/install/my_simulation/share/my_simulation//models/pista23-B/objeto/caixa_vermelha_01/model.sdf
-- Installing: /home/borg/colcon_ws/install/my_simulation/share/my_simulation//models/pista23-B/objeto/caixa_vermelha_02
-- Installing: /home/borg/colcon_ws/install/my_simulation/share/my_simulation//models/pista23-B/objeto/caixa_vermelha_02/model.config
-- Installing: /home/borg/colcon_ws/install/my_simulation/share/my_simulation//models/pista23-B/objeto/caixa_vermelha_02/model.sdf
-- Installing: /home/borg/colcon_ws/install/my_simulation/share/my_simulation//models/pista23-B/objeto/cat
-- Installing: /home/borg/colcon_ws/install/my_simulation/share/my_simulation//models/pista23-B/objeto/cat/materials
-- Installing: /home/borg/colcon_ws/install/my_simulation/share/my_simulation//models/pista23-B/objeto/cat/materials/scripts
-- Installing: /home/borg/colcon_ws/install/my_simulation/share/my_simulation//models/pista23-B/objeto/cat/materials/scripts/cat.material
-- Installing: /home/borg/colcon_ws/install/my_simulation/share/my_simulation//models/pista23-B/objeto/cat/materials/textures
-- Installing: /home/borg/colcon_ws/install/my_simulation/share/my_simulation//models/pista23-B/objeto/cat/materials/textures/cat.dae
-- Installing: /home/borg/colcon_ws/install/my_simulation/share/my_simulation//models/pista23-B/objeto/cat/materials/textures/cat.png
-- Installing: /home/borg/colcon_ws/install/my_simulation/share/my_simulation//models/pista23-B/objeto/cat/model.config
-- Installing: /home/borg/colcon_ws/install/my_simulation/share/my_simulation//models/pista23-B/objeto/cat/model.sdf
-- Installing: /home/borg/colcon_ws/install/my_simulation/share/my_simulation//models/pista23-B/objeto/dog
-- Installing: /home/borg/colcon_ws/install/my_simulation/share/my_simulation//models/pista23-B/objeto/dog/materials
-- Installing: /home/borg/colcon_ws/install/my_simulation/share/my_simulation//models/pista23-B/objeto/dog/materials/scripts
-- Installing: /home/borg/colcon_ws/install/my_simulation/share/my_simulation//models/pista23-B/objeto/dog/materials/scripts/dog.material
-- Installing: /home/borg/colcon_ws/install/my_simulation/share/my_simulation//models/pista23-B/objeto/dog/materials/textures
-- Installing: /home/borg/colcon_ws/install/my_simulation/share/my_simulation//models/pista23-B/objeto/dog/materials/textures/dog.dae
-- Installing: /home/borg/colcon_ws/install/my_simulation/share/my_simulation//models/pista23-B/objeto/dog/materials/textures/dog.png
-- Installing: /home/borg/colcon_ws/install/my_simulation/share/my_simulation//models/pista23-B/objeto/dog/model.config
-- Installing: /home/borg/colcon_ws/install/my_simulation/share/my_simulation//models/pista23-B/objeto/dog/model.sdf
-- Installing: /home/borg/colcon_ws/install/my_simulation/share/my_simulation//models/pista23-B/objeto/horse
-- Installing: /home/borg/colcon_ws/install/my_simulation/share/my_simulation//models/pista23-B/objeto/horse/materials
-- Installing: /home/borg/colcon_ws/install/my_simulation/share/my_simulation//models/pista23-B/objeto/horse/materials/scripts
-- Installing: /home/borg/colcon_ws/install/my_simulation/share/my_simulation//models/pista23-B/objeto/horse/materials/scripts/horse.material
-- Installing: /home/borg/colcon_ws/install/my_simulation/share/my_simulation//models/pista23-B/objeto/horse/materials/textures
-- Installing: /home/borg/colcon_ws/install/my_simulation/share/my_simulation//models/pista23-B/objeto/horse/materials/textures/horse.png
-- Installing: /home/borg/colcon_ws/install/my_simulation/share/my_simulation//models/pista23-B/objeto/horse/model.config
-- Installing: /home/borg/colcon_ws/install/my_simulation/share/my_simulation//models/pista23-B/objeto/horse/model.sdf
-- Installing: /home/borg/colcon_ws/install/my_simulation/share/my_simulation//models/pista23-B/parede
-- Installing: /home/borg/colcon_ws/install/my_simulation/share/my_simulation//models/pista23-B/parede/model.config
-- Installing: /home/borg/colcon_ws/install/my_simulation/share/my_simulation//models/pista23-B/parede/model.sdf
-- Installing: /home/borg/colcon_ws/install/my_simulation/share/my_simulation//models/pista23-B/pisosala
-- Installing: /home/borg/colcon_ws/install/my_simulation/share/my_simulation//models/pista23-B/pisosala/materials
-- Installing: /home/borg/colcon_ws/install/my_simulation/share/my_simulation//models/pista23-B/pisosala/materials/scripts
-- Installing: /home/borg/colcon_ws/install/my_simulation/share/my_simulation//models/pista23-B/pisosala/materials/scripts/pisosala.material
-- Installing: /home/borg/colcon_ws/install/my_simulation/share/my_simulation//models/pista23-B/pisosala/materials/textures
-- Installing: /home/borg/colcon_ws/install/my_simulation/share/my_simulation//models/pista23-B/pisosala/materials/textures/pisosala - antigo.png
-- Installing: /home/borg/colcon_ws/install/my_simulation/share/my_simulation//models/pista23-B/pisosala/materials/textures/pisosala.png
-- Installing: /home/borg/colcon_ws/install/my_simulation/share/my_simulation//models/pista23-B/pisosala/materials/textures/pisosala_cuenca.png
-- Installing: /home/borg/colcon_ws/install/my_simulation/share/my_simulation//models/pista23-B/pisosala/model.config
-- Installing: /home/borg/colcon_ws/install/my_simulation/share/my_simulation//models/pista23-B/pisosala/model.sdf
-- Installing: /home/borg/colcon_ws/install/my_simulation/share/my_simulation//rviz
-- Installing: /home/borg/colcon_ws/install/my_simulation/share/my_simulation//rviz/tb3_gazebo.rviz
-- Installing: /home/borg/colcon_ws/install/my_simulation/share/my_simulation//urdf
-- Installing: /home/borg/colcon_ws/install/my_simulation/share/my_simulation//urdf/common_properties.urdf
-- Installing: /home/borg/colcon_ws/install/my_simulation/share/my_simulation//urdf/turtlebot3_burger.urdf
-- Installing: /home/borg/colcon_ws/install/my_simulation/share/my_simulation//urdf/turtlebot3_waffle.urdf
-- Installing: /home/borg/colcon_ws/install/my_simulation/share/my_simulation//urdf/turtlebot3_waffle_pi.urdf
-- Installing: /home/borg/colcon_ws/install/my_simulation/share/my_simulation//urdf/common_properties.xacro
-- Installing: /home/borg/colcon_ws/install/my_simulation/share/my_simulation//urdf/mybot.gazebo.urdf
-- Installing: /home/borg/colcon_ws/install/my_simulation/share/my_simulation//urdf/mybot.gazebo.xacro
-- Installing: /home/borg/colcon_ws/install/my_simulation/share/my_simulation//urdf/mybot.urdf
-- Installing: /home/borg/colcon_ws/install/my_simulation/share/my_simulation//urdf/mybot.urdf.xacro
-- Installing: /home/borg/colcon_ws/install/my_simulation/share/my_simulation//urdf/meshes
-- Installing: /home/borg/colcon_ws/install/my_simulation/share/my_simulation//urdf/meshes/bases
-- Installing: /home/borg/colcon_ws/install/my_simulation/share/my_simulation//urdf/meshes/bases/burger_base.stl
-- Installing: /home/borg/colcon_ws/install/my_simulation/share/my_simulation//urdf/meshes/garra
-- Installing: /home/borg/colcon_ws/install/my_simulation/share/my_simulation//urdf/meshes/garra/arm.dae
-- Installing: /home/borg/colcon_ws/install/my_simulation/share/my_simulation//urdf/meshes/garra/arm.stl
-- Installing: /home/borg/colcon_ws/install/my_simulation/share/my_simulation//urdf/meshes/garra/base_camera1.dae
-- Installing: /home/borg/colcon_ws/install/my_simulation/share/my_simulation//urdf/meshes/garra/base_camera1.stl
-- Installing: /home/borg/colcon_ws/install/my_simulation/share/my_simulation//urdf/meshes/garra/base_link_garra.dae
-- Installing: /home/borg/colcon_ws/install/my_simulation/share/my_simulation//urdf/meshes/garra/base_link_garra.stl
-- Installing: /home/borg/colcon_ws/install/my_simulation/share/my_simulation//urdf/meshes/garra/direita.dae
-- Installing: /home/borg/colcon_ws/install/my_simulation/share/my_simulation//urdf/meshes/garra/direita.stl
-- Installing: /home/borg/colcon_ws/install/my_simulation/share/my_simulation//urdf/meshes/garra/esquerda.dae
-- Installing: /home/borg/colcon_ws/install/my_simulation/share/my_simulation//urdf/meshes/garra/esquerda.stl
-- Installing: /home/borg/colcon_ws/install/my_simulation/share/my_simulation//urdf/meshes/garra/garra1garrabraco1.stl
-- Installing: /home/borg/colcon_ws/install/my_simulation/share/my_simulation//urdf/meshes/garra/garra1garradireita1.stl
-- Installing: /home/borg/colcon_ws/install/my_simulation/share/my_simulation//urdf/meshes/garra/garra1garraesquerda1.stl
-- Installing: /home/borg/colcon_ws/install/my_simulation/share/my_simulation//urdf/meshes/garra/lat11.dae
-- Installing: /home/borg/colcon_ws/install/my_simulation/share/my_simulation//urdf/meshes/garra/lat11.stl
-- Installing: /home/borg/colcon_ws/install/my_simulation/share/my_simulation//urdf/meshes/garra/lat21.dae
-- Installing: /home/borg/colcon_ws/install/my_simulation/share/my_simulation//urdf/meshes/garra/lat21.stl
-- Installing: /home/borg/colcon_ws/install/my_simulation/share/my_simulation//urdf/meshes/garra/lat31.dae
-- Installing: /home/borg/colcon_ws/install/my_simulation/share/my_simulation//urdf/meshes/garra/lat31.stl
-- Installing: /home/borg/colcon_ws/install/my_simulation/share/my_simulation//urdf/meshes/garra/servo_garra1.dae
-- Installing: /home/borg/colcon_ws/install/my_simulation/share/my_simulation//urdf/meshes/garra/servo_garra1.stl
-- Installing: /home/borg/colcon_ws/install/my_simulation/share/my_simulation//urdf/meshes/sensors
-- Installing: /home/borg/colcon_ws/install/my_simulation/share/my_simulation//urdf/meshes/sensors/arm.dae
-- Installing: /home/borg/colcon_ws/install/my_simulation/share/my_simulation//urdf/meshes/sensors/arm.stl
-- Installing: /home/borg/colcon_ws/install/my_simulation/share/my_simulation//urdf/meshes/sensors/astra.dae
-- Installing: /home/borg/colcon_ws/install/my_simulation/share/my_simulation//urdf/meshes/sensors/astra.jpg
-- Installing: /home/borg/colcon_ws/install/my_simulation/share/my_simulation//urdf/meshes/sensors/direita.dae
-- Installing: /home/borg/colcon_ws/install/my_simulation/share/my_simulation//urdf/meshes/sensors/esquerda.dae
-- Installing: /home/borg/colcon_ws/install/my_simulation/share/my_simulation//urdf/meshes/sensors/garra_direita.stl
-- Installing: /home/borg/colcon_ws/install/my_simulation/share/my_simulation//urdf/meshes/sensors/garra_esquerda.stl
-- Installing: /home/borg/colcon_ws/install/my_simulation/share/my_simulation//urdf/meshes/sensors/l_finger.dae
-- Installing: /home/borg/colcon_ws/install/my_simulation/share/my_simulation//urdf/meshes/sensors/l_finger_color.tif
-- Installing: /home/borg/colcon_ws/install/my_simulation/share/my_simulation//urdf/meshes/sensors/l_finger_tip.dae
-- Installing: /home/borg/colcon_ws/install/my_simulation/share/my_simulation//urdf/meshes/sensors/l_finger_tip_color.tif
-- Installing: /home/borg/colcon_ws/install/my_simulation/share/my_simulation//urdf/meshes/sensors/lds.stl
-- Installing: /home/borg/colcon_ws/install/my_simulation/share/my_simulation//urdf/meshes/sensors/r200.dae
-- Installing: /home/borg/colcon_ws/install/my_simulation/share/my_simulation//urdf/meshes/sensors/r200.jpg
-- Installing: /home/borg/colcon_ws/install/my_simulation/share/my_simulation//urdf/meshes/wheels
-- Installing: /home/borg/colcon_ws/install/my_simulation/share/my_simulation//urdf/meshes/wheels/left_tire.stl
-- Installing: /home/borg/colcon_ws/install/my_simulation/share/my_simulation//urdf/meshes/wheels/right_tire.stl
-- Installing: /home/borg/colcon_ws/install/my_simulation/share/my_simulation//urdf/turtlebot3_burger_insper.urdf
-- Installing: /home/borg/colcon_ws/install/my_simulation/share/my_simulation//worlds
-- Installing: /home/borg/colcon_ws/install/my_simulation/share/my_simulation//worlds/empty_world.world
-- Installing: /home/borg/colcon_ws/install/my_simulation/share/my_simulation//worlds/turtlebot3_dqn_stage1.world
-- Installing: /home/borg/colcon_ws/install/my_simulation/share/my_simulation//worlds/turtlebot3_dqn_stage2.world
-- Installing: /home/borg/colcon_ws/install/my_simulation/share/my_simulation//worlds/turtlebot3_dqn_stage3.world
-- Installing: /home/borg/colcon_ws/install/my_simulation/share/my_simulation//worlds/turtlebot3_dqn_stage4.world
-- Installing: /home/borg/colcon_ws/install/my_simulation/share/my_simulation//worlds/turtlebot3_house.world
-- Installing: /home/borg/colcon_ws/install/my_simulation/share/my_simulation//worlds/turtlebot3_world.world
-- Installing: /home/borg/colcon_ws/install/my_simulation/share/my_simulation//worlds/lab.world
-- Installing: /home/borg/colcon_ws/install/my_simulation/share/my_simulation//worlds/pista23-B.world
-- Installing: /home/borg/colcon_ws/install/my_simulation/include/
-- Installing: /home/borg/colcon_ws/install/my_simulation/include//turtlebot3_gazebo
-- Installing: /home/borg/colcon_ws/install/my_simulation/include//turtlebot3_gazebo/turtlebot3_drive.hpp
-- Installing: /home/borg/colcon_ws/install/my_simulation/share/ament_index/resource_index/package_run_dependencies/my_simulation
-- Installing: /home/borg/colcon_ws/install/my_simulation/share/ament_index/resource_index/parent_prefix_path/my_simulation
-- Installing: /home/borg/colcon_ws/install/my_simulation/share/my_simulation/environment/ament_prefix_path.sh
-- Installing: /home/borg/colcon_ws/install/my_simulation/share/my_simulation/environment/ament_prefix_path.dsv
-- Installing: /home/borg/colcon_ws/install/my_simulation/share/my_simulation/environment/path.sh
-- Installing: /home/borg/colcon_ws/install/my_simulation/share/my_simulation/environment/path.dsv
-- Installing: /home/borg/colcon_ws/install/my_simulation/share/my_simulation/local_setup.bash
-- Installing: /home/borg/colcon_ws/install/my_simulation/share/my_simulation/local_setup.sh
-- Installing: /home/borg/colcon_ws/install/my_simulation/share/my_simulation/local_setup.zsh
-- Installing: /home/borg/colcon_ws/install/my_simulation/share/my_simulation/local_setup.dsv
-- Installing: /home/borg/colcon_ws/install/my_simulation/share/my_simulation/package.dsv
-- Installing: /home/borg/colcon_ws/install/my_simulation/share/ament_index/resource_index/packages/my_simulation
-- Installing: /home/borg/colcon_ws/install/my_simulation/share/my_simulation/cmake/ament_cmake_export_include_directories-extras.cmake
-- Installing: /home/borg/colcon_ws/install/my_simulation/share/my_simulation/cmake/ament_cmake_export_dependencies-extras.cmake
-- Installing: /home/borg/colcon_ws/install/my_simulation/share/my_simulation/cmake/my_simulationConfig.cmake
-- Installing: /home/borg/colcon_ws/install/my_simulation/share/my_simulation/cmake/my_simulationConfig-version.cmake
-- Installing: /home/borg/colcon_ws/install/my_simulation/share/my_simulation/package.xml
