[0.155s] Invoking command in '/home/borg/colcon_ws/build/my_simulation': CMAKE_PREFIX_PATH=${CMAKE_PREFIX_PATH}:/opt/ros/humble /usr/bin/cmake /home/borg/colcon_ws/src/my_simulation -DCMAKE_INSTALL_PREFIX=/home/borg/colcon_ws/install/my_simulation
[0.283s] -- The C compiler identification is GNU 11.4.0
[0.421s] -- The CXX compiler identification is GNU 11.4.0
[0.433s] -- Detecting C compiler ABI info
[0.500s] -- Detecting C compiler ABI info - done
[0.512s] -- Check for working C compiler: /usr/bin/cc - skipped
[0.512s] -- Detecting C compile features
[0.513s] -- Detecting C compile features - done
[0.514s] -- Detecting CXX compiler ABI info
[0.584s] -- Detecting CXX compiler ABI info - done
[0.591s] -- Check for working CXX compiler: /usr/bin/c++ - skipped
[0.592s] -- Detecting CXX compile features
[0.592s] -- Detecting CXX compile features - done
[0.599s] -- Found ament_cmake: 1.3.6 (/opt/ros/humble/share/ament_cmake/cmake)
[0.757s] -- Found Python3: /usr/bin/python3.10 (found version "3.10.12") found components: Interpreter 
[0.867s] [33mCMake Warning (dev) at /usr/share/cmake-3.22/Modules/FindPackageHandleStandardArgs.cmake:438 (message):
[0.867s]   The package name passed to `find_package_handle_standard_args` (PkgConfig)
[0.867s]   does not match the name of the calling package (gazebo).  This can lead to
[0.867s]   problems in calling code that expects `find_package` result variables
[0.868s]   (e.g., `_FOUND`) to follow a certain pattern.
[0.868s] Call Stack (most recent call first):
[0.868s]   /usr/share/cmake-3.22/Modules/FindPkgConfig.cmake:99 (find_package_handle_standard_args)
[0.868s]   /usr/lib/x86_64-linux-gnu/cmake/gazebo/gazebo-config.cmake:72 (include)
[0.868s]   CMakeLists.txt:23 (find_package)
[0.868s] This warning is for project developers.  Use -Wno-dev to suppress it.
[0.868s] [0m
[0.869s] -- Found PkgConfig: /usr/bin/pkg-config (found version "0.29.2") 
[0.965s] -- Checking for module 'bullet>=2.82'
[1.020s] --   Found bullet, version 3.05
[1.020s] -- Found fcl: /usr/include (found suitable version "0.7.0", minimum required is "0.5.0") 
[1.037s] -- Found assimp: /usr/include (found version "5.2.0") 
[1.067s] -- Found DART: /usr/include (Required is at least version "6.6") found components: dart 
[1.260s] -- Found Boost: /usr/lib/x86_64-linux-gnu/cmake/Boost-1.74.0/BoostConfig.cmake (found suitable version "1.74.0", minimum required is "1.40.0") found components: thread system filesystem program_options regex iostreams date_time 
[1.286s] -- Found Protobuf: /usr/lib/x86_64-linux-gnu/libprotobuf.so (found version "3.12.4") 
[1.294s] -- Looking for ignition-math6 -- found version 6.15.0
[1.305s] -- Searching for dependencies of ignition-math6
[1.308s] -- Looking for OGRE...
[1.308s] -- OGRE_PREFIX_WATCH changed.
[1.312s] -- Checking for module 'OGRE'
[1.324s] --   Found OGRE, version 1.9.0
[1.353s] -- Found Ogre Ghadamon (1.9.0)
[1.364s] -- Found OGRE: optimized;/usr/lib/x86_64-linux-gnu/libOgreMain.so;debug;/usr/lib/x86_64-linux-gnu/libOgreMain.so
[1.371s] -- Looking for OGRE_Paging...
[1.376s] -- Found OGRE_Paging: optimized;/usr/lib/x86_64-linux-gnu/libOgrePaging.so;debug;/usr/lib/x86_64-linux-gnu/libOgrePaging.so
[1.377s] -- Looking for OGRE_Terrain...
[1.385s] -- Found OGRE_Terrain: optimized;/usr/lib/x86_64-linux-gnu/libOgreTerrain.so;debug;/usr/lib/x86_64-linux-gnu/libOgreTerrain.so
[1.385s] -- Looking for OGRE_Property...
[1.389s] -- Found OGRE_Property: optimized;/usr/lib/x86_64-linux-gnu/libOgreProperty.so;debug;/usr/lib/x86_64-linux-gnu/libOgreProperty.so
[1.389s] -- Looking for OGRE_RTShaderSystem...
[1.397s] -- Found OGRE_RTShaderSystem: optimized;/usr/lib/x86_64-linux-gnu/libOgreRTShaderSystem.so;debug;/usr/lib/x86_64-linux-gnu/libOgreRTShaderSystem.so
[1.397s] -- Looking for OGRE_Volume...
[1.405s] -- Found OGRE_Volume: optimized;/usr/lib/x86_64-linux-gnu/libOgreVolume.so;debug;/usr/lib/x86_64-linux-gnu/libOgreVolume.so
[1.405s] -- Looking for OGRE_Overlay...
[1.412s] -- Found OGRE_Overlay: optimized;/usr/lib/x86_64-linux-gnu/libOgreOverlay.so;debug;/usr/lib/x86_64-linux-gnu/libOgreOverlay.so
[1.550s] -- Looking for ignition-math6 -- found version 6.15.0
[1.553s] -- Looking for ignition-transport8 -- found version 8.2.1
[1.554s] -- Searching for dependencies of ignition-transport8
[1.572s] -- Found Protobuf: /usr/lib/x86_64-linux-gnu/libprotobuf.so (found suitable version "3.12.4", minimum required is "3") 
[1.587s] -- Config-file not installed for ZeroMQ -- checking for pkg-config
[1.587s] -- Checking for module 'libzmq >= 4'
[1.598s] --   Found libzmq , version 4.3.4
[1.635s] -- Found ZeroMQ: TRUE (Required is at least version "4") 
[1.642s] -- Checking for module 'uuid'
[1.655s] --   Found uuid, version 2.37.2
[1.683s] -- Found UUID: TRUE  
[1.687s] -- Looking for ignition-msgs5 -- found version 5.8.1
[1.688s] -- Searching for dependencies of ignition-msgs5
[1.704s] -- Looking for ignition-math6 -- found version 6.15.0
[1.708s] -- Checking for module 'tinyxml2'
[1.719s] --   Found tinyxml2, version 9.0.0
[1.754s] -- Looking for ignition-msgs5 -- found version 5.8.1
[1.758s] -- Looking for ignition-common3 -- found version 3.14.0
[1.759s] -- Searching for dependencies of ignition-common3
[1.759s] -- Looking for dlfcn.h - found
[1.761s] -- Looking for libdl - found
[1.762s] -- Found DL: TRUE  
[1.773s] -- Found tinyobjloader: /usr/lib/x86_64-linux-gnu/cmake/tinyobjloader/tinyobjloader-config.cmake (found version "2.0.0") 
[1.774s] -- Searching for <ignition-common3> component [graphics]
[1.778s] -- Looking for ignition-common3-graphics -- found version 3.14.0
[1.778s] -- Searching for dependencies of ignition-common3-graphics
[1.778s] -- Looking for ignition-math6 -- found version 6.15.0
[1.783s] -- Looking for ignition-fuel_tools4 -- found version 4.4.0
[1.783s] -- Searching for dependencies of ignition-fuel_tools4
[1.856s] -- Found CURL: /usr/lib/x86_64-linux-gnu/libcurl.so (found version "7.81.0")  
[1.865s] -- Checking for module 'jsoncpp'
[1.878s] --   Found jsoncpp, version 1.9.5
[1.908s] -- Found JSONCPP: TRUE  
[1.915s] -- Checking for module 'libzip'
[1.929s] --   Found libzip, version 1.7.3
[1.957s] -- Found ZIP: TRUE  
[1.957s] -- Looking for ignition-common3 -- found version 3.14.0
[1.958s] -- Looking for ignition-math6 -- found version 6.15.0
[1.959s] -- Looking for ignition-msgs5 -- found version 5.8.1
[1.967s] -- Found gazebo_ros_pkgs: 3.7.0 (/opt/ros/humble/share/gazebo_ros_pkgs/cmake)
[1.970s] -- Found geometry_msgs: 4.2.3 (/opt/ros/humble/share/geometry_msgs/cmake)
[2.026s] -- Found rosidl_generator_c: 3.1.5 (/opt/ros/humble/share/rosidl_generator_c/cmake)
[2.038s] -- Found rosidl_adapter: 3.1.5 (/opt/ros/humble/share/rosidl_adapter/cmake)
[2.051s] -- Found rosidl_generator_cpp: 3.1.5 (/opt/ros/humble/share/rosidl_generator_cpp/cmake)
[2.072s] -- Using all available rosidl_typesupport_c: rosidl_typesupport_fastrtps_c;rosidl_typesupport_introspection_c
[2.101s] -- Using all available rosidl_typesupport_cpp: rosidl_typesupport_fastrtps_cpp;rosidl_typesupport_introspection_cpp
[2.230s] -- Found nav_msgs: 4.2.3 (/opt/ros/humble/share/nav_msgs/cmake)
[2.323s] -- Found rclcpp: 16.0.7 (/opt/ros/humble/share/rclcpp/cmake)
[2.404s] -- Found rmw_implementation_cmake: 6.1.1 (/opt/ros/humble/share/rmw_implementation_cmake/cmake)
[2.409s] -- Found rmw_fastrtps_cpp: 6.2.5 (/opt/ros/humble/share/rmw_fastrtps_cpp/cmake)
[2.515s] -- Found OpenSSL: /usr/lib/x86_64-linux-gnu/libcrypto.so (found version "3.0.2")  
[2.539s] -- Found FastRTPS: /opt/ros/humble/include  
[2.579s] -- Using RMW implementation 'rmw_fastrtps_cpp' as default
[2.592s] -- Found Threads: TRUE  
[2.728s] -- Found sensor_msgs: 4.2.3 (/opt/ros/humble/share/sensor_msgs/cmake)
[2.816s] -- Found tf2: 0.25.5 (/opt/ros/humble/share/tf2/cmake)
[2.889s] -- Configuring done
[2.953s] -- Generating done
[2.955s] -- Build files have been written to: /home/borg/colcon_ws/build/my_simulation
[2.965s] Invoked command in '/home/borg/colcon_ws/build/my_simulation' returned '0': CMAKE_PREFIX_PATH=${CMAKE_PREFIX_PATH}:/opt/ros/humble /usr/bin/cmake /home/borg/colcon_ws/src/my_simulation -DCMAKE_INSTALL_PREFIX=/home/borg/colcon_ws/install/my_simulation
[2.966s] Invoking command in '/home/borg/colcon_ws/build/my_simulation': CMAKE_PREFIX_PATH=${CMAKE_PREFIX_PATH}:/opt/ros/humble /usr/bin/cmake --build /home/borg/colcon_ws/build/my_simulation -- -j12 -l12
[3.013s] [ 25%] [32mBuilding CXX object CMakeFiles/turtlebot3_drive.dir/src/turtlebot3_drive.cpp.o[0m
[3.013s] [ 25%] [32mBuilding CXX object CMakeFiles/obstacle1.dir/models/turtlebot3_dqn_world/obstacle_plugin/obstacle1.cc.o[0m
[3.013s] [ 37%] [32mBuilding CXX object CMakeFiles/obstacle2.dir/models/turtlebot3_dqn_world/obstacle_plugin/obstacle2.cc.o[0m
[3.014s] [ 50%] [32mBuilding CXX object CMakeFiles/obstacles.dir/models/turtlebot3_dqn_world/obstacle_plugin/obstacles.cc.o[0m
[14.442s] [ 62%] [32m[1mLinking CXX executable turtlebot3_drive[0m
[14.820s] [ 75%] [32m[1mLinking CXX shared library libobstacle2.so[0m
[14.839s] [ 87%] [32m[1mLinking CXX shared library libobstacle1.so[0m
[14.861s] [100%] [32m[1mLinking CXX shared library libobstacles.so[0m
[15.079s] [100%] Built target obstacle2
[15.088s] [100%] Built target obstacle1
[15.110s] [100%] Built target obstacles
[15.134s] [100%] Built target turtlebot3_drive
[15.143s] Invoked command in '/home/borg/colcon_ws/build/my_simulation' returned '0': CMAKE_PREFIX_PATH=${CMAKE_PREFIX_PATH}:/opt/ros/humble /usr/bin/cmake --build /home/borg/colcon_ws/build/my_simulation -- -j12 -l12
[15.175s] Invoking command in '/home/borg/colcon_ws/build/my_simulation': CMAKE_PREFIX_PATH=${CMAKE_PREFIX_PATH}:/opt/ros/humble /usr/bin/cmake --install /home/borg/colcon_ws/build/my_simulation
[15.181s] -- Install configuration: ""
[15.181s] -- Installing: /home/borg/colcon_ws/install/my_simulation/lib/my_simulation/turtlebot3_drive
[15.225s] -- Set runtime path of "/home/borg/colcon_ws/install/my_simulation/lib/my_simulation/turtlebot3_drive" to ""
[15.226s] -- Installing: /home/borg/colcon_ws/install/my_simulation/share/my_simulation//launch
[15.227s] -- Installing: /home/borg/colcon_ws/install/my_simulation/share/my_simulation//launch/empty_world.launch.py
[15.227s] -- Installing: /home/borg/colcon_ws/install/my_simulation/share/my_simulation//launch/spawn_turtlebot3.launch.py
[15.228s] -- Installing: /home/borg/colcon_ws/install/my_simulation/share/my_simulation//launch/turtlebot3_dqn_stage1.launch.py
[15.229s] -- Installing: /home/borg/colcon_ws/install/my_simulation/share/my_simulation//launch/turtlebot3_dqn_stage2.launch.py
[15.230s] -- Installing: /home/borg/colcon_ws/install/my_simulation/share/my_simulation//launch/turtlebot3_dqn_stage3.launch.py
[15.230s] -- Installing: /home/borg/colcon_ws/install/my_simulation/share/my_simulation//launch/turtlebot3_dqn_stage4.launch.py
[15.231s] -- Installing: /home/borg/colcon_ws/install/my_simulation/share/my_simulation//launch/turtlebot3_house.launch.py
[15.232s] -- Installing: /home/borg/colcon_ws/install/my_simulation/share/my_simulation//launch/turtlebot3_world.launch.py
[15.232s] -- Installing: /home/borg/colcon_ws/install/my_simulation/share/my_simulation//launch/robot_state_publisher.launch.py
[15.233s] -- Installing: /home/borg/colcon_ws/install/my_simulation/share/my_simulation//launch/insperbot_lab.launch.py
[15.234s] -- Installing: /home/borg/colcon_ws/install/my_simulation/share/my_simulation//launch/pista-23B.launch.py
[15.235s] -- Installing: /home/borg/colcon_ws/install/my_simulation/share/my_simulation//models
[15.235s] -- Installing: /home/borg/colcon_ws/install/my_simulation/share/my_simulation//models/turtlebot3_burger
[15.236s] -- Installing: /home/borg/colcon_ws/install/my_simulation/share/my_simulation//models/turtlebot3_burger/model-1_4.sdf
[15.237s] -- Installing: /home/borg/colcon_ws/install/my_simulation/share/my_simulation//models/turtlebot3_burger/model.config
[15.237s] -- Installing: /home/borg/colcon_ws/install/my_simulation/share/my_simulation//models/turtlebot3_burger/model.sdf
[15.238s] -- Installing: /home/borg/colcon_ws/install/my_simulation/share/my_simulation//models/turtlebot3_common
[15.239s] -- Installing: /home/borg/colcon_ws/install/my_simulation/share/my_simulation//models/turtlebot3_common/meshes
[15.240s] -- Installing: /home/borg/colcon_ws/install/my_simulation/share/my_simulation//models/turtlebot3_common/meshes/burger_base.dae
[15.240s] -- Installing: /home/borg/colcon_ws/install/my_simulation/share/my_simulation//models/turtlebot3_common/meshes/lds.dae
[15.242s] -- Installing: /home/borg/colcon_ws/install/my_simulation/share/my_simulation//models/turtlebot3_common/meshes/r200.dae
[15.242s] -- Installing: /home/borg/colcon_ws/install/my_simulation/share/my_simulation//models/turtlebot3_common/meshes/tire.dae
[15.243s] -- Installing: /home/borg/colcon_ws/install/my_simulation/share/my_simulation//models/turtlebot3_common/meshes/waffle_base.dae
[15.244s] -- Installing: /home/borg/colcon_ws/install/my_simulation/share/my_simulation//models/turtlebot3_common/meshes/waffle_pi_base.dae
[15.245s] -- Installing: /home/borg/colcon_ws/install/my_simulation/share/my_simulation//models/turtlebot3_common/model.config
[15.245s] -- Installing: /home/borg/colcon_ws/install/my_simulation/share/my_simulation//models/turtlebot3_dqn_world
[15.246s] -- Installing: /home/borg/colcon_ws/install/my_simulation/share/my_simulation//models/turtlebot3_dqn_world/goal_box
[15.247s] -- Installing: /home/borg/colcon_ws/install/my_simulation/share/my_simulation//models/turtlebot3_dqn_world/goal_box/model.config
[15.247s] -- Installing: /home/borg/colcon_ws/install/my_simulation/share/my_simulation//models/turtlebot3_dqn_world/goal_box/model.sdf
[15.248s] -- Installing: /home/borg/colcon_ws/install/my_simulation/share/my_simulation//models/turtlebot3_dqn_world/inner_walls
[15.249s] -- Installing: /home/borg/colcon_ws/install/my_simulation/share/my_simulation//models/turtlebot3_dqn_world/inner_walls/model.config
[15.249s] -- Installing: /home/borg/colcon_ws/install/my_simulation/share/my_simulation//models/turtlebot3_dqn_world/inner_walls/model.sdf
[15.250s] -- Installing: /home/borg/colcon_ws/install/my_simulation/share/my_simulation//models/turtlebot3_dqn_world/model.config
[15.250s] -- Installing: /home/borg/colcon_ws/install/my_simulation/share/my_simulation//models/turtlebot3_dqn_world/model.sdf
[15.251s] -- Installing: /home/borg/colcon_ws/install/my_simulation/share/my_simulation//models/turtlebot3_dqn_world/obstacle1
[15.251s] -- Installing: /home/borg/colcon_ws/install/my_simulation/share/my_simulation//models/turtlebot3_dqn_world/obstacle1/model.config
[15.252s] -- Installing: /home/borg/colcon_ws/install/my_simulation/share/my_simulation//models/turtlebot3_dqn_world/obstacle1/model.sdf
[15.252s] -- Installing: /home/borg/colcon_ws/install/my_simulation/share/my_simulation//models/turtlebot3_dqn_world/obstacle2
[15.253s] -- Installing: /home/borg/colcon_ws/install/my_simulation/share/my_simulation//models/turtlebot3_dqn_world/obstacle2/model.config
[15.253s] -- Installing: /home/borg/colcon_ws/install/my_simulation/share/my_simulation//models/turtlebot3_dqn_world/obstacle2/model.sdf
[15.254s] -- Installing: /home/borg/colcon_ws/install/my_simulation/share/my_simulation//models/turtlebot3_dqn_world/obstacle_plugin
[15.254s] -- Installing: /home/borg/colcon_ws/install/my_simulation/share/my_simulation//models/turtlebot3_dqn_world/obstacle_plugin/CMakeLists.txt
[15.254s] -- Installing: /home/borg/colcon_ws/install/my_simulation/share/my_simulation//models/turtlebot3_dqn_world/obstacle_plugin/obstacle1.cc
[15.255s] -- Installing: /home/borg/colcon_ws/install/my_simulation/share/my_simulation//models/turtlebot3_dqn_world/obstacle_plugin/obstacle2.cc
[15.255s] -- Installing: /home/borg/colcon_ws/install/my_simulation/share/my_simulation//models/turtlebot3_dqn_world/obstacle_plugin/obstacles.cc
[15.256s] -- Installing: /home/borg/colcon_ws/install/my_simulation/share/my_simulation//models/turtlebot3_dqn_world/obstacles
[15.256s] -- Installing: /home/borg/colcon_ws/install/my_simulation/share/my_simulation//models/turtlebot3_dqn_world/obstacles/model.config
[15.256s] -- Installing: /home/borg/colcon_ws/install/my_simulation/share/my_simulation//models/turtlebot3_dqn_world/obstacles/model.sdf
[15.257s] -- Installing: /home/borg/colcon_ws/install/my_simulation/share/my_simulation//models/turtlebot3_house
[15.257s] -- Installing: /home/borg/colcon_ws/install/my_simulation/share/my_simulation//models/turtlebot3_house/model.config
[15.257s] -- Installing: /home/borg/colcon_ws/install/my_simulation/share/my_simulation//models/turtlebot3_house/model.sdf
[15.258s] -- Installing: /home/borg/colcon_ws/install/my_simulation/share/my_simulation//models/turtlebot3_waffle
[15.258s] -- Installing: /home/borg/colcon_ws/install/my_simulation/share/my_simulation//models/turtlebot3_waffle/model-1_4.sdf
[15.259s] -- Installing: /home/borg/colcon_ws/install/my_simulation/share/my_simulation//models/turtlebot3_waffle/model.config
[15.259s] -- Installing: /home/borg/colcon_ws/install/my_simulation/share/my_simulation//models/turtlebot3_waffle/model.sdf
[15.259s] -- Installing: /home/borg/colcon_ws/install/my_simulation/share/my_simulation//models/turtlebot3_waffle_pi
[15.259s] -- Installing: /home/borg/colcon_ws/install/my_simulation/share/my_simulation//models/turtlebot3_waffle_pi/model-1_4_.sdf
[15.260s] -- Installing: /home/borg/colcon_ws/install/my_simulation/share/my_simulation//models/turtlebot3_waffle_pi/model.config
[15.260s] -- Installing: /home/borg/colcon_ws/install/my_simulation/share/my_simulation//models/turtlebot3_waffle_pi/model.sdf
[15.260s] -- Installing: /home/borg/colcon_ws/install/my_simulation/share/my_simulation//models/turtlebot3_world
[15.261s] -- Installing: /home/borg/colcon_ws/install/my_simulation/share/my_simulation//models/turtlebot3_world/meshes
[15.261s] -- Installing: /home/borg/colcon_ws/install/my_simulation/share/my_simulation//models/turtlebot3_world/meshes/hexagon.dae
[15.261s] -- Installing: /home/borg/colcon_ws/install/my_simulation/share/my_simulation//models/turtlebot3_world/meshes/wall.dae
[15.261s] -- Installing: /home/borg/colcon_ws/install/my_simulation/share/my_simulation//models/turtlebot3_world/model-1_4.sdf
[15.262s] -- Installing: /home/borg/colcon_ws/install/my_simulation/share/my_simulation//models/turtlebot3_world/model.config
[15.262s] -- Installing: /home/borg/colcon_ws/install/my_simulation/share/my_simulation//models/turtlebot3_world/model.sdf
[15.262s] -- Installing: /home/borg/colcon_ws/install/my_simulation/share/my_simulation//models/mybot
[15.262s] -- Installing: /home/borg/colcon_ws/install/my_simulation/share/my_simulation//models/mybot/model-1_4_.sdf
[15.263s] -- Installing: /home/borg/colcon_ws/install/my_simulation/share/my_simulation//models/mybot/model.config
[15.263s] -- Installing: /home/borg/colcon_ws/install/my_simulation/share/my_simulation//models/mybot/model.sdf
[15.263s] -- Installing: /home/borg/colcon_ws/install/my_simulation/share/my_simulation//models/turtlebot3_burger_insper
[15.264s] -- Installing: /home/borg/colcon_ws/install/my_simulation/share/my_simulation//models/turtlebot3_burger_insper/model.config
[15.264s] -- Installing: /home/borg/colcon_ws/install/my_simulation/share/my_simulation//models/turtlebot3_burger_insper/model-1_4_.sdf
[15.264s] -- Installing: /home/borg/colcon_ws/install/my_simulation/share/my_simulation//models/turtlebot3_burger_insper/model.sdf
[15.264s] -- Installing: /home/borg/colcon_ws/install/my_simulation/share/my_simulation//models/pista23-1
[15.265s] -- Installing: /home/borg/colcon_ws/install/my_simulation/share/my_simulation//models/pista23-1/creeper
[15.265s] -- Installing: /home/borg/colcon_ws/install/my_simulation/share/my_simulation//models/pista23-1/creeper/aruco_05
[15.265s] -- Installing: /home/borg/colcon_ws/install/my_simulation/share/my_simulation//models/pista23-1/creeper/aruco_05/materials
[15.265s] -- Installing: /home/borg/colcon_ws/install/my_simulation/share/my_simulation//models/pista23-1/creeper/aruco_05/materials/scripts
[15.265s] -- Installing: /home/borg/colcon_ws/install/my_simulation/share/my_simulation//models/pista23-1/creeper/aruco_05/materials/scripts/creeper.material
[15.266s] -- Installing: /home/borg/colcon_ws/install/my_simulation/share/my_simulation//models/pista23-1/creeper/aruco_05/materials/textures
[15.266s] -- Installing: /home/borg/colcon_ws/install/my_simulation/share/my_simulation//models/pista23-1/creeper/aruco_05/materials/textures/caixa.dae
[15.266s] -- Installing: /home/borg/colcon_ws/install/my_simulation/share/my_simulation//models/pista23-1/creeper/aruco_05/materials/textures/caixa.png
[15.266s] -- Installing: /home/borg/colcon_ws/install/my_simulation/share/my_simulation//models/pista23-1/creeper/aruco_05/materials/textures/caixa.png_old
[15.267s] -- Installing: /home/borg/colcon_ws/install/my_simulation/share/my_simulation//models/pista23-1/creeper/aruco_05/model.config
[15.267s] -- Installing: /home/borg/colcon_ws/install/my_simulation/share/my_simulation//models/pista23-1/creeper/aruco_05/model.sdf
[15.267s] -- Installing: /home/borg/colcon_ws/install/my_simulation/share/my_simulation//models/pista23-1/creeper/aruco_15
[15.267s] -- Installing: /home/borg/colcon_ws/install/my_simulation/share/my_simulation//models/pista23-1/creeper/aruco_15/materials
[15.268s] -- Installing: /home/borg/colcon_ws/install/my_simulation/share/my_simulation//models/pista23-1/creeper/aruco_15/materials/scripts
[15.268s] -- Installing: /home/borg/colcon_ws/install/my_simulation/share/my_simulation//models/pista23-1/creeper/aruco_15/materials/scripts/creeper.material
[15.268s] -- Installing: /home/borg/colcon_ws/install/my_simulation/share/my_simulation//models/pista23-1/creeper/aruco_15/materials/textures
[15.268s] -- Installing: /home/borg/colcon_ws/install/my_simulation/share/my_simulation//models/pista23-1/creeper/aruco_15/materials/textures/caixa.dae
[15.269s] -- Installing: /home/borg/colcon_ws/install/my_simulation/share/my_simulation//models/pista23-1/creeper/aruco_15/materials/textures/caixa.png
[15.269s] -- Installing: /home/borg/colcon_ws/install/my_simulation/share/my_simulation//models/pista23-1/creeper/aruco_15/materials/textures/caixa.png_old
[15.269s] -- Installing: /home/borg/colcon_ws/install/my_simulation/share/my_simulation//models/pista23-1/creeper/aruco_15/model.config
[15.269s] -- Installing: /home/borg/colcon_ws/install/my_simulation/share/my_simulation//models/pista23-1/creeper/aruco_15/model.sdf
[15.269s] -- Installing: /home/borg/colcon_ws/install/my_simulation/share/my_simulation//models/pista23-1/creeper/aruco_25
[15.270s] -- Installing: /home/borg/colcon_ws/install/my_simulation/share/my_simulation//models/pista23-1/creeper/aruco_25/materials
[15.270s] -- Installing: /home/borg/colcon_ws/install/my_simulation/share/my_simulation//models/pista23-1/creeper/aruco_25/materials/scripts
[15.270s] -- Installing: /home/borg/colcon_ws/install/my_simulation/share/my_simulation//models/pista23-1/creeper/aruco_25/materials/scripts/creeper.material
[15.270s] -- Installing: /home/borg/colcon_ws/install/my_simulation/share/my_simulation//models/pista23-1/creeper/aruco_25/materials/textures
[15.270s] -- Installing: /home/borg/colcon_ws/install/my_simulation/share/my_simulation//models/pista23-1/creeper/aruco_25/materials/textures/caixa.dae
[15.271s] -- Installing: /home/borg/colcon_ws/install/my_simulation/share/my_simulation//models/pista23-1/creeper/aruco_25/materials/textures/caixa.png
[15.271s] -- Installing: /home/borg/colcon_ws/install/my_simulation/share/my_simulation//models/pista23-1/creeper/aruco_25/materials/textures/caixa.png_old
[15.271s] -- Installing: /home/borg/colcon_ws/install/my_simulation/share/my_simulation//models/pista23-1/creeper/aruco_25/model.config
[15.271s] -- Installing: /home/borg/colcon_ws/install/my_simulation/share/my_simulation//models/pista23-1/creeper/aruco_25/model.sdf
[15.272s] -- Installing: /home/borg/colcon_ws/install/my_simulation/share/my_simulation//models/pista23-1/creeper/aruco_55
[15.272s] -- Installing: /home/borg/colcon_ws/install/my_simulation/share/my_simulation//models/pista23-1/creeper/aruco_55/materials
[15.272s] -- Installing: /home/borg/colcon_ws/install/my_simulation/share/my_simulation//models/pista23-1/creeper/aruco_55/materials/scripts
[15.272s] -- Installing: /home/borg/colcon_ws/install/my_simulation/share/my_simulation//models/pista23-1/creeper/aruco_55/materials/scripts/creeper.material
[15.272s] -- Installing: /home/borg/colcon_ws/install/my_simulation/share/my_simulation//models/pista23-1/creeper/aruco_55/materials/textures
[15.273s] -- Installing: /home/borg/colcon_ws/install/my_simulation/share/my_simulation//models/pista23-1/creeper/aruco_55/materials/textures/caixa.dae
[15.273s] -- Installing: /home/borg/colcon_ws/install/my_simulation/share/my_simulation//models/pista23-1/creeper/aruco_55/materials/textures/caixa.png
[15.273s] -- Installing: /home/borg/colcon_ws/install/my_simulation/share/my_simulation//models/pista23-1/creeper/aruco_55/materials/textures/caixa.png_old
[15.273s] -- Installing: /home/borg/colcon_ws/install/my_simulation/share/my_simulation//models/pista23-1/creeper/aruco_55/model.config
[15.273s] -- Installing: /home/borg/colcon_ws/install/my_simulation/share/my_simulation//models/pista23-1/creeper/aruco_55/model.sdf
[15.274s] -- Installing: /home/borg/colcon_ws/install/my_simulation/share/my_simulation//models/pista23-1/creeper/creeper_11
[15.274s] -- Installing: /home/borg/colcon_ws/install/my_simulation/share/my_simulation//models/pista23-1/creeper/creeper_11/materials
[15.274s] -- Installing: /home/borg/colcon_ws/install/my_simulation/share/my_simulation//models/pista23-1/creeper/creeper_11/materials/scripts
[15.274s] -- Installing: /home/borg/colcon_ws/install/my_simulation/share/my_simulation//models/pista23-1/creeper/creeper_11/materials/scripts/creeper.material
[15.274s] -- Installing: /home/borg/colcon_ws/install/my_simulation/share/my_simulation//models/pista23-1/creeper/creeper_11/materials/textures
[15.275s] -- Installing: /home/borg/colcon_ws/install/my_simulation/share/my_simulation//models/pista23-1/creeper/creeper_11/materials/textures/MarkerData.png
[15.275s] -- Installing: /home/borg/colcon_ws/install/my_simulation/share/my_simulation//models/pista23-1/creeper/creeper_11/materials/textures/MarkerData.png.001.png
[15.275s] -- Installing: /home/borg/colcon_ws/install/my_simulation/share/my_simulation//models/pista23-1/creeper/creeper_11/materials/textures/creeper.dae
[15.275s] -- Installing: /home/borg/colcon_ws/install/my_simulation/share/my_simulation//models/pista23-1/creeper/creeper_11/model.config
[15.275s] -- Installing: /home/borg/colcon_ws/install/my_simulation/share/my_simulation//models/pista23-1/creeper/creeper_11/model.sdf
[15.275s] -- Installing: /home/borg/colcon_ws/install/my_simulation/share/my_simulation//models/pista23-1/creeper/creeper_11_rosa
[15.276s] -- Installing: /home/borg/colcon_ws/install/my_simulation/share/my_simulation//models/pista23-1/creeper/creeper_11_rosa/materials
[15.276s] -- Installing: /home/borg/colcon_ws/install/my_simulation/share/my_simulation//models/pista23-1/creeper/creeper_11_rosa/materials/scripts
[15.276s] -- Installing: /home/borg/colcon_ws/install/my_simulation/share/my_simulation//models/pista23-1/creeper/creeper_11_rosa/materials/scripts/creeper.material
[15.276s] -- Installing: /home/borg/colcon_ws/install/my_simulation/share/my_simulation//models/pista23-1/creeper/creeper_11_rosa/materials/textures
[15.276s] -- Installing: /home/borg/colcon_ws/install/my_simulation/share/my_simulation//models/pista23-1/creeper/creeper_11_rosa/materials/textures/MarkerData.png
[15.276s] -- Installing: /home/borg/colcon_ws/install/my_simulation/share/my_simulation//models/pista23-1/creeper/creeper_11_rosa/materials/textures/MarkerData.png.001.png
[15.277s] -- Installing: /home/borg/colcon_ws/install/my_simulation/share/my_simulation//models/pista23-1/creeper/creeper_11_rosa/materials/textures/creeper.dae
[15.277s] -- Installing: /home/borg/colcon_ws/install/my_simulation/share/my_simulation//models/pista23-1/creeper/creeper_11_rosa/model.config
[15.277s] -- Installing: /home/borg/colcon_ws/install/my_simulation/share/my_simulation//models/pista23-1/creeper/creeper_11_rosa/model.sdf
[15.277s] -- Installing: /home/borg/colcon_ws/install/my_simulation/share/my_simulation//models/pista23-1/creeper/creeper_11_verde
[15.277s] -- Installing: /home/borg/colcon_ws/install/my_simulation/share/my_simulation//models/pista23-1/creeper/creeper_11_verde/materials
[15.278s] -- Installing: /home/borg/colcon_ws/install/my_simulation/share/my_simulation//models/pista23-1/creeper/creeper_11_verde/materials/scripts
[15.278s] -- Installing: /home/borg/colcon_ws/install/my_simulation/share/my_simulation//models/pista23-1/creeper/creeper_11_verde/materials/scripts/creeper.material
[15.278s] -- Installing: /home/borg/colcon_ws/install/my_simulation/share/my_simulation//models/pista23-1/creeper/creeper_11_verde/materials/textures
[15.278s] -- Installing: /home/borg/colcon_ws/install/my_simulation/share/my_simulation//models/pista23-1/creeper/creeper_11_verde/materials/textures/MarkerData.png
[15.278s] -- Installing: /home/borg/colcon_ws/install/my_simulation/share/my_simulation//models/pista23-1/creeper/creeper_11_verde/materials/textures/MarkerData.png.001.png
[15.279s] -- Installing: /home/borg/colcon_ws/install/my_simulation/share/my_simulation//models/pista23-1/creeper/creeper_11_verde/materials/textures/MarkerData.png.001.png_old
[15.279s] -- Installing: /home/borg/colcon_ws/install/my_simulation/share/my_simulation//models/pista23-1/creeper/creeper_11_verde/materials/textures/MarkerData.png_old
[15.279s] -- Installing: /home/borg/colcon_ws/install/my_simulation/share/my_simulation//models/pista23-1/creeper/creeper_11_verde/materials/textures/creeper.dae
[15.279s] -- Installing: /home/borg/colcon_ws/install/my_simulation/share/my_simulation//models/pista23-1/creeper/creeper_11_verde/model.config
[15.279s] -- Installing: /home/borg/colcon_ws/install/my_simulation/share/my_simulation//models/pista23-1/creeper/creeper_11_verde/model.sdf
[15.279s] -- Installing: /home/borg/colcon_ws/install/my_simulation/share/my_simulation//models/pista23-1/creeper/creeper_11_vermelho
[15.280s] -- Installing: /home/borg/colcon_ws/install/my_simulation/share/my_simulation//models/pista23-1/creeper/creeper_11_vermelho/materials
[15.280s] -- Installing: /home/borg/colcon_ws/install/my_simulation/share/my_simulation//models/pista23-1/creeper/creeper_11_vermelho/materials/scripts
[15.280s] -- Installing: /home/borg/colcon_ws/install/my_simulation/share/my_simulation//models/pista23-1/creeper/creeper_11_vermelho/materials/scripts/creeper.material
[15.280s] -- Installing: /home/borg/colcon_ws/install/my_simulation/share/my_simulation//models/pista23-1/creeper/creeper_11_vermelho/materials/textures
[15.280s] -- Installing: /home/borg/colcon_ws/install/my_simulation/share/my_simulation//models/pista23-1/creeper/creeper_11_vermelho/materials/textures/MarkerData.png
[15.280s] -- Installing: /home/borg/colcon_ws/install/my_simulation/share/my_simulation//models/pista23-1/creeper/creeper_11_vermelho/materials/textures/MarkerData.png.001.png
[15.280s] -- Installing: /home/borg/colcon_ws/install/my_simulation/share/my_simulation//models/pista23-1/creeper/creeper_11_vermelho/materials/textures/MarkerData.png.001.png_old
[15.281s] -- Installing: /home/borg/colcon_ws/install/my_simulation/share/my_simulation//models/pista23-1/creeper/creeper_11_vermelho/materials/textures/MarkerData.png_old
[15.281s] -- Installing: /home/borg/colcon_ws/install/my_simulation/share/my_simulation//models/pista23-1/creeper/creeper_11_vermelho/materials/textures/creeper.dae
[15.281s] -- Installing: /home/borg/colcon_ws/install/my_simulation/share/my_simulation//models/pista23-1/creeper/creeper_11_vermelho/model.config
[15.281s] -- Installing: /home/borg/colcon_ws/install/my_simulation/share/my_simulation//models/pista23-1/creeper/creeper_11_vermelho/model.sdf
[15.281s] -- Installing: /home/borg/colcon_ws/install/my_simulation/share/my_simulation//models/pista23-1/creeper/creeper_12
[15.281s] -- Installing: /home/borg/colcon_ws/install/my_simulation/share/my_simulation//models/pista23-1/creeper/creeper_12/materials
[15.282s] -- Installing: /home/borg/colcon_ws/install/my_simulation/share/my_simulation//models/pista23-1/creeper/creeper_12/materials/scripts
[15.282s] -- Installing: /home/borg/colcon_ws/install/my_simulation/share/my_simulation//models/pista23-1/creeper/creeper_12/materials/scripts/creeper.material
[15.282s] -- Installing: /home/borg/colcon_ws/install/my_simulation/share/my_simulation//models/pista23-1/creeper/creeper_12/materials/textures
[15.282s] -- Installing: /home/borg/colcon_ws/install/my_simulation/share/my_simulation//models/pista23-1/creeper/creeper_12/materials/textures/MarkerData.png
[15.282s] -- Installing: /home/borg/colcon_ws/install/my_simulation/share/my_simulation//models/pista23-1/creeper/creeper_12/materials/textures/MarkerData.png.001.png
[15.282s] -- Installing: /home/borg/colcon_ws/install/my_simulation/share/my_simulation//models/pista23-1/creeper/creeper_12/materials/textures/creeper.dae
[15.283s] -- Installing: /home/borg/colcon_ws/install/my_simulation/share/my_simulation//models/pista23-1/creeper/creeper_12/model.config
[15.283s] -- Installing: /home/borg/colcon_ws/install/my_simulation/share/my_simulation//models/pista23-1/creeper/creeper_12/model.sdf
[15.283s] -- Installing: /home/borg/colcon_ws/install/my_simulation/share/my_simulation//models/pista23-1/creeper/creeper_12_rosa
[15.283s] -- Installing: /home/borg/colcon_ws/install/my_simulation/share/my_simulation//models/pista23-1/creeper/creeper_12_rosa/materials
[15.283s] -- Installing: /home/borg/colcon_ws/install/my_simulation/share/my_simulation//models/pista23-1/creeper/creeper_12_rosa/materials/scripts
[15.283s] -- Installing: /home/borg/colcon_ws/install/my_simulation/share/my_simulation//models/pista23-1/creeper/creeper_12_rosa/materials/scripts/creeper.material
[15.284s] -- Installing: /home/borg/colcon_ws/install/my_simulation/share/my_simulation//models/pista23-1/creeper/creeper_12_rosa/materials/textures
[15.284s] -- Installing: /home/borg/colcon_ws/install/my_simulation/share/my_simulation//models/pista23-1/creeper/creeper_12_rosa/materials/textures/MarkerData.png
[15.284s] -- Installing: /home/borg/colcon_ws/install/my_simulation/share/my_simulation//models/pista23-1/creeper/creeper_12_rosa/materials/textures/MarkerData.png.001.png
[15.284s] -- Installing: /home/borg/colcon_ws/install/my_simulation/share/my_simulation//models/pista23-1/creeper/creeper_12_rosa/materials/textures/creeper.dae
[15.284s] -- Installing: /home/borg/colcon_ws/install/my_simulation/share/my_simulation//models/pista23-1/creeper/creeper_12_rosa/model.config
[15.284s] -- Installing: /home/borg/colcon_ws/install/my_simulation/share/my_simulation//models/pista23-1/creeper/creeper_12_rosa/model.sdf
[15.284s] -- Installing: /home/borg/colcon_ws/install/my_simulation/share/my_simulation//models/pista23-1/creeper/creeper_12_verde
[15.285s] -- Installing: /home/borg/colcon_ws/install/my_simulation/share/my_simulation//models/pista23-1/creeper/creeper_12_verde/materials
[15.285s] -- Installing: /home/borg/colcon_ws/install/my_simulation/share/my_simulation//models/pista23-1/creeper/creeper_12_verde/materials/scripts
[15.285s] -- Installing: /home/borg/colcon_ws/install/my_simulation/share/my_simulation//models/pista23-1/creeper/creeper_12_verde/materials/scripts/creeper.material
[15.285s] -- Installing: /home/borg/colcon_ws/install/my_simulation/share/my_simulation//models/pista23-1/creeper/creeper_12_verde/materials/textures
[15.285s] -- Installing: /home/borg/colcon_ws/install/my_simulation/share/my_simulation//models/pista23-1/creeper/creeper_12_verde/materials/textures/MarkerData.png
[15.285s] -- Installing: /home/borg/colcon_ws/install/my_simulation/share/my_simulation//models/pista23-1/creeper/creeper_12_verde/materials/textures/MarkerData.png.001.png
[15.285s] -- Installing: /home/borg/colcon_ws/install/my_simulation/share/my_simulation//models/pista23-1/creeper/creeper_12_verde/materials/textures/creeper.dae
[15.286s] -- Installing: /home/borg/colcon_ws/install/my_simulation/share/my_simulation//models/pista23-1/creeper/creeper_12_verde/model.config
[15.286s] -- Installing: /home/borg/colcon_ws/install/my_simulation/share/my_simulation//models/pista23-1/creeper/creeper_12_verde/model.sdf
[15.286s] -- Installing: /home/borg/colcon_ws/install/my_simulation/share/my_simulation//models/pista23-1/creeper/creeper_21_vermelho
[15.286s] -- Installing: /home/borg/colcon_ws/install/my_simulation/share/my_simulation//models/pista23-1/creeper/creeper_21_vermelho/materials
[15.286s] -- Installing: /home/borg/colcon_ws/install/my_simulation/share/my_simulation//models/pista23-1/creeper/creeper_21_vermelho/materials/scripts
[15.286s] -- Installing: /home/borg/colcon_ws/install/my_simulation/share/my_simulation//models/pista23-1/creeper/creeper_21_vermelho/materials/scripts/creeper.material
[15.286s] -- Installing: /home/borg/colcon_ws/install/my_simulation/share/my_simulation//models/pista23-1/creeper/creeper_21_vermelho/materials/textures
[15.287s] -- Installing: /home/borg/colcon_ws/install/my_simulation/share/my_simulation//models/pista23-1/creeper/creeper_21_vermelho/materials/textures/MarkerData.png
[15.287s] -- Installing: /home/borg/colcon_ws/install/my_simulation/share/my_simulation//models/pista23-1/creeper/creeper_21_vermelho/materials/textures/MarkerData.png.001.png
[15.287s] -- Installing: /home/borg/colcon_ws/install/my_simulation/share/my_simulation//models/pista23-1/creeper/creeper_21_vermelho/materials/textures/MarkerData.png.001.png_old
[15.287s] -- Installing: /home/borg/colcon_ws/install/my_simulation/share/my_simulation//models/pista23-1/creeper/creeper_21_vermelho/materials/textures/MarkerData.png_old
[15.287s] -- Installing: /home/borg/colcon_ws/install/my_simulation/share/my_simulation//models/pista23-1/creeper/creeper_21_vermelho/materials/textures/creeper.dae
[15.287s] -- Installing: /home/borg/colcon_ws/install/my_simulation/share/my_simulation//models/pista23-1/creeper/creeper_21_vermelho/model.config
[15.288s] -- Installing: /home/borg/colcon_ws/install/my_simulation/share/my_simulation//models/pista23-1/creeper/creeper_21_vermelho/model.sdf
[15.288s] -- Installing: /home/borg/colcon_ws/install/my_simulation/share/my_simulation//models/pista23-1/mesa
[15.288s] -- Installing: /home/borg/colcon_ws/install/my_simulation/share/my_simulation//models/pista23-1/mesa/mesa_02
[15.288s] -- Installing: /home/borg/colcon_ws/install/my_simulation/share/my_simulation//models/pista23-1/mesa/mesa_02/model.config
[15.288s] -- Installing: /home/borg/colcon_ws/install/my_simulation/share/my_simulation//models/pista23-1/mesa/mesa_02/model.sdf
[15.288s] -- Installing: /home/borg/colcon_ws/install/my_simulation/share/my_simulation//models/pista23-1/mesa/mesa_03
[15.288s] -- Installing: /home/borg/colcon_ws/install/my_simulation/share/my_simulation//models/pista23-1/mesa/mesa_03/model.config
[15.289s] -- Installing: /home/borg/colcon_ws/install/my_simulation/share/my_simulation//models/pista23-1/mesa/mesa_03/model.sdf
[15.289s] -- Installing: /home/borg/colcon_ws/install/my_simulation/share/my_simulation//models/pista23-1/mesa/mesa_04
[15.289s] -- Installing: /home/borg/colcon_ws/install/my_simulation/share/my_simulation//models/pista23-1/mesa/mesa_04/model.config
[15.289s] -- Installing: /home/borg/colcon_ws/install/my_simulation/share/my_simulation//models/pista23-1/mesa/mesa_04/model.sdf
[15.289s] -- Installing: /home/borg/colcon_ws/install/my_simulation/share/my_simulation//models/pista23-1/mesa/mesa_05
[15.289s] -- Installing: /home/borg/colcon_ws/install/my_simulation/share/my_simulation//models/pista23-1/mesa/mesa_05/model.config
[15.289s] -- Installing: /home/borg/colcon_ws/install/my_simulation/share/my_simulation//models/pista23-1/mesa/mesa_05/model.sdf
[15.289s] -- Installing: /home/borg/colcon_ws/install/my_simulation/share/my_simulation//models/pista23-1/mesa/mesa_1
[15.290s] -- Installing: /home/borg/colcon_ws/install/my_simulation/share/my_simulation//models/pista23-1/mesa/mesa_1/model.config
[15.290s] -- Installing: /home/borg/colcon_ws/install/my_simulation/share/my_simulation//models/pista23-1/mesa/mesa_1/model.sdf
[15.290s] -- Installing: /home/borg/colcon_ws/install/my_simulation/share/my_simulation//models/pista23-1/objeto
[15.290s] -- Installing: /home/borg/colcon_ws/install/my_simulation/share/my_simulation//models/pista23-1/objeto/bicycle
[15.290s] -- Installing: /home/borg/colcon_ws/install/my_simulation/share/my_simulation//models/pista23-1/objeto/bicycle/materials
[15.290s] -- Installing: /home/borg/colcon_ws/install/my_simulation/share/my_simulation//models/pista23-1/objeto/bicycle/materials/scripts
[15.290s] -- Installing: /home/borg/colcon_ws/install/my_simulation/share/my_simulation//models/pista23-1/objeto/bicycle/materials/scripts/bicycle.material
[15.291s] -- Installing: /home/borg/colcon_ws/install/my_simulation/share/my_simulation//models/pista23-1/objeto/bicycle/materials/textures
[15.291s] -- Installing: /home/borg/colcon_ws/install/my_simulation/share/my_simulation//models/pista23-1/objeto/bicycle/materials/textures/bicycle.dae
[15.291s] -- Installing: /home/borg/colcon_ws/install/my_simulation/share/my_simulation//models/pista23-1/objeto/bicycle/materials/textures/bicycle.png
[15.291s] -- Installing: /home/borg/colcon_ws/install/my_simulation/share/my_simulation//models/pista23-1/objeto/bicycle/model.config
[15.291s] -- Installing: /home/borg/colcon_ws/install/my_simulation/share/my_simulation//models/pista23-1/objeto/bicycle/model.sdf
[15.291s] -- Installing: /home/borg/colcon_ws/install/my_simulation/share/my_simulation//models/pista23-1/objeto/bird
[15.291s] -- Installing: /home/borg/colcon_ws/install/my_simulation/share/my_simulation//models/pista23-1/objeto/bird/materials
[15.291s] -- Installing: /home/borg/colcon_ws/install/my_simulation/share/my_simulation//models/pista23-1/objeto/bird/materials/scripts
[15.292s] -- Installing: /home/borg/colcon_ws/install/my_simulation/share/my_simulation//models/pista23-1/objeto/bird/materials/scripts/bird.material
[15.292s] -- Installing: /home/borg/colcon_ws/install/my_simulation/share/my_simulation//models/pista23-1/objeto/bird/materials/textures
[15.292s] -- Installing: /home/borg/colcon_ws/install/my_simulation/share/my_simulation//models/pista23-1/objeto/bird/materials/textures/bird.dae
[15.292s] -- Installing: /home/borg/colcon_ws/install/my_simulation/share/my_simulation//models/pista23-1/objeto/bird/materials/textures/bird.png
[15.292s] -- Installing: /home/borg/colcon_ws/install/my_simulation/share/my_simulation//models/pista23-1/objeto/bird/model.config
[15.292s] -- Installing: /home/borg/colcon_ws/install/my_simulation/share/my_simulation//models/pista23-1/objeto/bird/model.sdf
[15.292s] -- Installing: /home/borg/colcon_ws/install/my_simulation/share/my_simulation//models/pista23-1/objeto/caixa_azul
[15.293s] -- Installing: /home/borg/colcon_ws/install/my_simulation/share/my_simulation//models/pista23-1/objeto/caixa_azul/model.config
[15.293s] -- Installing: /home/borg/colcon_ws/install/my_simulation/share/my_simulation//models/pista23-1/objeto/caixa_azul/model.sdf
[15.293s] -- Installing: /home/borg/colcon_ws/install/my_simulation/share/my_simulation//models/pista23-1/objeto/caixa_vermelha_01
[15.293s] -- Installing: /home/borg/colcon_ws/install/my_simulation/share/my_simulation//models/pista23-1/objeto/caixa_vermelha_01/model.config
[15.293s] -- Installing: /home/borg/colcon_ws/install/my_simulation/share/my_simulation//models/pista23-1/objeto/caixa_vermelha_01/model.sdf
[15.293s] -- Installing: /home/borg/colcon_ws/install/my_simulation/share/my_simulation//models/pista23-1/objeto/caixa_vermelha_02
[15.293s] -- Installing: /home/borg/colcon_ws/install/my_simulation/share/my_simulation//models/pista23-1/objeto/caixa_vermelha_02/model.config
[15.293s] -- Installing: /home/borg/colcon_ws/install/my_simulation/share/my_simulation//models/pista23-1/objeto/caixa_vermelha_02/model.sdf
[15.294s] -- Installing: /home/borg/colcon_ws/install/my_simulation/share/my_simulation//models/pista23-1/objeto/cat
[15.294s] -- Installing: /home/borg/colcon_ws/install/my_simulation/share/my_simulation//models/pista23-1/objeto/cat/materials
[15.294s] -- Installing: /home/borg/colcon_ws/install/my_simulation/share/my_simulation//models/pista23-1/objeto/cat/materials/scripts
[15.294s] -- Installing: /home/borg/colcon_ws/install/my_simulation/share/my_simulation//models/pista23-1/objeto/cat/materials/scripts/cat.material
[15.294s] -- Installing: /home/borg/colcon_ws/install/my_simulation/share/my_simulation//models/pista23-1/objeto/cat/materials/textures
[15.294s] -- Installing: /home/borg/colcon_ws/install/my_simulation/share/my_simulation//models/pista23-1/objeto/cat/materials/textures/cat.dae
[15.294s] -- Installing: /home/borg/colcon_ws/install/my_simulation/share/my_simulation//models/pista23-1/objeto/cat/materials/textures/cat.png
[15.294s] -- Installing: /home/borg/colcon_ws/install/my_simulation/share/my_simulation//models/pista23-1/objeto/cat/model.config
[15.294s] -- Installing: /home/borg/colcon_ws/install/my_simulation/share/my_simulation//models/pista23-1/objeto/cat/model.sdf
[15.295s] -- Installing: /home/borg/colcon_ws/install/my_simulation/share/my_simulation//models/pista23-1/objeto/dog
[15.295s] -- Installing: /home/borg/colcon_ws/install/my_simulation/share/my_simulation//models/pista23-1/objeto/dog/materials
[15.295s] -- Installing: /home/borg/colcon_ws/install/my_simulation/share/my_simulation//models/pista23-1/objeto/dog/materials/scripts
[15.295s] -- Installing: /home/borg/colcon_ws/install/my_simulation/share/my_simulation//models/pista23-1/objeto/dog/materials/scripts/dog.material
[15.295s] -- Installing: /home/borg/colcon_ws/install/my_simulation/share/my_simulation//models/pista23-1/objeto/dog/materials/textures
[15.295s] -- Installing: /home/borg/colcon_ws/install/my_simulation/share/my_simulation//models/pista23-1/objeto/dog/materials/textures/dog.dae
[15.295s] -- Installing: /home/borg/colcon_ws/install/my_simulation/share/my_simulation//models/pista23-1/objeto/dog/materials/textures/dog.png
[15.295s] -- Installing: /home/borg/colcon_ws/install/my_simulation/share/my_simulation//models/pista23-1/objeto/dog/model.config
[15.295s] -- Installing: /home/borg/colcon_ws/install/my_simulation/share/my_simulation//models/pista23-1/objeto/dog/model.sdf
[15.295s] -- Installing: /home/borg/colcon_ws/install/my_simulation/share/my_simulation//models/pista23-1/objeto/horse
[15.296s] -- Installing: /home/borg/colcon_ws/install/my_simulation/share/my_simulation//models/pista23-1/objeto/horse/materials
[15.296s] -- Installing: /home/borg/colcon_ws/install/my_simulation/share/my_simulation//models/pista23-1/objeto/horse/materials/scripts
[15.296s] -- Installing: /home/borg/colcon_ws/install/my_simulation/share/my_simulation//models/pista23-1/objeto/horse/materials/scripts/horse.material
[15.296s] -- Installing: /home/borg/colcon_ws/install/my_simulation/share/my_simulation//models/pista23-1/objeto/horse/materials/textures
[15.296s] -- Installing: /home/borg/colcon_ws/install/my_simulation/share/my_simulation//models/pista23-1/objeto/horse/materials/textures/horse.png
[15.296s] -- Installing: /home/borg/colcon_ws/install/my_simulation/share/my_simulation//models/pista23-1/objeto/horse/model.config
[15.296s] -- Installing: /home/borg/colcon_ws/install/my_simulation/share/my_simulation//models/pista23-1/objeto/horse/model.sdf
[15.296s] -- Installing: /home/borg/colcon_ws/install/my_simulation/share/my_simulation//models/pista23-1/parede
[15.296s] -- Installing: /home/borg/colcon_ws/install/my_simulation/share/my_simulation//models/pista23-1/parede/model.config
[15.297s] -- Installing: /home/borg/colcon_ws/install/my_simulation/share/my_simulation//models/pista23-1/parede/model.sdf
[15.297s] -- Installing: /home/borg/colcon_ws/install/my_simulation/share/my_simulation//models/pista23-1/pisosala
[15.297s] -- Installing: /home/borg/colcon_ws/install/my_simulation/share/my_simulation//models/pista23-1/pisosala/materials
[15.297s] -- Installing: /home/borg/colcon_ws/install/my_simulation/share/my_simulation//models/pista23-1/pisosala/materials/scripts
[15.297s] -- Installing: /home/borg/colcon_ws/install/my_simulation/share/my_simulation//models/pista23-1/pisosala/materials/scripts/pisosala.material
[15.297s] -- Installing: /home/borg/colcon_ws/install/my_simulation/share/my_simulation//models/pista23-1/pisosala/materials/textures
[15.297s] -- Installing: /home/borg/colcon_ws/install/my_simulation/share/my_simulation//models/pista23-1/pisosala/materials/textures/pisosala - antigo.png
[15.298s] -- Installing: /home/borg/colcon_ws/install/my_simulation/share/my_simulation//models/pista23-1/pisosala/materials/textures/pisosala.png
[15.298s] -- Installing: /home/borg/colcon_ws/install/my_simulation/share/my_simulation//models/pista23-1/pisosala/materials/textures/pisosala_cuenca.png
[15.298s] -- Installing: /home/borg/colcon_ws/install/my_simulation/share/my_simulation//models/pista23-1/pisosala/model.config
[15.298s] -- Installing: /home/borg/colcon_ws/install/my_simulation/share/my_simulation//models/pista23-1/pisosala/model.sdf
[15.299s] -- Installing: /home/borg/colcon_ws/install/my_simulation/share/my_simulation//models/pista23-B
[15.299s] -- Installing: /home/borg/colcon_ws/install/my_simulation/share/my_simulation//models/pista23-B/creeper
[15.299s] -- Installing: /home/borg/colcon_ws/install/my_simulation/share/my_simulation//models/pista23-B/creeper/aruco_100
[15.299s] -- Installing: /home/borg/colcon_ws/install/my_simulation/share/my_simulation//models/pista23-B/creeper/aruco_100/materials
[15.299s] -- Installing: /home/borg/colcon_ws/install/my_simulation/share/my_simulation//models/pista23-B/creeper/aruco_100/materials/scripts
[15.299s] -- Installing: /home/borg/colcon_ws/install/my_simulation/share/my_simulation//models/pista23-B/creeper/aruco_100/materials/scripts/creeper.material
[15.300s] -- Installing: /home/borg/colcon_ws/install/my_simulation/share/my_simulation//models/pista23-B/creeper/aruco_100/materials/textures
[15.300s] -- Installing: /home/borg/colcon_ws/install/my_simulation/share/my_simulation//models/pista23-B/creeper/aruco_100/materials/textures/caixa.dae
[15.300s] -- Installing: /home/borg/colcon_ws/install/my_simulation/share/my_simulation//models/pista23-B/creeper/aruco_100/materials/textures/caixa.png
[15.300s] -- Installing: /home/borg/colcon_ws/install/my_simulation/share/my_simulation//models/pista23-B/creeper/aruco_100/materials/textures/caixa.png_old
[15.300s] -- Installing: /home/borg/colcon_ws/install/my_simulation/share/my_simulation//models/pista23-B/creeper/aruco_100/model.config
[15.300s] -- Installing: /home/borg/colcon_ws/install/my_simulation/share/my_simulation//models/pista23-B/creeper/aruco_100/model.sdf
[15.301s] -- Installing: /home/borg/colcon_ws/install/my_simulation/share/my_simulation//models/pista23-B/creeper/aruco_150
[15.301s] -- Installing: /home/borg/colcon_ws/install/my_simulation/share/my_simulation//models/pista23-B/creeper/aruco_150/materials
[15.301s] -- Installing: /home/borg/colcon_ws/install/my_simulation/share/my_simulation//models/pista23-B/creeper/aruco_150/materials/scripts
[15.301s] -- Installing: /home/borg/colcon_ws/install/my_simulation/share/my_simulation//models/pista23-B/creeper/aruco_150/materials/scripts/creeper.material
[15.301s] -- Installing: /home/borg/colcon_ws/install/my_simulation/share/my_simulation//models/pista23-B/creeper/aruco_150/materials/textures
[15.301s] -- Installing: /home/borg/colcon_ws/install/my_simulation/share/my_simulation//models/pista23-B/creeper/aruco_150/materials/textures/caixa.dae
[15.301s] -- Installing: /home/borg/colcon_ws/install/my_simulation/share/my_simulation//models/pista23-B/creeper/aruco_150/materials/textures/caixa.png
[15.301s] -- Installing: /home/borg/colcon_ws/install/my_simulation/share/my_simulation//models/pista23-B/creeper/aruco_150/materials/textures/caixa.png_old
[15.302s] -- Installing: /home/borg/colcon_ws/install/my_simulation/share/my_simulation//models/pista23-B/creeper/aruco_150/model.config
[15.302s] -- Installing: /home/borg/colcon_ws/install/my_simulation/share/my_simulation//models/pista23-B/creeper/aruco_150/model.sdf
[15.302s] -- Installing: /home/borg/colcon_ws/install/my_simulation/share/my_simulation//models/pista23-B/creeper/aruco_25
[15.302s] -- Installing: /home/borg/colcon_ws/install/my_simulation/share/my_simulation//models/pista23-B/creeper/aruco_25/materials
[15.302s] -- Installing: /home/borg/colcon_ws/install/my_simulation/share/my_simulation//models/pista23-B/creeper/aruco_25/materials/scripts
[15.302s] -- Installing: /home/borg/colcon_ws/install/my_simulation/share/my_simulation//models/pista23-B/creeper/aruco_25/materials/scripts/creeper.material
[15.302s] -- Installing: /home/borg/colcon_ws/install/my_simulation/share/my_simulation//models/pista23-B/creeper/aruco_25/materials/textures
[15.302s] -- Installing: /home/borg/colcon_ws/install/my_simulation/share/my_simulation//models/pista23-B/creeper/aruco_25/materials/textures/caixa.dae
[15.303s] -- Installing: /home/borg/colcon_ws/install/my_simulation/share/my_simulation//models/pista23-B/creeper/aruco_25/materials/textures/caixa.png
[15.303s] -- Installing: /home/borg/colcon_ws/install/my_simulation/share/my_simulation//models/pista23-B/creeper/aruco_25/materials/textures/caixa.png_old
[15.303s] -- Installing: /home/borg/colcon_ws/install/my_simulation/share/my_simulation//models/pista23-B/creeper/aruco_25/model.config
[15.303s] -- Installing: /home/borg/colcon_ws/install/my_simulation/share/my_simulation//models/pista23-B/creeper/aruco_25/model.sdf
[15.303s] -- Installing: /home/borg/colcon_ws/install/my_simulation/share/my_simulation//models/pista23-B/creeper/aruco_250
[15.303s] -- Installing: /home/borg/colcon_ws/install/my_simulation/share/my_simulation//models/pista23-B/creeper/aruco_250/materials
[15.303s] -- Installing: /home/borg/colcon_ws/install/my_simulation/share/my_simulation//models/pista23-B/creeper/aruco_250/materials/scripts
[15.303s] -- Installing: /home/borg/colcon_ws/install/my_simulation/share/my_simulation//models/pista23-B/creeper/aruco_250/materials/scripts/creeper.material
[15.304s] -- Installing: /home/borg/colcon_ws/install/my_simulation/share/my_simulation//models/pista23-B/creeper/aruco_250/materials/textures
[15.304s] -- Installing: /home/borg/colcon_ws/install/my_simulation/share/my_simulation//models/pista23-B/creeper/aruco_250/materials/textures/caixa.dae
[15.304s] -- Installing: /home/borg/colcon_ws/install/my_simulation/share/my_simulation//models/pista23-B/creeper/aruco_250/materials/textures/caixa.png
[15.304s] -- Installing: /home/borg/colcon_ws/install/my_simulation/share/my_simulation//models/pista23-B/creeper/aruco_250/materials/textures/caixa.png_old
[15.304s] -- Installing: /home/borg/colcon_ws/install/my_simulation/share/my_simulation//models/pista23-B/creeper/aruco_250/model.config
[15.304s] -- Installing: /home/borg/colcon_ws/install/my_simulation/share/my_simulation//models/pista23-B/creeper/aruco_250/model.sdf
[15.304s] -- Installing: /home/borg/colcon_ws/install/my_simulation/share/my_simulation//models/pista23-B/creeper/creeper_11_azul
[15.304s] -- Installing: /home/borg/colcon_ws/install/my_simulation/share/my_simulation//models/pista23-B/creeper/creeper_11_azul/materials
[15.305s] -- Installing: /home/borg/colcon_ws/install/my_simulation/share/my_simulation//models/pista23-B/creeper/creeper_11_azul/materials/scripts
[15.305s] -- Installing: /home/borg/colcon_ws/install/my_simulation/share/my_simulation//models/pista23-B/creeper/creeper_11_azul/materials/scripts/creeper.material
[15.305s] -- Installing: /home/borg/colcon_ws/install/my_simulation/share/my_simulation//models/pista23-B/creeper/creeper_11_azul/materials/textures
[15.305s] -- Installing: /home/borg/colcon_ws/install/my_simulation/share/my_simulation//models/pista23-B/creeper/creeper_11_azul/materials/textures/MarkerData.png
[15.305s] -- Installing: /home/borg/colcon_ws/install/my_simulation/share/my_simulation//models/pista23-B/creeper/creeper_11_azul/materials/textures/MarkerData.png.001.png
[15.305s] -- Installing: /home/borg/colcon_ws/install/my_simulation/share/my_simulation//models/pista23-B/creeper/creeper_11_azul/materials/textures/creeper.dae
[15.305s] -- Installing: /home/borg/colcon_ws/install/my_simulation/share/my_simulation//models/pista23-B/creeper/creeper_11_azul/model.sdf
[15.305s] -- Installing: /home/borg/colcon_ws/install/my_simulation/share/my_simulation//models/pista23-B/creeper/creeper_11_azul/model.config
[15.305s] -- Installing: /home/borg/colcon_ws/install/my_simulation/share/my_simulation//models/pista23-B/creeper/creeper_13_verde
[15.305s] -- Installing: /home/borg/colcon_ws/install/my_simulation/share/my_simulation//models/pista23-B/creeper/creeper_13_verde/materials
[15.306s] -- Installing: /home/borg/colcon_ws/install/my_simulation/share/my_simulation//models/pista23-B/creeper/creeper_13_verde/materials/scripts
[15.306s] -- Installing: /home/borg/colcon_ws/install/my_simulation/share/my_simulation//models/pista23-B/creeper/creeper_13_verde/materials/scripts/creeper.material
[15.306s] -- Installing: /home/borg/colcon_ws/install/my_simulation/share/my_simulation//models/pista23-B/creeper/creeper_13_verde/materials/textures
[15.306s] -- Installing: /home/borg/colcon_ws/install/my_simulation/share/my_simulation//models/pista23-B/creeper/creeper_13_verde/materials/textures/MarkerData.png
[15.306s] -- Installing: /home/borg/colcon_ws/install/my_simulation/share/my_simulation//models/pista23-B/creeper/creeper_13_verde/materials/textures/MarkerData.png.001.png
[15.306s] -- Installing: /home/borg/colcon_ws/install/my_simulation/share/my_simulation//models/pista23-B/creeper/creeper_13_verde/materials/textures/MarkerData.png.001.png_old
[15.306s] -- Installing: /home/borg/colcon_ws/install/my_simulation/share/my_simulation//models/pista23-B/creeper/creeper_13_verde/materials/textures/MarkerData.png_old
[15.306s] -- Installing: /home/borg/colcon_ws/install/my_simulation/share/my_simulation//models/pista23-B/creeper/creeper_13_verde/materials/textures/creeper.dae
[15.306s] -- Installing: /home/borg/colcon_ws/install/my_simulation/share/my_simulation//models/pista23-B/creeper/creeper_13_verde/model.sdf
[15.307s] -- Installing: /home/borg/colcon_ws/install/my_simulation/share/my_simulation//models/pista23-B/creeper/creeper_13_verde/model.config
[15.307s] -- Installing: /home/borg/colcon_ws/install/my_simulation/share/my_simulation//models/pista23-B/creeper/creeper_21_azul
[15.307s] -- Installing: /home/borg/colcon_ws/install/my_simulation/share/my_simulation//models/pista23-B/creeper/creeper_21_azul/materials
[15.307s] -- Installing: /home/borg/colcon_ws/install/my_simulation/share/my_simulation//models/pista23-B/creeper/creeper_21_azul/materials/scripts
[15.307s] -- Installing: /home/borg/colcon_ws/install/my_simulation/share/my_simulation//models/pista23-B/creeper/creeper_21_azul/materials/scripts/creeper.material
[15.307s] -- Installing: /home/borg/colcon_ws/install/my_simulation/share/my_simulation//models/pista23-B/creeper/creeper_21_azul/materials/textures
[15.307s] -- Installing: /home/borg/colcon_ws/install/my_simulation/share/my_simulation//models/pista23-B/creeper/creeper_21_azul/materials/textures/MarkerData.png
[15.307s] -- Installing: /home/borg/colcon_ws/install/my_simulation/share/my_simulation//models/pista23-B/creeper/creeper_21_azul/materials/textures/MarkerData.png.001.png
[15.307s] -- Installing: /home/borg/colcon_ws/install/my_simulation/share/my_simulation//models/pista23-B/creeper/creeper_21_azul/materials/textures/creeper.dae
[15.307s] -- Installing: /home/borg/colcon_ws/install/my_simulation/share/my_simulation//models/pista23-B/creeper/creeper_21_azul/model.sdf
[15.308s] -- Installing: /home/borg/colcon_ws/install/my_simulation/share/my_simulation//models/pista23-B/creeper/creeper_21_azul/model.config
[15.308s] -- Installing: /home/borg/colcon_ws/install/my_simulation/share/my_simulation//models/pista23-B/creeper/creeper_32_verde
[15.308s] -- Installing: /home/borg/colcon_ws/install/my_simulation/share/my_simulation//models/pista23-B/creeper/creeper_32_verde/materials
[15.308s] -- Installing: /home/borg/colcon_ws/install/my_simulation/share/my_simulation//models/pista23-B/creeper/creeper_32_verde/materials/scripts
[15.308s] -- Installing: /home/borg/colcon_ws/install/my_simulation/share/my_simulation//models/pista23-B/creeper/creeper_32_verde/materials/scripts/creeper.material
[15.308s] -- Installing: /home/borg/colcon_ws/install/my_simulation/share/my_simulation//models/pista23-B/creeper/creeper_32_verde/materials/textures
[15.308s] -- Installing: /home/borg/colcon_ws/install/my_simulation/share/my_simulation//models/pista23-B/creeper/creeper_32_verde/materials/textures/MarkerData.png
[15.308s] -- Installing: /home/borg/colcon_ws/install/my_simulation/share/my_simulation//models/pista23-B/creeper/creeper_32_verde/materials/textures/MarkerData.png.001.png
[15.309s] -- Installing: /home/borg/colcon_ws/install/my_simulation/share/my_simulation//models/pista23-B/creeper/creeper_32_verde/materials/textures/creeper.dae
[15.309s] -- Installing: /home/borg/colcon_ws/install/my_simulation/share/my_simulation//models/pista23-B/creeper/creeper_32_verde/model.sdf
[15.309s] -- Installing: /home/borg/colcon_ws/install/my_simulation/share/my_simulation//models/pista23-B/creeper/creeper_32_verde/model.config
[15.309s] -- Installing: /home/borg/colcon_ws/install/my_simulation/share/my_simulation//models/pista23-B/mesa
[15.309s] -- Installing: /home/borg/colcon_ws/install/my_simulation/share/my_simulation//models/pista23-B/mesa/mesa_02
[15.309s] -- Installing: /home/borg/colcon_ws/install/my_simulation/share/my_simulation//models/pista23-B/mesa/mesa_02/model.config
[15.309s] -- Installing: /home/borg/colcon_ws/install/my_simulation/share/my_simulation//models/pista23-B/mesa/mesa_02/model.sdf
[15.309s] -- Installing: /home/borg/colcon_ws/install/my_simulation/share/my_simulation//models/pista23-B/mesa/mesa_03
[15.310s] -- Installing: /home/borg/colcon_ws/install/my_simulation/share/my_simulation//models/pista23-B/mesa/mesa_03/model.config
[15.310s] -- Installing: /home/borg/colcon_ws/install/my_simulation/share/my_simulation//models/pista23-B/mesa/mesa_03/model.sdf
[15.310s] -- Installing: /home/borg/colcon_ws/install/my_simulation/share/my_simulation//models/pista23-B/mesa/mesa_04
[15.310s] -- Installing: /home/borg/colcon_ws/install/my_simulation/share/my_simulation//models/pista23-B/mesa/mesa_04/model.config
[15.310s] -- Installing: /home/borg/colcon_ws/install/my_simulation/share/my_simulation//models/pista23-B/mesa/mesa_04/model.sdf
[15.310s] -- Installing: /home/borg/colcon_ws/install/my_simulation/share/my_simulation//models/pista23-B/mesa/mesa_05
[15.310s] -- Installing: /home/borg/colcon_ws/install/my_simulation/share/my_simulation//models/pista23-B/mesa/mesa_05/model.config
[15.311s] -- Installing: /home/borg/colcon_ws/install/my_simulation/share/my_simulation//models/pista23-B/mesa/mesa_05/model.sdf
[15.311s] -- Installing: /home/borg/colcon_ws/install/my_simulation/share/my_simulation//models/pista23-B/mesa/mesa_1
[15.311s] -- Installing: /home/borg/colcon_ws/install/my_simulation/share/my_simulation//models/pista23-B/mesa/mesa_1/model.config
[15.311s] -- Installing: /home/borg/colcon_ws/install/my_simulation/share/my_simulation//models/pista23-B/mesa/mesa_1/model.sdf
[15.311s] -- Installing: /home/borg/colcon_ws/install/my_simulation/share/my_simulation//models/pista23-B/objeto
[15.311s] -- Installing: /home/borg/colcon_ws/install/my_simulation/share/my_simulation//models/pista23-B/objeto/bicycle
[15.311s] -- Installing: /home/borg/colcon_ws/install/my_simulation/share/my_simulation//models/pista23-B/objeto/bicycle/materials
[15.312s] -- Installing: /home/borg/colcon_ws/install/my_simulation/share/my_simulation//models/pista23-B/objeto/bicycle/materials/scripts
[15.312s] -- Installing: /home/borg/colcon_ws/install/my_simulation/share/my_simulation//models/pista23-B/objeto/bicycle/materials/scripts/bicycle.material
[15.312s] -- Installing: /home/borg/colcon_ws/install/my_simulation/share/my_simulation//models/pista23-B/objeto/bicycle/materials/textures
[15.312s] -- Installing: /home/borg/colcon_ws/install/my_simulation/share/my_simulation//models/pista23-B/objeto/bicycle/materials/textures/bicycle.dae
[15.312s] -- Installing: /home/borg/colcon_ws/install/my_simulation/share/my_simulation//models/pista23-B/objeto/bicycle/materials/textures/bicycle.png
[15.312s] -- Installing: /home/borg/colcon_ws/install/my_simulation/share/my_simulation//models/pista23-B/objeto/bicycle/model.config
[15.312s] -- Installing: /home/borg/colcon_ws/install/my_simulation/share/my_simulation//models/pista23-B/objeto/bicycle/model.sdf
[15.313s] -- Installing: /home/borg/colcon_ws/install/my_simulation/share/my_simulation//models/pista23-B/objeto/bird
[15.313s] -- Installing: /home/borg/colcon_ws/install/my_simulation/share/my_simulation//models/pista23-B/objeto/bird/materials
[15.313s] -- Installing: /home/borg/colcon_ws/install/my_simulation/share/my_simulation//models/pista23-B/objeto/bird/materials/scripts
[15.313s] -- Installing: /home/borg/colcon_ws/install/my_simulation/share/my_simulation//models/pista23-B/objeto/bird/materials/scripts/bird.material
[15.313s] -- Installing: /home/borg/colcon_ws/install/my_simulation/share/my_simulation//models/pista23-B/objeto/bird/materials/textures
[15.313s] -- Installing: /home/borg/colcon_ws/install/my_simulation/share/my_simulation//models/pista23-B/objeto/bird/materials/textures/bird.dae
[15.313s] -- Installing: /home/borg/colcon_ws/install/my_simulation/share/my_simulation//models/pista23-B/objeto/bird/materials/textures/bird.png
[15.314s] -- Installing: /home/borg/colcon_ws/install/my_simulation/share/my_simulation//models/pista23-B/objeto/bird/model.config
[15.314s] -- Installing: /home/borg/colcon_ws/install/my_simulation/share/my_simulation//models/pista23-B/objeto/bird/model.sdf
[15.314s] -- Installing: /home/borg/colcon_ws/install/my_simulation/share/my_simulation//models/pista23-B/objeto/caixa_azul
[15.314s] -- Installing: /home/borg/colcon_ws/install/my_simulation/share/my_simulation//models/pista23-B/objeto/caixa_azul/model.config
[15.314s] -- Installing: /home/borg/colcon_ws/install/my_simulation/share/my_simulation//models/pista23-B/objeto/caixa_azul/model.sdf
[15.314s] -- Installing: /home/borg/colcon_ws/install/my_simulation/share/my_simulation//models/pista23-B/objeto/caixa_vermelha_01
[15.314s] -- Installing: /home/borg/colcon_ws/install/my_simulation/share/my_simulation//models/pista23-B/objeto/caixa_vermelha_01/model.config
[15.314s] -- Installing: /home/borg/colcon_ws/install/my_simulation/share/my_simulation//models/pista23-B/objeto/caixa_vermelha_01/model.sdf
[15.314s] -- Installing: /home/borg/colcon_ws/install/my_simulation/share/my_simulation//models/pista23-B/objeto/caixa_vermelha_02
[15.315s] -- Installing: /home/borg/colcon_ws/install/my_simulation/share/my_simulation//models/pista23-B/objeto/caixa_vermelha_02/model.config
[15.315s] -- Installing: /home/borg/colcon_ws/install/my_simulation/share/my_simulation//models/pista23-B/objeto/caixa_vermelha_02/model.sdf
[15.315s] -- Installing: /home/borg/colcon_ws/install/my_simulation/share/my_simulation//models/pista23-B/objeto/cat
[15.315s] -- Installing: /home/borg/colcon_ws/install/my_simulation/share/my_simulation//models/pista23-B/objeto/cat/materials
[15.315s] -- Installing: /home/borg/colcon_ws/install/my_simulation/share/my_simulation//models/pista23-B/objeto/cat/materials/scripts
[15.315s] -- Installing: /home/borg/colcon_ws/install/my_simulation/share/my_simulation//models/pista23-B/objeto/cat/materials/scripts/cat.material
[15.315s] -- Installing: /home/borg/colcon_ws/install/my_simulation/share/my_simulation//models/pista23-B/objeto/cat/materials/textures
[15.315s] -- Installing: /home/borg/colcon_ws/install/my_simulation/share/my_simulation//models/pista23-B/objeto/cat/materials/textures/cat.dae
[15.315s] -- Installing: /home/borg/colcon_ws/install/my_simulation/share/my_simulation//models/pista23-B/objeto/cat/materials/textures/cat.png
[15.316s] -- Installing: /home/borg/colcon_ws/install/my_simulation/share/my_simulation//models/pista23-B/objeto/cat/model.config
[15.316s] -- Installing: /home/borg/colcon_ws/install/my_simulation/share/my_simulation//models/pista23-B/objeto/cat/model.sdf
[15.316s] -- Installing: /home/borg/colcon_ws/install/my_simulation/share/my_simulation//models/pista23-B/objeto/dog
[15.316s] -- Installing: /home/borg/colcon_ws/install/my_simulation/share/my_simulation//models/pista23-B/objeto/dog/materials
[15.316s] -- Installing: /home/borg/colcon_ws/install/my_simulation/share/my_simulation//models/pista23-B/objeto/dog/materials/scripts
[15.316s] -- Installing: /home/borg/colcon_ws/install/my_simulation/share/my_simulation//models/pista23-B/objeto/dog/materials/scripts/dog.material
[15.316s] -- Installing: /home/borg/colcon_ws/install/my_simulation/share/my_simulation//models/pista23-B/objeto/dog/materials/textures
[15.316s] -- Installing: /home/borg/colcon_ws/install/my_simulation/share/my_simulation//models/pista23-B/objeto/dog/materials/textures/dog.dae
[15.317s] -- Installing: /home/borg/colcon_ws/install/my_simulation/share/my_simulation//models/pista23-B/objeto/dog/materials/textures/dog.png
[15.317s] -- Installing: /home/borg/colcon_ws/install/my_simulation/share/my_simulation//models/pista23-B/objeto/dog/model.config
[15.317s] -- Installing: /home/borg/colcon_ws/install/my_simulation/share/my_simulation//models/pista23-B/objeto/dog/model.sdf
[15.317s] -- Installing: /home/borg/colcon_ws/install/my_simulation/share/my_simulation//models/pista23-B/objeto/horse
[15.317s] -- Installing: /home/borg/colcon_ws/install/my_simulation/share/my_simulation//models/pista23-B/objeto/horse/materials
[15.317s] -- Installing: /home/borg/colcon_ws/install/my_simulation/share/my_simulation//models/pista23-B/objeto/horse/materials/scripts
[15.317s] -- Installing: /home/borg/colcon_ws/install/my_simulation/share/my_simulation//models/pista23-B/objeto/horse/materials/scripts/horse.material
[15.318s] -- Installing: /home/borg/colcon_ws/install/my_simulation/share/my_simulation//models/pista23-B/objeto/horse/materials/textures
[15.318s] -- Installing: /home/borg/colcon_ws/install/my_simulation/share/my_simulation//models/pista23-B/objeto/horse/materials/textures/horse.png
[15.318s] -- Installing: /home/borg/colcon_ws/install/my_simulation/share/my_simulation//models/pista23-B/objeto/horse/model.config
[15.318s] -- Installing: /home/borg/colcon_ws/install/my_simulation/share/my_simulation//models/pista23-B/objeto/horse/model.sdf
[15.318s] -- Installing: /home/borg/colcon_ws/install/my_simulation/share/my_simulation//models/pista23-B/parede
[15.318s] -- Installing: /home/borg/colcon_ws/install/my_simulation/share/my_simulation//models/pista23-B/parede/model.config
[15.318s] -- Installing: /home/borg/colcon_ws/install/my_simulation/share/my_simulation//models/pista23-B/parede/model.sdf
[15.318s] -- Installing: /home/borg/colcon_ws/install/my_simulation/share/my_simulation//models/pista23-B/pisosala
[15.319s] -- Installing: /home/borg/colcon_ws/install/my_simulation/share/my_simulation//models/pista23-B/pisosala/materials
[15.319s] -- Installing: /home/borg/colcon_ws/install/my_simulation/share/my_simulation//models/pista23-B/pisosala/materials/scripts
[15.319s] -- Installing: /home/borg/colcon_ws/install/my_simulation/share/my_simulation//models/pista23-B/pisosala/materials/scripts/pisosala.material
[15.319s] -- Installing: /home/borg/colcon_ws/install/my_simulation/share/my_simulation//models/pista23-B/pisosala/materials/textures
[15.319s] -- Installing: /home/borg/colcon_ws/install/my_simulation/share/my_simulation//models/pista23-B/pisosala/materials/textures/pisosala - antigo.png
[15.319s] -- Installing: /home/borg/colcon_ws/install/my_simulation/share/my_simulation//models/pista23-B/pisosala/materials/textures/pisosala.png
[15.320s] -- Installing: /home/borg/colcon_ws/install/my_simulation/share/my_simulation//models/pista23-B/pisosala/materials/textures/pisosala_cuenca.png
[15.320s] -- Installing: /home/borg/colcon_ws/install/my_simulation/share/my_simulation//models/pista23-B/pisosala/model.config
[15.320s] -- Installing: /home/borg/colcon_ws/install/my_simulation/share/my_simulation//models/pista23-B/pisosala/model.sdf
[15.320s] -- Installing: /home/borg/colcon_ws/install/my_simulation/share/my_simulation//rviz
[15.320s] -- Installing: /home/borg/colcon_ws/install/my_simulation/share/my_simulation//rviz/tb3_gazebo.rviz
[15.320s] -- Installing: /home/borg/colcon_ws/install/my_simulation/share/my_simulation//urdf
[15.321s] -- Installing: /home/borg/colcon_ws/install/my_simulation/share/my_simulation//urdf/common_properties.urdf
[15.321s] -- Installing: /home/borg/colcon_ws/install/my_simulation/share/my_simulation//urdf/turtlebot3_burger.urdf
[15.321s] -- Installing: /home/borg/colcon_ws/install/my_simulation/share/my_simulation//urdf/turtlebot3_waffle.urdf
[15.321s] -- Installing: /home/borg/colcon_ws/install/my_simulation/share/my_simulation//urdf/turtlebot3_waffle_pi.urdf
[15.321s] -- Installing: /home/borg/colcon_ws/install/my_simulation/share/my_simulation//urdf/common_properties.xacro
[15.321s] -- Installing: /home/borg/colcon_ws/install/my_simulation/share/my_simulation//urdf/mybot.gazebo.urdf
[15.321s] -- Installing: /home/borg/colcon_ws/install/my_simulation/share/my_simulation//urdf/mybot.gazebo.xacro
[15.321s] -- Installing: /home/borg/colcon_ws/install/my_simulation/share/my_simulation//urdf/mybot.urdf
[15.322s] -- Installing: /home/borg/colcon_ws/install/my_simulation/share/my_simulation//urdf/mybot.urdf.xacro
[15.322s] -- Installing: /home/borg/colcon_ws/install/my_simulation/share/my_simulation//urdf/meshes
[15.322s] -- Installing: /home/borg/colcon_ws/install/my_simulation/share/my_simulation//urdf/meshes/bases
[15.322s] -- Installing: /home/borg/colcon_ws/install/my_simulation/share/my_simulation//urdf/meshes/bases/burger_base.stl
[15.322s] -- Installing: /home/borg/colcon_ws/install/my_simulation/share/my_simulation//urdf/meshes/garra
[15.322s] -- Installing: /home/borg/colcon_ws/install/my_simulation/share/my_simulation//urdf/meshes/garra/arm.dae
[15.322s] -- Installing: /home/borg/colcon_ws/install/my_simulation/share/my_simulation//urdf/meshes/garra/arm.stl
[15.323s] -- Installing: /home/borg/colcon_ws/install/my_simulation/share/my_simulation//urdf/meshes/garra/base_camera1.dae
[15.323s] -- Installing: /home/borg/colcon_ws/install/my_simulation/share/my_simulation//urdf/meshes/garra/base_camera1.stl
[15.323s] -- Installing: /home/borg/colcon_ws/install/my_simulation/share/my_simulation//urdf/meshes/garra/base_link_garra.dae
[15.323s] -- Installing: /home/borg/colcon_ws/install/my_simulation/share/my_simulation//urdf/meshes/garra/base_link_garra.stl
[15.323s] -- Installing: /home/borg/colcon_ws/install/my_simulation/share/my_simulation//urdf/meshes/garra/direita.dae
[15.324s] -- Installing: /home/borg/colcon_ws/install/my_simulation/share/my_simulation//urdf/meshes/garra/direita.stl
[15.324s] -- Installing: /home/borg/colcon_ws/install/my_simulation/share/my_simulation//urdf/meshes/garra/esquerda.dae
[15.324s] -- Installing: /home/borg/colcon_ws/install/my_simulation/share/my_simulation//urdf/meshes/garra/esquerda.stl
[15.324s] -- Installing: /home/borg/colcon_ws/install/my_simulation/share/my_simulation//urdf/meshes/garra/garra1garrabraco1.stl
[15.324s] -- Installing: /home/borg/colcon_ws/install/my_simulation/share/my_simulation//urdf/meshes/garra/garra1garradireita1.stl
[15.324s] -- Installing: /home/borg/colcon_ws/install/my_simulation/share/my_simulation//urdf/meshes/garra/garra1garraesquerda1.stl
[15.324s] -- Installing: /home/borg/colcon_ws/install/my_simulation/share/my_simulation//urdf/meshes/garra/lat11.dae
[15.324s] -- Installing: /home/borg/colcon_ws/install/my_simulation/share/my_simulation//urdf/meshes/garra/lat11.stl
[15.325s] -- Installing: /home/borg/colcon_ws/install/my_simulation/share/my_simulation//urdf/meshes/garra/lat21.dae
[15.325s] -- Installing: /home/borg/colcon_ws/install/my_simulation/share/my_simulation//urdf/meshes/garra/lat21.stl
[15.325s] -- Installing: /home/borg/colcon_ws/install/my_simulation/share/my_simulation//urdf/meshes/garra/lat31.dae
[15.325s] -- Installing: /home/borg/colcon_ws/install/my_simulation/share/my_simulation//urdf/meshes/garra/lat31.stl
[15.325s] -- Installing: /home/borg/colcon_ws/install/my_simulation/share/my_simulation//urdf/meshes/garra/servo_garra1.dae
[15.325s] -- Installing: /home/borg/colcon_ws/install/my_simulation/share/my_simulation//urdf/meshes/garra/servo_garra1.stl
[15.325s] -- Installing: /home/borg/colcon_ws/install/my_simulation/share/my_simulation//urdf/meshes/sensors
[15.326s] -- Installing: /home/borg/colcon_ws/install/my_simulation/share/my_simulation//urdf/meshes/sensors/arm.dae
[15.326s] -- Installing: /home/borg/colcon_ws/install/my_simulation/share/my_simulation//urdf/meshes/sensors/arm.stl
[15.326s] -- Installing: /home/borg/colcon_ws/install/my_simulation/share/my_simulation//urdf/meshes/sensors/astra.dae
[15.327s] -- Installing: /home/borg/colcon_ws/install/my_simulation/share/my_simulation//urdf/meshes/sensors/astra.jpg
[15.327s] -- Installing: /home/borg/colcon_ws/install/my_simulation/share/my_simulation//urdf/meshes/sensors/direita.dae
[15.327s] -- Installing: /home/borg/colcon_ws/install/my_simulation/share/my_simulation//urdf/meshes/sensors/esquerda.dae
[15.327s] -- Installing: /home/borg/colcon_ws/install/my_simulation/share/my_simulation//urdf/meshes/sensors/garra_direita.stl
[15.327s] -- Installing: /home/borg/colcon_ws/install/my_simulation/share/my_simulation//urdf/meshes/sensors/garra_esquerda.stl
[15.327s] -- Installing: /home/borg/colcon_ws/install/my_simulation/share/my_simulation//urdf/meshes/sensors/l_finger.dae
[15.327s] -- Installing: /home/borg/colcon_ws/install/my_simulation/share/my_simulation//urdf/meshes/sensors/l_finger_color.tif
[15.327s] -- Installing: /home/borg/colcon_ws/install/my_simulation/share/my_simulation//urdf/meshes/sensors/l_finger_tip.dae
[15.327s] -- Installing: /home/borg/colcon_ws/install/my_simulation/share/my_simulation//urdf/meshes/sensors/l_finger_tip_color.tif
[15.327s] -- Installing: /home/borg/colcon_ws/install/my_simulation/share/my_simulation//urdf/meshes/sensors/lds.stl
[15.327s] -- Installing: /home/borg/colcon_ws/install/my_simulation/share/my_simulation//urdf/meshes/sensors/r200.dae
[15.328s] -- Installing: /home/borg/colcon_ws/install/my_simulation/share/my_simulation//urdf/meshes/sensors/r200.jpg
[15.328s] -- Installing: /home/borg/colcon_ws/install/my_simulation/share/my_simulation//urdf/meshes/wheels
[15.328s] -- Installing: /home/borg/colcon_ws/install/my_simulation/share/my_simulation//urdf/meshes/wheels/left_tire.stl
[15.328s] -- Installing: /home/borg/colcon_ws/install/my_simulation/share/my_simulation//urdf/meshes/wheels/right_tire.stl
[15.328s] -- Installing: /home/borg/colcon_ws/install/my_simulation/share/my_simulation//urdf/turtlebot3_burger_insper.urdf
[15.328s] -- Installing: /home/borg/colcon_ws/install/my_simulation/share/my_simulation//worlds
[15.328s] -- Installing: /home/borg/colcon_ws/install/my_simulation/share/my_simulation//worlds/empty_world.world
[15.328s] -- Installing: /home/borg/colcon_ws/install/my_simulation/share/my_simulation//worlds/turtlebot3_dqn_stage1.world
[15.328s] -- Installing: /home/borg/colcon_ws/install/my_simulation/share/my_simulation//worlds/turtlebot3_dqn_stage2.world
[15.328s] -- Installing: /home/borg/colcon_ws/install/my_simulation/share/my_simulation//worlds/turtlebot3_dqn_stage3.world
[15.328s] -- Installing: /home/borg/colcon_ws/install/my_simulation/share/my_simulation//worlds/turtlebot3_dqn_stage4.world
[15.328s] -- Installing: /home/borg/colcon_ws/install/my_simulation/share/my_simulation//worlds/turtlebot3_house.world
[15.328s] -- Installing: /home/borg/colcon_ws/install/my_simulation/share/my_simulation//worlds/turtlebot3_world.world
[15.329s] -- Installing: /home/borg/colcon_ws/install/my_simulation/share/my_simulation//worlds/lab.world
[15.329s] -- Installing: /home/borg/colcon_ws/install/my_simulation/share/my_simulation//worlds/pista23-B.world
[15.329s] -- Installing: /home/borg/colcon_ws/install/my_simulation/include/
[15.329s] -- Installing: /home/borg/colcon_ws/install/my_simulation/include//turtlebot3_gazebo
[15.329s] -- Installing: /home/borg/colcon_ws/install/my_simulation/include//turtlebot3_gazebo/turtlebot3_drive.hpp
[15.329s] -- Installing: /home/borg/colcon_ws/install/my_simulation/share/ament_index/resource_index/package_run_dependencies/my_simulation
[15.329s] -- Installing: /home/borg/colcon_ws/install/my_simulation/share/ament_index/resource_index/parent_prefix_path/my_simulation
[15.329s] -- Installing: /home/borg/colcon_ws/install/my_simulation/share/my_simulation/environment/ament_prefix_path.sh
[15.329s] -- Installing: /home/borg/colcon_ws/install/my_simulation/share/my_simulation/environment/ament_prefix_path.dsv
[15.329s] -- Installing: /home/borg/colcon_ws/install/my_simulation/share/my_simulation/environment/path.sh
[15.329s] -- Installing: /home/borg/colcon_ws/install/my_simulation/share/my_simulation/environment/path.dsv
[15.329s] -- Installing: /home/borg/colcon_ws/install/my_simulation/share/my_simulation/local_setup.bash
[15.329s] -- Installing: /home/borg/colcon_ws/install/my_simulation/share/my_simulation/local_setup.sh
[15.329s] -- Installing: /home/borg/colcon_ws/install/my_simulation/share/my_simulation/local_setup.zsh
[15.330s] -- Installing: /home/borg/colcon_ws/install/my_simulation/share/my_simulation/local_setup.dsv
[15.330s] -- Installing: /home/borg/colcon_ws/install/my_simulation/share/my_simulation/package.dsv
[15.330s] -- Installing: /home/borg/colcon_ws/install/my_simulation/share/ament_index/resource_index/packages/my_simulation
[15.330s] -- Installing: /home/borg/colcon_ws/install/my_simulation/share/my_simulation/cmake/ament_cmake_export_include_directories-extras.cmake
[15.330s] -- Installing: /home/borg/colcon_ws/install/my_simulation/share/my_simulation/cmake/ament_cmake_export_dependencies-extras.cmake
[15.330s] -- Installing: /home/borg/colcon_ws/install/my_simulation/share/my_simulation/cmake/my_simulationConfig.cmake
[15.330s] -- Installing: /home/borg/colcon_ws/install/my_simulation/share/my_simulation/cmake/my_simulationConfig-version.cmake
[15.330s] -- Installing: /home/borg/colcon_ws/install/my_simulation/share/my_simulation/package.xml
[15.330s] Invoked command in '/home/borg/colcon_ws/build/my_simulation' returned '0': CMAKE_PREFIX_PATH=${CMAKE_PREFIX_PATH}:/opt/ros/humble /usr/bin/cmake --install /home/borg/colcon_ws/build/my_simulation
