[0.458s] Invoking command in '/home/borg/colcon_ws/build/my_box_bot_description': CMAKE_PREFIX_PATH=${CMAKE_PREFIX_PATH}:/opt/ros/humble /usr/bin/cmake /home/borg/colcon_ws/src/my_box_bot_description -DCMAKE_INSTALL_PREFIX=/home/borg/colcon_ws/install/my_box_bot_description
[0.489s] -- Found ament_cmake: 1.3.6 (/opt/ros/humble/share/ament_cmake/cmake)
[0.672s] -- Override CMake install command with custom implementation using symlinks instead of copying resources
[0.678s] -- Found urdf: 2.6.0 (/opt/ros/humble/share/urdf/cmake)
[0.708s] -- Found xacro: 2.0.8 (/opt/ros/humble/share/xacro/cmake)
[0.709s] -- Found ament_lint_auto: 0.12.9 (/opt/ros/humble/share/ament_lint_auto/cmake)
[0.772s] -- Added test 'copyright' to check source files copyright and LICENSE
[0.775s] -- Added test 'flake8' to check Python code syntax and style conventions
[0.775s] -- Added test 'lint_cmake' to check CMake code style
[0.776s] -- Added test 'pep257' to check Python code against some of the docstring style conventions in PEP 257
[0.777s] -- Added test 'xmllint' to check XML markup files
[0.778s] -- Configuring done
[0.782s] -- Generating done
[0.782s] -- Build files have been written to: /home/borg/colcon_ws/build/my_box_bot_description
[1.104s] Invoked command in '/home/borg/colcon_ws/build/my_box_bot_description' returned '0': CMAKE_PREFIX_PATH=${CMAKE_PREFIX_PATH}:/opt/ros/humble /usr/bin/cmake /home/borg/colcon_ws/src/my_box_bot_description -DCMAKE_INSTALL_PREFIX=/home/borg/colcon_ws/install/my_box_bot_description
[1.104s] Invoking command in '/home/borg/colcon_ws/build/my_box_bot_description': CMAKE_PREFIX_PATH=${CMAKE_PREFIX_PATH}:/opt/ros/humble /usr/bin/cmake --build /home/borg/colcon_ws/build/my_box_bot_description -- -j12 -l12
[1.386s] Invoked command in '/home/borg/colcon_ws/build/my_box_bot_description' returned '0': CMAKE_PREFIX_PATH=${CMAKE_PREFIX_PATH}:/opt/ros/humble /usr/bin/cmake --build /home/borg/colcon_ws/build/my_box_bot_description -- -j12 -l12
[1.650s] Invoking command in '/home/borg/colcon_ws/build/my_box_bot_description': CMAKE_PREFIX_PATH=${CMAKE_PREFIX_PATH}:/opt/ros/humble /usr/bin/cmake --install /home/borg/colcon_ws/build/my_box_bot_description
[1.660s] -- Install configuration: ""
[1.661s] -- Execute custom install script
[1.662s] -- Up-to-date symlink: /home/borg/colcon_ws/install/my_box_bot_description/share/my_box_bot_description//urdf/box_bot_geometric.urdf
[1.662s] -- Up-to-date symlink: /home/borg/colcon_ws/install/my_box_bot_description/share/my_box_bot_description//urdf/box_bot_geometric_meshes.urdf
[1.663s] -- Up-to-date symlink: /home/borg/colcon_ws/install/my_box_bot_description/share/my_box_bot_description//urdf/box_bot_meshes_collisions_inertias.urdf
[1.663s] -- Symlinking: /home/borg/colcon_ws/install/my_box_bot_description/share/my_box_bot_description//urdf/box_bot_physical_properties.urdf
[1.673s] -- Up-to-date symlink: /home/borg/colcon_ws/install/my_box_bot_description/share/my_box_bot_description//launch/urdf_visualize_geometric.launch.py
[1.673s] -- Up-to-date symlink: /home/borg/colcon_ws/install/my_box_bot_description/share/my_box_bot_description//launch/urdf_visualize_meshes.launch.py
[1.673s] -- Up-to-date symlink: /home/borg/colcon_ws/install/my_box_bot_description/share/my_box_bot_description//launch/urdf_visualize_meshes_collisions_inertias.launch.py
[1.673s] -- Symlinking: /home/borg/colcon_ws/install/my_box_bot_description/share/my_box_bot_description//launch/urdf_visualize_physical.launch.py
[1.681s] -- Up-to-date symlink: /home/borg/colcon_ws/install/my_box_bot_description/share/my_box_bot_description//meshes/cute_cube.blend
[1.681s] -- Up-to-date symlink: /home/borg/colcon_ws/install/my_box_bot_description/share/my_box_bot_description//meshes/cute_cube.dae
[1.681s] -- Up-to-date symlink: /home/borg/colcon_ws/install/my_box_bot_description/share/my_box_bot_description//meshes/lambert3_baseColor.png
[1.681s] -- Up-to-date symlink: /home/borg/colcon_ws/install/my_box_bot_description/share/ament_index/resource_index/package_run_dependencies/my_box_bot_description
[1.682s] -- Up-to-date symlink: /home/borg/colcon_ws/install/my_box_bot_description/share/ament_index/resource_index/parent_prefix_path/my_box_bot_description
[1.682s] -- Up-to-date symlink: /home/borg/colcon_ws/install/my_box_bot_description/share/my_box_bot_description/environment/ament_prefix_path.sh
[1.682s] -- Up-to-date symlink: /home/borg/colcon_ws/install/my_box_bot_description/share/my_box_bot_description/environment/ament_prefix_path.dsv
[1.683s] -- Up-to-date symlink: /home/borg/colcon_ws/install/my_box_bot_description/share/my_box_bot_description/environment/path.sh
[1.683s] -- Up-to-date symlink: /home/borg/colcon_ws/install/my_box_bot_description/share/my_box_bot_description/environment/path.dsv
[1.683s] -- Up-to-date symlink: /home/borg/colcon_ws/install/my_box_bot_description/share/my_box_bot_description/local_setup.bash
[1.683s] -- Up-to-date symlink: /home/borg/colcon_ws/install/my_box_bot_description/share/my_box_bot_description/local_setup.sh
[1.683s] -- Up-to-date symlink: /home/borg/colcon_ws/install/my_box_bot_description/share/my_box_bot_description/local_setup.zsh
[1.683s] -- Up-to-date symlink: /home/borg/colcon_ws/install/my_box_bot_description/share/my_box_bot_description/local_setup.dsv
[1.683s] -- Symlinking: /home/borg/colcon_ws/install/my_box_bot_description/share/my_box_bot_description/package.dsv
[1.691s] -- Up-to-date symlink: /home/borg/colcon_ws/install/my_box_bot_description/share/ament_index/resource_index/packages/my_box_bot_description
[1.691s] -- Up-to-date symlink: /home/borg/colcon_ws/install/my_box_bot_description/share/my_box_bot_description/cmake/my_box_bot_descriptionConfig.cmake
[1.692s] -- Up-to-date symlink: /home/borg/colcon_ws/install/my_box_bot_description/share/my_box_bot_description/cmake/my_box_bot_descriptionConfig-version.cmake
[1.692s] -- Up-to-date symlink: /home/borg/colcon_ws/install/my_box_bot_description/share/my_box_bot_description/package.xml
[1.845s] Invoked command in '/home/borg/colcon_ws/build/my_box_bot_description' returned '0': CMAKE_PREFIX_PATH=${CMAKE_PREFIX_PATH}:/opt/ros/humble /usr/bin/cmake --install /home/borg/colcon_ws/build/my_box_bot_description
