[0.327s] Invoking command in '/home/borg/colcon_ws/build/turtlebot3_manipulation_hardware': CMAKE_PREFIX_PATH=${CMAKE_PREFIX_PATH}:/opt/ros/humble /usr/bin/cmake --build /home/borg/colcon_ws/build/turtlebot3_manipulation_hardware -- -j12 -l12
[0.452s] [100%] Built target turtlebot3_manipulation_hardware
[0.528s] Invoked command in '/home/borg/colcon_ws/build/turtlebot3_manipulation_hardware' returned '0': CMAKE_PREFIX_PATH=${CMAKE_PREFIX_PATH}:/opt/ros/humble /usr/bin/cmake --build /home/borg/colcon_ws/build/turtlebot3_manipulation_hardware -- -j12 -l12
[0.835s] Invoking command in '/home/borg/colcon_ws/build/turtlebot3_manipulation_hardware': CMAKE_PREFIX_PATH=${CMAKE_PREFIX_PATH}:/opt/ros/humble /usr/bin/cmake --install /home/borg/colcon_ws/build/turtlebot3_manipulation_hardware
[1.086s] -- Install configuration: ""
[1.087s] -- Up-to-date: /home/borg/colcon_ws/install/turtlebot3_manipulation_hardware/share/turtlebot3_manipulation_hardware/turtlebot3_manipulation_hardware.xml
[1.087s] -- Up-to-date: /home/borg/colcon_ws/install/turtlebot3_manipulation_hardware/include
[1.087s] -- Up-to-date: /home/borg/colcon_ws/install/turtlebot3_manipulation_hardware/include/turtlebot3_manipulation_hardware
[1.088s] -- Up-to-date: /home/borg/colcon_ws/install/turtlebot3_manipulation_hardware/include/turtlebot3_manipulation_hardware/dynamixel_sdk_wrapper.hpp
[1.088s] -- Up-to-date: /home/borg/colcon_ws/install/turtlebot3_manipulation_hardware/include/turtlebot3_manipulation_hardware/opencr.hpp
[1.088s] -- Up-to-date: /home/borg/colcon_ws/install/turtlebot3_manipulation_hardware/include/turtlebot3_manipulation_hardware/opencr_control_table.hpp
[1.089s] -- Up-to-date: /home/borg/colcon_ws/install/turtlebot3_manipulation_hardware/include/turtlebot3_manipulation_hardware/opencr_definitions.hpp
[1.089s] -- Up-to-date: /home/borg/colcon_ws/install/turtlebot3_manipulation_hardware/include/turtlebot3_manipulation_hardware/turtlebot3_manipulation_system.hpp
[1.089s] -- Up-to-date: /home/borg/colcon_ws/install/turtlebot3_manipulation_hardware/include/turtlebot3_manipulation_hardware/visibility_control.h
[1.089s] -- Up-to-date: /home/borg/colcon_ws/install/turtlebot3_manipulation_hardware/lib/libturtlebot3_manipulation_hardware.so
[1.090s] -- Up-to-date: /home/borg/colcon_ws/install/turtlebot3_manipulation_hardware/share/turtlebot3_manipulation_hardware/environment/library_path.sh
[1.090s] -- Up-to-date: /home/borg/colcon_ws/install/turtlebot3_manipulation_hardware/share/turtlebot3_manipulation_hardware/environment/library_path.dsv
[1.090s] -- Up-to-date: /home/borg/colcon_ws/install/turtlebot3_manipulation_hardware/share/ament_index/resource_index/package_run_dependencies/turtlebot3_manipulation_hardware
[1.090s] -- Up-to-date: /home/borg/colcon_ws/install/turtlebot3_manipulation_hardware/share/ament_index/resource_index/parent_prefix_path/turtlebot3_manipulation_hardware
[1.091s] -- Up-to-date: /home/borg/colcon_ws/install/turtlebot3_manipulation_hardware/share/turtlebot3_manipulation_hardware/environment/ament_prefix_path.sh
[1.091s] -- Up-to-date: /home/borg/colcon_ws/install/turtlebot3_manipulation_hardware/share/turtlebot3_manipulation_hardware/environment/ament_prefix_path.dsv
[1.091s] -- Up-to-date: /home/borg/colcon_ws/install/turtlebot3_manipulation_hardware/share/turtlebot3_manipulation_hardware/environment/path.sh
[1.091s] -- Up-to-date: /home/borg/colcon_ws/install/turtlebot3_manipulation_hardware/share/turtlebot3_manipulation_hardware/environment/path.dsv
[1.091s] -- Up-to-date: /home/borg/colcon_ws/install/turtlebot3_manipulation_hardware/share/turtlebot3_manipulation_hardware/local_setup.bash
[1.092s] -- Up-to-date: /home/borg/colcon_ws/install/turtlebot3_manipulation_hardware/share/turtlebot3_manipulation_hardware/local_setup.sh
[1.092s] -- Up-to-date: /home/borg/colcon_ws/install/turtlebot3_manipulation_hardware/share/turtlebot3_manipulation_hardware/local_setup.zsh
[1.092s] -- Up-to-date: /home/borg/colcon_ws/install/turtlebot3_manipulation_hardware/share/turtlebot3_manipulation_hardware/local_setup.dsv
[1.092s] -- Installing: /home/borg/colcon_ws/install/turtlebot3_manipulation_hardware/share/turtlebot3_manipulation_hardware/package.dsv
[1.092s] -- Up-to-date: /home/borg/colcon_ws/install/turtlebot3_manipulation_hardware/share/ament_index/resource_index/packages/turtlebot3_manipulation_hardware
[1.093s] -- Up-to-date: /home/borg/colcon_ws/install/turtlebot3_manipulation_hardware/share/ament_index/resource_index/hardware_interface__pluginlib__plugin/turtlebot3_manipulation_hardware
[1.093s] -- Up-to-date: /home/borg/colcon_ws/install/turtlebot3_manipulation_hardware/share/turtlebot3_manipulation_hardware/cmake/ament_cmake_export_include_directories-extras.cmake
[1.093s] -- Up-to-date: /home/borg/colcon_ws/install/turtlebot3_manipulation_hardware/share/turtlebot3_manipulation_hardware/cmake/ament_cmake_export_libraries-extras.cmake
[1.093s] -- Up-to-date: /home/borg/colcon_ws/install/turtlebot3_manipulation_hardware/share/turtlebot3_manipulation_hardware/cmake/ament_cmake_export_dependencies-extras.cmake
[1.094s] -- Up-to-date: /home/borg/colcon_ws/install/turtlebot3_manipulation_hardware/share/turtlebot3_manipulation_hardware/cmake/turtlebot3_manipulation_hardwareConfig.cmake
[1.094s] -- Up-to-date: /home/borg/colcon_ws/install/turtlebot3_manipulation_hardware/share/turtlebot3_manipulation_hardware/cmake/turtlebot3_manipulation_hardwareConfig-version.cmake
[1.094s] -- Up-to-date: /home/borg/colcon_ws/install/turtlebot3_manipulation_hardware/share/turtlebot3_manipulation_hardware/package.xml
[1.449s] Invoked command in '/home/borg/colcon_ws/build/turtlebot3_manipulation_hardware' returned '0': CMAKE_PREFIX_PATH=${CMAKE_PREFIX_PATH}:/opt/ros/humble /usr/bin/cmake --install /home/borg/colcon_ws/build/turtlebot3_manipulation_hardware
