[0.415s] Invoking command in '/home/borg/colcon_ws/build/turtlebot3_manipulation_moveit_config': CMAKE_PREFIX_PATH=/home/borg/colcon_ws/install/turtlebot3_manipulation_description:/home/borg/colcon_ws/install/urdfbot_description:/home/borg/colcon_ws/install/turtlebot3_simulations:/home/borg/colcon_ws/install/turtlebot3_manipulation:/home/borg/colcon_ws/install/turtlebot3_manipulation_teleop:/home/borg/colcon_ws/install/turtlebot3_manipulation_navigation2:/home/borg/colcon_ws/install/turtlebot3_manipulation_moveit_config:/home/borg/colcon_ws/install/turtlebot3_manipulation_hardware:/home/borg/colcon_ws/install/turtlebot3_manipulation_bringup:/home/borg/colcon_ws/install/turtlebot3_manipulation_cartographer:/home/borg/colcon_ws/install/turtlebot3_gazebo:/home/borg/colcon_ws/install/turtlebot3_fake_node:/home/borg/colcon_ws/install/my_box_bot_description:/opt/ros/humble /usr/bin/cmake --build /home/borg/colcon_ws/build/turtlebot3_manipulation_moveit_config -- -j12 -l12
[0.618s] Invoked command in '/home/borg/colcon_ws/build/turtlebot3_manipulation_moveit_config' returned '0': CMAKE_PREFIX_PATH=/home/borg/colcon_ws/install/turtlebot3_manipulation_description:/home/borg/colcon_ws/install/urdfbot_description:/home/borg/colcon_ws/install/turtlebot3_simulations:/home/borg/colcon_ws/install/turtlebot3_manipulation:/home/borg/colcon_ws/install/turtlebot3_manipulation_teleop:/home/borg/colcon_ws/install/turtlebot3_manipulation_navigation2:/home/borg/colcon_ws/install/turtlebot3_manipulation_moveit_config:/home/borg/colcon_ws/install/turtlebot3_manipulation_hardware:/home/borg/colcon_ws/install/turtlebot3_manipulation_bringup:/home/borg/colcon_ws/install/turtlebot3_manipulation_cartographer:/home/borg/colcon_ws/install/turtlebot3_gazebo:/home/borg/colcon_ws/install/turtlebot3_fake_node:/home/borg/colcon_ws/install/my_box_bot_description:/opt/ros/humble /usr/bin/cmake --build /home/borg/colcon_ws/build/turtlebot3_manipulation_moveit_config -- -j12 -l12
[0.751s] Invoking command in '/home/borg/colcon_ws/build/turtlebot3_manipulation_moveit_config': CMAKE_PREFIX_PATH=/home/borg/colcon_ws/install/turtlebot3_manipulation_description:/home/borg/colcon_ws/install/urdfbot_description:/home/borg/colcon_ws/install/turtlebot3_simulations:/home/borg/colcon_ws/install/turtlebot3_manipulation:/home/borg/colcon_ws/install/turtlebot3_manipulation_teleop:/home/borg/colcon_ws/install/turtlebot3_manipulation_navigation2:/home/borg/colcon_ws/install/turtlebot3_manipulation_moveit_config:/home/borg/colcon_ws/install/turtlebot3_manipulation_hardware:/home/borg/colcon_ws/install/turtlebot3_manipulation_bringup:/home/borg/colcon_ws/install/turtlebot3_manipulation_cartographer:/home/borg/colcon_ws/install/turtlebot3_gazebo:/home/borg/colcon_ws/install/turtlebot3_fake_node:/home/borg/colcon_ws/install/my_box_bot_description:/opt/ros/humble /usr/bin/cmake --install /home/borg/colcon_ws/build/turtlebot3_manipulation_moveit_config
[0.760s] -- Install configuration: ""
[0.761s] -- Up-to-date: /home/borg/colcon_ws/install/turtlebot3_manipulation_moveit_config/share/ament_index/resource_index/package_run_dependencies/turtlebot3_manipulation_moveit_config
[0.761s] -- Up-to-date: /home/borg/colcon_ws/install/turtlebot3_manipulation_moveit_config/share/ament_index/resource_index/parent_prefix_path/turtlebot3_manipulation_moveit_config
[0.763s] -- Up-to-date: /home/borg/colcon_ws/install/turtlebot3_manipulation_moveit_config/share/turtlebot3_manipulation_moveit_config/environment/ament_prefix_path.sh
[0.763s] -- Up-to-date: /home/borg/colcon_ws/install/turtlebot3_manipulation_moveit_config/share/turtlebot3_manipulation_moveit_config/environment/ament_prefix_path.dsv
[0.763s] -- Up-to-date: /home/borg/colcon_ws/install/turtlebot3_manipulation_moveit_config/share/turtlebot3_manipulation_moveit_config/environment/path.sh
[0.764s] -- Up-to-date: /home/borg/colcon_ws/install/turtlebot3_manipulation_moveit_config/share/turtlebot3_manipulation_moveit_config/environment/path.dsv
[0.764s] -- Up-to-date: /home/borg/colcon_ws/install/turtlebot3_manipulation_moveit_config/share/turtlebot3_manipulation_moveit_config/local_setup.bash
[0.764s] -- Up-to-date: /home/borg/colcon_ws/install/turtlebot3_manipulation_moveit_config/share/turtlebot3_manipulation_moveit_config/local_setup.sh
[0.765s] -- Up-to-date: /home/borg/colcon_ws/install/turtlebot3_manipulation_moveit_config/share/turtlebot3_manipulation_moveit_config/local_setup.zsh
[0.765s] -- Up-to-date: /home/borg/colcon_ws/install/turtlebot3_manipulation_moveit_config/share/turtlebot3_manipulation_moveit_config/local_setup.dsv
[0.765s] -- Installing: /home/borg/colcon_ws/install/turtlebot3_manipulation_moveit_config/share/turtlebot3_manipulation_moveit_config/package.dsv
[0.766s] -- Up-to-date: /home/borg/colcon_ws/install/turtlebot3_manipulation_moveit_config/share/ament_index/resource_index/packages/turtlebot3_manipulation_moveit_config
[0.766s] -- Up-to-date: /home/borg/colcon_ws/install/turtlebot3_manipulation_moveit_config/share/turtlebot3_manipulation_moveit_config/cmake/turtlebot3_manipulation_moveit_configConfig.cmake
[0.766s] -- Up-to-date: /home/borg/colcon_ws/install/turtlebot3_manipulation_moveit_config/share/turtlebot3_manipulation_moveit_config/cmake/turtlebot3_manipulation_moveit_configConfig-version.cmake
[0.766s] -- Up-to-date: /home/borg/colcon_ws/install/turtlebot3_manipulation_moveit_config/share/turtlebot3_manipulation_moveit_config/package.xml
[0.767s] -- Up-to-date: /home/borg/colcon_ws/install/turtlebot3_manipulation_moveit_config/share/turtlebot3_manipulation_moveit_config/launch
[0.767s] -- Up-to-date: /home/borg/colcon_ws/install/turtlebot3_manipulation_moveit_config/share/turtlebot3_manipulation_moveit_config/launch/move_group.launch.py
[0.767s] -- Up-to-date: /home/borg/colcon_ws/install/turtlebot3_manipulation_moveit_config/share/turtlebot3_manipulation_moveit_config/launch/moveit_core.launch.py
[0.767s] -- Up-to-date: /home/borg/colcon_ws/install/turtlebot3_manipulation_moveit_config/share/turtlebot3_manipulation_moveit_config/launch/moveit_fake.launch.py
[0.767s] -- Up-to-date: /home/borg/colcon_ws/install/turtlebot3_manipulation_moveit_config/share/turtlebot3_manipulation_moveit_config/launch/moveit_gazebo.launch.py
[0.767s] -- Up-to-date: /home/borg/colcon_ws/install/turtlebot3_manipulation_moveit_config/share/turtlebot3_manipulation_moveit_config/launch/moveit_rviz.launch.py
[0.768s] -- Up-to-date: /home/borg/colcon_ws/install/turtlebot3_manipulation_moveit_config/share/turtlebot3_manipulation_moveit_config/launch/rsp.launch.py
[0.768s] -- Up-to-date: /home/borg/colcon_ws/install/turtlebot3_manipulation_moveit_config/share/turtlebot3_manipulation_moveit_config/launch/servo.launch.py
[0.768s] -- Up-to-date: /home/borg/colcon_ws/install/turtlebot3_manipulation_moveit_config/share/turtlebot3_manipulation_moveit_config/launch/setup_assistant.launch.py
[0.768s] -- Up-to-date: /home/borg/colcon_ws/install/turtlebot3_manipulation_moveit_config/share/turtlebot3_manipulation_moveit_config/launch/spawn_controllers.launch.py
[0.769s] -- Up-to-date: /home/borg/colcon_ws/install/turtlebot3_manipulation_moveit_config/share/turtlebot3_manipulation_moveit_config/launch/static_virtual_joint_tfs.launch.py
[0.769s] -- Up-to-date: /home/borg/colcon_ws/install/turtlebot3_manipulation_moveit_config/share/turtlebot3_manipulation_moveit_config/launch/warehouse_db.launch.py
[0.769s] -- Up-to-date: /home/borg/colcon_ws/install/turtlebot3_manipulation_moveit_config/share/turtlebot3_manipulation_moveit_config/config
[0.769s] -- Up-to-date: /home/borg/colcon_ws/install/turtlebot3_manipulation_moveit_config/share/turtlebot3_manipulation_moveit_config/config/initial_positions.yaml
[0.769s] -- Up-to-date: /home/borg/colcon_ws/install/turtlebot3_manipulation_moveit_config/share/turtlebot3_manipulation_moveit_config/config/joint_limits.yaml
[0.769s] -- Up-to-date: /home/borg/colcon_ws/install/turtlebot3_manipulation_moveit_config/share/turtlebot3_manipulation_moveit_config/config/kinematics.yaml
[0.770s] -- Up-to-date: /home/borg/colcon_ws/install/turtlebot3_manipulation_moveit_config/share/turtlebot3_manipulation_moveit_config/config/moveit.rviz
[0.770s] -- Up-to-date: /home/borg/colcon_ws/install/turtlebot3_manipulation_moveit_config/share/turtlebot3_manipulation_moveit_config/config/moveit_controllers.yaml
[0.770s] -- Up-to-date: /home/borg/colcon_ws/install/turtlebot3_manipulation_moveit_config/share/turtlebot3_manipulation_moveit_config/config/moveit_servo.yaml
[0.770s] -- Up-to-date: /home/borg/colcon_ws/install/turtlebot3_manipulation_moveit_config/share/turtlebot3_manipulation_moveit_config/config/moveit_teleop.rviz
[0.770s] -- Up-to-date: /home/borg/colcon_ws/install/turtlebot3_manipulation_moveit_config/share/turtlebot3_manipulation_moveit_config/config/ompl_planning.yaml
[0.770s] -- Up-to-date: /home/borg/colcon_ws/install/turtlebot3_manipulation_moveit_config/share/turtlebot3_manipulation_moveit_config/config/turtlebot3_manipulation.srdf
[0.771s] -- Up-to-date: /home/borg/colcon_ws/install/turtlebot3_manipulation_moveit_config/share/turtlebot3_manipulation_moveit_config/.setup_assistant
[0.771s] Invoked command in '/home/borg/colcon_ws/build/turtlebot3_manipulation_moveit_config' returned '0': CMAKE_PREFIX_PATH=/home/borg/colcon_ws/install/turtlebot3_manipulation_description:/home/borg/colcon_ws/install/urdfbot_description:/home/borg/colcon_ws/install/turtlebot3_simulations:/home/borg/colcon_ws/install/turtlebot3_manipulation:/home/borg/colcon_ws/install/turtlebot3_manipulation_teleop:/home/borg/colcon_ws/install/turtlebot3_manipulation_navigation2:/home/borg/colcon_ws/install/turtlebot3_manipulation_moveit_config:/home/borg/colcon_ws/install/turtlebot3_manipulation_hardware:/home/borg/colcon_ws/install/turtlebot3_manipulation_bringup:/home/borg/colcon_ws/install/turtlebot3_manipulation_cartographer:/home/borg/colcon_ws/install/turtlebot3_gazebo:/home/borg/colcon_ws/install/turtlebot3_fake_node:/home/borg/colcon_ws/install/my_box_bot_description:/opt/ros/humble /usr/bin/cmake --install /home/borg/colcon_ws/build/turtlebot3_manipulation_moveit_config
