[0.132s] Invoking command in '/home/borg/colcon_ws/build/turtlebot3_manipulation_navigation2': CMAKE_PREFIX_PATH=${CMAKE_PREFIX_PATH}:/home/borg/colcon_ws/install/urdfbot_description:/opt/ros/humble /usr/bin/cmake /home/borg/colcon_ws/src/turtlebot3_manipulation/turtlebot3_manipulation_navigation2 -DCMAKE_INSTALL_PREFIX=/home/borg/colcon_ws/install/turtlebot3_manipulation_navigation2
[0.192s] -- The C compiler identification is GNU 11.4.0
[0.270s] -- The CXX compiler identification is GNU 11.4.0
[0.280s] -- Detecting C compiler ABI info
[0.357s] -- Detecting C compiler ABI info - done
[0.372s] -- Check for working C compiler: /usr/bin/cc - skipped
[0.372s] -- Detecting C compile features
[0.372s] -- Detecting C compile features - done
[0.378s] -- Detecting CXX compiler ABI info
[0.470s] -- Detecting CXX compiler ABI info - done
[0.478s] -- Check for working CXX compiler: /usr/bin/c++ - skipped
[0.478s] -- Detecting CXX compile features
[0.479s] -- Detecting CXX compile features - done
[0.482s] -- Found ament_cmake: 1.3.5 (/opt/ros/humble/share/ament_cmake/cmake)
[0.677s] -- Found Python3: /usr/bin/python3.10 (found version "3.10.12") found components: Interpreter 
[0.861s] -- Configuring done
[0.865s] -- Generating done
[0.866s] -- Build files have been written to: /home/borg/colcon_ws/build/turtlebot3_manipulation_navigation2
[0.873s] Invoked command in '/home/borg/colcon_ws/build/turtlebot3_manipulation_navigation2' returned '0': CMAKE_PREFIX_PATH=${CMAKE_PREFIX_PATH}:/home/borg/colcon_ws/install/urdfbot_description:/opt/ros/humble /usr/bin/cmake /home/borg/colcon_ws/src/turtlebot3_manipulation/turtlebot3_manipulation_navigation2 -DCMAKE_INSTALL_PREFIX=/home/borg/colcon_ws/install/turtlebot3_manipulation_navigation2
[0.874s] Invoking command in '/home/borg/colcon_ws/build/turtlebot3_manipulation_navigation2': CMAKE_PREFIX_PATH=${CMAKE_PREFIX_PATH}:/home/borg/colcon_ws/install/urdfbot_description:/opt/ros/humble /usr/bin/cmake --build /home/borg/colcon_ws/build/turtlebot3_manipulation_navigation2 -- -j12 -l12
[1.055s] Invoked command in '/home/borg/colcon_ws/build/turtlebot3_manipulation_navigation2' returned '0': CMAKE_PREFIX_PATH=${CMAKE_PREFIX_PATH}:/home/borg/colcon_ws/install/urdfbot_description:/opt/ros/humble /usr/bin/cmake --build /home/borg/colcon_ws/build/turtlebot3_manipulation_navigation2 -- -j12 -l12
[1.216s] Invoking command in '/home/borg/colcon_ws/build/turtlebot3_manipulation_navigation2': CMAKE_PREFIX_PATH=${CMAKE_PREFIX_PATH}:/home/borg/colcon_ws/install/urdfbot_description:/opt/ros/humble /usr/bin/cmake --install /home/borg/colcon_ws/build/turtlebot3_manipulation_navigation2
[1.357s] -- Install configuration: ""
[1.358s] -- Installing: /home/borg/colcon_ws/install/turtlebot3_manipulation_navigation2/share/turtlebot3_manipulation_navigation2/launch
[1.359s] -- Installing: /home/borg/colcon_ws/install/turtlebot3_manipulation_navigation2/share/turtlebot3_manipulation_navigation2/launch/navigation2.launch.py
[1.359s] -- Installing: /home/borg/colcon_ws/install/turtlebot3_manipulation_navigation2/share/turtlebot3_manipulation_navigation2/launch/navigation2_use_sim_time.launch.py
[1.359s] -- Installing: /home/borg/colcon_ws/install/turtlebot3_manipulation_navigation2/share/turtlebot3_manipulation_navigation2/map
[1.360s] -- Installing: /home/borg/colcon_ws/install/turtlebot3_manipulation_navigation2/share/turtlebot3_manipulation_navigation2/map/turtlebot3_world.pgm
[1.360s] -- Installing: /home/borg/colcon_ws/install/turtlebot3_manipulation_navigation2/share/turtlebot3_manipulation_navigation2/map/turtlebot3_world.yaml
[1.360s] -- Installing: /home/borg/colcon_ws/install/turtlebot3_manipulation_navigation2/share/turtlebot3_manipulation_navigation2/param
[1.360s] -- Installing: /home/borg/colcon_ws/install/turtlebot3_manipulation_navigation2/share/turtlebot3_manipulation_navigation2/param/turtlebot3.yaml
[1.361s] -- Installing: /home/borg/colcon_ws/install/turtlebot3_manipulation_navigation2/share/turtlebot3_manipulation_navigation2/param/turtlebot3_use_sim_time.yaml
[1.361s] -- Installing: /home/borg/colcon_ws/install/turtlebot3_manipulation_navigation2/share/turtlebot3_manipulation_navigation2/rviz
[1.361s] -- Installing: /home/borg/colcon_ws/install/turtlebot3_manipulation_navigation2/share/turtlebot3_manipulation_navigation2/rviz/navigation2.rviz
[1.362s] -- Installing: /home/borg/colcon_ws/install/turtlebot3_manipulation_navigation2/share/ament_index/resource_index/package_run_dependencies/turtlebot3_manipulation_navigation2
[1.362s] -- Installing: /home/borg/colcon_ws/install/turtlebot3_manipulation_navigation2/share/ament_index/resource_index/parent_prefix_path/turtlebot3_manipulation_navigation2
[1.362s] -- Installing: /home/borg/colcon_ws/install/turtlebot3_manipulation_navigation2/share/turtlebot3_manipulation_navigation2/environment/ament_prefix_path.sh
[1.362s] -- Installing: /home/borg/colcon_ws/install/turtlebot3_manipulation_navigation2/share/turtlebot3_manipulation_navigation2/environment/ament_prefix_path.dsv
[1.363s] -- Installing: /home/borg/colcon_ws/install/turtlebot3_manipulation_navigation2/share/turtlebot3_manipulation_navigation2/environment/path.sh
[1.363s] -- Installing: /home/borg/colcon_ws/install/turtlebot3_manipulation_navigation2/share/turtlebot3_manipulation_navigation2/environment/path.dsv
[1.363s] -- Installing: /home/borg/colcon_ws/install/turtlebot3_manipulation_navigation2/share/turtlebot3_manipulation_navigation2/local_setup.bash
[1.363s] -- Installing: /home/borg/colcon_ws/install/turtlebot3_manipulation_navigation2/share/turtlebot3_manipulation_navigation2/local_setup.sh
[1.364s] -- Installing: /home/borg/colcon_ws/install/turtlebot3_manipulation_navigation2/share/turtlebot3_manipulation_navigation2/local_setup.zsh
[1.364s] -- Installing: /home/borg/colcon_ws/install/turtlebot3_manipulation_navigation2/share/turtlebot3_manipulation_navigation2/local_setup.dsv
[1.364s] -- Installing: /home/borg/colcon_ws/install/turtlebot3_manipulation_navigation2/share/turtlebot3_manipulation_navigation2/package.dsv
[1.365s] -- Installing: /home/borg/colcon_ws/install/turtlebot3_manipulation_navigation2/share/ament_index/resource_index/packages/turtlebot3_manipulation_navigation2
[1.365s] -- Installing: /home/borg/colcon_ws/install/turtlebot3_manipulation_navigation2/share/turtlebot3_manipulation_navigation2/cmake/turtlebot3_manipulation_navigation2Config.cmake
[1.365s] -- Installing: /home/borg/colcon_ws/install/turtlebot3_manipulation_navigation2/share/turtlebot3_manipulation_navigation2/cmake/turtlebot3_manipulation_navigation2Config-version.cmake
[1.365s] -- Installing: /home/borg/colcon_ws/install/turtlebot3_manipulation_navigation2/share/turtlebot3_manipulation_navigation2/package.xml
[1.366s] Invoked command in '/home/borg/colcon_ws/build/turtlebot3_manipulation_navigation2' returned '0': CMAKE_PREFIX_PATH=${CMAKE_PREFIX_PATH}:/home/borg/colcon_ws/install/urdfbot_description:/opt/ros/humble /usr/bin/cmake --install /home/borg/colcon_ws/build/turtlebot3_manipulation_navigation2
