[0.285s] Invoking command in '/home/borg/colcon_ws/build/turtlebot3_gazebo': CMAKE_PREFIX_PATH=${CMAKE_PREFIX_PATH}:/home/borg/colcon_ws/install/urdfbot_description:/opt/ros/humble /usr/bin/cmake /home/borg/colcon_ws/src/turtlebot3_simulations/turtlebot3_gazebo -DCMAKE_INSTALL_PREFIX=/home/borg/colcon_ws/install/turtlebot3_gazebo
[0.339s] -- The C compiler identification is GNU 11.4.0
[0.400s] -- The CXX compiler identification is GNU 11.4.0
[0.410s] -- Detecting C compiler ABI info
[0.479s] -- Detecting C compiler ABI info - done
[0.490s] -- Check for working C compiler: /usr/bin/cc - skipped
[0.490s] -- Detecting C compile features
[0.491s] -- Detecting C compile features - done
[0.501s] -- Detecting CXX compiler ABI info
[0.599s] -- Detecting CXX compiler ABI info - done
[0.608s] -- Check for working CXX compiler: /usr/bin/c++ - skipped
[0.608s] -- Detecting CXX compile features
[0.609s] -- Detecting CXX compile features - done
[0.617s] -- Found ament_cmake: 1.3.5 (/opt/ros/humble/share/ament_cmake/cmake)
[0.795s] -- Found Python3: /usr/bin/python3.10 (found version "3.10.12") found components: Interpreter 
[0.905s] [33mCMake Warning (dev) at /usr/share/cmake-3.22/Modules/FindPackageHandleStandardArgs.cmake:438 (message):
[0.905s]   The package name passed to `find_package_handle_standard_args` (PkgConfig)
[0.905s]   does not match the name of the calling package (gazebo).  This can lead to
[0.905s]   problems in calling code that expects `find_package` result variables
[0.905s]   (e.g., `_FOUND`) to follow a certain pattern.
[0.905s] Call Stack (most recent call first):
[0.905s]   /usr/share/cmake-3.22/Modules/FindPkgConfig.cmake:99 (find_package_handle_standard_args)
[0.906s]   /usr/lib/x86_64-linux-gnu/cmake/gazebo/gazebo-config.cmake:72 (include)
[0.906s]   CMakeLists.txt:23 (find_package)
[0.906s] This warning is for project developers.  Use -Wno-dev to suppress it.
[0.906s] [0m
[0.906s] -- Found PkgConfig: /usr/bin/pkg-config (found version "0.29.2") 
[0.910s] -- Checking for module 'bullet>=2.82'
[0.923s] --   Found bullet, version 3.05
[1.045s] -- Found fcl: /usr/include (found suitable version "0.7.0", minimum required is "0.5.0") 
[1.104s] -- Found assimp: /usr/include (found version "5.2.0") 
[1.122s] -- Found DART: /usr/include (Required is at least version "6.6") found components: dart 
[1.304s] -- Found Boost: /usr/lib/x86_64-linux-gnu/cmake/Boost-1.74.0/BoostConfig.cmake (found suitable version "1.74.0", minimum required is "1.40.0") found components: thread system filesystem program_options regex iostreams date_time 
[1.327s] -- Found Protobuf: /usr/lib/x86_64-linux-gnu/libprotobuf.so (found version "3.12.4") 
[1.330s] -- Looking for ignition-math6 -- found version 6.15.0
[1.337s] -- Searching for dependencies of ignition-math6
[1.338s] -- Looking for OGRE...
[1.338s] -- OGRE_PREFIX_WATCH changed.
[1.344s] -- Checking for module 'OGRE'
[1.356s] --   Found OGRE, version 1.9.0
[1.389s] -- Found Ogre Ghadamon (1.9.0)
[1.405s] -- Found OGRE: optimized;/usr/lib/x86_64-linux-gnu/libOgreMain.so;debug;/usr/lib/x86_64-linux-gnu/libOgreMain.so
[1.419s] -- Looking for OGRE_Paging...
[1.429s] -- Found OGRE_Paging: optimized;/usr/lib/x86_64-linux-gnu/libOgrePaging.so;debug;/usr/lib/x86_64-linux-gnu/libOgrePaging.so
[1.429s] -- Looking for OGRE_Terrain...
[1.434s] -- Found OGRE_Terrain: optimized;/usr/lib/x86_64-linux-gnu/libOgreTerrain.so;debug;/usr/lib/x86_64-linux-gnu/libOgreTerrain.so
[1.435s] -- Looking for OGRE_Property...
[1.441s] -- Found OGRE_Property: optimized;/usr/lib/x86_64-linux-gnu/libOgreProperty.so;debug;/usr/lib/x86_64-linux-gnu/libOgreProperty.so
[1.442s] -- Looking for OGRE_RTShaderSystem...
[1.447s] -- Found OGRE_RTShaderSystem: optimized;/usr/lib/x86_64-linux-gnu/libOgreRTShaderSystem.so;debug;/usr/lib/x86_64-linux-gnu/libOgreRTShaderSystem.so
[1.447s] -- Looking for OGRE_Volume...
[1.454s] -- Found OGRE_Volume: optimized;/usr/lib/x86_64-linux-gnu/libOgreVolume.so;debug;/usr/lib/x86_64-linux-gnu/libOgreVolume.so
[1.454s] -- Looking for OGRE_Overlay...
[1.462s] -- Found OGRE_Overlay: optimized;/usr/lib/x86_64-linux-gnu/libOgreOverlay.so;debug;/usr/lib/x86_64-linux-gnu/libOgreOverlay.so
[1.649s] -- Looking for ignition-math6 -- found version 6.15.0
[1.652s] -- Looking for ignition-transport8 -- found version 8.2.1
[1.654s] -- Searching for dependencies of ignition-transport8
[1.670s] -- Found Protobuf: /usr/lib/x86_64-linux-gnu/libprotobuf.so (found suitable version "3.12.4", minimum required is "3") 
[1.679s] -- Config-file not installed for ZeroMQ -- checking for pkg-config
[1.685s] -- Checking for module 'libzmq >= 4'
[1.702s] --   Found libzmq , version 4.3.4
[1.745s] -- Found ZeroMQ: TRUE (Required is at least version "4") 
[1.752s] -- Checking for module 'uuid'
[1.767s] --   Found uuid, version 2.37.2
[1.804s] -- Found UUID: TRUE  
[1.806s] -- Looking for ignition-msgs5 -- found version 5.8.1
[1.807s] -- Searching for dependencies of ignition-msgs5
[1.826s] -- Looking for ignition-math6 -- found version 6.15.0
[1.833s] -- Checking for module 'tinyxml2'
[1.849s] --   Found tinyxml2, version 9.0.0
[1.889s] -- Looking for ignition-msgs5 -- found version 5.8.1
[1.892s] -- Looking for ignition-common3 -- found version 3.14.0
[1.893s] -- Searching for dependencies of ignition-common3
[1.894s] -- Looking for dlfcn.h - found
[1.895s] -- Looking for libdl - found
[1.898s] -- Found DL: TRUE  
[1.914s] -- Found tinyobjloader: /usr/lib/x86_64-linux-gnu/cmake/tinyobjloader/tinyobjloader-config.cmake (found version "2.0.0") 
[1.915s] -- Searching for <ignition-common3> component [graphics]
[1.919s] -- Looking for ignition-common3-graphics -- found version 3.14.0
[1.920s] -- Searching for dependencies of ignition-common3-graphics
[1.920s] -- Looking for ignition-math6 -- found version 6.15.0
[1.925s] -- Looking for ignition-fuel_tools4 -- found version 4.4.0
[1.926s] -- Searching for dependencies of ignition-fuel_tools4
[2.024s] -- Found CURL: /usr/lib/x86_64-linux-gnu/libcurl.so (found version "7.81.0")  
[2.037s] -- Checking for module 'jsoncpp'
[2.054s] --   Found jsoncpp, version 1.9.5
[2.092s] -- Found JSONCPP: TRUE  
[2.101s] -- Checking for module 'libzip'
[2.120s] --   Found libzip, version 1.7.3
[2.158s] -- Found ZIP: TRUE  
[2.159s] -- Looking for ignition-common3 -- found version 3.14.0
[2.159s] -- Looking for ignition-math6 -- found version 6.15.0
[2.160s] -- Looking for ignition-msgs5 -- found version 5.8.1
[2.170s] -- Found gazebo_ros_pkgs: 3.7.0 (/opt/ros/humble/share/gazebo_ros_pkgs/cmake)
[2.172s] -- Found geometry_msgs: 4.2.3 (/opt/ros/humble/share/geometry_msgs/cmake)
[2.216s] -- Found rosidl_generator_c: 3.1.5 (/opt/ros/humble/share/rosidl_generator_c/cmake)
[2.223s] -- Found rosidl_adapter: 3.1.5 (/opt/ros/humble/share/rosidl_adapter/cmake)
[2.233s] -- Found rosidl_generator_cpp: 3.1.5 (/opt/ros/humble/share/rosidl_generator_cpp/cmake)
[2.249s] -- Using all available rosidl_typesupport_c: rosidl_typesupport_fastrtps_c;rosidl_typesupport_introspection_c
[2.272s] -- Using all available rosidl_typesupport_cpp: rosidl_typesupport_fastrtps_cpp;rosidl_typesupport_introspection_cpp
[2.434s] -- Found nav_msgs: 4.2.3 (/opt/ros/humble/share/nav_msgs/cmake)
[2.545s] -- Found rclcpp: 16.0.6 (/opt/ros/humble/share/rclcpp/cmake)
[2.610s] -- Found rmw_implementation_cmake: 6.1.1 (/opt/ros/humble/share/rmw_implementation_cmake/cmake)
[2.613s] -- Found rmw_fastrtps_cpp: 6.2.4 (/opt/ros/humble/share/rmw_fastrtps_cpp/cmake)
[2.723s] -- Found OpenSSL: /usr/lib/x86_64-linux-gnu/libcrypto.so (found version "3.0.2")  
[2.749s] -- Found FastRTPS: /opt/ros/humble/include  
[2.800s] -- Using RMW implementation 'rmw_fastrtps_cpp' as default
[2.813s] -- Found Threads: TRUE  
[2.972s] -- Found sensor_msgs: 4.2.3 (/opt/ros/humble/share/sensor_msgs/cmake)
[3.081s] -- Found tf2: 0.25.4 (/opt/ros/humble/share/tf2/cmake)
[3.174s] -- Configuring done
[3.230s] -- Generating done
[3.233s] -- Build files have been written to: /home/borg/colcon_ws/build/turtlebot3_gazebo
[3.247s] Invoked command in '/home/borg/colcon_ws/build/turtlebot3_gazebo' returned '0': CMAKE_PREFIX_PATH=${CMAKE_PREFIX_PATH}:/home/borg/colcon_ws/install/urdfbot_description:/opt/ros/humble /usr/bin/cmake /home/borg/colcon_ws/src/turtlebot3_simulations/turtlebot3_gazebo -DCMAKE_INSTALL_PREFIX=/home/borg/colcon_ws/install/turtlebot3_gazebo
[3.250s] Invoking command in '/home/borg/colcon_ws/build/turtlebot3_gazebo': CMAKE_PREFIX_PATH=${CMAKE_PREFIX_PATH}:/home/borg/colcon_ws/install/urdfbot_description:/opt/ros/humble /usr/bin/cmake --build /home/borg/colcon_ws/build/turtlebot3_gazebo -- -j12 -l12
[3.313s] [ 12%] [32mBuilding CXX object CMakeFiles/obstacle1.dir/models/turtlebot3_dqn_world/obstacle_plugin/obstacle1.cc.o[0m
[3.315s] [ 25%] [32mBuilding CXX object CMakeFiles/turtlebot3_drive.dir/src/turtlebot3_drive.cpp.o[0m
[3.316s] [ 37%] [32mBuilding CXX object CMakeFiles/obstacles.dir/models/turtlebot3_dqn_world/obstacle_plugin/obstacles.cc.o[0m
[3.320s] [ 50%] [32mBuilding CXX object CMakeFiles/obstacle2.dir/models/turtlebot3_dqn_world/obstacle_plugin/obstacle2.cc.o[0m
[16.212s] [ 62%] [32m[1mLinking CXX executable turtlebot3_drive[0m
[16.311s] [ 75%] [32m[1mLinking CXX shared library libobstacle1.so[0m
[16.576s] [ 75%] Built target obstacle1
[16.703s] [ 87%] [32m[1mLinking CXX shared library libobstacles.so[0m
[16.762s] [100%] [32m[1mLinking CXX shared library libobstacle2.so[0m
[16.796s] [100%] Built target turtlebot3_drive
[16.918s] [100%] Built target obstacles
[16.964s] [100%] Built target obstacle2
[16.973s] Invoked command in '/home/borg/colcon_ws/build/turtlebot3_gazebo' returned '0': CMAKE_PREFIX_PATH=${CMAKE_PREFIX_PATH}:/home/borg/colcon_ws/install/urdfbot_description:/opt/ros/humble /usr/bin/cmake --build /home/borg/colcon_ws/build/turtlebot3_gazebo -- -j12 -l12
[17.005s] Invoking command in '/home/borg/colcon_ws/build/turtlebot3_gazebo': CMAKE_PREFIX_PATH=${CMAKE_PREFIX_PATH}:/home/borg/colcon_ws/install/urdfbot_description:/opt/ros/humble /usr/bin/cmake --install /home/borg/colcon_ws/build/turtlebot3_gazebo
[17.011s] -- Install configuration: ""
[17.011s] -- Installing: /home/borg/colcon_ws/install/turtlebot3_gazebo/lib/turtlebot3_gazebo/turtlebot3_drive
[17.046s] -- Set runtime path of "/home/borg/colcon_ws/install/turtlebot3_gazebo/lib/turtlebot3_gazebo/turtlebot3_drive" to ""
[17.047s] -- Installing: /home/borg/colcon_ws/install/turtlebot3_gazebo/share/turtlebot3_gazebo//launch
[17.048s] -- Installing: /home/borg/colcon_ws/install/turtlebot3_gazebo/share/turtlebot3_gazebo//launch/empty_world.launch.py
[17.049s] -- Installing: /home/borg/colcon_ws/install/turtlebot3_gazebo/share/turtlebot3_gazebo//launch/spawn_turtlebot3.launch.py
[17.049s] -- Installing: /home/borg/colcon_ws/install/turtlebot3_gazebo/share/turtlebot3_gazebo//launch/turtlebot3_dqn_stage1.launch.py
[17.050s] -- Installing: /home/borg/colcon_ws/install/turtlebot3_gazebo/share/turtlebot3_gazebo//launch/turtlebot3_dqn_stage2.launch.py
[17.050s] -- Installing: /home/borg/colcon_ws/install/turtlebot3_gazebo/share/turtlebot3_gazebo//launch/turtlebot3_dqn_stage3.launch.py
[17.051s] -- Installing: /home/borg/colcon_ws/install/turtlebot3_gazebo/share/turtlebot3_gazebo//launch/turtlebot3_dqn_stage4.launch.py
[17.051s] -- Installing: /home/borg/colcon_ws/install/turtlebot3_gazebo/share/turtlebot3_gazebo//launch/turtlebot3_house.launch.py
[17.051s] -- Installing: /home/borg/colcon_ws/install/turtlebot3_gazebo/share/turtlebot3_gazebo//launch/turtlebot3_world.launch.py
[17.052s] -- Installing: /home/borg/colcon_ws/install/turtlebot3_gazebo/share/turtlebot3_gazebo//launch/robot_state_publisher.launch.py
[17.052s] -- Installing: /home/borg/colcon_ws/install/turtlebot3_gazebo/share/turtlebot3_gazebo//models
[17.053s] -- Installing: /home/borg/colcon_ws/install/turtlebot3_gazebo/share/turtlebot3_gazebo//models/turtlebot3_burger
[17.053s] -- Installing: /home/borg/colcon_ws/install/turtlebot3_gazebo/share/turtlebot3_gazebo//models/turtlebot3_burger/model-1_4.sdf
[17.054s] -- Installing: /home/borg/colcon_ws/install/turtlebot3_gazebo/share/turtlebot3_gazebo//models/turtlebot3_burger/model.config
[17.054s] -- Installing: /home/borg/colcon_ws/install/turtlebot3_gazebo/share/turtlebot3_gazebo//models/turtlebot3_burger/model.sdf
[17.054s] -- Installing: /home/borg/colcon_ws/install/turtlebot3_gazebo/share/turtlebot3_gazebo//models/turtlebot3_common
[17.055s] -- Installing: /home/borg/colcon_ws/install/turtlebot3_gazebo/share/turtlebot3_gazebo//models/turtlebot3_common/meshes
[17.055s] -- Installing: /home/borg/colcon_ws/install/turtlebot3_gazebo/share/turtlebot3_gazebo//models/turtlebot3_common/meshes/burger_base.dae
[17.055s] -- Installing: /home/borg/colcon_ws/install/turtlebot3_gazebo/share/turtlebot3_gazebo//models/turtlebot3_common/meshes/lds.dae
[17.056s] -- Installing: /home/borg/colcon_ws/install/turtlebot3_gazebo/share/turtlebot3_gazebo//models/turtlebot3_common/meshes/r200.dae
[17.056s] -- Installing: /home/borg/colcon_ws/install/turtlebot3_gazebo/share/turtlebot3_gazebo//models/turtlebot3_common/meshes/tire.dae
[17.057s] -- Installing: /home/borg/colcon_ws/install/turtlebot3_gazebo/share/turtlebot3_gazebo//models/turtlebot3_common/meshes/waffle_base.dae
[17.057s] -- Installing: /home/borg/colcon_ws/install/turtlebot3_gazebo/share/turtlebot3_gazebo//models/turtlebot3_common/meshes/waffle_pi_base.dae
[17.058s] -- Installing: /home/borg/colcon_ws/install/turtlebot3_gazebo/share/turtlebot3_gazebo//models/turtlebot3_common/model.config
[17.058s] -- Installing: /home/borg/colcon_ws/install/turtlebot3_gazebo/share/turtlebot3_gazebo//models/turtlebot3_dqn_world
[17.058s] -- Installing: /home/borg/colcon_ws/install/turtlebot3_gazebo/share/turtlebot3_gazebo//models/turtlebot3_dqn_world/goal_box
[17.059s] -- Installing: /home/borg/colcon_ws/install/turtlebot3_gazebo/share/turtlebot3_gazebo//models/turtlebot3_dqn_world/goal_box/model.config
[17.059s] -- Installing: /home/borg/colcon_ws/install/turtlebot3_gazebo/share/turtlebot3_gazebo//models/turtlebot3_dqn_world/goal_box/model.sdf
[17.060s] -- Installing: /home/borg/colcon_ws/install/turtlebot3_gazebo/share/turtlebot3_gazebo//models/turtlebot3_dqn_world/inner_walls
[17.060s] -- Installing: /home/borg/colcon_ws/install/turtlebot3_gazebo/share/turtlebot3_gazebo//models/turtlebot3_dqn_world/inner_walls/model.config
[17.060s] -- Installing: /home/borg/colcon_ws/install/turtlebot3_gazebo/share/turtlebot3_gazebo//models/turtlebot3_dqn_world/inner_walls/model.sdf
[17.061s] -- Installing: /home/borg/colcon_ws/install/turtlebot3_gazebo/share/turtlebot3_gazebo//models/turtlebot3_dqn_world/model.config
[17.061s] -- Installing: /home/borg/colcon_ws/install/turtlebot3_gazebo/share/turtlebot3_gazebo//models/turtlebot3_dqn_world/model.sdf
[17.061s] -- Installing: /home/borg/colcon_ws/install/turtlebot3_gazebo/share/turtlebot3_gazebo//models/turtlebot3_dqn_world/obstacle1
[17.062s] -- Installing: /home/borg/colcon_ws/install/turtlebot3_gazebo/share/turtlebot3_gazebo//models/turtlebot3_dqn_world/obstacle1/model.config
[17.062s] -- Installing: /home/borg/colcon_ws/install/turtlebot3_gazebo/share/turtlebot3_gazebo//models/turtlebot3_dqn_world/obstacle1/model.sdf
[17.063s] -- Installing: /home/borg/colcon_ws/install/turtlebot3_gazebo/share/turtlebot3_gazebo//models/turtlebot3_dqn_world/obstacle2
[17.063s] -- Installing: /home/borg/colcon_ws/install/turtlebot3_gazebo/share/turtlebot3_gazebo//models/turtlebot3_dqn_world/obstacle2/model.config
[17.063s] -- Installing: /home/borg/colcon_ws/install/turtlebot3_gazebo/share/turtlebot3_gazebo//models/turtlebot3_dqn_world/obstacle2/model.sdf
[17.064s] -- Installing: /home/borg/colcon_ws/install/turtlebot3_gazebo/share/turtlebot3_gazebo//models/turtlebot3_dqn_world/obstacle_plugin
[17.064s] -- Installing: /home/borg/colcon_ws/install/turtlebot3_gazebo/share/turtlebot3_gazebo//models/turtlebot3_dqn_world/obstacle_plugin/CMakeLists.txt
[17.065s] -- Installing: /home/borg/colcon_ws/install/turtlebot3_gazebo/share/turtlebot3_gazebo//models/turtlebot3_dqn_world/obstacle_plugin/obstacle1.cc
[17.065s] -- Installing: /home/borg/colcon_ws/install/turtlebot3_gazebo/share/turtlebot3_gazebo//models/turtlebot3_dqn_world/obstacle_plugin/obstacle2.cc
[17.066s] -- Installing: /home/borg/colcon_ws/install/turtlebot3_gazebo/share/turtlebot3_gazebo//models/turtlebot3_dqn_world/obstacle_plugin/obstacles.cc
[17.067s] -- Installing: /home/borg/colcon_ws/install/turtlebot3_gazebo/share/turtlebot3_gazebo//models/turtlebot3_dqn_world/obstacles
[17.068s] -- Installing: /home/borg/colcon_ws/install/turtlebot3_gazebo/share/turtlebot3_gazebo//models/turtlebot3_dqn_world/obstacles/model.config
[17.068s] -- Installing: /home/borg/colcon_ws/install/turtlebot3_gazebo/share/turtlebot3_gazebo//models/turtlebot3_dqn_world/obstacles/model.sdf
[17.069s] -- Installing: /home/borg/colcon_ws/install/turtlebot3_gazebo/share/turtlebot3_gazebo//models/turtlebot3_house
[17.070s] -- Installing: /home/borg/colcon_ws/install/turtlebot3_gazebo/share/turtlebot3_gazebo//models/turtlebot3_house/model.config
[17.071s] -- Installing: /home/borg/colcon_ws/install/turtlebot3_gazebo/share/turtlebot3_gazebo//models/turtlebot3_house/model.sdf
[17.072s] -- Installing: /home/borg/colcon_ws/install/turtlebot3_gazebo/share/turtlebot3_gazebo//models/turtlebot3_waffle
[17.073s] -- Installing: /home/borg/colcon_ws/install/turtlebot3_gazebo/share/turtlebot3_gazebo//models/turtlebot3_waffle/model-1_4.sdf
[17.073s] -- Installing: /home/borg/colcon_ws/install/turtlebot3_gazebo/share/turtlebot3_gazebo//models/turtlebot3_waffle/model.config
[17.074s] -- Installing: /home/borg/colcon_ws/install/turtlebot3_gazebo/share/turtlebot3_gazebo//models/turtlebot3_waffle/model.sdf
[17.075s] -- Installing: /home/borg/colcon_ws/install/turtlebot3_gazebo/share/turtlebot3_gazebo//models/turtlebot3_waffle_pi
[17.076s] -- Installing: /home/borg/colcon_ws/install/turtlebot3_gazebo/share/turtlebot3_gazebo//models/turtlebot3_waffle_pi/model-1_4_.sdf
[17.076s] -- Installing: /home/borg/colcon_ws/install/turtlebot3_gazebo/share/turtlebot3_gazebo//models/turtlebot3_waffle_pi/model.config
[17.077s] -- Installing: /home/borg/colcon_ws/install/turtlebot3_gazebo/share/turtlebot3_gazebo//models/turtlebot3_waffle_pi/model.sdf
[17.077s] -- Installing: /home/borg/colcon_ws/install/turtlebot3_gazebo/share/turtlebot3_gazebo//models/turtlebot3_world
[17.078s] -- Installing: /home/borg/colcon_ws/install/turtlebot3_gazebo/share/turtlebot3_gazebo//models/turtlebot3_world/meshes
[17.079s] -- Installing: /home/borg/colcon_ws/install/turtlebot3_gazebo/share/turtlebot3_gazebo//models/turtlebot3_world/meshes/hexagon.dae
[17.079s] -- Installing: /home/borg/colcon_ws/install/turtlebot3_gazebo/share/turtlebot3_gazebo//models/turtlebot3_world/meshes/wall.dae
[17.080s] -- Installing: /home/borg/colcon_ws/install/turtlebot3_gazebo/share/turtlebot3_gazebo//models/turtlebot3_world/model-1_4.sdf
[17.080s] -- Installing: /home/borg/colcon_ws/install/turtlebot3_gazebo/share/turtlebot3_gazebo//models/turtlebot3_world/model.config
[17.081s] -- Installing: /home/borg/colcon_ws/install/turtlebot3_gazebo/share/turtlebot3_gazebo//models/turtlebot3_world/model.sdf
[17.081s] -- Installing: /home/borg/colcon_ws/install/turtlebot3_gazebo/share/turtlebot3_gazebo//models/mybot
[17.082s] -- Installing: /home/borg/colcon_ws/install/turtlebot3_gazebo/share/turtlebot3_gazebo//models/mybot/model-1_4_.sdf
[17.082s] -- Installing: /home/borg/colcon_ws/install/turtlebot3_gazebo/share/turtlebot3_gazebo//models/mybot/model.config
[17.082s] -- Installing: /home/borg/colcon_ws/install/turtlebot3_gazebo/share/turtlebot3_gazebo//models/mybot/model.sdf
[17.082s] -- Installing: /home/borg/colcon_ws/install/turtlebot3_gazebo/share/turtlebot3_gazebo//models/turtlebot3_burger_insper
[17.083s] -- Installing: /home/borg/colcon_ws/install/turtlebot3_gazebo/share/turtlebot3_gazebo//models/turtlebot3_burger_insper/model.config
[17.083s] -- Installing: /home/borg/colcon_ws/install/turtlebot3_gazebo/share/turtlebot3_gazebo//models/turtlebot3_burger_insper/model-1_4_.sdf
[17.083s] -- Installing: /home/borg/colcon_ws/install/turtlebot3_gazebo/share/turtlebot3_gazebo//models/turtlebot3_burger_insper/model.sdf
[17.083s] -- Installing: /home/borg/colcon_ws/install/turtlebot3_gazebo/share/turtlebot3_gazebo//rviz
[17.083s] -- Installing: /home/borg/colcon_ws/install/turtlebot3_gazebo/share/turtlebot3_gazebo//rviz/tb3_gazebo.rviz
[17.084s] -- Installing: /home/borg/colcon_ws/install/turtlebot3_gazebo/share/turtlebot3_gazebo//urdf
[17.084s] -- Installing: /home/borg/colcon_ws/install/turtlebot3_gazebo/share/turtlebot3_gazebo//urdf/common_properties.urdf
[17.084s] -- Installing: /home/borg/colcon_ws/install/turtlebot3_gazebo/share/turtlebot3_gazebo//urdf/turtlebot3_burger.urdf
[17.084s] -- Installing: /home/borg/colcon_ws/install/turtlebot3_gazebo/share/turtlebot3_gazebo//urdf/turtlebot3_waffle.urdf
[17.084s] -- Installing: /home/borg/colcon_ws/install/turtlebot3_gazebo/share/turtlebot3_gazebo//urdf/turtlebot3_waffle_pi.urdf
[17.085s] -- Installing: /home/borg/colcon_ws/install/turtlebot3_gazebo/share/turtlebot3_gazebo//urdf/common_properties.xacro
[17.085s] -- Installing: /home/borg/colcon_ws/install/turtlebot3_gazebo/share/turtlebot3_gazebo//urdf/mybot.gazebo.urdf
[17.085s] -- Installing: /home/borg/colcon_ws/install/turtlebot3_gazebo/share/turtlebot3_gazebo//urdf/mybot.gazebo.xacro
[17.085s] -- Installing: /home/borg/colcon_ws/install/turtlebot3_gazebo/share/turtlebot3_gazebo//urdf/mybot.urdf
[17.085s] -- Installing: /home/borg/colcon_ws/install/turtlebot3_gazebo/share/turtlebot3_gazebo//urdf/mybot.urdf.xacro
[17.086s] -- Installing: /home/borg/colcon_ws/install/turtlebot3_gazebo/share/turtlebot3_gazebo//urdf/meshes
[17.086s] -- Installing: /home/borg/colcon_ws/install/turtlebot3_gazebo/share/turtlebot3_gazebo//urdf/meshes/bases
[17.086s] -- Installing: /home/borg/colcon_ws/install/turtlebot3_gazebo/share/turtlebot3_gazebo//urdf/meshes/bases/burger_base.stl
[17.086s] -- Installing: /home/borg/colcon_ws/install/turtlebot3_gazebo/share/turtlebot3_gazebo//urdf/meshes/garra
[17.086s] -- Installing: /home/borg/colcon_ws/install/turtlebot3_gazebo/share/turtlebot3_gazebo//urdf/meshes/garra/arm.dae
[17.086s] -- Installing: /home/borg/colcon_ws/install/turtlebot3_gazebo/share/turtlebot3_gazebo//urdf/meshes/garra/arm.stl
[17.086s] -- Installing: /home/borg/colcon_ws/install/turtlebot3_gazebo/share/turtlebot3_gazebo//urdf/meshes/garra/base_camera1.dae
[17.087s] -- Installing: /home/borg/colcon_ws/install/turtlebot3_gazebo/share/turtlebot3_gazebo//urdf/meshes/garra/base_camera1.stl
[17.087s] -- Installing: /home/borg/colcon_ws/install/turtlebot3_gazebo/share/turtlebot3_gazebo//urdf/meshes/garra/base_link_garra.dae
[17.087s] -- Installing: /home/borg/colcon_ws/install/turtlebot3_gazebo/share/turtlebot3_gazebo//urdf/meshes/garra/base_link_garra.stl
[17.087s] -- Installing: /home/borg/colcon_ws/install/turtlebot3_gazebo/share/turtlebot3_gazebo//urdf/meshes/garra/direita.dae
[17.087s] -- Installing: /home/borg/colcon_ws/install/turtlebot3_gazebo/share/turtlebot3_gazebo//urdf/meshes/garra/direita.stl
[17.087s] -- Installing: /home/borg/colcon_ws/install/turtlebot3_gazebo/share/turtlebot3_gazebo//urdf/meshes/garra/esquerda.dae
[17.087s] -- Installing: /home/borg/colcon_ws/install/turtlebot3_gazebo/share/turtlebot3_gazebo//urdf/meshes/garra/esquerda.stl
[17.088s] -- Installing: /home/borg/colcon_ws/install/turtlebot3_gazebo/share/turtlebot3_gazebo//urdf/meshes/garra/garra1garrabraco1.stl
[17.088s] -- Installing: /home/borg/colcon_ws/install/turtlebot3_gazebo/share/turtlebot3_gazebo//urdf/meshes/garra/garra1garradireita1.stl
[17.088s] -- Installing: /home/borg/colcon_ws/install/turtlebot3_gazebo/share/turtlebot3_gazebo//urdf/meshes/garra/garra1garraesquerda1.stl
[17.088s] -- Installing: /home/borg/colcon_ws/install/turtlebot3_gazebo/share/turtlebot3_gazebo//urdf/meshes/garra/lat11.dae
[17.088s] -- Installing: /home/borg/colcon_ws/install/turtlebot3_gazebo/share/turtlebot3_gazebo//urdf/meshes/garra/lat11.stl
[17.088s] -- Installing: /home/borg/colcon_ws/install/turtlebot3_gazebo/share/turtlebot3_gazebo//urdf/meshes/garra/lat21.dae
[17.089s] -- Installing: /home/borg/colcon_ws/install/turtlebot3_gazebo/share/turtlebot3_gazebo//urdf/meshes/garra/lat21.stl
[17.089s] -- Installing: /home/borg/colcon_ws/install/turtlebot3_gazebo/share/turtlebot3_gazebo//urdf/meshes/garra/lat31.dae
[17.089s] -- Installing: /home/borg/colcon_ws/install/turtlebot3_gazebo/share/turtlebot3_gazebo//urdf/meshes/garra/lat31.stl
[17.089s] -- Installing: /home/borg/colcon_ws/install/turtlebot3_gazebo/share/turtlebot3_gazebo//urdf/meshes/garra/servo_garra1.dae
[17.089s] -- Installing: /home/borg/colcon_ws/install/turtlebot3_gazebo/share/turtlebot3_gazebo//urdf/meshes/garra/servo_garra1.stl
[17.089s] -- Installing: /home/borg/colcon_ws/install/turtlebot3_gazebo/share/turtlebot3_gazebo//urdf/meshes/sensors
[17.090s] -- Installing: /home/borg/colcon_ws/install/turtlebot3_gazebo/share/turtlebot3_gazebo//urdf/meshes/sensors/arm.dae
[17.090s] -- Installing: /home/borg/colcon_ws/install/turtlebot3_gazebo/share/turtlebot3_gazebo//urdf/meshes/sensors/arm.stl
[17.090s] -- Installing: /home/borg/colcon_ws/install/turtlebot3_gazebo/share/turtlebot3_gazebo//urdf/meshes/sensors/astra.dae
[17.090s] -- Installing: /home/borg/colcon_ws/install/turtlebot3_gazebo/share/turtlebot3_gazebo//urdf/meshes/sensors/astra.jpg
[17.090s] -- Installing: /home/borg/colcon_ws/install/turtlebot3_gazebo/share/turtlebot3_gazebo//urdf/meshes/sensors/direita.dae
[17.090s] -- Installing: /home/borg/colcon_ws/install/turtlebot3_gazebo/share/turtlebot3_gazebo//urdf/meshes/sensors/esquerda.dae
[17.090s] -- Installing: /home/borg/colcon_ws/install/turtlebot3_gazebo/share/turtlebot3_gazebo//urdf/meshes/sensors/garra_direita.stl
[17.090s] -- Installing: /home/borg/colcon_ws/install/turtlebot3_gazebo/share/turtlebot3_gazebo//urdf/meshes/sensors/garra_esquerda.stl
[17.090s] -- Installing: /home/borg/colcon_ws/install/turtlebot3_gazebo/share/turtlebot3_gazebo//urdf/meshes/sensors/l_finger.dae
[17.091s] -- Installing: /home/borg/colcon_ws/install/turtlebot3_gazebo/share/turtlebot3_gazebo//urdf/meshes/sensors/l_finger_color.tif
[17.091s] -- Installing: /home/borg/colcon_ws/install/turtlebot3_gazebo/share/turtlebot3_gazebo//urdf/meshes/sensors/l_finger_tip.dae
[17.091s] -- Installing: /home/borg/colcon_ws/install/turtlebot3_gazebo/share/turtlebot3_gazebo//urdf/meshes/sensors/l_finger_tip_color.tif
[17.091s] -- Installing: /home/borg/colcon_ws/install/turtlebot3_gazebo/share/turtlebot3_gazebo//urdf/meshes/sensors/lds.stl
[17.091s] -- Installing: /home/borg/colcon_ws/install/turtlebot3_gazebo/share/turtlebot3_gazebo//urdf/meshes/sensors/r200.dae
[17.091s] -- Installing: /home/borg/colcon_ws/install/turtlebot3_gazebo/share/turtlebot3_gazebo//urdf/meshes/sensors/r200.jpg
[17.091s] -- Installing: /home/borg/colcon_ws/install/turtlebot3_gazebo/share/turtlebot3_gazebo//urdf/meshes/wheels
[17.091s] -- Installing: /home/borg/colcon_ws/install/turtlebot3_gazebo/share/turtlebot3_gazebo//urdf/meshes/wheels/left_tire.stl
[17.092s] -- Installing: /home/borg/colcon_ws/install/turtlebot3_gazebo/share/turtlebot3_gazebo//urdf/meshes/wheels/right_tire.stl
[17.092s] -- Installing: /home/borg/colcon_ws/install/turtlebot3_gazebo/share/turtlebot3_gazebo//urdf/turtlebot3_burger_insper.urdf
[17.092s] -- Installing: /home/borg/colcon_ws/install/turtlebot3_gazebo/share/turtlebot3_gazebo//worlds
[17.092s] -- Installing: /home/borg/colcon_ws/install/turtlebot3_gazebo/share/turtlebot3_gazebo//worlds/empty_world.world
[17.092s] -- Installing: /home/borg/colcon_ws/install/turtlebot3_gazebo/share/turtlebot3_gazebo//worlds/turtlebot3_dqn_stage1.world
[17.092s] -- Installing: /home/borg/colcon_ws/install/turtlebot3_gazebo/share/turtlebot3_gazebo//worlds/turtlebot3_dqn_stage2.world
[17.092s] -- Installing: /home/borg/colcon_ws/install/turtlebot3_gazebo/share/turtlebot3_gazebo//worlds/turtlebot3_dqn_stage3.world
[17.092s] -- Installing: /home/borg/colcon_ws/install/turtlebot3_gazebo/share/turtlebot3_gazebo//worlds/turtlebot3_dqn_stage4.world
[17.092s] -- Installing: /home/borg/colcon_ws/install/turtlebot3_gazebo/share/turtlebot3_gazebo//worlds/turtlebot3_house.world
[17.093s] -- Installing: /home/borg/colcon_ws/install/turtlebot3_gazebo/share/turtlebot3_gazebo//worlds/turtlebot3_world.world
[17.093s] -- Installing: /home/borg/colcon_ws/install/turtlebot3_gazebo/include/
[17.093s] -- Installing: /home/borg/colcon_ws/install/turtlebot3_gazebo/include//turtlebot3_gazebo
[17.093s] -- Installing: /home/borg/colcon_ws/install/turtlebot3_gazebo/include//turtlebot3_gazebo/turtlebot3_drive.hpp
[17.093s] -- Installing: /home/borg/colcon_ws/install/turtlebot3_gazebo/share/ament_index/resource_index/package_run_dependencies/turtlebot3_gazebo
[17.093s] -- Installing: /home/borg/colcon_ws/install/turtlebot3_gazebo/share/ament_index/resource_index/parent_prefix_path/turtlebot3_gazebo
[17.093s] -- Installing: /home/borg/colcon_ws/install/turtlebot3_gazebo/share/turtlebot3_gazebo/environment/ament_prefix_path.sh
[17.093s] -- Installing: /home/borg/colcon_ws/install/turtlebot3_gazebo/share/turtlebot3_gazebo/environment/ament_prefix_path.dsv
[17.093s] -- Installing: /home/borg/colcon_ws/install/turtlebot3_gazebo/share/turtlebot3_gazebo/environment/path.sh
[17.093s] -- Installing: /home/borg/colcon_ws/install/turtlebot3_gazebo/share/turtlebot3_gazebo/environment/path.dsv
[17.094s] -- Installing: /home/borg/colcon_ws/install/turtlebot3_gazebo/share/turtlebot3_gazebo/local_setup.bash
[17.094s] -- Installing: /home/borg/colcon_ws/install/turtlebot3_gazebo/share/turtlebot3_gazebo/local_setup.sh
[17.094s] -- Installing: /home/borg/colcon_ws/install/turtlebot3_gazebo/share/turtlebot3_gazebo/local_setup.zsh
[17.094s] -- Installing: /home/borg/colcon_ws/install/turtlebot3_gazebo/share/turtlebot3_gazebo/local_setup.dsv
[17.094s] -- Installing: /home/borg/colcon_ws/install/turtlebot3_gazebo/share/turtlebot3_gazebo/package.dsv
[17.094s] -- Installing: /home/borg/colcon_ws/install/turtlebot3_gazebo/share/ament_index/resource_index/packages/turtlebot3_gazebo
[17.094s] -- Installing: /home/borg/colcon_ws/install/turtlebot3_gazebo/share/turtlebot3_gazebo/cmake/ament_cmake_export_include_directories-extras.cmake
[17.094s] -- Installing: /home/borg/colcon_ws/install/turtlebot3_gazebo/share/turtlebot3_gazebo/cmake/ament_cmake_export_dependencies-extras.cmake
[17.094s] -- Installing: /home/borg/colcon_ws/install/turtlebot3_gazebo/share/turtlebot3_gazebo/cmake/turtlebot3_gazeboConfig.cmake
[17.094s] -- Installing: /home/borg/colcon_ws/install/turtlebot3_gazebo/share/turtlebot3_gazebo/cmake/turtlebot3_gazeboConfig-version.cmake
[17.095s] -- Installing: /home/borg/colcon_ws/install/turtlebot3_gazebo/share/turtlebot3_gazebo/package.xml
[17.096s] Invoked command in '/home/borg/colcon_ws/build/turtlebot3_gazebo' returned '0': CMAKE_PREFIX_PATH=${CMAKE_PREFIX_PATH}:/home/borg/colcon_ws/install/urdfbot_description:/opt/ros/humble /usr/bin/cmake --install /home/borg/colcon_ws/build/turtlebot3_gazebo
