-- Found ament_cmake: 1.3.6 (/opt/ros/humble/share/ament_cmake/cmake)
[33mCMake Warning (dev) at /usr/share/cmake-3.22/Modules/FindPackageHandleStandardArgs.cmake:438 (message):
  The package name passed to `find_package_handle_standard_args` (PkgConfig)
  does not match the name of the calling package (gazebo).  This can lead to
  problems in calling code that expects `find_package` result variables
  (e.g., `_FOUND`) to follow a certain pattern.
Call Stack (most recent call first):
  /usr/share/cmake-3.22/Modules/FindPkgConfig.cmake:99 (find_package_handle_standard_args)
  /usr/lib/x86_64-linux-gnu/cmake/gazebo/gazebo-config.cmake:72 (include)
  CMakeLists.txt:23 (find_package)
This warning is for project developers.  Use -Wno-dev to suppress it.
[0m
-- Found DART: /usr/include (Required is at least version "6.6") found components: dart 
-- Found Protobuf: /usr/lib/x86_64-linux-gnu/libprotobuf.so (found version "3.12.4") 
-- Looking for ignition-math6 -- found version 6.15.0
-- Searching for dependencies of ignition-math6
-- Looking for OGRE...
-- Found Ogre Ghadamon (1.9.0)
-- Found OGRE: optimized;/usr/lib/x86_64-linux-gnu/libOgreMain.so;debug;/usr/lib/x86_64-linux-gnu/libOgreMain.so
-- Looking for OGRE_Paging...
-- Found OGRE_Paging: optimized;/usr/lib/x86_64-linux-gnu/libOgrePaging.so;debug;/usr/lib/x86_64-linux-gnu/libOgrePaging.so
-- Looking for OGRE_Terrain...
-- Found OGRE_Terrain: optimized;/usr/lib/x86_64-linux-gnu/libOgreTerrain.so;debug;/usr/lib/x86_64-linux-gnu/libOgreTerrain.so
-- Looking for OGRE_Property...
-- Found OGRE_Property: optimized;/usr/lib/x86_64-linux-gnu/libOgreProperty.so;debug;/usr/lib/x86_64-linux-gnu/libOgreProperty.so
-- Looking for OGRE_RTShaderSystem...
-- Found OGRE_RTShaderSystem: optimized;/usr/lib/x86_64-linux-gnu/libOgreRTShaderSystem.so;debug;/usr/lib/x86_64-linux-gnu/libOgreRTShaderSystem.so
-- Looking for OGRE_Volume...
-- Found OGRE_Volume: optimized;/usr/lib/x86_64-linux-gnu/libOgreVolume.so;debug;/usr/lib/x86_64-linux-gnu/libOgreVolume.so
-- Looking for OGRE_Overlay...
-- Found OGRE_Overlay: optimized;/usr/lib/x86_64-linux-gnu/libOgreOverlay.so;debug;/usr/lib/x86_64-linux-gnu/libOgreOverlay.so
-- Looking for ignition-math6 -- found version 6.15.0
-- Looking for ignition-transport8 -- found version 8.2.1
-- Searching for dependencies of ignition-transport8
-- Found Protobuf: /usr/lib/x86_64-linux-gnu/libprotobuf.so (found suitable version "3.12.4", minimum required is "3") 
-- Config-file not installed for ZeroMQ -- checking for pkg-config
-- Checking for module 'libzmq >= 4'
--   Found libzmq , version 4.3.4
-- Checking for module 'uuid'
--   Found uuid, version 2.37.2
-- Looking for ignition-msgs5 -- found version 5.8.1
-- Searching for dependencies of ignition-msgs5
-- Looking for ignition-math6 -- found version 6.15.0
-- Checking for module 'tinyxml2'
--   Found tinyxml2, version 9.0.0
-- Looking for ignition-msgs5 -- found version 5.8.1
-- Looking for ignition-common3 -- found version 3.14.0
-- Searching for dependencies of ignition-common3
-- Looking for dlfcn.h - found
-- Looking for libdl - found
-- Searching for <ignition-common3> component [graphics]
-- Looking for ignition-common3-graphics -- found version 3.14.0
-- Searching for dependencies of ignition-common3-graphics
-- Looking for ignition-math6 -- found version 6.15.0
-- Looking for ignition-fuel_tools4 -- found version 4.4.0
-- Searching for dependencies of ignition-fuel_tools4
-- Checking for module 'jsoncpp'
--   Found jsoncpp, version 1.9.5
-- Checking for module 'libzip'
--   Found libzip, version 1.7.3
-- Looking for ignition-common3 -- found version 3.14.0
-- Looking for ignition-math6 -- found version 6.15.0
-- Looking for ignition-msgs5 -- found version 5.8.1
-- Found gazebo_ros_pkgs: 3.7.0 (/opt/ros/humble/share/gazebo_ros_pkgs/cmake)
-- Found geometry_msgs: 4.2.3 (/opt/ros/humble/share/geometry_msgs/cmake)
-- Found rosidl_generator_c: 3.1.5 (/opt/ros/humble/share/rosidl_generator_c/cmake)
-- Found rosidl_adapter: 3.1.5 (/opt/ros/humble/share/rosidl_adapter/cmake)
-- Found rosidl_generator_cpp: 3.1.5 (/opt/ros/humble/share/rosidl_generator_cpp/cmake)
-- Using all available rosidl_typesupport_c: rosidl_typesupport_fastrtps_c;rosidl_typesupport_introspection_c
-- Using all available rosidl_typesupport_cpp: rosidl_typesupport_fastrtps_cpp;rosidl_typesupport_introspection_cpp
-- Found nav_msgs: 4.2.3 (/opt/ros/humble/share/nav_msgs/cmake)
-- Found rclcpp: 16.0.7 (/opt/ros/humble/share/rclcpp/cmake)
-- Found rmw_implementation_cmake: 6.1.1 (/opt/ros/humble/share/rmw_implementation_cmake/cmake)
-- Found rmw_fastrtps_cpp: 6.2.5 (/opt/ros/humble/share/rmw_fastrtps_cpp/cmake)
-- Using RMW implementation 'rmw_fastrtps_cpp' as default
-- Found sensor_msgs: 4.2.3 (/opt/ros/humble/share/sensor_msgs/cmake)
-- Found tf2: 0.25.5 (/opt/ros/humble/share/tf2/cmake)
-- Configuring done
-- Generating done
-- Build files have been written to: /home/borg/colcon_ws/build/turtlebot3_gazebo
[35m[1mConsolidate compiler generated dependencies of target turtlebot3_drive[0m
[35m[1mConsolidate compiler generated dependencies of target obstacle2[0m
[35m[1mConsolidate compiler generated dependencies of target obstacle1[0m
[35m[1mConsolidate compiler generated dependencies of target obstacles[0m
[ 25%] Built target turtlebot3_drive
[ 62%] [32mBuilding CXX object CMakeFiles/obstacles.dir/models/turtlebot3_dqn_world/obstacle_plugin/obstacles.cc.o[0m
[ 62%] [32mBuilding CXX object CMakeFiles/obstacle2.dir/models/turtlebot3_dqn_world/obstacle_plugin/obstacle2.cc.o[0m
[ 62%] [32mBuilding CXX object CMakeFiles/obstacle1.dir/models/turtlebot3_dqn_world/obstacle_plugin/obstacle1.cc.o[0m
[ 75%] [32m[1mLinking CXX shared library libobstacle2.so[0m
[ 87%] [32m[1mLinking CXX shared library libobstacle1.so[0m
[ 87%] Built target obstacle2
[ 87%] Built target obstacle1
[100%] [32m[1mLinking CXX shared library libobstacles.so[0m
[100%] Built target obstacles
-- Install configuration: ""
-- Up-to-date: /home/borg/colcon_ws/install/turtlebot3_gazebo/lib/turtlebot3_gazebo/turtlebot3_drive
-- Up-to-date: /home/borg/colcon_ws/install/turtlebot3_gazebo/share/turtlebot3_gazebo//launch
-- Up-to-date: /home/borg/colcon_ws/install/turtlebot3_gazebo/share/turtlebot3_gazebo//launch/empty_world.launch.py
-- Up-to-date: /home/borg/colcon_ws/install/turtlebot3_gazebo/share/turtlebot3_gazebo//launch/spawn_turtlebot3.launch.py
-- Up-to-date: /home/borg/colcon_ws/install/turtlebot3_gazebo/share/turtlebot3_gazebo//launch/turtlebot3_dqn_stage1.launch.py
-- Up-to-date: /home/borg/colcon_ws/install/turtlebot3_gazebo/share/turtlebot3_gazebo//launch/turtlebot3_dqn_stage2.launch.py
-- Up-to-date: /home/borg/colcon_ws/install/turtlebot3_gazebo/share/turtlebot3_gazebo//launch/turtlebot3_dqn_stage3.launch.py
-- Up-to-date: /home/borg/colcon_ws/install/turtlebot3_gazebo/share/turtlebot3_gazebo//launch/turtlebot3_dqn_stage4.launch.py
-- Up-to-date: /home/borg/colcon_ws/install/turtlebot3_gazebo/share/turtlebot3_gazebo//launch/turtlebot3_house.launch.py
-- Up-to-date: /home/borg/colcon_ws/install/turtlebot3_gazebo/share/turtlebot3_gazebo//launch/turtlebot3_world.launch.py
-- Up-to-date: /home/borg/colcon_ws/install/turtlebot3_gazebo/share/turtlebot3_gazebo//launch/robot_state_publisher.launch.py
-- Up-to-date: /home/borg/colcon_ws/install/turtlebot3_gazebo/share/turtlebot3_gazebo//launch/insperbot_lab.launch.py
-- Up-to-date: /home/borg/colcon_ws/install/turtlebot3_gazebo/share/turtlebot3_gazebo//launch/pista-23B.launch.py
-- Up-to-date: /home/borg/colcon_ws/install/turtlebot3_gazebo/share/turtlebot3_gazebo//models
-- Up-to-date: /home/borg/colcon_ws/install/turtlebot3_gazebo/share/turtlebot3_gazebo//models/turtlebot3_burger
-- Up-to-date: /home/borg/colcon_ws/install/turtlebot3_gazebo/share/turtlebot3_gazebo//models/turtlebot3_burger/model-1_4.sdf
-- Up-to-date: /home/borg/colcon_ws/install/turtlebot3_gazebo/share/turtlebot3_gazebo//models/turtlebot3_burger/model.config
-- Up-to-date: /home/borg/colcon_ws/install/turtlebot3_gazebo/share/turtlebot3_gazebo//models/turtlebot3_burger/model.sdf
-- Up-to-date: /home/borg/colcon_ws/install/turtlebot3_gazebo/share/turtlebot3_gazebo//models/turtlebot3_common
-- Up-to-date: /home/borg/colcon_ws/install/turtlebot3_gazebo/share/turtlebot3_gazebo//models/turtlebot3_common/meshes
-- Up-to-date: /home/borg/colcon_ws/install/turtlebot3_gazebo/share/turtlebot3_gazebo//models/turtlebot3_common/meshes/burger_base.dae
-- Up-to-date: /home/borg/colcon_ws/install/turtlebot3_gazebo/share/turtlebot3_gazebo//models/turtlebot3_common/meshes/lds.dae
-- Up-to-date: /home/borg/colcon_ws/install/turtlebot3_gazebo/share/turtlebot3_gazebo//models/turtlebot3_common/meshes/r200.dae
-- Up-to-date: /home/borg/colcon_ws/install/turtlebot3_gazebo/share/turtlebot3_gazebo//models/turtlebot3_common/meshes/tire.dae
-- Up-to-date: /home/borg/colcon_ws/install/turtlebot3_gazebo/share/turtlebot3_gazebo//models/turtlebot3_common/meshes/waffle_base.dae
-- Up-to-date: /home/borg/colcon_ws/install/turtlebot3_gazebo/share/turtlebot3_gazebo//models/turtlebot3_common/meshes/waffle_pi_base.dae
-- Up-to-date: /home/borg/colcon_ws/install/turtlebot3_gazebo/share/turtlebot3_gazebo//models/turtlebot3_common/model.config
-- Up-to-date: /home/borg/colcon_ws/install/turtlebot3_gazebo/share/turtlebot3_gazebo//models/turtlebot3_dqn_world
-- Up-to-date: /home/borg/colcon_ws/install/turtlebot3_gazebo/share/turtlebot3_gazebo//models/turtlebot3_dqn_world/goal_box
-- Up-to-date: /home/borg/colcon_ws/install/turtlebot3_gazebo/share/turtlebot3_gazebo//models/turtlebot3_dqn_world/goal_box/model.config
-- Up-to-date: /home/borg/colcon_ws/install/turtlebot3_gazebo/share/turtlebot3_gazebo//models/turtlebot3_dqn_world/goal_box/model.sdf
-- Up-to-date: /home/borg/colcon_ws/install/turtlebot3_gazebo/share/turtlebot3_gazebo//models/turtlebot3_dqn_world/inner_walls
-- Up-to-date: /home/borg/colcon_ws/install/turtlebot3_gazebo/share/turtlebot3_gazebo//models/turtlebot3_dqn_world/inner_walls/model.config
-- Up-to-date: /home/borg/colcon_ws/install/turtlebot3_gazebo/share/turtlebot3_gazebo//models/turtlebot3_dqn_world/inner_walls/model.sdf
-- Up-to-date: /home/borg/colcon_ws/install/turtlebot3_gazebo/share/turtlebot3_gazebo//models/turtlebot3_dqn_world/model.config
-- Up-to-date: /home/borg/colcon_ws/install/turtlebot3_gazebo/share/turtlebot3_gazebo//models/turtlebot3_dqn_world/model.sdf
-- Up-to-date: /home/borg/colcon_ws/install/turtlebot3_gazebo/share/turtlebot3_gazebo//models/turtlebot3_dqn_world/obstacle1
-- Up-to-date: /home/borg/colcon_ws/install/turtlebot3_gazebo/share/turtlebot3_gazebo//models/turtlebot3_dqn_world/obstacle1/model.config
-- Up-to-date: /home/borg/colcon_ws/install/turtlebot3_gazebo/share/turtlebot3_gazebo//models/turtlebot3_dqn_world/obstacle1/model.sdf
-- Up-to-date: /home/borg/colcon_ws/install/turtlebot3_gazebo/share/turtlebot3_gazebo//models/turtlebot3_dqn_world/obstacle2
-- Up-to-date: /home/borg/colcon_ws/install/turtlebot3_gazebo/share/turtlebot3_gazebo//models/turtlebot3_dqn_world/obstacle2/model.config
-- Up-to-date: /home/borg/colcon_ws/install/turtlebot3_gazebo/share/turtlebot3_gazebo//models/turtlebot3_dqn_world/obstacle2/model.sdf
-- Up-to-date: /home/borg/colcon_ws/install/turtlebot3_gazebo/share/turtlebot3_gazebo//models/turtlebot3_dqn_world/obstacle_plugin
-- Up-to-date: /home/borg/colcon_ws/install/turtlebot3_gazebo/share/turtlebot3_gazebo//models/turtlebot3_dqn_world/obstacle_plugin/CMakeLists.txt
-- Up-to-date: /home/borg/colcon_ws/install/turtlebot3_gazebo/share/turtlebot3_gazebo//models/turtlebot3_dqn_world/obstacle_plugin/obstacle1.cc
-- Up-to-date: /home/borg/colcon_ws/install/turtlebot3_gazebo/share/turtlebot3_gazebo//models/turtlebot3_dqn_world/obstacle_plugin/obstacle2.cc
-- Up-to-date: /home/borg/colcon_ws/install/turtlebot3_gazebo/share/turtlebot3_gazebo//models/turtlebot3_dqn_world/obstacle_plugin/obstacles.cc
-- Up-to-date: /home/borg/colcon_ws/install/turtlebot3_gazebo/share/turtlebot3_gazebo//models/turtlebot3_dqn_world/obstacles
-- Up-to-date: /home/borg/colcon_ws/install/turtlebot3_gazebo/share/turtlebot3_gazebo//models/turtlebot3_dqn_world/obstacles/model.config
-- Up-to-date: /home/borg/colcon_ws/install/turtlebot3_gazebo/share/turtlebot3_gazebo//models/turtlebot3_dqn_world/obstacles/model.sdf
-- Up-to-date: /home/borg/colcon_ws/install/turtlebot3_gazebo/share/turtlebot3_gazebo//models/turtlebot3_house
-- Up-to-date: /home/borg/colcon_ws/install/turtlebot3_gazebo/share/turtlebot3_gazebo//models/turtlebot3_house/model.config
-- Up-to-date: /home/borg/colcon_ws/install/turtlebot3_gazebo/share/turtlebot3_gazebo//models/turtlebot3_house/model.sdf
-- Up-to-date: /home/borg/colcon_ws/install/turtlebot3_gazebo/share/turtlebot3_gazebo//models/turtlebot3_waffle
-- Up-to-date: /home/borg/colcon_ws/install/turtlebot3_gazebo/share/turtlebot3_gazebo//models/turtlebot3_waffle/model-1_4.sdf
-- Up-to-date: /home/borg/colcon_ws/install/turtlebot3_gazebo/share/turtlebot3_gazebo//models/turtlebot3_waffle/model.config
-- Up-to-date: /home/borg/colcon_ws/install/turtlebot3_gazebo/share/turtlebot3_gazebo//models/turtlebot3_waffle/model.sdf
-- Up-to-date: /home/borg/colcon_ws/install/turtlebot3_gazebo/share/turtlebot3_gazebo//models/turtlebot3_waffle_pi
-- Up-to-date: /home/borg/colcon_ws/install/turtlebot3_gazebo/share/turtlebot3_gazebo//models/turtlebot3_waffle_pi/model-1_4_.sdf
-- Up-to-date: /home/borg/colcon_ws/install/turtlebot3_gazebo/share/turtlebot3_gazebo//models/turtlebot3_waffle_pi/model.config
-- Up-to-date: /home/borg/colcon_ws/install/turtlebot3_gazebo/share/turtlebot3_gazebo//models/turtlebot3_waffle_pi/model.sdf
-- Up-to-date: /home/borg/colcon_ws/install/turtlebot3_gazebo/share/turtlebot3_gazebo//models/turtlebot3_world
-- Up-to-date: /home/borg/colcon_ws/install/turtlebot3_gazebo/share/turtlebot3_gazebo//models/turtlebot3_world/meshes
-- Up-to-date: /home/borg/colcon_ws/install/turtlebot3_gazebo/share/turtlebot3_gazebo//models/turtlebot3_world/meshes/hexagon.dae
-- Up-to-date: /home/borg/colcon_ws/install/turtlebot3_gazebo/share/turtlebot3_gazebo//models/turtlebot3_world/meshes/wall.dae
-- Up-to-date: /home/borg/colcon_ws/install/turtlebot3_gazebo/share/turtlebot3_gazebo//models/turtlebot3_world/model-1_4.sdf
-- Up-to-date: /home/borg/colcon_ws/install/turtlebot3_gazebo/share/turtlebot3_gazebo//models/turtlebot3_world/model.config
-- Up-to-date: /home/borg/colcon_ws/install/turtlebot3_gazebo/share/turtlebot3_gazebo//models/turtlebot3_world/model.sdf
-- Up-to-date: /home/borg/colcon_ws/install/turtlebot3_gazebo/share/turtlebot3_gazebo//models/mybot
-- Up-to-date: /home/borg/colcon_ws/install/turtlebot3_gazebo/share/turtlebot3_gazebo//models/mybot/model-1_4_.sdf
-- Up-to-date: /home/borg/colcon_ws/install/turtlebot3_gazebo/share/turtlebot3_gazebo//models/mybot/model.config
-- Up-to-date: /home/borg/colcon_ws/install/turtlebot3_gazebo/share/turtlebot3_gazebo//models/mybot/model.sdf
-- Up-to-date: /home/borg/colcon_ws/install/turtlebot3_gazebo/share/turtlebot3_gazebo//models/turtlebot3_burger_insper
-- Up-to-date: /home/borg/colcon_ws/install/turtlebot3_gazebo/share/turtlebot3_gazebo//models/turtlebot3_burger_insper/model.config
-- Up-to-date: /home/borg/colcon_ws/install/turtlebot3_gazebo/share/turtlebot3_gazebo//models/turtlebot3_burger_insper/model-1_4_.sdf
-- Up-to-date: /home/borg/colcon_ws/install/turtlebot3_gazebo/share/turtlebot3_gazebo//models/turtlebot3_burger_insper/model.sdf
-- Up-to-date: /home/borg/colcon_ws/install/turtlebot3_gazebo/share/turtlebot3_gazebo//models/pista23-1
-- Up-to-date: /home/borg/colcon_ws/install/turtlebot3_gazebo/share/turtlebot3_gazebo//models/pista23-1/creeper
-- Up-to-date: /home/borg/colcon_ws/install/turtlebot3_gazebo/share/turtlebot3_gazebo//models/pista23-1/creeper/aruco_05
-- Up-to-date: /home/borg/colcon_ws/install/turtlebot3_gazebo/share/turtlebot3_gazebo//models/pista23-1/creeper/aruco_05/materials
-- Up-to-date: /home/borg/colcon_ws/install/turtlebot3_gazebo/share/turtlebot3_gazebo//models/pista23-1/creeper/aruco_05/materials/scripts
-- Up-to-date: /home/borg/colcon_ws/install/turtlebot3_gazebo/share/turtlebot3_gazebo//models/pista23-1/creeper/aruco_05/materials/scripts/creeper.material
-- Up-to-date: /home/borg/colcon_ws/install/turtlebot3_gazebo/share/turtlebot3_gazebo//models/pista23-1/creeper/aruco_05/materials/textures
-- Up-to-date: /home/borg/colcon_ws/install/turtlebot3_gazebo/share/turtlebot3_gazebo//models/pista23-1/creeper/aruco_05/materials/textures/caixa.dae
-- Up-to-date: /home/borg/colcon_ws/install/turtlebot3_gazebo/share/turtlebot3_gazebo//models/pista23-1/creeper/aruco_05/materials/textures/caixa.png
-- Up-to-date: /home/borg/colcon_ws/install/turtlebot3_gazebo/share/turtlebot3_gazebo//models/pista23-1/creeper/aruco_05/materials/textures/caixa.png_old
-- Up-to-date: /home/borg/colcon_ws/install/turtlebot3_gazebo/share/turtlebot3_gazebo//models/pista23-1/creeper/aruco_05/model.config
-- Up-to-date: /home/borg/colcon_ws/install/turtlebot3_gazebo/share/turtlebot3_gazebo//models/pista23-1/creeper/aruco_05/model.sdf
-- Up-to-date: /home/borg/colcon_ws/install/turtlebot3_gazebo/share/turtlebot3_gazebo//models/pista23-1/creeper/aruco_15
-- Up-to-date: /home/borg/colcon_ws/install/turtlebot3_gazebo/share/turtlebot3_gazebo//models/pista23-1/creeper/aruco_15/materials
-- Up-to-date: /home/borg/colcon_ws/install/turtlebot3_gazebo/share/turtlebot3_gazebo//models/pista23-1/creeper/aruco_15/materials/scripts
-- Up-to-date: /home/borg/colcon_ws/install/turtlebot3_gazebo/share/turtlebot3_gazebo//models/pista23-1/creeper/aruco_15/materials/scripts/creeper.material
-- Up-to-date: /home/borg/colcon_ws/install/turtlebot3_gazebo/share/turtlebot3_gazebo//models/pista23-1/creeper/aruco_15/materials/textures
-- Up-to-date: /home/borg/colcon_ws/install/turtlebot3_gazebo/share/turtlebot3_gazebo//models/pista23-1/creeper/aruco_15/materials/textures/caixa.dae
-- Up-to-date: /home/borg/colcon_ws/install/turtlebot3_gazebo/share/turtlebot3_gazebo//models/pista23-1/creeper/aruco_15/materials/textures/caixa.png
-- Up-to-date: /home/borg/colcon_ws/install/turtlebot3_gazebo/share/turtlebot3_gazebo//models/pista23-1/creeper/aruco_15/materials/textures/caixa.png_old
-- Up-to-date: /home/borg/colcon_ws/install/turtlebot3_gazebo/share/turtlebot3_gazebo//models/pista23-1/creeper/aruco_15/model.config
-- Up-to-date: /home/borg/colcon_ws/install/turtlebot3_gazebo/share/turtlebot3_gazebo//models/pista23-1/creeper/aruco_15/model.sdf
-- Up-to-date: /home/borg/colcon_ws/install/turtlebot3_gazebo/share/turtlebot3_gazebo//models/pista23-1/creeper/aruco_25
-- Up-to-date: /home/borg/colcon_ws/install/turtlebot3_gazebo/share/turtlebot3_gazebo//models/pista23-1/creeper/aruco_25/materials
-- Up-to-date: /home/borg/colcon_ws/install/turtlebot3_gazebo/share/turtlebot3_gazebo//models/pista23-1/creeper/aruco_25/materials/scripts
-- Up-to-date: /home/borg/colcon_ws/install/turtlebot3_gazebo/share/turtlebot3_gazebo//models/pista23-1/creeper/aruco_25/materials/scripts/creeper.material
-- Up-to-date: /home/borg/colcon_ws/install/turtlebot3_gazebo/share/turtlebot3_gazebo//models/pista23-1/creeper/aruco_25/materials/textures
-- Up-to-date: /home/borg/colcon_ws/install/turtlebot3_gazebo/share/turtlebot3_gazebo//models/pista23-1/creeper/aruco_25/materials/textures/caixa.dae
-- Up-to-date: /home/borg/colcon_ws/install/turtlebot3_gazebo/share/turtlebot3_gazebo//models/pista23-1/creeper/aruco_25/materials/textures/caixa.png
-- Up-to-date: /home/borg/colcon_ws/install/turtlebot3_gazebo/share/turtlebot3_gazebo//models/pista23-1/creeper/aruco_25/materials/textures/caixa.png_old
-- Up-to-date: /home/borg/colcon_ws/install/turtlebot3_gazebo/share/turtlebot3_gazebo//models/pista23-1/creeper/aruco_25/model.config
-- Up-to-date: /home/borg/colcon_ws/install/turtlebot3_gazebo/share/turtlebot3_gazebo//models/pista23-1/creeper/aruco_25/model.sdf
-- Up-to-date: /home/borg/colcon_ws/install/turtlebot3_gazebo/share/turtlebot3_gazebo//models/pista23-1/creeper/aruco_55
-- Up-to-date: /home/borg/colcon_ws/install/turtlebot3_gazebo/share/turtlebot3_gazebo//models/pista23-1/creeper/aruco_55/materials
-- Up-to-date: /home/borg/colcon_ws/install/turtlebot3_gazebo/share/turtlebot3_gazebo//models/pista23-1/creeper/aruco_55/materials/scripts
-- Up-to-date: /home/borg/colcon_ws/install/turtlebot3_gazebo/share/turtlebot3_gazebo//models/pista23-1/creeper/aruco_55/materials/scripts/creeper.material
-- Up-to-date: /home/borg/colcon_ws/install/turtlebot3_gazebo/share/turtlebot3_gazebo//models/pista23-1/creeper/aruco_55/materials/textures
-- Up-to-date: /home/borg/colcon_ws/install/turtlebot3_gazebo/share/turtlebot3_gazebo//models/pista23-1/creeper/aruco_55/materials/textures/caixa.dae
-- Up-to-date: /home/borg/colcon_ws/install/turtlebot3_gazebo/share/turtlebot3_gazebo//models/pista23-1/creeper/aruco_55/materials/textures/caixa.png
-- Up-to-date: /home/borg/colcon_ws/install/turtlebot3_gazebo/share/turtlebot3_gazebo//models/pista23-1/creeper/aruco_55/materials/textures/caixa.png_old
-- Up-to-date: /home/borg/colcon_ws/install/turtlebot3_gazebo/share/turtlebot3_gazebo//models/pista23-1/creeper/aruco_55/model.config
-- Up-to-date: /home/borg/colcon_ws/install/turtlebot3_gazebo/share/turtlebot3_gazebo//models/pista23-1/creeper/aruco_55/model.sdf
-- Up-to-date: /home/borg/colcon_ws/install/turtlebot3_gazebo/share/turtlebot3_gazebo//models/pista23-1/creeper/creeper_11
-- Up-to-date: /home/borg/colcon_ws/install/turtlebot3_gazebo/share/turtlebot3_gazebo//models/pista23-1/creeper/creeper_11/materials
-- Up-to-date: /home/borg/colcon_ws/install/turtlebot3_gazebo/share/turtlebot3_gazebo//models/pista23-1/creeper/creeper_11/materials/scripts
-- Up-to-date: /home/borg/colcon_ws/install/turtlebot3_gazebo/share/turtlebot3_gazebo//models/pista23-1/creeper/creeper_11/materials/scripts/creeper.material
-- Up-to-date: /home/borg/colcon_ws/install/turtlebot3_gazebo/share/turtlebot3_gazebo//models/pista23-1/creeper/creeper_11/materials/textures
-- Up-to-date: /home/borg/colcon_ws/install/turtlebot3_gazebo/share/turtlebot3_gazebo//models/pista23-1/creeper/creeper_11/materials/textures/MarkerData.png
-- Up-to-date: /home/borg/colcon_ws/install/turtlebot3_gazebo/share/turtlebot3_gazebo//models/pista23-1/creeper/creeper_11/materials/textures/MarkerData.png.001.png
-- Up-to-date: /home/borg/colcon_ws/install/turtlebot3_gazebo/share/turtlebot3_gazebo//models/pista23-1/creeper/creeper_11/materials/textures/creeper.dae
-- Up-to-date: /home/borg/colcon_ws/install/turtlebot3_gazebo/share/turtlebot3_gazebo//models/pista23-1/creeper/creeper_11/model.config
-- Up-to-date: /home/borg/colcon_ws/install/turtlebot3_gazebo/share/turtlebot3_gazebo//models/pista23-1/creeper/creeper_11/model.sdf
-- Up-to-date: /home/borg/colcon_ws/install/turtlebot3_gazebo/share/turtlebot3_gazebo//models/pista23-1/creeper/creeper_11_rosa
-- Up-to-date: /home/borg/colcon_ws/install/turtlebot3_gazebo/share/turtlebot3_gazebo//models/pista23-1/creeper/creeper_11_rosa/materials
-- Up-to-date: /home/borg/colcon_ws/install/turtlebot3_gazebo/share/turtlebot3_gazebo//models/pista23-1/creeper/creeper_11_rosa/materials/scripts
-- Up-to-date: /home/borg/colcon_ws/install/turtlebot3_gazebo/share/turtlebot3_gazebo//models/pista23-1/creeper/creeper_11_rosa/materials/scripts/creeper.material
-- Up-to-date: /home/borg/colcon_ws/install/turtlebot3_gazebo/share/turtlebot3_gazebo//models/pista23-1/creeper/creeper_11_rosa/materials/textures
-- Up-to-date: /home/borg/colcon_ws/install/turtlebot3_gazebo/share/turtlebot3_gazebo//models/pista23-1/creeper/creeper_11_rosa/materials/textures/MarkerData.png
-- Up-to-date: /home/borg/colcon_ws/install/turtlebot3_gazebo/share/turtlebot3_gazebo//models/pista23-1/creeper/creeper_11_rosa/materials/textures/MarkerData.png.001.png
-- Up-to-date: /home/borg/colcon_ws/install/turtlebot3_gazebo/share/turtlebot3_gazebo//models/pista23-1/creeper/creeper_11_rosa/materials/textures/creeper.dae
-- Up-to-date: /home/borg/colcon_ws/install/turtlebot3_gazebo/share/turtlebot3_gazebo//models/pista23-1/creeper/creeper_11_rosa/model.config
-- Up-to-date: /home/borg/colcon_ws/install/turtlebot3_gazebo/share/turtlebot3_gazebo//models/pista23-1/creeper/creeper_11_rosa/model.sdf
-- Up-to-date: /home/borg/colcon_ws/install/turtlebot3_gazebo/share/turtlebot3_gazebo//models/pista23-1/creeper/creeper_11_verde
-- Up-to-date: /home/borg/colcon_ws/install/turtlebot3_gazebo/share/turtlebot3_gazebo//models/pista23-1/creeper/creeper_11_verde/materials
-- Up-to-date: /home/borg/colcon_ws/install/turtlebot3_gazebo/share/turtlebot3_gazebo//models/pista23-1/creeper/creeper_11_verde/materials/scripts
-- Up-to-date: /home/borg/colcon_ws/install/turtlebot3_gazebo/share/turtlebot3_gazebo//models/pista23-1/creeper/creeper_11_verde/materials/scripts/creeper.material
-- Up-to-date: /home/borg/colcon_ws/install/turtlebot3_gazebo/share/turtlebot3_gazebo//models/pista23-1/creeper/creeper_11_verde/materials/textures
-- Up-to-date: /home/borg/colcon_ws/install/turtlebot3_gazebo/share/turtlebot3_gazebo//models/pista23-1/creeper/creeper_11_verde/materials/textures/MarkerData.png
-- Up-to-date: /home/borg/colcon_ws/install/turtlebot3_gazebo/share/turtlebot3_gazebo//models/pista23-1/creeper/creeper_11_verde/materials/textures/MarkerData.png.001.png
-- Up-to-date: /home/borg/colcon_ws/install/turtlebot3_gazebo/share/turtlebot3_gazebo//models/pista23-1/creeper/creeper_11_verde/materials/textures/MarkerData.png.001.png_old
-- Up-to-date: /home/borg/colcon_ws/install/turtlebot3_gazebo/share/turtlebot3_gazebo//models/pista23-1/creeper/creeper_11_verde/materials/textures/MarkerData.png_old
-- Up-to-date: /home/borg/colcon_ws/install/turtlebot3_gazebo/share/turtlebot3_gazebo//models/pista23-1/creeper/creeper_11_verde/materials/textures/creeper.dae
-- Up-to-date: /home/borg/colcon_ws/install/turtlebot3_gazebo/share/turtlebot3_gazebo//models/pista23-1/creeper/creeper_11_verde/model.config
-- Up-to-date: /home/borg/colcon_ws/install/turtlebot3_gazebo/share/turtlebot3_gazebo//models/pista23-1/creeper/creeper_11_verde/model.sdf
-- Up-to-date: /home/borg/colcon_ws/install/turtlebot3_gazebo/share/turtlebot3_gazebo//models/pista23-1/creeper/creeper_11_vermelho
-- Up-to-date: /home/borg/colcon_ws/install/turtlebot3_gazebo/share/turtlebot3_gazebo//models/pista23-1/creeper/creeper_11_vermelho/materials
-- Up-to-date: /home/borg/colcon_ws/install/turtlebot3_gazebo/share/turtlebot3_gazebo//models/pista23-1/creeper/creeper_11_vermelho/materials/scripts
-- Up-to-date: /home/borg/colcon_ws/install/turtlebot3_gazebo/share/turtlebot3_gazebo//models/pista23-1/creeper/creeper_11_vermelho/materials/scripts/creeper.material
-- Up-to-date: /home/borg/colcon_ws/install/turtlebot3_gazebo/share/turtlebot3_gazebo//models/pista23-1/creeper/creeper_11_vermelho/materials/textures
-- Up-to-date: /home/borg/colcon_ws/install/turtlebot3_gazebo/share/turtlebot3_gazebo//models/pista23-1/creeper/creeper_11_vermelho/materials/textures/MarkerData.png
-- Up-to-date: /home/borg/colcon_ws/install/turtlebot3_gazebo/share/turtlebot3_gazebo//models/pista23-1/creeper/creeper_11_vermelho/materials/textures/MarkerData.png.001.png
-- Up-to-date: /home/borg/colcon_ws/install/turtlebot3_gazebo/share/turtlebot3_gazebo//models/pista23-1/creeper/creeper_11_vermelho/materials/textures/MarkerData.png.001.png_old
-- Up-to-date: /home/borg/colcon_ws/install/turtlebot3_gazebo/share/turtlebot3_gazebo//models/pista23-1/creeper/creeper_11_vermelho/materials/textures/MarkerData.png_old
-- Up-to-date: /home/borg/colcon_ws/install/turtlebot3_gazebo/share/turtlebot3_gazebo//models/pista23-1/creeper/creeper_11_vermelho/materials/textures/creeper.dae
-- Up-to-date: /home/borg/colcon_ws/install/turtlebot3_gazebo/share/turtlebot3_gazebo//models/pista23-1/creeper/creeper_11_vermelho/model.config
-- Up-to-date: /home/borg/colcon_ws/install/turtlebot3_gazebo/share/turtlebot3_gazebo//models/pista23-1/creeper/creeper_11_vermelho/model.sdf
-- Up-to-date: /home/borg/colcon_ws/install/turtlebot3_gazebo/share/turtlebot3_gazebo//models/pista23-1/creeper/creeper_12
-- Up-to-date: /home/borg/colcon_ws/install/turtlebot3_gazebo/share/turtlebot3_gazebo//models/pista23-1/creeper/creeper_12/materials
-- Up-to-date: /home/borg/colcon_ws/install/turtlebot3_gazebo/share/turtlebot3_gazebo//models/pista23-1/creeper/creeper_12/materials/scripts
-- Up-to-date: /home/borg/colcon_ws/install/turtlebot3_gazebo/share/turtlebot3_gazebo//models/pista23-1/creeper/creeper_12/materials/scripts/creeper.material
-- Up-to-date: /home/borg/colcon_ws/install/turtlebot3_gazebo/share/turtlebot3_gazebo//models/pista23-1/creeper/creeper_12/materials/textures
-- Up-to-date: /home/borg/colcon_ws/install/turtlebot3_gazebo/share/turtlebot3_gazebo//models/pista23-1/creeper/creeper_12/materials/textures/MarkerData.png
-- Up-to-date: /home/borg/colcon_ws/install/turtlebot3_gazebo/share/turtlebot3_gazebo//models/pista23-1/creeper/creeper_12/materials/textures/MarkerData.png.001.png
-- Up-to-date: /home/borg/colcon_ws/install/turtlebot3_gazebo/share/turtlebot3_gazebo//models/pista23-1/creeper/creeper_12/materials/textures/creeper.dae
-- Up-to-date: /home/borg/colcon_ws/install/turtlebot3_gazebo/share/turtlebot3_gazebo//models/pista23-1/creeper/creeper_12/model.config
-- Up-to-date: /home/borg/colcon_ws/install/turtlebot3_gazebo/share/turtlebot3_gazebo//models/pista23-1/creeper/creeper_12/model.sdf
-- Up-to-date: /home/borg/colcon_ws/install/turtlebot3_gazebo/share/turtlebot3_gazebo//models/pista23-1/creeper/creeper_12_rosa
-- Up-to-date: /home/borg/colcon_ws/install/turtlebot3_gazebo/share/turtlebot3_gazebo//models/pista23-1/creeper/creeper_12_rosa/materials
-- Up-to-date: /home/borg/colcon_ws/install/turtlebot3_gazebo/share/turtlebot3_gazebo//models/pista23-1/creeper/creeper_12_rosa/materials/scripts
-- Up-to-date: /home/borg/colcon_ws/install/turtlebot3_gazebo/share/turtlebot3_gazebo//models/pista23-1/creeper/creeper_12_rosa/materials/scripts/creeper.material
-- Up-to-date: /home/borg/colcon_ws/install/turtlebot3_gazebo/share/turtlebot3_gazebo//models/pista23-1/creeper/creeper_12_rosa/materials/textures
-- Up-to-date: /home/borg/colcon_ws/install/turtlebot3_gazebo/share/turtlebot3_gazebo//models/pista23-1/creeper/creeper_12_rosa/materials/textures/MarkerData.png
-- Up-to-date: /home/borg/colcon_ws/install/turtlebot3_gazebo/share/turtlebot3_gazebo//models/pista23-1/creeper/creeper_12_rosa/materials/textures/MarkerData.png.001.png
-- Up-to-date: /home/borg/colcon_ws/install/turtlebot3_gazebo/share/turtlebot3_gazebo//models/pista23-1/creeper/creeper_12_rosa/materials/textures/creeper.dae
-- Up-to-date: /home/borg/colcon_ws/install/turtlebot3_gazebo/share/turtlebot3_gazebo//models/pista23-1/creeper/creeper_12_rosa/model.config
-- Up-to-date: /home/borg/colcon_ws/install/turtlebot3_gazebo/share/turtlebot3_gazebo//models/pista23-1/creeper/creeper_12_rosa/model.sdf
-- Up-to-date: /home/borg/colcon_ws/install/turtlebot3_gazebo/share/turtlebot3_gazebo//models/pista23-1/creeper/creeper_12_verde
-- Up-to-date: /home/borg/colcon_ws/install/turtlebot3_gazebo/share/turtlebot3_gazebo//models/pista23-1/creeper/creeper_12_verde/materials
-- Up-to-date: /home/borg/colcon_ws/install/turtlebot3_gazebo/share/turtlebot3_gazebo//models/pista23-1/creeper/creeper_12_verde/materials/scripts
-- Up-to-date: /home/borg/colcon_ws/install/turtlebot3_gazebo/share/turtlebot3_gazebo//models/pista23-1/creeper/creeper_12_verde/materials/scripts/creeper.material
-- Up-to-date: /home/borg/colcon_ws/install/turtlebot3_gazebo/share/turtlebot3_gazebo//models/pista23-1/creeper/creeper_12_verde/materials/textures
-- Up-to-date: /home/borg/colcon_ws/install/turtlebot3_gazebo/share/turtlebot3_gazebo//models/pista23-1/creeper/creeper_12_verde/materials/textures/MarkerData.png
-- Up-to-date: /home/borg/colcon_ws/install/turtlebot3_gazebo/share/turtlebot3_gazebo//models/pista23-1/creeper/creeper_12_verde/materials/textures/MarkerData.png.001.png
-- Up-to-date: /home/borg/colcon_ws/install/turtlebot3_gazebo/share/turtlebot3_gazebo//models/pista23-1/creeper/creeper_12_verde/materials/textures/creeper.dae
-- Up-to-date: /home/borg/colcon_ws/install/turtlebot3_gazebo/share/turtlebot3_gazebo//models/pista23-1/creeper/creeper_12_verde/model.config
-- Up-to-date: /home/borg/colcon_ws/install/turtlebot3_gazebo/share/turtlebot3_gazebo//models/pista23-1/creeper/creeper_12_verde/model.sdf
-- Up-to-date: /home/borg/colcon_ws/install/turtlebot3_gazebo/share/turtlebot3_gazebo//models/pista23-1/creeper/creeper_21_vermelho
-- Up-to-date: /home/borg/colcon_ws/install/turtlebot3_gazebo/share/turtlebot3_gazebo//models/pista23-1/creeper/creeper_21_vermelho/materials
-- Up-to-date: /home/borg/colcon_ws/install/turtlebot3_gazebo/share/turtlebot3_gazebo//models/pista23-1/creeper/creeper_21_vermelho/materials/scripts
-- Up-to-date: /home/borg/colcon_ws/install/turtlebot3_gazebo/share/turtlebot3_gazebo//models/pista23-1/creeper/creeper_21_vermelho/materials/scripts/creeper.material
-- Up-to-date: /home/borg/colcon_ws/install/turtlebot3_gazebo/share/turtlebot3_gazebo//models/pista23-1/creeper/creeper_21_vermelho/materials/textures
-- Up-to-date: /home/borg/colcon_ws/install/turtlebot3_gazebo/share/turtlebot3_gazebo//models/pista23-1/creeper/creeper_21_vermelho/materials/textures/MarkerData.png
-- Up-to-date: /home/borg/colcon_ws/install/turtlebot3_gazebo/share/turtlebot3_gazebo//models/pista23-1/creeper/creeper_21_vermelho/materials/textures/MarkerData.png.001.png
-- Up-to-date: /home/borg/colcon_ws/install/turtlebot3_gazebo/share/turtlebot3_gazebo//models/pista23-1/creeper/creeper_21_vermelho/materials/textures/MarkerData.png.001.png_old
-- Up-to-date: /home/borg/colcon_ws/install/turtlebot3_gazebo/share/turtlebot3_gazebo//models/pista23-1/creeper/creeper_21_vermelho/materials/textures/MarkerData.png_old
-- Up-to-date: /home/borg/colcon_ws/install/turtlebot3_gazebo/share/turtlebot3_gazebo//models/pista23-1/creeper/creeper_21_vermelho/materials/textures/creeper.dae
-- Up-to-date: /home/borg/colcon_ws/install/turtlebot3_gazebo/share/turtlebot3_gazebo//models/pista23-1/creeper/creeper_21_vermelho/model.config
-- Up-to-date: /home/borg/colcon_ws/install/turtlebot3_gazebo/share/turtlebot3_gazebo//models/pista23-1/creeper/creeper_21_vermelho/model.sdf
-- Up-to-date: /home/borg/colcon_ws/install/turtlebot3_gazebo/share/turtlebot3_gazebo//models/pista23-1/mesa
-- Up-to-date: /home/borg/colcon_ws/install/turtlebot3_gazebo/share/turtlebot3_gazebo//models/pista23-1/mesa/mesa_02
-- Up-to-date: /home/borg/colcon_ws/install/turtlebot3_gazebo/share/turtlebot3_gazebo//models/pista23-1/mesa/mesa_02/model.config
-- Up-to-date: /home/borg/colcon_ws/install/turtlebot3_gazebo/share/turtlebot3_gazebo//models/pista23-1/mesa/mesa_02/model.sdf
-- Up-to-date: /home/borg/colcon_ws/install/turtlebot3_gazebo/share/turtlebot3_gazebo//models/pista23-1/mesa/mesa_03
-- Up-to-date: /home/borg/colcon_ws/install/turtlebot3_gazebo/share/turtlebot3_gazebo//models/pista23-1/mesa/mesa_03/model.config
-- Up-to-date: /home/borg/colcon_ws/install/turtlebot3_gazebo/share/turtlebot3_gazebo//models/pista23-1/mesa/mesa_03/model.sdf
-- Up-to-date: /home/borg/colcon_ws/install/turtlebot3_gazebo/share/turtlebot3_gazebo//models/pista23-1/mesa/mesa_04
-- Up-to-date: /home/borg/colcon_ws/install/turtlebot3_gazebo/share/turtlebot3_gazebo//models/pista23-1/mesa/mesa_04/model.config
-- Up-to-date: /home/borg/colcon_ws/install/turtlebot3_gazebo/share/turtlebot3_gazebo//models/pista23-1/mesa/mesa_04/model.sdf
-- Up-to-date: /home/borg/colcon_ws/install/turtlebot3_gazebo/share/turtlebot3_gazebo//models/pista23-1/mesa/mesa_05
-- Up-to-date: /home/borg/colcon_ws/install/turtlebot3_gazebo/share/turtlebot3_gazebo//models/pista23-1/mesa/mesa_05/model.config
-- Up-to-date: /home/borg/colcon_ws/install/turtlebot3_gazebo/share/turtlebot3_gazebo//models/pista23-1/mesa/mesa_05/model.sdf
-- Up-to-date: /home/borg/colcon_ws/install/turtlebot3_gazebo/share/turtlebot3_gazebo//models/pista23-1/mesa/mesa_1
-- Up-to-date: /home/borg/colcon_ws/install/turtlebot3_gazebo/share/turtlebot3_gazebo//models/pista23-1/mesa/mesa_1/model.config
-- Up-to-date: /home/borg/colcon_ws/install/turtlebot3_gazebo/share/turtlebot3_gazebo//models/pista23-1/mesa/mesa_1/model.sdf
-- Up-to-date: /home/borg/colcon_ws/install/turtlebot3_gazebo/share/turtlebot3_gazebo//models/pista23-1/objeto
-- Up-to-date: /home/borg/colcon_ws/install/turtlebot3_gazebo/share/turtlebot3_gazebo//models/pista23-1/objeto/bicycle
-- Up-to-date: /home/borg/colcon_ws/install/turtlebot3_gazebo/share/turtlebot3_gazebo//models/pista23-1/objeto/bicycle/materials
-- Up-to-date: /home/borg/colcon_ws/install/turtlebot3_gazebo/share/turtlebot3_gazebo//models/pista23-1/objeto/bicycle/materials/scripts
-- Up-to-date: /home/borg/colcon_ws/install/turtlebot3_gazebo/share/turtlebot3_gazebo//models/pista23-1/objeto/bicycle/materials/scripts/bicycle.material
-- Up-to-date: /home/borg/colcon_ws/install/turtlebot3_gazebo/share/turtlebot3_gazebo//models/pista23-1/objeto/bicycle/materials/textures
-- Up-to-date: /home/borg/colcon_ws/install/turtlebot3_gazebo/share/turtlebot3_gazebo//models/pista23-1/objeto/bicycle/materials/textures/bicycle.dae
-- Up-to-date: /home/borg/colcon_ws/install/turtlebot3_gazebo/share/turtlebot3_gazebo//models/pista23-1/objeto/bicycle/materials/textures/bicycle.png
-- Up-to-date: /home/borg/colcon_ws/install/turtlebot3_gazebo/share/turtlebot3_gazebo//models/pista23-1/objeto/bicycle/model.config
-- Up-to-date: /home/borg/colcon_ws/install/turtlebot3_gazebo/share/turtlebot3_gazebo//models/pista23-1/objeto/bicycle/model.sdf
-- Up-to-date: /home/borg/colcon_ws/install/turtlebot3_gazebo/share/turtlebot3_gazebo//models/pista23-1/objeto/bird
-- Up-to-date: /home/borg/colcon_ws/install/turtlebot3_gazebo/share/turtlebot3_gazebo//models/pista23-1/objeto/bird/materials
-- Up-to-date: /home/borg/colcon_ws/install/turtlebot3_gazebo/share/turtlebot3_gazebo//models/pista23-1/objeto/bird/materials/scripts
-- Up-to-date: /home/borg/colcon_ws/install/turtlebot3_gazebo/share/turtlebot3_gazebo//models/pista23-1/objeto/bird/materials/scripts/bird.material
-- Up-to-date: /home/borg/colcon_ws/install/turtlebot3_gazebo/share/turtlebot3_gazebo//models/pista23-1/objeto/bird/materials/textures
-- Up-to-date: /home/borg/colcon_ws/install/turtlebot3_gazebo/share/turtlebot3_gazebo//models/pista23-1/objeto/bird/materials/textures/bird.dae
-- Up-to-date: /home/borg/colcon_ws/install/turtlebot3_gazebo/share/turtlebot3_gazebo//models/pista23-1/objeto/bird/materials/textures/bird.png
-- Up-to-date: /home/borg/colcon_ws/install/turtlebot3_gazebo/share/turtlebot3_gazebo//models/pista23-1/objeto/bird/model.config
-- Up-to-date: /home/borg/colcon_ws/install/turtlebot3_gazebo/share/turtlebot3_gazebo//models/pista23-1/objeto/bird/model.sdf
-- Up-to-date: /home/borg/colcon_ws/install/turtlebot3_gazebo/share/turtlebot3_gazebo//models/pista23-1/objeto/caixa_azul
-- Up-to-date: /home/borg/colcon_ws/install/turtlebot3_gazebo/share/turtlebot3_gazebo//models/pista23-1/objeto/caixa_azul/model.config
-- Up-to-date: /home/borg/colcon_ws/install/turtlebot3_gazebo/share/turtlebot3_gazebo//models/pista23-1/objeto/caixa_azul/model.sdf
-- Up-to-date: /home/borg/colcon_ws/install/turtlebot3_gazebo/share/turtlebot3_gazebo//models/pista23-1/objeto/caixa_vermelha_01
-- Up-to-date: /home/borg/colcon_ws/install/turtlebot3_gazebo/share/turtlebot3_gazebo//models/pista23-1/objeto/caixa_vermelha_01/model.config
-- Up-to-date: /home/borg/colcon_ws/install/turtlebot3_gazebo/share/turtlebot3_gazebo//models/pista23-1/objeto/caixa_vermelha_01/model.sdf
-- Up-to-date: /home/borg/colcon_ws/install/turtlebot3_gazebo/share/turtlebot3_gazebo//models/pista23-1/objeto/caixa_vermelha_02
-- Up-to-date: /home/borg/colcon_ws/install/turtlebot3_gazebo/share/turtlebot3_gazebo//models/pista23-1/objeto/caixa_vermelha_02/model.config
-- Up-to-date: /home/borg/colcon_ws/install/turtlebot3_gazebo/share/turtlebot3_gazebo//models/pista23-1/objeto/caixa_vermelha_02/model.sdf
-- Up-to-date: /home/borg/colcon_ws/install/turtlebot3_gazebo/share/turtlebot3_gazebo//models/pista23-1/objeto/cat
-- Up-to-date: /home/borg/colcon_ws/install/turtlebot3_gazebo/share/turtlebot3_gazebo//models/pista23-1/objeto/cat/materials
-- Up-to-date: /home/borg/colcon_ws/install/turtlebot3_gazebo/share/turtlebot3_gazebo//models/pista23-1/objeto/cat/materials/scripts
-- Up-to-date: /home/borg/colcon_ws/install/turtlebot3_gazebo/share/turtlebot3_gazebo//models/pista23-1/objeto/cat/materials/scripts/cat.material
-- Up-to-date: /home/borg/colcon_ws/install/turtlebot3_gazebo/share/turtlebot3_gazebo//models/pista23-1/objeto/cat/materials/textures
-- Up-to-date: /home/borg/colcon_ws/install/turtlebot3_gazebo/share/turtlebot3_gazebo//models/pista23-1/objeto/cat/materials/textures/cat.dae
-- Up-to-date: /home/borg/colcon_ws/install/turtlebot3_gazebo/share/turtlebot3_gazebo//models/pista23-1/objeto/cat/materials/textures/cat.png
-- Up-to-date: /home/borg/colcon_ws/install/turtlebot3_gazebo/share/turtlebot3_gazebo//models/pista23-1/objeto/cat/model.config
-- Up-to-date: /home/borg/colcon_ws/install/turtlebot3_gazebo/share/turtlebot3_gazebo//models/pista23-1/objeto/cat/model.sdf
-- Up-to-date: /home/borg/colcon_ws/install/turtlebot3_gazebo/share/turtlebot3_gazebo//models/pista23-1/objeto/dog
-- Up-to-date: /home/borg/colcon_ws/install/turtlebot3_gazebo/share/turtlebot3_gazebo//models/pista23-1/objeto/dog/materials
-- Up-to-date: /home/borg/colcon_ws/install/turtlebot3_gazebo/share/turtlebot3_gazebo//models/pista23-1/objeto/dog/materials/scripts
-- Up-to-date: /home/borg/colcon_ws/install/turtlebot3_gazebo/share/turtlebot3_gazebo//models/pista23-1/objeto/dog/materials/scripts/dog.material
-- Up-to-date: /home/borg/colcon_ws/install/turtlebot3_gazebo/share/turtlebot3_gazebo//models/pista23-1/objeto/dog/materials/textures
-- Up-to-date: /home/borg/colcon_ws/install/turtlebot3_gazebo/share/turtlebot3_gazebo//models/pista23-1/objeto/dog/materials/textures/dog.dae
-- Up-to-date: /home/borg/colcon_ws/install/turtlebot3_gazebo/share/turtlebot3_gazebo//models/pista23-1/objeto/dog/materials/textures/dog.png
-- Up-to-date: /home/borg/colcon_ws/install/turtlebot3_gazebo/share/turtlebot3_gazebo//models/pista23-1/objeto/dog/model.config
-- Up-to-date: /home/borg/colcon_ws/install/turtlebot3_gazebo/share/turtlebot3_gazebo//models/pista23-1/objeto/dog/model.sdf
-- Up-to-date: /home/borg/colcon_ws/install/turtlebot3_gazebo/share/turtlebot3_gazebo//models/pista23-1/objeto/horse
-- Up-to-date: /home/borg/colcon_ws/install/turtlebot3_gazebo/share/turtlebot3_gazebo//models/pista23-1/objeto/horse/materials
-- Up-to-date: /home/borg/colcon_ws/install/turtlebot3_gazebo/share/turtlebot3_gazebo//models/pista23-1/objeto/horse/materials/scripts
-- Up-to-date: /home/borg/colcon_ws/install/turtlebot3_gazebo/share/turtlebot3_gazebo//models/pista23-1/objeto/horse/materials/scripts/horse.material
-- Up-to-date: /home/borg/colcon_ws/install/turtlebot3_gazebo/share/turtlebot3_gazebo//models/pista23-1/objeto/horse/materials/textures
-- Up-to-date: /home/borg/colcon_ws/install/turtlebot3_gazebo/share/turtlebot3_gazebo//models/pista23-1/objeto/horse/materials/textures/horse.png
-- Up-to-date: /home/borg/colcon_ws/install/turtlebot3_gazebo/share/turtlebot3_gazebo//models/pista23-1/objeto/horse/model.config
-- Up-to-date: /home/borg/colcon_ws/install/turtlebot3_gazebo/share/turtlebot3_gazebo//models/pista23-1/objeto/horse/model.sdf
-- Up-to-date: /home/borg/colcon_ws/install/turtlebot3_gazebo/share/turtlebot3_gazebo//models/pista23-1/parede
-- Up-to-date: /home/borg/colcon_ws/install/turtlebot3_gazebo/share/turtlebot3_gazebo//models/pista23-1/parede/model.config
-- Up-to-date: /home/borg/colcon_ws/install/turtlebot3_gazebo/share/turtlebot3_gazebo//models/pista23-1/parede/model.sdf
-- Up-to-date: /home/borg/colcon_ws/install/turtlebot3_gazebo/share/turtlebot3_gazebo//models/pista23-1/pisosala
-- Up-to-date: /home/borg/colcon_ws/install/turtlebot3_gazebo/share/turtlebot3_gazebo//models/pista23-1/pisosala/materials
-- Up-to-date: /home/borg/colcon_ws/install/turtlebot3_gazebo/share/turtlebot3_gazebo//models/pista23-1/pisosala/materials/scripts
-- Up-to-date: /home/borg/colcon_ws/install/turtlebot3_gazebo/share/turtlebot3_gazebo//models/pista23-1/pisosala/materials/scripts/pisosala.material
-- Up-to-date: /home/borg/colcon_ws/install/turtlebot3_gazebo/share/turtlebot3_gazebo//models/pista23-1/pisosala/materials/textures
-- Up-to-date: /home/borg/colcon_ws/install/turtlebot3_gazebo/share/turtlebot3_gazebo//models/pista23-1/pisosala/materials/textures/pisosala - antigo.png
-- Up-to-date: /home/borg/colcon_ws/install/turtlebot3_gazebo/share/turtlebot3_gazebo//models/pista23-1/pisosala/materials/textures/pisosala.png
-- Up-to-date: /home/borg/colcon_ws/install/turtlebot3_gazebo/share/turtlebot3_gazebo//models/pista23-1/pisosala/materials/textures/pisosala_cuenca.png
-- Up-to-date: /home/borg/colcon_ws/install/turtlebot3_gazebo/share/turtlebot3_gazebo//models/pista23-1/pisosala/model.config
-- Up-to-date: /home/borg/colcon_ws/install/turtlebot3_gazebo/share/turtlebot3_gazebo//models/pista23-1/pisosala/model.sdf
-- Up-to-date: /home/borg/colcon_ws/install/turtlebot3_gazebo/share/turtlebot3_gazebo//models/pista23-B
-- Up-to-date: /home/borg/colcon_ws/install/turtlebot3_gazebo/share/turtlebot3_gazebo//models/pista23-B/creeper
-- Up-to-date: /home/borg/colcon_ws/install/turtlebot3_gazebo/share/turtlebot3_gazebo//models/pista23-B/creeper/aruco_100
-- Up-to-date: /home/borg/colcon_ws/install/turtlebot3_gazebo/share/turtlebot3_gazebo//models/pista23-B/creeper/aruco_100/materials
-- Up-to-date: /home/borg/colcon_ws/install/turtlebot3_gazebo/share/turtlebot3_gazebo//models/pista23-B/creeper/aruco_100/materials/scripts
-- Up-to-date: /home/borg/colcon_ws/install/turtlebot3_gazebo/share/turtlebot3_gazebo//models/pista23-B/creeper/aruco_100/materials/scripts/creeper.material
-- Up-to-date: /home/borg/colcon_ws/install/turtlebot3_gazebo/share/turtlebot3_gazebo//models/pista23-B/creeper/aruco_100/materials/textures
-- Up-to-date: /home/borg/colcon_ws/install/turtlebot3_gazebo/share/turtlebot3_gazebo//models/pista23-B/creeper/aruco_100/materials/textures/caixa.dae
-- Up-to-date: /home/borg/colcon_ws/install/turtlebot3_gazebo/share/turtlebot3_gazebo//models/pista23-B/creeper/aruco_100/materials/textures/caixa.png
-- Up-to-date: /home/borg/colcon_ws/install/turtlebot3_gazebo/share/turtlebot3_gazebo//models/pista23-B/creeper/aruco_100/materials/textures/caixa.png_old
-- Up-to-date: /home/borg/colcon_ws/install/turtlebot3_gazebo/share/turtlebot3_gazebo//models/pista23-B/creeper/aruco_100/model.config
-- Up-to-date: /home/borg/colcon_ws/install/turtlebot3_gazebo/share/turtlebot3_gazebo//models/pista23-B/creeper/aruco_100/model.sdf
-- Up-to-date: /home/borg/colcon_ws/install/turtlebot3_gazebo/share/turtlebot3_gazebo//models/pista23-B/creeper/aruco_150
-- Up-to-date: /home/borg/colcon_ws/install/turtlebot3_gazebo/share/turtlebot3_gazebo//models/pista23-B/creeper/aruco_150/materials
-- Up-to-date: /home/borg/colcon_ws/install/turtlebot3_gazebo/share/turtlebot3_gazebo//models/pista23-B/creeper/aruco_150/materials/scripts
-- Up-to-date: /home/borg/colcon_ws/install/turtlebot3_gazebo/share/turtlebot3_gazebo//models/pista23-B/creeper/aruco_150/materials/scripts/creeper.material
-- Up-to-date: /home/borg/colcon_ws/install/turtlebot3_gazebo/share/turtlebot3_gazebo//models/pista23-B/creeper/aruco_150/materials/textures
-- Up-to-date: /home/borg/colcon_ws/install/turtlebot3_gazebo/share/turtlebot3_gazebo//models/pista23-B/creeper/aruco_150/materials/textures/caixa.dae
-- Up-to-date: /home/borg/colcon_ws/install/turtlebot3_gazebo/share/turtlebot3_gazebo//models/pista23-B/creeper/aruco_150/materials/textures/caixa.png
-- Up-to-date: /home/borg/colcon_ws/install/turtlebot3_gazebo/share/turtlebot3_gazebo//models/pista23-B/creeper/aruco_150/materials/textures/caixa.png_old
-- Up-to-date: /home/borg/colcon_ws/install/turtlebot3_gazebo/share/turtlebot3_gazebo//models/pista23-B/creeper/aruco_150/model.config
-- Up-to-date: /home/borg/colcon_ws/install/turtlebot3_gazebo/share/turtlebot3_gazebo//models/pista23-B/creeper/aruco_150/model.sdf
-- Up-to-date: /home/borg/colcon_ws/install/turtlebot3_gazebo/share/turtlebot3_gazebo//models/pista23-B/creeper/aruco_25
-- Up-to-date: /home/borg/colcon_ws/install/turtlebot3_gazebo/share/turtlebot3_gazebo//models/pista23-B/creeper/aruco_25/materials
-- Up-to-date: /home/borg/colcon_ws/install/turtlebot3_gazebo/share/turtlebot3_gazebo//models/pista23-B/creeper/aruco_25/materials/scripts
-- Up-to-date: /home/borg/colcon_ws/install/turtlebot3_gazebo/share/turtlebot3_gazebo//models/pista23-B/creeper/aruco_25/materials/scripts/creeper.material
-- Up-to-date: /home/borg/colcon_ws/install/turtlebot3_gazebo/share/turtlebot3_gazebo//models/pista23-B/creeper/aruco_25/materials/textures
-- Up-to-date: /home/borg/colcon_ws/install/turtlebot3_gazebo/share/turtlebot3_gazebo//models/pista23-B/creeper/aruco_25/materials/textures/caixa.dae
-- Up-to-date: /home/borg/colcon_ws/install/turtlebot3_gazebo/share/turtlebot3_gazebo//models/pista23-B/creeper/aruco_25/materials/textures/caixa.png
-- Up-to-date: /home/borg/colcon_ws/install/turtlebot3_gazebo/share/turtlebot3_gazebo//models/pista23-B/creeper/aruco_25/materials/textures/caixa.png_old
-- Up-to-date: /home/borg/colcon_ws/install/turtlebot3_gazebo/share/turtlebot3_gazebo//models/pista23-B/creeper/aruco_25/model.config
-- Up-to-date: /home/borg/colcon_ws/install/turtlebot3_gazebo/share/turtlebot3_gazebo//models/pista23-B/creeper/aruco_25/model.sdf
-- Up-to-date: /home/borg/colcon_ws/install/turtlebot3_gazebo/share/turtlebot3_gazebo//models/pista23-B/creeper/aruco_250
-- Up-to-date: /home/borg/colcon_ws/install/turtlebot3_gazebo/share/turtlebot3_gazebo//models/pista23-B/creeper/aruco_250/materials
-- Up-to-date: /home/borg/colcon_ws/install/turtlebot3_gazebo/share/turtlebot3_gazebo//models/pista23-B/creeper/aruco_250/materials/scripts
-- Up-to-date: /home/borg/colcon_ws/install/turtlebot3_gazebo/share/turtlebot3_gazebo//models/pista23-B/creeper/aruco_250/materials/scripts/creeper.material
-- Up-to-date: /home/borg/colcon_ws/install/turtlebot3_gazebo/share/turtlebot3_gazebo//models/pista23-B/creeper/aruco_250/materials/textures
-- Up-to-date: /home/borg/colcon_ws/install/turtlebot3_gazebo/share/turtlebot3_gazebo//models/pista23-B/creeper/aruco_250/materials/textures/caixa.dae
-- Up-to-date: /home/borg/colcon_ws/install/turtlebot3_gazebo/share/turtlebot3_gazebo//models/pista23-B/creeper/aruco_250/materials/textures/caixa.png
-- Up-to-date: /home/borg/colcon_ws/install/turtlebot3_gazebo/share/turtlebot3_gazebo//models/pista23-B/creeper/aruco_250/materials/textures/caixa.png_old
-- Up-to-date: /home/borg/colcon_ws/install/turtlebot3_gazebo/share/turtlebot3_gazebo//models/pista23-B/creeper/aruco_250/model.config
-- Up-to-date: /home/borg/colcon_ws/install/turtlebot3_gazebo/share/turtlebot3_gazebo//models/pista23-B/creeper/aruco_250/model.sdf
-- Up-to-date: /home/borg/colcon_ws/install/turtlebot3_gazebo/share/turtlebot3_gazebo//models/pista23-B/creeper/creeper_11_azul
-- Up-to-date: /home/borg/colcon_ws/install/turtlebot3_gazebo/share/turtlebot3_gazebo//models/pista23-B/creeper/creeper_11_azul/materials
-- Up-to-date: /home/borg/colcon_ws/install/turtlebot3_gazebo/share/turtlebot3_gazebo//models/pista23-B/creeper/creeper_11_azul/materials/scripts
-- Up-to-date: /home/borg/colcon_ws/install/turtlebot3_gazebo/share/turtlebot3_gazebo//models/pista23-B/creeper/creeper_11_azul/materials/scripts/creeper.material
-- Up-to-date: /home/borg/colcon_ws/install/turtlebot3_gazebo/share/turtlebot3_gazebo//models/pista23-B/creeper/creeper_11_azul/materials/textures
-- Up-to-date: /home/borg/colcon_ws/install/turtlebot3_gazebo/share/turtlebot3_gazebo//models/pista23-B/creeper/creeper_11_azul/materials/textures/MarkerData.png
-- Up-to-date: /home/borg/colcon_ws/install/turtlebot3_gazebo/share/turtlebot3_gazebo//models/pista23-B/creeper/creeper_11_azul/materials/textures/MarkerData.png.001.png
-- Up-to-date: /home/borg/colcon_ws/install/turtlebot3_gazebo/share/turtlebot3_gazebo//models/pista23-B/creeper/creeper_11_azul/materials/textures/creeper.dae
-- Up-to-date: /home/borg/colcon_ws/install/turtlebot3_gazebo/share/turtlebot3_gazebo//models/pista23-B/creeper/creeper_11_azul/model.sdf
-- Up-to-date: /home/borg/colcon_ws/install/turtlebot3_gazebo/share/turtlebot3_gazebo//models/pista23-B/creeper/creeper_11_azul/model.config
-- Up-to-date: /home/borg/colcon_ws/install/turtlebot3_gazebo/share/turtlebot3_gazebo//models/pista23-B/creeper/creeper_13_verde
-- Up-to-date: /home/borg/colcon_ws/install/turtlebot3_gazebo/share/turtlebot3_gazebo//models/pista23-B/creeper/creeper_13_verde/materials
-- Up-to-date: /home/borg/colcon_ws/install/turtlebot3_gazebo/share/turtlebot3_gazebo//models/pista23-B/creeper/creeper_13_verde/materials/scripts
-- Up-to-date: /home/borg/colcon_ws/install/turtlebot3_gazebo/share/turtlebot3_gazebo//models/pista23-B/creeper/creeper_13_verde/materials/scripts/creeper.material
-- Up-to-date: /home/borg/colcon_ws/install/turtlebot3_gazebo/share/turtlebot3_gazebo//models/pista23-B/creeper/creeper_13_verde/materials/textures
-- Up-to-date: /home/borg/colcon_ws/install/turtlebot3_gazebo/share/turtlebot3_gazebo//models/pista23-B/creeper/creeper_13_verde/materials/textures/MarkerData.png
-- Up-to-date: /home/borg/colcon_ws/install/turtlebot3_gazebo/share/turtlebot3_gazebo//models/pista23-B/creeper/creeper_13_verde/materials/textures/MarkerData.png.001.png
-- Up-to-date: /home/borg/colcon_ws/install/turtlebot3_gazebo/share/turtlebot3_gazebo//models/pista23-B/creeper/creeper_13_verde/materials/textures/MarkerData.png.001.png_old
-- Up-to-date: /home/borg/colcon_ws/install/turtlebot3_gazebo/share/turtlebot3_gazebo//models/pista23-B/creeper/creeper_13_verde/materials/textures/MarkerData.png_old
-- Up-to-date: /home/borg/colcon_ws/install/turtlebot3_gazebo/share/turtlebot3_gazebo//models/pista23-B/creeper/creeper_13_verde/materials/textures/creeper.dae
-- Up-to-date: /home/borg/colcon_ws/install/turtlebot3_gazebo/share/turtlebot3_gazebo//models/pista23-B/creeper/creeper_13_verde/model.sdf
-- Up-to-date: /home/borg/colcon_ws/install/turtlebot3_gazebo/share/turtlebot3_gazebo//models/pista23-B/creeper/creeper_13_verde/model.config
-- Up-to-date: /home/borg/colcon_ws/install/turtlebot3_gazebo/share/turtlebot3_gazebo//models/pista23-B/creeper/creeper_21_azul
-- Up-to-date: /home/borg/colcon_ws/install/turtlebot3_gazebo/share/turtlebot3_gazebo//models/pista23-B/creeper/creeper_21_azul/materials
-- Up-to-date: /home/borg/colcon_ws/install/turtlebot3_gazebo/share/turtlebot3_gazebo//models/pista23-B/creeper/creeper_21_azul/materials/scripts
-- Up-to-date: /home/borg/colcon_ws/install/turtlebot3_gazebo/share/turtlebot3_gazebo//models/pista23-B/creeper/creeper_21_azul/materials/scripts/creeper.material
-- Up-to-date: /home/borg/colcon_ws/install/turtlebot3_gazebo/share/turtlebot3_gazebo//models/pista23-B/creeper/creeper_21_azul/materials/textures
-- Up-to-date: /home/borg/colcon_ws/install/turtlebot3_gazebo/share/turtlebot3_gazebo//models/pista23-B/creeper/creeper_21_azul/materials/textures/MarkerData.png
-- Up-to-date: /home/borg/colcon_ws/install/turtlebot3_gazebo/share/turtlebot3_gazebo//models/pista23-B/creeper/creeper_21_azul/materials/textures/MarkerData.png.001.png
-- Up-to-date: /home/borg/colcon_ws/install/turtlebot3_gazebo/share/turtlebot3_gazebo//models/pista23-B/creeper/creeper_21_azul/materials/textures/creeper.dae
-- Up-to-date: /home/borg/colcon_ws/install/turtlebot3_gazebo/share/turtlebot3_gazebo//models/pista23-B/creeper/creeper_21_azul/model.sdf
-- Up-to-date: /home/borg/colcon_ws/install/turtlebot3_gazebo/share/turtlebot3_gazebo//models/pista23-B/creeper/creeper_21_azul/model.config
-- Up-to-date: /home/borg/colcon_ws/install/turtlebot3_gazebo/share/turtlebot3_gazebo//models/pista23-B/creeper/creeper_32_verde
-- Up-to-date: /home/borg/colcon_ws/install/turtlebot3_gazebo/share/turtlebot3_gazebo//models/pista23-B/creeper/creeper_32_verde/materials
-- Up-to-date: /home/borg/colcon_ws/install/turtlebot3_gazebo/share/turtlebot3_gazebo//models/pista23-B/creeper/creeper_32_verde/materials/scripts
-- Up-to-date: /home/borg/colcon_ws/install/turtlebot3_gazebo/share/turtlebot3_gazebo//models/pista23-B/creeper/creeper_32_verde/materials/scripts/creeper.material
-- Up-to-date: /home/borg/colcon_ws/install/turtlebot3_gazebo/share/turtlebot3_gazebo//models/pista23-B/creeper/creeper_32_verde/materials/textures
-- Up-to-date: /home/borg/colcon_ws/install/turtlebot3_gazebo/share/turtlebot3_gazebo//models/pista23-B/creeper/creeper_32_verde/materials/textures/MarkerData.png
-- Up-to-date: /home/borg/colcon_ws/install/turtlebot3_gazebo/share/turtlebot3_gazebo//models/pista23-B/creeper/creeper_32_verde/materials/textures/MarkerData.png.001.png
-- Up-to-date: /home/borg/colcon_ws/install/turtlebot3_gazebo/share/turtlebot3_gazebo//models/pista23-B/creeper/creeper_32_verde/materials/textures/creeper.dae
-- Up-to-date: /home/borg/colcon_ws/install/turtlebot3_gazebo/share/turtlebot3_gazebo//models/pista23-B/creeper/creeper_32_verde/model.sdf
-- Up-to-date: /home/borg/colcon_ws/install/turtlebot3_gazebo/share/turtlebot3_gazebo//models/pista23-B/creeper/creeper_32_verde/model.config
-- Up-to-date: /home/borg/colcon_ws/install/turtlebot3_gazebo/share/turtlebot3_gazebo//models/pista23-B/mesa
-- Up-to-date: /home/borg/colcon_ws/install/turtlebot3_gazebo/share/turtlebot3_gazebo//models/pista23-B/mesa/mesa_02
-- Up-to-date: /home/borg/colcon_ws/install/turtlebot3_gazebo/share/turtlebot3_gazebo//models/pista23-B/mesa/mesa_02/model.config
-- Up-to-date: /home/borg/colcon_ws/install/turtlebot3_gazebo/share/turtlebot3_gazebo//models/pista23-B/mesa/mesa_02/model.sdf
-- Up-to-date: /home/borg/colcon_ws/install/turtlebot3_gazebo/share/turtlebot3_gazebo//models/pista23-B/mesa/mesa_03
-- Up-to-date: /home/borg/colcon_ws/install/turtlebot3_gazebo/share/turtlebot3_gazebo//models/pista23-B/mesa/mesa_03/model.config
-- Up-to-date: /home/borg/colcon_ws/install/turtlebot3_gazebo/share/turtlebot3_gazebo//models/pista23-B/mesa/mesa_03/model.sdf
-- Up-to-date: /home/borg/colcon_ws/install/turtlebot3_gazebo/share/turtlebot3_gazebo//models/pista23-B/mesa/mesa_04
-- Up-to-date: /home/borg/colcon_ws/install/turtlebot3_gazebo/share/turtlebot3_gazebo//models/pista23-B/mesa/mesa_04/model.config
-- Up-to-date: /home/borg/colcon_ws/install/turtlebot3_gazebo/share/turtlebot3_gazebo//models/pista23-B/mesa/mesa_04/model.sdf
-- Up-to-date: /home/borg/colcon_ws/install/turtlebot3_gazebo/share/turtlebot3_gazebo//models/pista23-B/mesa/mesa_05
-- Up-to-date: /home/borg/colcon_ws/install/turtlebot3_gazebo/share/turtlebot3_gazebo//models/pista23-B/mesa/mesa_05/model.config
-- Up-to-date: /home/borg/colcon_ws/install/turtlebot3_gazebo/share/turtlebot3_gazebo//models/pista23-B/mesa/mesa_05/model.sdf
-- Up-to-date: /home/borg/colcon_ws/install/turtlebot3_gazebo/share/turtlebot3_gazebo//models/pista23-B/mesa/mesa_1
-- Up-to-date: /home/borg/colcon_ws/install/turtlebot3_gazebo/share/turtlebot3_gazebo//models/pista23-B/mesa/mesa_1/model.config
-- Up-to-date: /home/borg/colcon_ws/install/turtlebot3_gazebo/share/turtlebot3_gazebo//models/pista23-B/mesa/mesa_1/model.sdf
-- Up-to-date: /home/borg/colcon_ws/install/turtlebot3_gazebo/share/turtlebot3_gazebo//models/pista23-B/objeto
-- Up-to-date: /home/borg/colcon_ws/install/turtlebot3_gazebo/share/turtlebot3_gazebo//models/pista23-B/objeto/bicycle
-- Up-to-date: /home/borg/colcon_ws/install/turtlebot3_gazebo/share/turtlebot3_gazebo//models/pista23-B/objeto/bicycle/materials
-- Up-to-date: /home/borg/colcon_ws/install/turtlebot3_gazebo/share/turtlebot3_gazebo//models/pista23-B/objeto/bicycle/materials/scripts
-- Up-to-date: /home/borg/colcon_ws/install/turtlebot3_gazebo/share/turtlebot3_gazebo//models/pista23-B/objeto/bicycle/materials/scripts/bicycle.material
-- Up-to-date: /home/borg/colcon_ws/install/turtlebot3_gazebo/share/turtlebot3_gazebo//models/pista23-B/objeto/bicycle/materials/textures
-- Up-to-date: /home/borg/colcon_ws/install/turtlebot3_gazebo/share/turtlebot3_gazebo//models/pista23-B/objeto/bicycle/materials/textures/bicycle.dae
-- Up-to-date: /home/borg/colcon_ws/install/turtlebot3_gazebo/share/turtlebot3_gazebo//models/pista23-B/objeto/bicycle/materials/textures/bicycle.png
-- Up-to-date: /home/borg/colcon_ws/install/turtlebot3_gazebo/share/turtlebot3_gazebo//models/pista23-B/objeto/bicycle/model.config
-- Up-to-date: /home/borg/colcon_ws/install/turtlebot3_gazebo/share/turtlebot3_gazebo//models/pista23-B/objeto/bicycle/model.sdf
-- Up-to-date: /home/borg/colcon_ws/install/turtlebot3_gazebo/share/turtlebot3_gazebo//models/pista23-B/objeto/bird
-- Up-to-date: /home/borg/colcon_ws/install/turtlebot3_gazebo/share/turtlebot3_gazebo//models/pista23-B/objeto/bird/materials
-- Up-to-date: /home/borg/colcon_ws/install/turtlebot3_gazebo/share/turtlebot3_gazebo//models/pista23-B/objeto/bird/materials/scripts
-- Up-to-date: /home/borg/colcon_ws/install/turtlebot3_gazebo/share/turtlebot3_gazebo//models/pista23-B/objeto/bird/materials/scripts/bird.material
-- Up-to-date: /home/borg/colcon_ws/install/turtlebot3_gazebo/share/turtlebot3_gazebo//models/pista23-B/objeto/bird/materials/textures
-- Up-to-date: /home/borg/colcon_ws/install/turtlebot3_gazebo/share/turtlebot3_gazebo//models/pista23-B/objeto/bird/materials/textures/bird.dae
-- Up-to-date: /home/borg/colcon_ws/install/turtlebot3_gazebo/share/turtlebot3_gazebo//models/pista23-B/objeto/bird/materials/textures/bird.png
-- Up-to-date: /home/borg/colcon_ws/install/turtlebot3_gazebo/share/turtlebot3_gazebo//models/pista23-B/objeto/bird/model.config
-- Up-to-date: /home/borg/colcon_ws/install/turtlebot3_gazebo/share/turtlebot3_gazebo//models/pista23-B/objeto/bird/model.sdf
-- Up-to-date: /home/borg/colcon_ws/install/turtlebot3_gazebo/share/turtlebot3_gazebo//models/pista23-B/objeto/caixa_azul
-- Up-to-date: /home/borg/colcon_ws/install/turtlebot3_gazebo/share/turtlebot3_gazebo//models/pista23-B/objeto/caixa_azul/model.config
-- Up-to-date: /home/borg/colcon_ws/install/turtlebot3_gazebo/share/turtlebot3_gazebo//models/pista23-B/objeto/caixa_azul/model.sdf
-- Up-to-date: /home/borg/colcon_ws/install/turtlebot3_gazebo/share/turtlebot3_gazebo//models/pista23-B/objeto/caixa_vermelha_01
-- Up-to-date: /home/borg/colcon_ws/install/turtlebot3_gazebo/share/turtlebot3_gazebo//models/pista23-B/objeto/caixa_vermelha_01/model.config
-- Up-to-date: /home/borg/colcon_ws/install/turtlebot3_gazebo/share/turtlebot3_gazebo//models/pista23-B/objeto/caixa_vermelha_01/model.sdf
-- Up-to-date: /home/borg/colcon_ws/install/turtlebot3_gazebo/share/turtlebot3_gazebo//models/pista23-B/objeto/caixa_vermelha_02
-- Up-to-date: /home/borg/colcon_ws/install/turtlebot3_gazebo/share/turtlebot3_gazebo//models/pista23-B/objeto/caixa_vermelha_02/model.config
-- Up-to-date: /home/borg/colcon_ws/install/turtlebot3_gazebo/share/turtlebot3_gazebo//models/pista23-B/objeto/caixa_vermelha_02/model.sdf
-- Up-to-date: /home/borg/colcon_ws/install/turtlebot3_gazebo/share/turtlebot3_gazebo//models/pista23-B/objeto/cat
-- Up-to-date: /home/borg/colcon_ws/install/turtlebot3_gazebo/share/turtlebot3_gazebo//models/pista23-B/objeto/cat/materials
-- Up-to-date: /home/borg/colcon_ws/install/turtlebot3_gazebo/share/turtlebot3_gazebo//models/pista23-B/objeto/cat/materials/scripts
-- Up-to-date: /home/borg/colcon_ws/install/turtlebot3_gazebo/share/turtlebot3_gazebo//models/pista23-B/objeto/cat/materials/scripts/cat.material
-- Up-to-date: /home/borg/colcon_ws/install/turtlebot3_gazebo/share/turtlebot3_gazebo//models/pista23-B/objeto/cat/materials/textures
-- Up-to-date: /home/borg/colcon_ws/install/turtlebot3_gazebo/share/turtlebot3_gazebo//models/pista23-B/objeto/cat/materials/textures/cat.dae
-- Up-to-date: /home/borg/colcon_ws/install/turtlebot3_gazebo/share/turtlebot3_gazebo//models/pista23-B/objeto/cat/materials/textures/cat.png
-- Up-to-date: /home/borg/colcon_ws/install/turtlebot3_gazebo/share/turtlebot3_gazebo//models/pista23-B/objeto/cat/model.config
-- Up-to-date: /home/borg/colcon_ws/install/turtlebot3_gazebo/share/turtlebot3_gazebo//models/pista23-B/objeto/cat/model.sdf
-- Up-to-date: /home/borg/colcon_ws/install/turtlebot3_gazebo/share/turtlebot3_gazebo//models/pista23-B/objeto/dog
-- Up-to-date: /home/borg/colcon_ws/install/turtlebot3_gazebo/share/turtlebot3_gazebo//models/pista23-B/objeto/dog/materials
-- Up-to-date: /home/borg/colcon_ws/install/turtlebot3_gazebo/share/turtlebot3_gazebo//models/pista23-B/objeto/dog/materials/scripts
-- Up-to-date: /home/borg/colcon_ws/install/turtlebot3_gazebo/share/turtlebot3_gazebo//models/pista23-B/objeto/dog/materials/scripts/dog.material
-- Up-to-date: /home/borg/colcon_ws/install/turtlebot3_gazebo/share/turtlebot3_gazebo//models/pista23-B/objeto/dog/materials/textures
-- Up-to-date: /home/borg/colcon_ws/install/turtlebot3_gazebo/share/turtlebot3_gazebo//models/pista23-B/objeto/dog/materials/textures/dog.dae
-- Up-to-date: /home/borg/colcon_ws/install/turtlebot3_gazebo/share/turtlebot3_gazebo//models/pista23-B/objeto/dog/materials/textures/dog.png
-- Up-to-date: /home/borg/colcon_ws/install/turtlebot3_gazebo/share/turtlebot3_gazebo//models/pista23-B/objeto/dog/model.config
-- Up-to-date: /home/borg/colcon_ws/install/turtlebot3_gazebo/share/turtlebot3_gazebo//models/pista23-B/objeto/dog/model.sdf
-- Up-to-date: /home/borg/colcon_ws/install/turtlebot3_gazebo/share/turtlebot3_gazebo//models/pista23-B/objeto/horse
-- Up-to-date: /home/borg/colcon_ws/install/turtlebot3_gazebo/share/turtlebot3_gazebo//models/pista23-B/objeto/horse/materials
-- Up-to-date: /home/borg/colcon_ws/install/turtlebot3_gazebo/share/turtlebot3_gazebo//models/pista23-B/objeto/horse/materials/scripts
-- Up-to-date: /home/borg/colcon_ws/install/turtlebot3_gazebo/share/turtlebot3_gazebo//models/pista23-B/objeto/horse/materials/scripts/horse.material
-- Up-to-date: /home/borg/colcon_ws/install/turtlebot3_gazebo/share/turtlebot3_gazebo//models/pista23-B/objeto/horse/materials/textures
-- Up-to-date: /home/borg/colcon_ws/install/turtlebot3_gazebo/share/turtlebot3_gazebo//models/pista23-B/objeto/horse/materials/textures/horse.png
-- Up-to-date: /home/borg/colcon_ws/install/turtlebot3_gazebo/share/turtlebot3_gazebo//models/pista23-B/objeto/horse/model.config
-- Up-to-date: /home/borg/colcon_ws/install/turtlebot3_gazebo/share/turtlebot3_gazebo//models/pista23-B/objeto/horse/model.sdf
-- Up-to-date: /home/borg/colcon_ws/install/turtlebot3_gazebo/share/turtlebot3_gazebo//models/pista23-B/parede
-- Up-to-date: /home/borg/colcon_ws/install/turtlebot3_gazebo/share/turtlebot3_gazebo//models/pista23-B/parede/model.config
-- Up-to-date: /home/borg/colcon_ws/install/turtlebot3_gazebo/share/turtlebot3_gazebo//models/pista23-B/parede/model.sdf
-- Up-to-date: /home/borg/colcon_ws/install/turtlebot3_gazebo/share/turtlebot3_gazebo//models/pista23-B/pisosala
-- Up-to-date: /home/borg/colcon_ws/install/turtlebot3_gazebo/share/turtlebot3_gazebo//models/pista23-B/pisosala/materials
-- Up-to-date: /home/borg/colcon_ws/install/turtlebot3_gazebo/share/turtlebot3_gazebo//models/pista23-B/pisosala/materials/scripts
-- Up-to-date: /home/borg/colcon_ws/install/turtlebot3_gazebo/share/turtlebot3_gazebo//models/pista23-B/pisosala/materials/scripts/pisosala.material
-- Up-to-date: /home/borg/colcon_ws/install/turtlebot3_gazebo/share/turtlebot3_gazebo//models/pista23-B/pisosala/materials/textures
-- Up-to-date: /home/borg/colcon_ws/install/turtlebot3_gazebo/share/turtlebot3_gazebo//models/pista23-B/pisosala/materials/textures/pisosala - antigo.png
-- Up-to-date: /home/borg/colcon_ws/install/turtlebot3_gazebo/share/turtlebot3_gazebo//models/pista23-B/pisosala/materials/textures/pisosala.png
-- Up-to-date: /home/borg/colcon_ws/install/turtlebot3_gazebo/share/turtlebot3_gazebo//models/pista23-B/pisosala/materials/textures/pisosala_cuenca.png
-- Up-to-date: /home/borg/colcon_ws/install/turtlebot3_gazebo/share/turtlebot3_gazebo//models/pista23-B/pisosala/model.config
-- Up-to-date: /home/borg/colcon_ws/install/turtlebot3_gazebo/share/turtlebot3_gazebo//models/pista23-B/pisosala/model.sdf
-- Up-to-date: /home/borg/colcon_ws/install/turtlebot3_gazebo/share/turtlebot3_gazebo//rviz
-- Up-to-date: /home/borg/colcon_ws/install/turtlebot3_gazebo/share/turtlebot3_gazebo//rviz/tb3_gazebo.rviz
-- Up-to-date: /home/borg/colcon_ws/install/turtlebot3_gazebo/share/turtlebot3_gazebo//urdf
-- Up-to-date: /home/borg/colcon_ws/install/turtlebot3_gazebo/share/turtlebot3_gazebo//urdf/common_properties.urdf
-- Up-to-date: /home/borg/colcon_ws/install/turtlebot3_gazebo/share/turtlebot3_gazebo//urdf/turtlebot3_burger.urdf
-- Up-to-date: /home/borg/colcon_ws/install/turtlebot3_gazebo/share/turtlebot3_gazebo//urdf/turtlebot3_waffle.urdf
-- Up-to-date: /home/borg/colcon_ws/install/turtlebot3_gazebo/share/turtlebot3_gazebo//urdf/turtlebot3_waffle_pi.urdf
-- Up-to-date: /home/borg/colcon_ws/install/turtlebot3_gazebo/share/turtlebot3_gazebo//urdf/common_properties.xacro
-- Up-to-date: /home/borg/colcon_ws/install/turtlebot3_gazebo/share/turtlebot3_gazebo//urdf/mybot.gazebo.urdf
-- Up-to-date: /home/borg/colcon_ws/install/turtlebot3_gazebo/share/turtlebot3_gazebo//urdf/mybot.gazebo.xacro
-- Up-to-date: /home/borg/colcon_ws/install/turtlebot3_gazebo/share/turtlebot3_gazebo//urdf/mybot.urdf
-- Up-to-date: /home/borg/colcon_ws/install/turtlebot3_gazebo/share/turtlebot3_gazebo//urdf/mybot.urdf.xacro
-- Up-to-date: /home/borg/colcon_ws/install/turtlebot3_gazebo/share/turtlebot3_gazebo//urdf/meshes
-- Up-to-date: /home/borg/colcon_ws/install/turtlebot3_gazebo/share/turtlebot3_gazebo//urdf/meshes/bases
-- Up-to-date: /home/borg/colcon_ws/install/turtlebot3_gazebo/share/turtlebot3_gazebo//urdf/meshes/bases/burger_base.stl
-- Up-to-date: /home/borg/colcon_ws/install/turtlebot3_gazebo/share/turtlebot3_gazebo//urdf/meshes/garra
-- Up-to-date: /home/borg/colcon_ws/install/turtlebot3_gazebo/share/turtlebot3_gazebo//urdf/meshes/garra/arm.dae
-- Up-to-date: /home/borg/colcon_ws/install/turtlebot3_gazebo/share/turtlebot3_gazebo//urdf/meshes/garra/arm.stl
-- Up-to-date: /home/borg/colcon_ws/install/turtlebot3_gazebo/share/turtlebot3_gazebo//urdf/meshes/garra/base_camera1.dae
-- Up-to-date: /home/borg/colcon_ws/install/turtlebot3_gazebo/share/turtlebot3_gazebo//urdf/meshes/garra/base_camera1.stl
-- Up-to-date: /home/borg/colcon_ws/install/turtlebot3_gazebo/share/turtlebot3_gazebo//urdf/meshes/garra/base_link_garra.dae
-- Up-to-date: /home/borg/colcon_ws/install/turtlebot3_gazebo/share/turtlebot3_gazebo//urdf/meshes/garra/base_link_garra.stl
-- Up-to-date: /home/borg/colcon_ws/install/turtlebot3_gazebo/share/turtlebot3_gazebo//urdf/meshes/garra/direita.dae
-- Up-to-date: /home/borg/colcon_ws/install/turtlebot3_gazebo/share/turtlebot3_gazebo//urdf/meshes/garra/direita.stl
-- Up-to-date: /home/borg/colcon_ws/install/turtlebot3_gazebo/share/turtlebot3_gazebo//urdf/meshes/garra/esquerda.dae
-- Up-to-date: /home/borg/colcon_ws/install/turtlebot3_gazebo/share/turtlebot3_gazebo//urdf/meshes/garra/esquerda.stl
-- Up-to-date: /home/borg/colcon_ws/install/turtlebot3_gazebo/share/turtlebot3_gazebo//urdf/meshes/garra/garra1garrabraco1.stl
-- Up-to-date: /home/borg/colcon_ws/install/turtlebot3_gazebo/share/turtlebot3_gazebo//urdf/meshes/garra/garra1garradireita1.stl
-- Up-to-date: /home/borg/colcon_ws/install/turtlebot3_gazebo/share/turtlebot3_gazebo//urdf/meshes/garra/garra1garraesquerda1.stl
-- Up-to-date: /home/borg/colcon_ws/install/turtlebot3_gazebo/share/turtlebot3_gazebo//urdf/meshes/garra/lat11.dae
-- Up-to-date: /home/borg/colcon_ws/install/turtlebot3_gazebo/share/turtlebot3_gazebo//urdf/meshes/garra/lat11.stl
-- Up-to-date: /home/borg/colcon_ws/install/turtlebot3_gazebo/share/turtlebot3_gazebo//urdf/meshes/garra/lat21.dae
-- Up-to-date: /home/borg/colcon_ws/install/turtlebot3_gazebo/share/turtlebot3_gazebo//urdf/meshes/garra/lat21.stl
-- Up-to-date: /home/borg/colcon_ws/install/turtlebot3_gazebo/share/turtlebot3_gazebo//urdf/meshes/garra/lat31.dae
-- Up-to-date: /home/borg/colcon_ws/install/turtlebot3_gazebo/share/turtlebot3_gazebo//urdf/meshes/garra/lat31.stl
-- Up-to-date: /home/borg/colcon_ws/install/turtlebot3_gazebo/share/turtlebot3_gazebo//urdf/meshes/garra/servo_garra1.dae
-- Up-to-date: /home/borg/colcon_ws/install/turtlebot3_gazebo/share/turtlebot3_gazebo//urdf/meshes/garra/servo_garra1.stl
-- Up-to-date: /home/borg/colcon_ws/install/turtlebot3_gazebo/share/turtlebot3_gazebo//urdf/meshes/sensors
-- Up-to-date: /home/borg/colcon_ws/install/turtlebot3_gazebo/share/turtlebot3_gazebo//urdf/meshes/sensors/arm.dae
-- Up-to-date: /home/borg/colcon_ws/install/turtlebot3_gazebo/share/turtlebot3_gazebo//urdf/meshes/sensors/arm.stl
-- Up-to-date: /home/borg/colcon_ws/install/turtlebot3_gazebo/share/turtlebot3_gazebo//urdf/meshes/sensors/astra.dae
-- Up-to-date: /home/borg/colcon_ws/install/turtlebot3_gazebo/share/turtlebot3_gazebo//urdf/meshes/sensors/astra.jpg
-- Up-to-date: /home/borg/colcon_ws/install/turtlebot3_gazebo/share/turtlebot3_gazebo//urdf/meshes/sensors/direita.dae
-- Up-to-date: /home/borg/colcon_ws/install/turtlebot3_gazebo/share/turtlebot3_gazebo//urdf/meshes/sensors/esquerda.dae
-- Up-to-date: /home/borg/colcon_ws/install/turtlebot3_gazebo/share/turtlebot3_gazebo//urdf/meshes/sensors/garra_direita.stl
-- Up-to-date: /home/borg/colcon_ws/install/turtlebot3_gazebo/share/turtlebot3_gazebo//urdf/meshes/sensors/garra_esquerda.stl
-- Up-to-date: /home/borg/colcon_ws/install/turtlebot3_gazebo/share/turtlebot3_gazebo//urdf/meshes/sensors/l_finger.dae
-- Up-to-date: /home/borg/colcon_ws/install/turtlebot3_gazebo/share/turtlebot3_gazebo//urdf/meshes/sensors/l_finger_color.tif
-- Up-to-date: /home/borg/colcon_ws/install/turtlebot3_gazebo/share/turtlebot3_gazebo//urdf/meshes/sensors/l_finger_tip.dae
-- Up-to-date: /home/borg/colcon_ws/install/turtlebot3_gazebo/share/turtlebot3_gazebo//urdf/meshes/sensors/l_finger_tip_color.tif
-- Up-to-date: /home/borg/colcon_ws/install/turtlebot3_gazebo/share/turtlebot3_gazebo//urdf/meshes/sensors/lds.stl
-- Up-to-date: /home/borg/colcon_ws/install/turtlebot3_gazebo/share/turtlebot3_gazebo//urdf/meshes/sensors/r200.dae
-- Up-to-date: /home/borg/colcon_ws/install/turtlebot3_gazebo/share/turtlebot3_gazebo//urdf/meshes/sensors/r200.jpg
-- Up-to-date: /home/borg/colcon_ws/install/turtlebot3_gazebo/share/turtlebot3_gazebo//urdf/meshes/wheels
-- Up-to-date: /home/borg/colcon_ws/install/turtlebot3_gazebo/share/turtlebot3_gazebo//urdf/meshes/wheels/left_tire.stl
-- Up-to-date: /home/borg/colcon_ws/install/turtlebot3_gazebo/share/turtlebot3_gazebo//urdf/meshes/wheels/right_tire.stl
-- Up-to-date: /home/borg/colcon_ws/install/turtlebot3_gazebo/share/turtlebot3_gazebo//urdf/turtlebot3_burger_insper.urdf
-- Up-to-date: /home/borg/colcon_ws/install/turtlebot3_gazebo/share/turtlebot3_gazebo//worlds
-- Up-to-date: /home/borg/colcon_ws/install/turtlebot3_gazebo/share/turtlebot3_gazebo//worlds/empty_world.world
-- Up-to-date: /home/borg/colcon_ws/install/turtlebot3_gazebo/share/turtlebot3_gazebo//worlds/turtlebot3_dqn_stage1.world
-- Up-to-date: /home/borg/colcon_ws/install/turtlebot3_gazebo/share/turtlebot3_gazebo//worlds/turtlebot3_dqn_stage2.world
-- Up-to-date: /home/borg/colcon_ws/install/turtlebot3_gazebo/share/turtlebot3_gazebo//worlds/turtlebot3_dqn_stage3.world
-- Up-to-date: /home/borg/colcon_ws/install/turtlebot3_gazebo/share/turtlebot3_gazebo//worlds/turtlebot3_dqn_stage4.world
-- Up-to-date: /home/borg/colcon_ws/install/turtlebot3_gazebo/share/turtlebot3_gazebo//worlds/turtlebot3_house.world
-- Up-to-date: /home/borg/colcon_ws/install/turtlebot3_gazebo/share/turtlebot3_gazebo//worlds/turtlebot3_world.world
-- Up-to-date: /home/borg/colcon_ws/install/turtlebot3_gazebo/share/turtlebot3_gazebo//worlds/lab.world
-- Up-to-date: /home/borg/colcon_ws/install/turtlebot3_gazebo/share/turtlebot3_gazebo//worlds/pista23-B.world
-- Up-to-date: /home/borg/colcon_ws/install/turtlebot3_gazebo/include/
-- Up-to-date: /home/borg/colcon_ws/install/turtlebot3_gazebo/include//turtlebot3_gazebo
-- Up-to-date: /home/borg/colcon_ws/install/turtlebot3_gazebo/include//turtlebot3_gazebo/turtlebot3_drive.hpp
-- Up-to-date: /home/borg/colcon_ws/install/turtlebot3_gazebo/share/ament_index/resource_index/package_run_dependencies/turtlebot3_gazebo
-- Installing: /home/borg/colcon_ws/install/turtlebot3_gazebo/share/ament_index/resource_index/parent_prefix_path/turtlebot3_gazebo
-- Up-to-date: /home/borg/colcon_ws/install/turtlebot3_gazebo/share/turtlebot3_gazebo/environment/ament_prefix_path.sh
-- Installing: /home/borg/colcon_ws/install/turtlebot3_gazebo/share/turtlebot3_gazebo/environment/ament_prefix_path.dsv
-- Up-to-date: /home/borg/colcon_ws/install/turtlebot3_gazebo/share/turtlebot3_gazebo/environment/path.sh
-- Installing: /home/borg/colcon_ws/install/turtlebot3_gazebo/share/turtlebot3_gazebo/environment/path.dsv
-- Up-to-date: /home/borg/colcon_ws/install/turtlebot3_gazebo/share/turtlebot3_gazebo/local_setup.bash
-- Up-to-date: /home/borg/colcon_ws/install/turtlebot3_gazebo/share/turtlebot3_gazebo/local_setup.sh
-- Up-to-date: /home/borg/colcon_ws/install/turtlebot3_gazebo/share/turtlebot3_gazebo/local_setup.zsh
-- Installing: /home/borg/colcon_ws/install/turtlebot3_gazebo/share/turtlebot3_gazebo/local_setup.dsv
-- Installing: /home/borg/colcon_ws/install/turtlebot3_gazebo/share/turtlebot3_gazebo/package.dsv
-- Up-to-date: /home/borg/colcon_ws/install/turtlebot3_gazebo/share/ament_index/resource_index/packages/turtlebot3_gazebo
-- Up-to-date: /home/borg/colcon_ws/install/turtlebot3_gazebo/share/turtlebot3_gazebo/cmake/ament_cmake_export_include_directories-extras.cmake
-- Up-to-date: /home/borg/colcon_ws/install/turtlebot3_gazebo/share/turtlebot3_gazebo/cmake/ament_cmake_export_dependencies-extras.cmake
-- Up-to-date: /home/borg/colcon_ws/install/turtlebot3_gazebo/share/turtlebot3_gazebo/cmake/turtlebot3_gazeboConfig.cmake
-- Up-to-date: /home/borg/colcon_ws/install/turtlebot3_gazebo/share/turtlebot3_gazebo/cmake/turtlebot3_gazeboConfig-version.cmake
-- Up-to-date: /home/borg/colcon_ws/install/turtlebot3_gazebo/share/turtlebot3_gazebo/package.xml
