-- Found ament_cmake: 1.3.6 (/opt/ros/humble/share/ament_cmake/cmake)
-- Found urdf: 2.6.0 (/opt/ros/humble/share/urdf/cmake)
-- Found xacro: 2.0.8 (/opt/ros/humble/share/xacro/cmake)
-- Found ament_lint_auto: 0.12.9 (/opt/ros/humble/share/ament_lint_auto/cmake)
-- Added test 'copyright' to check source files copyright and LICENSE
-- Added test 'flake8' to check Python code syntax and style conventions
-- Added test 'lint_cmake' to check CMake code style
-- Added test 'pep257' to check Python code against some of the docstring style conventions in PEP 257
-- Added test 'xmllint' to check XML markup files
-- Configuring done
-- Generating done
-- Build files have been written to: /home/borg/colcon_ws/build/urdfbot_description
-- Install configuration: ""
-- Up-to-date: /home/borg/colcon_ws/install/urdfbot_description/share/urdfbot_description//urdf
-- Installing: /home/borg/colcon_ws/install/urdfbot_description/share/urdfbot_description//urdf/urdfbot_simple.urdf
-- Up-to-date: /home/borg/colcon_ws/install/urdfbot_description/share/urdfbot_description//rviz
-- Up-to-date: /home/borg/colcon_ws/install/urdfbot_description/share/urdfbot_description//launch
[31mCMake Error at cmake_install.cmake:46 (file):
  file INSTALL cannot find
  "/home/borg/colcon_ws/src/urdfbot_description/meshes": No such file or
  directory.

[0m
-- Up-to-date: /home/borg/colcon_ws/install/urdfbot_description/share/urdfbot_description//launch/urdf_visualize.launch.py
