[0.163s] Invoking command in '/home/borg/colcon_ws/src/build/turtlebot3_gazebo': CMAKE_PREFIX_PATH=${CMAKE_PREFIX_PATH}:/opt/ros/humble /usr/bin/cmake /home/borg/colcon_ws/src/turtlebot3_simulations/turtlebot3_gazebo -DCMAKE_INSTALL_PREFIX=/home/borg/colcon_ws/src/install/turtlebot3_gazebo
[0.345s] -- The C compiler identification is GNU 11.4.0
[0.552s] -- The CXX compiler identification is GNU 11.4.0
[0.566s] -- Detecting C compiler ABI info
[0.638s] -- Detecting C compiler ABI info - done
[0.652s] -- Check for working C compiler: /usr/bin/cc - skipped
[0.653s] -- Detecting C compile features
[0.654s] -- Detecting C compile features - done
[0.659s] -- Detecting CXX compiler ABI info
[0.748s] -- Detecting CXX compiler ABI info - done
[0.762s] -- Check for working CXX compiler: /usr/bin/c++ - skipped
[0.763s] -- Detecting CXX compile features
[0.763s] -- Detecting CXX compile features - done
[0.770s] -- Found ament_cmake: 1.3.5 (/opt/ros/humble/share/ament_cmake/cmake)
[0.944s] -- Found Python3: /usr/bin/python3.10 (found version "3.10.12") found components: Interpreter 
[1.051s] [33mCMake Warning (dev) at /usr/share/cmake-3.22/Modules/FindPackageHandleStandardArgs.cmake:438 (message):
[1.051s]   The package name passed to `find_package_handle_standard_args` (PkgConfig)
[1.051s]   does not match the name of the calling package (gazebo).  This can lead to
[1.051s]   problems in calling code that expects `find_package` result variables
[1.051s]   (e.g., `_FOUND`) to follow a certain pattern.
[1.051s] Call Stack (most recent call first):
[1.051s]   /usr/share/cmake-3.22/Modules/FindPkgConfig.cmake:99 (find_package_handle_standard_args)
[1.051s]   /usr/lib/x86_64-linux-gnu/cmake/gazebo/gazebo-config.cmake:72 (include)
[1.051s]   CMakeLists.txt:23 (find_package)
[1.051s] This warning is for project developers.  Use -Wno-dev to suppress it.
[1.051s] [0m
[1.052s] -- Found PkgConfig: /usr/bin/pkg-config (found version "0.29.2") 
[1.055s] -- Checking for module 'bullet>=2.82'
[1.066s] --   Found bullet, version 3.05
[1.169s] -- Found fcl: /usr/include (found suitable version "0.7.0", minimum required is "0.5.0") 
[1.219s] -- Found assimp: /usr/include (found version "5.2.0") 
[1.254s] -- Found DART: /usr/include (Required is at least version "6.6") found components: dart 
[1.427s] -- Found Boost: /usr/lib/x86_64-linux-gnu/cmake/Boost-1.74.0/BoostConfig.cmake (found suitable version "1.74.0", minimum required is "1.40.0") found components: thread system filesystem program_options regex iostreams date_time 
[1.455s] -- Found Protobuf: /usr/lib/x86_64-linux-gnu/libprotobuf.so (found version "3.12.4") 
[1.463s] -- Looking for ignition-math6 -- found version 6.15.0
[1.477s] -- Searching for dependencies of ignition-math6
[1.481s] -- Looking for OGRE...
[1.481s] -- OGRE_PREFIX_WATCH changed.
[1.486s] -- Checking for module 'OGRE'
[1.497s] --   Found OGRE, version 1.9.0
[1.527s] -- Found Ogre Ghadamon (1.9.0)
[1.534s] -- Found OGRE: optimized;/usr/lib/x86_64-linux-gnu/libOgreMain.so;debug;/usr/lib/x86_64-linux-gnu/libOgreMain.so
[1.543s] -- Looking for OGRE_Paging...
[1.548s] -- Found OGRE_Paging: optimized;/usr/lib/x86_64-linux-gnu/libOgrePaging.so;debug;/usr/lib/x86_64-linux-gnu/libOgrePaging.so
[1.548s] -- Looking for OGRE_Terrain...
[1.552s] -- Found OGRE_Terrain: optimized;/usr/lib/x86_64-linux-gnu/libOgreTerrain.so;debug;/usr/lib/x86_64-linux-gnu/libOgreTerrain.so
[1.552s] -- Looking for OGRE_Property...
[1.557s] -- Found OGRE_Property: optimized;/usr/lib/x86_64-linux-gnu/libOgreProperty.so;debug;/usr/lib/x86_64-linux-gnu/libOgreProperty.so
[1.557s] -- Looking for OGRE_RTShaderSystem...
[1.561s] -- Found OGRE_RTShaderSystem: optimized;/usr/lib/x86_64-linux-gnu/libOgreRTShaderSystem.so;debug;/usr/lib/x86_64-linux-gnu/libOgreRTShaderSystem.so
[1.561s] -- Looking for OGRE_Volume...
[1.567s] -- Found OGRE_Volume: optimized;/usr/lib/x86_64-linux-gnu/libOgreVolume.so;debug;/usr/lib/x86_64-linux-gnu/libOgreVolume.so
[1.567s] -- Looking for OGRE_Overlay...
[1.571s] -- Found OGRE_Overlay: optimized;/usr/lib/x86_64-linux-gnu/libOgreOverlay.so;debug;/usr/lib/x86_64-linux-gnu/libOgreOverlay.so
[1.672s] -- Looking for ignition-math6 -- found version 6.15.0
[1.675s] -- Looking for ignition-transport8 -- found version 8.2.1
[1.676s] -- Searching for dependencies of ignition-transport8
[1.691s] -- Found Protobuf: /usr/lib/x86_64-linux-gnu/libprotobuf.so (found suitable version "3.12.4", minimum required is "3") 
[1.698s] -- Config-file not installed for ZeroMQ -- checking for pkg-config
[1.702s] -- Checking for module 'libzmq >= 4'
[1.715s] --   Found libzmq , version 4.3.4
[1.747s] -- Found ZeroMQ: TRUE (Required is at least version "4") 
[1.753s] -- Checking for module 'uuid'
[1.764s] --   Found uuid, version 2.37.2
[1.794s] -- Found UUID: TRUE  
[1.797s] -- Looking for ignition-msgs5 -- found version 5.8.1
[1.798s] -- Searching for dependencies of ignition-msgs5
[1.815s] -- Looking for ignition-math6 -- found version 6.15.0
[1.819s] -- Checking for module 'tinyxml2'
[1.830s] --   Found tinyxml2, version 9.0.0
[1.859s] -- Looking for ignition-msgs5 -- found version 5.8.1
[1.862s] -- Looking for ignition-common3 -- found version 3.14.0
[1.862s] -- Searching for dependencies of ignition-common3
[1.863s] -- Looking for dlfcn.h - found
[1.864s] -- Looking for libdl - found
[1.866s] -- Found DL: TRUE  
[1.877s] -- Found tinyobjloader: /usr/lib/x86_64-linux-gnu/cmake/tinyobjloader/tinyobjloader-config.cmake (found version "2.0.0") 
[1.878s] -- Searching for <ignition-common3> component [graphics]
[1.882s] -- Looking for ignition-common3-graphics -- found version 3.14.0
[1.883s] -- Searching for dependencies of ignition-common3-graphics
[1.883s] -- Looking for ignition-math6 -- found version 6.15.0
[1.889s] -- Looking for ignition-fuel_tools4 -- found version 4.4.0
[1.889s] -- Searching for dependencies of ignition-fuel_tools4
[1.954s] -- Found CURL: /usr/lib/x86_64-linux-gnu/libcurl.so (found version "7.81.0")  
[1.963s] -- Checking for module 'jsoncpp'
[1.974s] --   Found jsoncpp, version 1.9.5
[2.003s] -- Found JSONCPP: TRUE  
[2.009s] -- Checking for module 'libzip'
[2.019s] --   Found libzip, version 1.7.3
[2.047s] -- Found ZIP: TRUE  
[2.047s] -- Looking for ignition-common3 -- found version 3.14.0
[2.048s] -- Looking for ignition-math6 -- found version 6.15.0
[2.048s] -- Looking for ignition-msgs5 -- found version 5.8.1
[2.055s] -- Found gazebo_ros_pkgs: 3.7.0 (/opt/ros/humble/share/gazebo_ros_pkgs/cmake)
[2.056s] -- Found geometry_msgs: 4.2.3 (/opt/ros/humble/share/geometry_msgs/cmake)
[2.085s] -- Found rosidl_generator_c: 3.1.5 (/opt/ros/humble/share/rosidl_generator_c/cmake)
[2.090s] -- Found rosidl_adapter: 3.1.5 (/opt/ros/humble/share/rosidl_adapter/cmake)
[2.098s] -- Found rosidl_generator_cpp: 3.1.5 (/opt/ros/humble/share/rosidl_generator_cpp/cmake)
[2.110s] -- Using all available rosidl_typesupport_c: rosidl_typesupport_fastrtps_c;rosidl_typesupport_introspection_c
[2.128s] -- Using all available rosidl_typesupport_cpp: rosidl_typesupport_fastrtps_cpp;rosidl_typesupport_introspection_cpp
[2.242s] -- Found nav_msgs: 4.2.3 (/opt/ros/humble/share/nav_msgs/cmake)
[2.323s] -- Found rclcpp: 16.0.6 (/opt/ros/humble/share/rclcpp/cmake)
[2.376s] -- Found rmw_implementation_cmake: 6.1.1 (/opt/ros/humble/share/rmw_implementation_cmake/cmake)
[2.378s] -- Found rmw_fastrtps_cpp: 6.2.4 (/opt/ros/humble/share/rmw_fastrtps_cpp/cmake)
[2.461s] -- Found OpenSSL: /usr/lib/x86_64-linux-gnu/libcrypto.so (found version "3.0.2")  
[2.479s] -- Found FastRTPS: /opt/ros/humble/include  
[2.516s] -- Using RMW implementation 'rmw_fastrtps_cpp' as default
[2.524s] -- Found Threads: TRUE  
[2.641s] -- Found sensor_msgs: 4.2.3 (/opt/ros/humble/share/sensor_msgs/cmake)
[2.720s] -- Found tf2: 0.25.4 (/opt/ros/humble/share/tf2/cmake)
[2.783s] -- Configuring done
[2.824s] -- Generating done
[2.826s] -- Build files have been written to: /home/borg/colcon_ws/src/build/turtlebot3_gazebo
