[0.463s] Invoking command in '/home/borg/colcon_ws/build/turtlebot3_gazebo': CMAKE_PREFIX_PATH=${CMAKE_PREFIX_PATH}:/opt/ros/humble /usr/bin/cmake --build /home/borg/colcon_ws/build/turtlebot3_gazebo -- -j12 -l12
[0.580s] [ 25%] Built target turtlebot3_drive
[0.599s] [ 50%] Built target obstacle1
[0.604s] [ 75%] Built target obstacle2
[0.608s] [100%] Built target obstacles
[0.820s] Invoked command in '/home/borg/colcon_ws/build/turtlebot3_gazebo' returned '0': CMAKE_PREFIX_PATH=${CMAKE_PREFIX_PATH}:/opt/ros/humble /usr/bin/cmake --build /home/borg/colcon_ws/build/turtlebot3_gazebo -- -j12 -l12
[1.247s] Invoking command in '/home/borg/colcon_ws/build/turtlebot3_gazebo': CMAKE_PREFIX_PATH=${CMAKE_PREFIX_PATH}:/opt/ros/humble /usr/bin/cmake --install /home/borg/colcon_ws/build/turtlebot3_gazebo
[1.520s] -- Install configuration: ""
[1.520s] -- Up-to-date: /home/borg/colcon_ws/install/turtlebot3_gazebo/lib/turtlebot3_gazebo/turtlebot3_drive
[1.520s] -- Up-to-date: /home/borg/colcon_ws/install/turtlebot3_gazebo/share/turtlebot3_gazebo//launch
[1.521s] -- Up-to-date: /home/borg/colcon_ws/install/turtlebot3_gazebo/share/turtlebot3_gazebo//launch/empty_world.launch.py
[1.521s] -- Up-to-date: /home/borg/colcon_ws/install/turtlebot3_gazebo/share/turtlebot3_gazebo//launch/spawn_turtlebot3.launch.py
[1.521s] -- Up-to-date: /home/borg/colcon_ws/install/turtlebot3_gazebo/share/turtlebot3_gazebo//launch/turtlebot3_dqn_stage1.launch.py
[1.521s] -- Up-to-date: /home/borg/colcon_ws/install/turtlebot3_gazebo/share/turtlebot3_gazebo//launch/turtlebot3_dqn_stage2.launch.py
[1.522s] -- Up-to-date: /home/borg/colcon_ws/install/turtlebot3_gazebo/share/turtlebot3_gazebo//launch/turtlebot3_dqn_stage3.launch.py
[1.522s] -- Up-to-date: /home/borg/colcon_ws/install/turtlebot3_gazebo/share/turtlebot3_gazebo//launch/turtlebot3_dqn_stage4.launch.py
[1.522s] -- Up-to-date: /home/borg/colcon_ws/install/turtlebot3_gazebo/share/turtlebot3_gazebo//launch/turtlebot3_house.launch.py
[1.523s] -- Up-to-date: /home/borg/colcon_ws/install/turtlebot3_gazebo/share/turtlebot3_gazebo//launch/turtlebot3_world.launch.py
[1.523s] -- Up-to-date: /home/borg/colcon_ws/install/turtlebot3_gazebo/share/turtlebot3_gazebo//launch/robot_state_publisher.launch.py
[1.523s] -- Up-to-date: /home/borg/colcon_ws/install/turtlebot3_gazebo/share/turtlebot3_gazebo//launch/insperbot_lab.launch.py
[1.523s] -- Up-to-date: /home/borg/colcon_ws/install/turtlebot3_gazebo/share/turtlebot3_gazebo//launch/pista-23B.launch.py
[1.524s] -- Up-to-date: /home/borg/colcon_ws/install/turtlebot3_gazebo/share/turtlebot3_gazebo//models
[1.524s] -- Up-to-date: /home/borg/colcon_ws/install/turtlebot3_gazebo/share/turtlebot3_gazebo//models/turtlebot3_burger
[1.524s] -- Up-to-date: /home/borg/colcon_ws/install/turtlebot3_gazebo/share/turtlebot3_gazebo//models/turtlebot3_burger/model-1_4.sdf
[1.524s] -- Up-to-date: /home/borg/colcon_ws/install/turtlebot3_gazebo/share/turtlebot3_gazebo//models/turtlebot3_burger/model.config
[1.525s] -- Up-to-date: /home/borg/colcon_ws/install/turtlebot3_gazebo/share/turtlebot3_gazebo//models/turtlebot3_burger/model.sdf
[1.525s] -- Up-to-date: /home/borg/colcon_ws/install/turtlebot3_gazebo/share/turtlebot3_gazebo//models/turtlebot3_common
[1.525s] -- Up-to-date: /home/borg/colcon_ws/install/turtlebot3_gazebo/share/turtlebot3_gazebo//models/turtlebot3_common/meshes
[1.525s] -- Up-to-date: /home/borg/colcon_ws/install/turtlebot3_gazebo/share/turtlebot3_gazebo//models/turtlebot3_common/meshes/burger_base.dae
[1.525s] -- Up-to-date: /home/borg/colcon_ws/install/turtlebot3_gazebo/share/turtlebot3_gazebo//models/turtlebot3_common/meshes/lds.dae
[1.526s] -- Up-to-date: /home/borg/colcon_ws/install/turtlebot3_gazebo/share/turtlebot3_gazebo//models/turtlebot3_common/meshes/r200.dae
[1.526s] -- Up-to-date: /home/borg/colcon_ws/install/turtlebot3_gazebo/share/turtlebot3_gazebo//models/turtlebot3_common/meshes/tire.dae
[1.526s] -- Up-to-date: /home/borg/colcon_ws/install/turtlebot3_gazebo/share/turtlebot3_gazebo//models/turtlebot3_common/meshes/waffle_base.dae
[1.527s] -- Up-to-date: /home/borg/colcon_ws/install/turtlebot3_gazebo/share/turtlebot3_gazebo//models/turtlebot3_common/meshes/waffle_pi_base.dae
[1.527s] -- Up-to-date: /home/borg/colcon_ws/install/turtlebot3_gazebo/share/turtlebot3_gazebo//models/turtlebot3_common/model.config
[1.528s] -- Up-to-date: /home/borg/colcon_ws/install/turtlebot3_gazebo/share/turtlebot3_gazebo//models/turtlebot3_dqn_world
[1.528s] -- Up-to-date: /home/borg/colcon_ws/install/turtlebot3_gazebo/share/turtlebot3_gazebo//models/turtlebot3_dqn_world/goal_box
[1.528s] -- Up-to-date: /home/borg/colcon_ws/install/turtlebot3_gazebo/share/turtlebot3_gazebo//models/turtlebot3_dqn_world/goal_box/model.config
[1.529s] -- Up-to-date: /home/borg/colcon_ws/install/turtlebot3_gazebo/share/turtlebot3_gazebo//models/turtlebot3_dqn_world/goal_box/model.sdf
[1.529s] -- Up-to-date: /home/borg/colcon_ws/install/turtlebot3_gazebo/share/turtlebot3_gazebo//models/turtlebot3_dqn_world/inner_walls
[1.529s] -- Up-to-date: /home/borg/colcon_ws/install/turtlebot3_gazebo/share/turtlebot3_gazebo//models/turtlebot3_dqn_world/inner_walls/model.config
[1.529s] -- Up-to-date: /home/borg/colcon_ws/install/turtlebot3_gazebo/share/turtlebot3_gazebo//models/turtlebot3_dqn_world/inner_walls/model.sdf
[1.530s] -- Up-to-date: /home/borg/colcon_ws/install/turtlebot3_gazebo/share/turtlebot3_gazebo//models/turtlebot3_dqn_world/model.config
[1.530s] -- Up-to-date: /home/borg/colcon_ws/install/turtlebot3_gazebo/share/turtlebot3_gazebo//models/turtlebot3_dqn_world/model.sdf
[1.530s] -- Up-to-date: /home/borg/colcon_ws/install/turtlebot3_gazebo/share/turtlebot3_gazebo//models/turtlebot3_dqn_world/obstacle1
[1.531s] -- Up-to-date: /home/borg/colcon_ws/install/turtlebot3_gazebo/share/turtlebot3_gazebo//models/turtlebot3_dqn_world/obstacle1/model.config
[1.531s] -- Up-to-date: /home/borg/colcon_ws/install/turtlebot3_gazebo/share/turtlebot3_gazebo//models/turtlebot3_dqn_world/obstacle1/model.sdf
[1.531s] -- Up-to-date: /home/borg/colcon_ws/install/turtlebot3_gazebo/share/turtlebot3_gazebo//models/turtlebot3_dqn_world/obstacle2
[1.532s] -- Up-to-date: /home/borg/colcon_ws/install/turtlebot3_gazebo/share/turtlebot3_gazebo//models/turtlebot3_dqn_world/obstacle2/model.config
[1.532s] -- Up-to-date: /home/borg/colcon_ws/install/turtlebot3_gazebo/share/turtlebot3_gazebo//models/turtlebot3_dqn_world/obstacle2/model.sdf
[1.532s] -- Up-to-date: /home/borg/colcon_ws/install/turtlebot3_gazebo/share/turtlebot3_gazebo//models/turtlebot3_dqn_world/obstacle_plugin
[1.532s] -- Up-to-date: /home/borg/colcon_ws/install/turtlebot3_gazebo/share/turtlebot3_gazebo//models/turtlebot3_dqn_world/obstacle_plugin/CMakeLists.txt
[1.532s] -- Up-to-date: /home/borg/colcon_ws/install/turtlebot3_gazebo/share/turtlebot3_gazebo//models/turtlebot3_dqn_world/obstacle_plugin/obstacle1.cc
[1.532s] -- Up-to-date: /home/borg/colcon_ws/install/turtlebot3_gazebo/share/turtlebot3_gazebo//models/turtlebot3_dqn_world/obstacle_plugin/obstacle2.cc
[1.533s] -- Up-to-date: /home/borg/colcon_ws/install/turtlebot3_gazebo/share/turtlebot3_gazebo//models/turtlebot3_dqn_world/obstacle_plugin/obstacles.cc
[1.533s] -- Up-to-date: /home/borg/colcon_ws/install/turtlebot3_gazebo/share/turtlebot3_gazebo//models/turtlebot3_dqn_world/obstacles
[1.533s] -- Up-to-date: /home/borg/colcon_ws/install/turtlebot3_gazebo/share/turtlebot3_gazebo//models/turtlebot3_dqn_world/obstacles/model.config
[1.533s] -- Up-to-date: /home/borg/colcon_ws/install/turtlebot3_gazebo/share/turtlebot3_gazebo//models/turtlebot3_dqn_world/obstacles/model.sdf
[1.534s] -- Up-to-date: /home/borg/colcon_ws/install/turtlebot3_gazebo/share/turtlebot3_gazebo//models/turtlebot3_house
[1.534s] -- Up-to-date: /home/borg/colcon_ws/install/turtlebot3_gazebo/share/turtlebot3_gazebo//models/turtlebot3_house/model.config
[1.534s] -- Up-to-date: /home/borg/colcon_ws/install/turtlebot3_gazebo/share/turtlebot3_gazebo//models/turtlebot3_house/model.sdf
[1.534s] -- Up-to-date: /home/borg/colcon_ws/install/turtlebot3_gazebo/share/turtlebot3_gazebo//models/turtlebot3_waffle
[1.534s] -- Up-to-date: /home/borg/colcon_ws/install/turtlebot3_gazebo/share/turtlebot3_gazebo//models/turtlebot3_waffle/model-1_4.sdf
[1.534s] -- Up-to-date: /home/borg/colcon_ws/install/turtlebot3_gazebo/share/turtlebot3_gazebo//models/turtlebot3_waffle/model.config
[1.534s] -- Up-to-date: /home/borg/colcon_ws/install/turtlebot3_gazebo/share/turtlebot3_gazebo//models/turtlebot3_waffle/model.sdf
[1.535s] -- Up-to-date: /home/borg/colcon_ws/install/turtlebot3_gazebo/share/turtlebot3_gazebo//models/turtlebot3_waffle_pi
[1.535s] -- Up-to-date: /home/borg/colcon_ws/install/turtlebot3_gazebo/share/turtlebot3_gazebo//models/turtlebot3_waffle_pi/model-1_4_.sdf
[1.535s] -- Up-to-date: /home/borg/colcon_ws/install/turtlebot3_gazebo/share/turtlebot3_gazebo//models/turtlebot3_waffle_pi/model.config
[1.535s] -- Up-to-date: /home/borg/colcon_ws/install/turtlebot3_gazebo/share/turtlebot3_gazebo//models/turtlebot3_waffle_pi/model.sdf
[1.536s] -- Up-to-date: /home/borg/colcon_ws/install/turtlebot3_gazebo/share/turtlebot3_gazebo//models/turtlebot3_world
[1.536s] -- Up-to-date: /home/borg/colcon_ws/install/turtlebot3_gazebo/share/turtlebot3_gazebo//models/turtlebot3_world/meshes
[1.536s] -- Up-to-date: /home/borg/colcon_ws/install/turtlebot3_gazebo/share/turtlebot3_gazebo//models/turtlebot3_world/meshes/hexagon.dae
[1.536s] -- Up-to-date: /home/borg/colcon_ws/install/turtlebot3_gazebo/share/turtlebot3_gazebo//models/turtlebot3_world/meshes/wall.dae
[1.536s] -- Up-to-date: /home/borg/colcon_ws/install/turtlebot3_gazebo/share/turtlebot3_gazebo//models/turtlebot3_world/model-1_4.sdf
[1.537s] -- Up-to-date: /home/borg/colcon_ws/install/turtlebot3_gazebo/share/turtlebot3_gazebo//models/turtlebot3_world/model.config
[1.537s] -- Up-to-date: /home/borg/colcon_ws/install/turtlebot3_gazebo/share/turtlebot3_gazebo//models/turtlebot3_world/model.sdf
[1.537s] -- Up-to-date: /home/borg/colcon_ws/install/turtlebot3_gazebo/share/turtlebot3_gazebo//models/mybot
[1.537s] -- Up-to-date: /home/borg/colcon_ws/install/turtlebot3_gazebo/share/turtlebot3_gazebo//models/mybot/model-1_4_.sdf
[1.538s] -- Up-to-date: /home/borg/colcon_ws/install/turtlebot3_gazebo/share/turtlebot3_gazebo//models/mybot/model.config
[1.538s] -- Up-to-date: /home/borg/colcon_ws/install/turtlebot3_gazebo/share/turtlebot3_gazebo//models/mybot/model.sdf
[1.538s] -- Up-to-date: /home/borg/colcon_ws/install/turtlebot3_gazebo/share/turtlebot3_gazebo//models/turtlebot3_burger_insper
[1.538s] -- Up-to-date: /home/borg/colcon_ws/install/turtlebot3_gazebo/share/turtlebot3_gazebo//models/turtlebot3_burger_insper/model.config
[1.538s] -- Up-to-date: /home/borg/colcon_ws/install/turtlebot3_gazebo/share/turtlebot3_gazebo//models/turtlebot3_burger_insper/model-1_4_.sdf
[1.539s] -- Up-to-date: /home/borg/colcon_ws/install/turtlebot3_gazebo/share/turtlebot3_gazebo//models/turtlebot3_burger_insper/model.sdf
[1.539s] -- Up-to-date: /home/borg/colcon_ws/install/turtlebot3_gazebo/share/turtlebot3_gazebo//models/pista23-1
[1.539s] -- Up-to-date: /home/borg/colcon_ws/install/turtlebot3_gazebo/share/turtlebot3_gazebo//models/pista23-1/creeper
[1.539s] -- Up-to-date: /home/borg/colcon_ws/install/turtlebot3_gazebo/share/turtlebot3_gazebo//models/pista23-1/creeper/aruco_05
[1.539s] -- Up-to-date: /home/borg/colcon_ws/install/turtlebot3_gazebo/share/turtlebot3_gazebo//models/pista23-1/creeper/aruco_05/materials
[1.539s] -- Up-to-date: /home/borg/colcon_ws/install/turtlebot3_gazebo/share/turtlebot3_gazebo//models/pista23-1/creeper/aruco_05/materials/scripts
[1.540s] -- Up-to-date: /home/borg/colcon_ws/install/turtlebot3_gazebo/share/turtlebot3_gazebo//models/pista23-1/creeper/aruco_05/materials/scripts/creeper.material
[1.540s] -- Up-to-date: /home/borg/colcon_ws/install/turtlebot3_gazebo/share/turtlebot3_gazebo//models/pista23-1/creeper/aruco_05/materials/textures
[1.540s] -- Up-to-date: /home/borg/colcon_ws/install/turtlebot3_gazebo/share/turtlebot3_gazebo//models/pista23-1/creeper/aruco_05/materials/textures/caixa.dae
[1.540s] -- Up-to-date: /home/borg/colcon_ws/install/turtlebot3_gazebo/share/turtlebot3_gazebo//models/pista23-1/creeper/aruco_05/materials/textures/caixa.png
[1.540s] -- Up-to-date: /home/borg/colcon_ws/install/turtlebot3_gazebo/share/turtlebot3_gazebo//models/pista23-1/creeper/aruco_05/materials/textures/caixa.png_old
[1.540s] -- Up-to-date: /home/borg/colcon_ws/install/turtlebot3_gazebo/share/turtlebot3_gazebo//models/pista23-1/creeper/aruco_05/model.config
[1.541s] -- Up-to-date: /home/borg/colcon_ws/install/turtlebot3_gazebo/share/turtlebot3_gazebo//models/pista23-1/creeper/aruco_05/model.sdf
[1.541s] -- Up-to-date: /home/borg/colcon_ws/install/turtlebot3_gazebo/share/turtlebot3_gazebo//models/pista23-1/creeper/aruco_15
[1.541s] -- Up-to-date: /home/borg/colcon_ws/install/turtlebot3_gazebo/share/turtlebot3_gazebo//models/pista23-1/creeper/aruco_15/materials
[1.541s] -- Up-to-date: /home/borg/colcon_ws/install/turtlebot3_gazebo/share/turtlebot3_gazebo//models/pista23-1/creeper/aruco_15/materials/scripts
[1.541s] -- Up-to-date: /home/borg/colcon_ws/install/turtlebot3_gazebo/share/turtlebot3_gazebo//models/pista23-1/creeper/aruco_15/materials/scripts/creeper.material
[1.542s] -- Up-to-date: /home/borg/colcon_ws/install/turtlebot3_gazebo/share/turtlebot3_gazebo//models/pista23-1/creeper/aruco_15/materials/textures
[1.542s] -- Up-to-date: /home/borg/colcon_ws/install/turtlebot3_gazebo/share/turtlebot3_gazebo//models/pista23-1/creeper/aruco_15/materials/textures/caixa.dae
[1.542s] -- Up-to-date: /home/borg/colcon_ws/install/turtlebot3_gazebo/share/turtlebot3_gazebo//models/pista23-1/creeper/aruco_15/materials/textures/caixa.png
[1.542s] -- Up-to-date: /home/borg/colcon_ws/install/turtlebot3_gazebo/share/turtlebot3_gazebo//models/pista23-1/creeper/aruco_15/materials/textures/caixa.png_old
[1.543s] -- Up-to-date: /home/borg/colcon_ws/install/turtlebot3_gazebo/share/turtlebot3_gazebo//models/pista23-1/creeper/aruco_15/model.config
[1.543s] -- Up-to-date: /home/borg/colcon_ws/install/turtlebot3_gazebo/share/turtlebot3_gazebo//models/pista23-1/creeper/aruco_15/model.sdf
[1.543s] -- Up-to-date: /home/borg/colcon_ws/install/turtlebot3_gazebo/share/turtlebot3_gazebo//models/pista23-1/creeper/aruco_25
[1.543s] -- Up-to-date: /home/borg/colcon_ws/install/turtlebot3_gazebo/share/turtlebot3_gazebo//models/pista23-1/creeper/aruco_25/materials
[1.543s] -- Up-to-date: /home/borg/colcon_ws/install/turtlebot3_gazebo/share/turtlebot3_gazebo//models/pista23-1/creeper/aruco_25/materials/scripts
[1.544s] -- Up-to-date: /home/borg/colcon_ws/install/turtlebot3_gazebo/share/turtlebot3_gazebo//models/pista23-1/creeper/aruco_25/materials/scripts/creeper.material
[1.544s] -- Up-to-date: /home/borg/colcon_ws/install/turtlebot3_gazebo/share/turtlebot3_gazebo//models/pista23-1/creeper/aruco_25/materials/textures
[1.544s] -- Up-to-date: /home/borg/colcon_ws/install/turtlebot3_gazebo/share/turtlebot3_gazebo//models/pista23-1/creeper/aruco_25/materials/textures/caixa.dae
[1.544s] -- Up-to-date: /home/borg/colcon_ws/install/turtlebot3_gazebo/share/turtlebot3_gazebo//models/pista23-1/creeper/aruco_25/materials/textures/caixa.png
[1.544s] -- Up-to-date: /home/borg/colcon_ws/install/turtlebot3_gazebo/share/turtlebot3_gazebo//models/pista23-1/creeper/aruco_25/materials/textures/caixa.png_old
[1.544s] -- Up-to-date: /home/borg/colcon_ws/install/turtlebot3_gazebo/share/turtlebot3_gazebo//models/pista23-1/creeper/aruco_25/model.config
[1.545s] -- Up-to-date: /home/borg/colcon_ws/install/turtlebot3_gazebo/share/turtlebot3_gazebo//models/pista23-1/creeper/aruco_25/model.sdf
[1.545s] -- Up-to-date: /home/borg/colcon_ws/install/turtlebot3_gazebo/share/turtlebot3_gazebo//models/pista23-1/creeper/aruco_55
[1.545s] -- Up-to-date: /home/borg/colcon_ws/install/turtlebot3_gazebo/share/turtlebot3_gazebo//models/pista23-1/creeper/aruco_55/materials
[1.545s] -- Up-to-date: /home/borg/colcon_ws/install/turtlebot3_gazebo/share/turtlebot3_gazebo//models/pista23-1/creeper/aruco_55/materials/scripts
[1.545s] -- Up-to-date: /home/borg/colcon_ws/install/turtlebot3_gazebo/share/turtlebot3_gazebo//models/pista23-1/creeper/aruco_55/materials/scripts/creeper.material
[1.545s] -- Up-to-date: /home/borg/colcon_ws/install/turtlebot3_gazebo/share/turtlebot3_gazebo//models/pista23-1/creeper/aruco_55/materials/textures
[1.545s] -- Up-to-date: /home/borg/colcon_ws/install/turtlebot3_gazebo/share/turtlebot3_gazebo//models/pista23-1/creeper/aruco_55/materials/textures/caixa.dae
[1.546s] -- Up-to-date: /home/borg/colcon_ws/install/turtlebot3_gazebo/share/turtlebot3_gazebo//models/pista23-1/creeper/aruco_55/materials/textures/caixa.png
[1.546s] -- Up-to-date: /home/borg/colcon_ws/install/turtlebot3_gazebo/share/turtlebot3_gazebo//models/pista23-1/creeper/aruco_55/materials/textures/caixa.png_old
[1.546s] -- Up-to-date: /home/borg/colcon_ws/install/turtlebot3_gazebo/share/turtlebot3_gazebo//models/pista23-1/creeper/aruco_55/model.config
[1.546s] -- Up-to-date: /home/borg/colcon_ws/install/turtlebot3_gazebo/share/turtlebot3_gazebo//models/pista23-1/creeper/aruco_55/model.sdf
[1.546s] -- Up-to-date: /home/borg/colcon_ws/install/turtlebot3_gazebo/share/turtlebot3_gazebo//models/pista23-1/creeper/creeper_11
[1.546s] -- Up-to-date: /home/borg/colcon_ws/install/turtlebot3_gazebo/share/turtlebot3_gazebo//models/pista23-1/creeper/creeper_11/materials
[1.546s] -- Up-to-date: /home/borg/colcon_ws/install/turtlebot3_gazebo/share/turtlebot3_gazebo//models/pista23-1/creeper/creeper_11/materials/scripts
[1.546s] -- Up-to-date: /home/borg/colcon_ws/install/turtlebot3_gazebo/share/turtlebot3_gazebo//models/pista23-1/creeper/creeper_11/materials/scripts/creeper.material
[1.547s] -- Up-to-date: /home/borg/colcon_ws/install/turtlebot3_gazebo/share/turtlebot3_gazebo//models/pista23-1/creeper/creeper_11/materials/textures
[1.547s] -- Up-to-date: /home/borg/colcon_ws/install/turtlebot3_gazebo/share/turtlebot3_gazebo//models/pista23-1/creeper/creeper_11/materials/textures/MarkerData.png
[1.547s] -- Up-to-date: /home/borg/colcon_ws/install/turtlebot3_gazebo/share/turtlebot3_gazebo//models/pista23-1/creeper/creeper_11/materials/textures/MarkerData.png.001.png
[1.547s] -- Up-to-date: /home/borg/colcon_ws/install/turtlebot3_gazebo/share/turtlebot3_gazebo//models/pista23-1/creeper/creeper_11/materials/textures/creeper.dae
[1.547s] -- Up-to-date: /home/borg/colcon_ws/install/turtlebot3_gazebo/share/turtlebot3_gazebo//models/pista23-1/creeper/creeper_11/model.config
[1.547s] -- Up-to-date: /home/borg/colcon_ws/install/turtlebot3_gazebo/share/turtlebot3_gazebo//models/pista23-1/creeper/creeper_11/model.sdf
[1.547s] -- Up-to-date: /home/borg/colcon_ws/install/turtlebot3_gazebo/share/turtlebot3_gazebo//models/pista23-1/creeper/creeper_11_rosa
[1.548s] -- Up-to-date: /home/borg/colcon_ws/install/turtlebot3_gazebo/share/turtlebot3_gazebo//models/pista23-1/creeper/creeper_11_rosa/materials
[1.548s] -- Up-to-date: /home/borg/colcon_ws/install/turtlebot3_gazebo/share/turtlebot3_gazebo//models/pista23-1/creeper/creeper_11_rosa/materials/scripts
[1.548s] -- Up-to-date: /home/borg/colcon_ws/install/turtlebot3_gazebo/share/turtlebot3_gazebo//models/pista23-1/creeper/creeper_11_rosa/materials/scripts/creeper.material
[1.548s] -- Up-to-date: /home/borg/colcon_ws/install/turtlebot3_gazebo/share/turtlebot3_gazebo//models/pista23-1/creeper/creeper_11_rosa/materials/textures
[1.548s] -- Up-to-date: /home/borg/colcon_ws/install/turtlebot3_gazebo/share/turtlebot3_gazebo//models/pista23-1/creeper/creeper_11_rosa/materials/textures/MarkerData.png
[1.548s] -- Up-to-date: /home/borg/colcon_ws/install/turtlebot3_gazebo/share/turtlebot3_gazebo//models/pista23-1/creeper/creeper_11_rosa/materials/textures/MarkerData.png.001.png
[1.548s] -- Up-to-date: /home/borg/colcon_ws/install/turtlebot3_gazebo/share/turtlebot3_gazebo//models/pista23-1/creeper/creeper_11_rosa/materials/textures/creeper.dae
[1.548s] -- Up-to-date: /home/borg/colcon_ws/install/turtlebot3_gazebo/share/turtlebot3_gazebo//models/pista23-1/creeper/creeper_11_rosa/model.config
[1.548s] -- Up-to-date: /home/borg/colcon_ws/install/turtlebot3_gazebo/share/turtlebot3_gazebo//models/pista23-1/creeper/creeper_11_rosa/model.sdf
[1.549s] -- Up-to-date: /home/borg/colcon_ws/install/turtlebot3_gazebo/share/turtlebot3_gazebo//models/pista23-1/creeper/creeper_11_verde
[1.549s] -- Up-to-date: /home/borg/colcon_ws/install/turtlebot3_gazebo/share/turtlebot3_gazebo//models/pista23-1/creeper/creeper_11_verde/materials
[1.549s] -- Up-to-date: /home/borg/colcon_ws/install/turtlebot3_gazebo/share/turtlebot3_gazebo//models/pista23-1/creeper/creeper_11_verde/materials/scripts
[1.549s] -- Up-to-date: /home/borg/colcon_ws/install/turtlebot3_gazebo/share/turtlebot3_gazebo//models/pista23-1/creeper/creeper_11_verde/materials/scripts/creeper.material
[1.549s] -- Up-to-date: /home/borg/colcon_ws/install/turtlebot3_gazebo/share/turtlebot3_gazebo//models/pista23-1/creeper/creeper_11_verde/materials/textures
[1.550s] -- Up-to-date: /home/borg/colcon_ws/install/turtlebot3_gazebo/share/turtlebot3_gazebo//models/pista23-1/creeper/creeper_11_verde/materials/textures/MarkerData.png
[1.550s] -- Up-to-date: /home/borg/colcon_ws/install/turtlebot3_gazebo/share/turtlebot3_gazebo//models/pista23-1/creeper/creeper_11_verde/materials/textures/MarkerData.png.001.png
[1.550s] -- Up-to-date: /home/borg/colcon_ws/install/turtlebot3_gazebo/share/turtlebot3_gazebo//models/pista23-1/creeper/creeper_11_verde/materials/textures/MarkerData.png.001.png_old
[1.550s] -- Up-to-date: /home/borg/colcon_ws/install/turtlebot3_gazebo/share/turtlebot3_gazebo//models/pista23-1/creeper/creeper_11_verde/materials/textures/MarkerData.png_old
[1.551s] -- Up-to-date: /home/borg/colcon_ws/install/turtlebot3_gazebo/share/turtlebot3_gazebo//models/pista23-1/creeper/creeper_11_verde/materials/textures/creeper.dae
[1.551s] -- Up-to-date: /home/borg/colcon_ws/install/turtlebot3_gazebo/share/turtlebot3_gazebo//models/pista23-1/creeper/creeper_11_verde/model.config
[1.551s] -- Up-to-date: /home/borg/colcon_ws/install/turtlebot3_gazebo/share/turtlebot3_gazebo//models/pista23-1/creeper/creeper_11_verde/model.sdf
[1.551s] -- Up-to-date: /home/borg/colcon_ws/install/turtlebot3_gazebo/share/turtlebot3_gazebo//models/pista23-1/creeper/creeper_11_vermelho
[1.552s] -- Up-to-date: /home/borg/colcon_ws/install/turtlebot3_gazebo/share/turtlebot3_gazebo//models/pista23-1/creeper/creeper_11_vermelho/materials
[1.552s] -- Up-to-date: /home/borg/colcon_ws/install/turtlebot3_gazebo/share/turtlebot3_gazebo//models/pista23-1/creeper/creeper_11_vermelho/materials/scripts
[1.553s] -- Up-to-date: /home/borg/colcon_ws/install/turtlebot3_gazebo/share/turtlebot3_gazebo//models/pista23-1/creeper/creeper_11_vermelho/materials/scripts/creeper.material
[1.553s] -- Up-to-date: /home/borg/colcon_ws/install/turtlebot3_gazebo/share/turtlebot3_gazebo//models/pista23-1/creeper/creeper_11_vermelho/materials/textures
[1.553s] -- Up-to-date: /home/borg/colcon_ws/install/turtlebot3_gazebo/share/turtlebot3_gazebo//models/pista23-1/creeper/creeper_11_vermelho/materials/textures/MarkerData.png
[1.554s] -- Up-to-date: /home/borg/colcon_ws/install/turtlebot3_gazebo/share/turtlebot3_gazebo//models/pista23-1/creeper/creeper_11_vermelho/materials/textures/MarkerData.png.001.png
[1.554s] -- Up-to-date: /home/borg/colcon_ws/install/turtlebot3_gazebo/share/turtlebot3_gazebo//models/pista23-1/creeper/creeper_11_vermelho/materials/textures/MarkerData.png.001.png_old
[1.554s] -- Up-to-date: /home/borg/colcon_ws/install/turtlebot3_gazebo/share/turtlebot3_gazebo//models/pista23-1/creeper/creeper_11_vermelho/materials/textures/MarkerData.png_old
[1.554s] -- Up-to-date: /home/borg/colcon_ws/install/turtlebot3_gazebo/share/turtlebot3_gazebo//models/pista23-1/creeper/creeper_11_vermelho/materials/textures/creeper.dae
[1.555s] -- Up-to-date: /home/borg/colcon_ws/install/turtlebot3_gazebo/share/turtlebot3_gazebo//models/pista23-1/creeper/creeper_11_vermelho/model.config
[1.555s] -- Up-to-date: /home/borg/colcon_ws/install/turtlebot3_gazebo/share/turtlebot3_gazebo//models/pista23-1/creeper/creeper_11_vermelho/model.sdf
[1.555s] -- Up-to-date: /home/borg/colcon_ws/install/turtlebot3_gazebo/share/turtlebot3_gazebo//models/pista23-1/creeper/creeper_12
[1.556s] -- Up-to-date: /home/borg/colcon_ws/install/turtlebot3_gazebo/share/turtlebot3_gazebo//models/pista23-1/creeper/creeper_12/materials
[1.556s] -- Up-to-date: /home/borg/colcon_ws/install/turtlebot3_gazebo/share/turtlebot3_gazebo//models/pista23-1/creeper/creeper_12/materials/scripts
[1.556s] -- Up-to-date: /home/borg/colcon_ws/install/turtlebot3_gazebo/share/turtlebot3_gazebo//models/pista23-1/creeper/creeper_12/materials/scripts/creeper.material
[1.556s] -- Up-to-date: /home/borg/colcon_ws/install/turtlebot3_gazebo/share/turtlebot3_gazebo//models/pista23-1/creeper/creeper_12/materials/textures
[1.557s] -- Up-to-date: /home/borg/colcon_ws/install/turtlebot3_gazebo/share/turtlebot3_gazebo//models/pista23-1/creeper/creeper_12/materials/textures/MarkerData.png
[1.557s] -- Up-to-date: /home/borg/colcon_ws/install/turtlebot3_gazebo/share/turtlebot3_gazebo//models/pista23-1/creeper/creeper_12/materials/textures/MarkerData.png.001.png
[1.557s] -- Up-to-date: /home/borg/colcon_ws/install/turtlebot3_gazebo/share/turtlebot3_gazebo//models/pista23-1/creeper/creeper_12/materials/textures/creeper.dae
[1.558s] -- Up-to-date: /home/borg/colcon_ws/install/turtlebot3_gazebo/share/turtlebot3_gazebo//models/pista23-1/creeper/creeper_12/model.config
[1.558s] -- Up-to-date: /home/borg/colcon_ws/install/turtlebot3_gazebo/share/turtlebot3_gazebo//models/pista23-1/creeper/creeper_12/model.sdf
[1.558s] -- Up-to-date: /home/borg/colcon_ws/install/turtlebot3_gazebo/share/turtlebot3_gazebo//models/pista23-1/creeper/creeper_12_rosa
[1.558s] -- Up-to-date: /home/borg/colcon_ws/install/turtlebot3_gazebo/share/turtlebot3_gazebo//models/pista23-1/creeper/creeper_12_rosa/materials
[1.559s] -- Up-to-date: /home/borg/colcon_ws/install/turtlebot3_gazebo/share/turtlebot3_gazebo//models/pista23-1/creeper/creeper_12_rosa/materials/scripts
[1.559s] -- Up-to-date: /home/borg/colcon_ws/install/turtlebot3_gazebo/share/turtlebot3_gazebo//models/pista23-1/creeper/creeper_12_rosa/materials/scripts/creeper.material
[1.559s] -- Up-to-date: /home/borg/colcon_ws/install/turtlebot3_gazebo/share/turtlebot3_gazebo//models/pista23-1/creeper/creeper_12_rosa/materials/textures
[1.559s] -- Up-to-date: /home/borg/colcon_ws/install/turtlebot3_gazebo/share/turtlebot3_gazebo//models/pista23-1/creeper/creeper_12_rosa/materials/textures/MarkerData.png
[1.559s] -- Up-to-date: /home/borg/colcon_ws/install/turtlebot3_gazebo/share/turtlebot3_gazebo//models/pista23-1/creeper/creeper_12_rosa/materials/textures/MarkerData.png.001.png
[1.560s] -- Up-to-date: /home/borg/colcon_ws/install/turtlebot3_gazebo/share/turtlebot3_gazebo//models/pista23-1/creeper/creeper_12_rosa/materials/textures/creeper.dae
[1.560s] -- Up-to-date: /home/borg/colcon_ws/install/turtlebot3_gazebo/share/turtlebot3_gazebo//models/pista23-1/creeper/creeper_12_rosa/model.config
[1.560s] -- Up-to-date: /home/borg/colcon_ws/install/turtlebot3_gazebo/share/turtlebot3_gazebo//models/pista23-1/creeper/creeper_12_rosa/model.sdf
[1.560s] -- Up-to-date: /home/borg/colcon_ws/install/turtlebot3_gazebo/share/turtlebot3_gazebo//models/pista23-1/creeper/creeper_12_verde
[1.561s] -- Up-to-date: /home/borg/colcon_ws/install/turtlebot3_gazebo/share/turtlebot3_gazebo//models/pista23-1/creeper/creeper_12_verde/materials
[1.561s] -- Up-to-date: /home/borg/colcon_ws/install/turtlebot3_gazebo/share/turtlebot3_gazebo//models/pista23-1/creeper/creeper_12_verde/materials/scripts
[1.561s] -- Up-to-date: /home/borg/colcon_ws/install/turtlebot3_gazebo/share/turtlebot3_gazebo//models/pista23-1/creeper/creeper_12_verde/materials/scripts/creeper.material
[1.562s] -- Up-to-date: /home/borg/colcon_ws/install/turtlebot3_gazebo/share/turtlebot3_gazebo//models/pista23-1/creeper/creeper_12_verde/materials/textures
[1.562s] -- Up-to-date: /home/borg/colcon_ws/install/turtlebot3_gazebo/share/turtlebot3_gazebo//models/pista23-1/creeper/creeper_12_verde/materials/textures/MarkerData.png
[1.562s] -- Up-to-date: /home/borg/colcon_ws/install/turtlebot3_gazebo/share/turtlebot3_gazebo//models/pista23-1/creeper/creeper_12_verde/materials/textures/MarkerData.png.001.png
[1.562s] -- Up-to-date: /home/borg/colcon_ws/install/turtlebot3_gazebo/share/turtlebot3_gazebo//models/pista23-1/creeper/creeper_12_verde/materials/textures/creeper.dae
[1.563s] -- Up-to-date: /home/borg/colcon_ws/install/turtlebot3_gazebo/share/turtlebot3_gazebo//models/pista23-1/creeper/creeper_12_verde/model.config
[1.563s] -- Up-to-date: /home/borg/colcon_ws/install/turtlebot3_gazebo/share/turtlebot3_gazebo//models/pista23-1/creeper/creeper_12_verde/model.sdf
[1.563s] -- Up-to-date: /home/borg/colcon_ws/install/turtlebot3_gazebo/share/turtlebot3_gazebo//models/pista23-1/creeper/creeper_21_vermelho
[1.563s] -- Up-to-date: /home/borg/colcon_ws/install/turtlebot3_gazebo/share/turtlebot3_gazebo//models/pista23-1/creeper/creeper_21_vermelho/materials
[1.564s] -- Up-to-date: /home/borg/colcon_ws/install/turtlebot3_gazebo/share/turtlebot3_gazebo//models/pista23-1/creeper/creeper_21_vermelho/materials/scripts
[1.564s] -- Up-to-date: /home/borg/colcon_ws/install/turtlebot3_gazebo/share/turtlebot3_gazebo//models/pista23-1/creeper/creeper_21_vermelho/materials/scripts/creeper.material
[1.564s] -- Up-to-date: /home/borg/colcon_ws/install/turtlebot3_gazebo/share/turtlebot3_gazebo//models/pista23-1/creeper/creeper_21_vermelho/materials/textures
[1.564s] -- Up-to-date: /home/borg/colcon_ws/install/turtlebot3_gazebo/share/turtlebot3_gazebo//models/pista23-1/creeper/creeper_21_vermelho/materials/textures/MarkerData.png
[1.564s] -- Up-to-date: /home/borg/colcon_ws/install/turtlebot3_gazebo/share/turtlebot3_gazebo//models/pista23-1/creeper/creeper_21_vermelho/materials/textures/MarkerData.png.001.png
[1.565s] -- Up-to-date: /home/borg/colcon_ws/install/turtlebot3_gazebo/share/turtlebot3_gazebo//models/pista23-1/creeper/creeper_21_vermelho/materials/textures/MarkerData.png.001.png_old
[1.565s] -- Up-to-date: /home/borg/colcon_ws/install/turtlebot3_gazebo/share/turtlebot3_gazebo//models/pista23-1/creeper/creeper_21_vermelho/materials/textures/MarkerData.png_old
[1.565s] -- Up-to-date: /home/borg/colcon_ws/install/turtlebot3_gazebo/share/turtlebot3_gazebo//models/pista23-1/creeper/creeper_21_vermelho/materials/textures/creeper.dae
[1.565s] -- Up-to-date: /home/borg/colcon_ws/install/turtlebot3_gazebo/share/turtlebot3_gazebo//models/pista23-1/creeper/creeper_21_vermelho/model.config
[1.566s] -- Up-to-date: /home/borg/colcon_ws/install/turtlebot3_gazebo/share/turtlebot3_gazebo//models/pista23-1/creeper/creeper_21_vermelho/model.sdf
[1.566s] -- Up-to-date: /home/borg/colcon_ws/install/turtlebot3_gazebo/share/turtlebot3_gazebo//models/pista23-1/mesa
[1.566s] -- Up-to-date: /home/borg/colcon_ws/install/turtlebot3_gazebo/share/turtlebot3_gazebo//models/pista23-1/mesa/mesa_02
[1.566s] -- Up-to-date: /home/borg/colcon_ws/install/turtlebot3_gazebo/share/turtlebot3_gazebo//models/pista23-1/mesa/mesa_02/model.config
[1.567s] -- Up-to-date: /home/borg/colcon_ws/install/turtlebot3_gazebo/share/turtlebot3_gazebo//models/pista23-1/mesa/mesa_02/model.sdf
[1.567s] -- Up-to-date: /home/borg/colcon_ws/install/turtlebot3_gazebo/share/turtlebot3_gazebo//models/pista23-1/mesa/mesa_03
[1.567s] -- Up-to-date: /home/borg/colcon_ws/install/turtlebot3_gazebo/share/turtlebot3_gazebo//models/pista23-1/mesa/mesa_03/model.config
[1.569s] -- Up-to-date: /home/borg/colcon_ws/install/turtlebot3_gazebo/share/turtlebot3_gazebo//models/pista23-1/mesa/mesa_03/model.sdf
[1.569s] -- Up-to-date: /home/borg/colcon_ws/install/turtlebot3_gazebo/share/turtlebot3_gazebo//models/pista23-1/mesa/mesa_04
[1.569s] -- Up-to-date: /home/borg/colcon_ws/install/turtlebot3_gazebo/share/turtlebot3_gazebo//models/pista23-1/mesa/mesa_04/model.config
[1.570s] -- Up-to-date: /home/borg/colcon_ws/install/turtlebot3_gazebo/share/turtlebot3_gazebo//models/pista23-1/mesa/mesa_04/model.sdf
[1.570s] -- Up-to-date: /home/borg/colcon_ws/install/turtlebot3_gazebo/share/turtlebot3_gazebo//models/pista23-1/mesa/mesa_05
[1.570s] -- Up-to-date: /home/borg/colcon_ws/install/turtlebot3_gazebo/share/turtlebot3_gazebo//models/pista23-1/mesa/mesa_05/model.config
[1.570s] -- Up-to-date: /home/borg/colcon_ws/install/turtlebot3_gazebo/share/turtlebot3_gazebo//models/pista23-1/mesa/mesa_05/model.sdf
[1.570s] -- Up-to-date: /home/borg/colcon_ws/install/turtlebot3_gazebo/share/turtlebot3_gazebo//models/pista23-1/mesa/mesa_1
[1.571s] -- Up-to-date: /home/borg/colcon_ws/install/turtlebot3_gazebo/share/turtlebot3_gazebo//models/pista23-1/mesa/mesa_1/model.config
[1.571s] -- Up-to-date: /home/borg/colcon_ws/install/turtlebot3_gazebo/share/turtlebot3_gazebo//models/pista23-1/mesa/mesa_1/model.sdf
[1.571s] -- Up-to-date: /home/borg/colcon_ws/install/turtlebot3_gazebo/share/turtlebot3_gazebo//models/pista23-1/objeto
[1.571s] -- Up-to-date: /home/borg/colcon_ws/install/turtlebot3_gazebo/share/turtlebot3_gazebo//models/pista23-1/objeto/bicycle
[1.571s] -- Up-to-date: /home/borg/colcon_ws/install/turtlebot3_gazebo/share/turtlebot3_gazebo//models/pista23-1/objeto/bicycle/materials
[1.571s] -- Up-to-date: /home/borg/colcon_ws/install/turtlebot3_gazebo/share/turtlebot3_gazebo//models/pista23-1/objeto/bicycle/materials/scripts
[1.571s] -- Up-to-date: /home/borg/colcon_ws/install/turtlebot3_gazebo/share/turtlebot3_gazebo//models/pista23-1/objeto/bicycle/materials/scripts/bicycle.material
[1.572s] -- Up-to-date: /home/borg/colcon_ws/install/turtlebot3_gazebo/share/turtlebot3_gazebo//models/pista23-1/objeto/bicycle/materials/textures
[1.572s] -- Up-to-date: /home/borg/colcon_ws/install/turtlebot3_gazebo/share/turtlebot3_gazebo//models/pista23-1/objeto/bicycle/materials/textures/bicycle.dae
[1.572s] -- Up-to-date: /home/borg/colcon_ws/install/turtlebot3_gazebo/share/turtlebot3_gazebo//models/pista23-1/objeto/bicycle/materials/textures/bicycle.png
[1.572s] -- Up-to-date: /home/borg/colcon_ws/install/turtlebot3_gazebo/share/turtlebot3_gazebo//models/pista23-1/objeto/bicycle/model.config
[1.573s] -- Up-to-date: /home/borg/colcon_ws/install/turtlebot3_gazebo/share/turtlebot3_gazebo//models/pista23-1/objeto/bicycle/model.sdf
[1.573s] -- Up-to-date: /home/borg/colcon_ws/install/turtlebot3_gazebo/share/turtlebot3_gazebo//models/pista23-1/objeto/bird
[1.573s] -- Up-to-date: /home/borg/colcon_ws/install/turtlebot3_gazebo/share/turtlebot3_gazebo//models/pista23-1/objeto/bird/materials
[1.574s] -- Up-to-date: /home/borg/colcon_ws/install/turtlebot3_gazebo/share/turtlebot3_gazebo//models/pista23-1/objeto/bird/materials/scripts
[1.574s] -- Up-to-date: /home/borg/colcon_ws/install/turtlebot3_gazebo/share/turtlebot3_gazebo//models/pista23-1/objeto/bird/materials/scripts/bird.material
[1.574s] -- Up-to-date: /home/borg/colcon_ws/install/turtlebot3_gazebo/share/turtlebot3_gazebo//models/pista23-1/objeto/bird/materials/textures
[1.574s] -- Up-to-date: /home/borg/colcon_ws/install/turtlebot3_gazebo/share/turtlebot3_gazebo//models/pista23-1/objeto/bird/materials/textures/bird.dae
[1.574s] -- Up-to-date: /home/borg/colcon_ws/install/turtlebot3_gazebo/share/turtlebot3_gazebo//models/pista23-1/objeto/bird/materials/textures/bird.png
[1.575s] -- Up-to-date: /home/borg/colcon_ws/install/turtlebot3_gazebo/share/turtlebot3_gazebo//models/pista23-1/objeto/bird/model.config
[1.575s] -- Up-to-date: /home/borg/colcon_ws/install/turtlebot3_gazebo/share/turtlebot3_gazebo//models/pista23-1/objeto/bird/model.sdf
[1.575s] -- Up-to-date: /home/borg/colcon_ws/install/turtlebot3_gazebo/share/turtlebot3_gazebo//models/pista23-1/objeto/caixa_azul
[1.575s] -- Up-to-date: /home/borg/colcon_ws/install/turtlebot3_gazebo/share/turtlebot3_gazebo//models/pista23-1/objeto/caixa_azul/model.config
[1.576s] -- Up-to-date: /home/borg/colcon_ws/install/turtlebot3_gazebo/share/turtlebot3_gazebo//models/pista23-1/objeto/caixa_azul/model.sdf
[1.576s] -- Up-to-date: /home/borg/colcon_ws/install/turtlebot3_gazebo/share/turtlebot3_gazebo//models/pista23-1/objeto/caixa_vermelha_01
[1.576s] -- Up-to-date: /home/borg/colcon_ws/install/turtlebot3_gazebo/share/turtlebot3_gazebo//models/pista23-1/objeto/caixa_vermelha_01/model.config
[1.577s] -- Up-to-date: /home/borg/colcon_ws/install/turtlebot3_gazebo/share/turtlebot3_gazebo//models/pista23-1/objeto/caixa_vermelha_01/model.sdf
[1.577s] -- Up-to-date: /home/borg/colcon_ws/install/turtlebot3_gazebo/share/turtlebot3_gazebo//models/pista23-1/objeto/caixa_vermelha_02
[1.577s] -- Up-to-date: /home/borg/colcon_ws/install/turtlebot3_gazebo/share/turtlebot3_gazebo//models/pista23-1/objeto/caixa_vermelha_02/model.config
[1.577s] -- Up-to-date: /home/borg/colcon_ws/install/turtlebot3_gazebo/share/turtlebot3_gazebo//models/pista23-1/objeto/caixa_vermelha_02/model.sdf
[1.578s] -- Up-to-date: /home/borg/colcon_ws/install/turtlebot3_gazebo/share/turtlebot3_gazebo//models/pista23-1/objeto/cat
[1.578s] -- Up-to-date: /home/borg/colcon_ws/install/turtlebot3_gazebo/share/turtlebot3_gazebo//models/pista23-1/objeto/cat/materials
[1.579s] -- Up-to-date: /home/borg/colcon_ws/install/turtlebot3_gazebo/share/turtlebot3_gazebo//models/pista23-1/objeto/cat/materials/scripts
[1.579s] -- Up-to-date: /home/borg/colcon_ws/install/turtlebot3_gazebo/share/turtlebot3_gazebo//models/pista23-1/objeto/cat/materials/scripts/cat.material
[1.579s] -- Up-to-date: /home/borg/colcon_ws/install/turtlebot3_gazebo/share/turtlebot3_gazebo//models/pista23-1/objeto/cat/materials/textures
[1.579s] -- Up-to-date: /home/borg/colcon_ws/install/turtlebot3_gazebo/share/turtlebot3_gazebo//models/pista23-1/objeto/cat/materials/textures/cat.dae
[1.580s] -- Up-to-date: /home/borg/colcon_ws/install/turtlebot3_gazebo/share/turtlebot3_gazebo//models/pista23-1/objeto/cat/materials/textures/cat.png
[1.580s] -- Up-to-date: /home/borg/colcon_ws/install/turtlebot3_gazebo/share/turtlebot3_gazebo//models/pista23-1/objeto/cat/model.config
[1.580s] -- Up-to-date: /home/borg/colcon_ws/install/turtlebot3_gazebo/share/turtlebot3_gazebo//models/pista23-1/objeto/cat/model.sdf
[1.580s] -- Up-to-date: /home/borg/colcon_ws/install/turtlebot3_gazebo/share/turtlebot3_gazebo//models/pista23-1/objeto/dog
[1.581s] -- Up-to-date: /home/borg/colcon_ws/install/turtlebot3_gazebo/share/turtlebot3_gazebo//models/pista23-1/objeto/dog/materials
[1.581s] -- Up-to-date: /home/borg/colcon_ws/install/turtlebot3_gazebo/share/turtlebot3_gazebo//models/pista23-1/objeto/dog/materials/scripts
[1.581s] -- Up-to-date: /home/borg/colcon_ws/install/turtlebot3_gazebo/share/turtlebot3_gazebo//models/pista23-1/objeto/dog/materials/scripts/dog.material
[1.581s] -- Up-to-date: /home/borg/colcon_ws/install/turtlebot3_gazebo/share/turtlebot3_gazebo//models/pista23-1/objeto/dog/materials/textures
[1.582s] -- Up-to-date: /home/borg/colcon_ws/install/turtlebot3_gazebo/share/turtlebot3_gazebo//models/pista23-1/objeto/dog/materials/textures/dog.dae
[1.582s] -- Up-to-date: /home/borg/colcon_ws/install/turtlebot3_gazebo/share/turtlebot3_gazebo//models/pista23-1/objeto/dog/materials/textures/dog.png
[1.582s] -- Up-to-date: /home/borg/colcon_ws/install/turtlebot3_gazebo/share/turtlebot3_gazebo//models/pista23-1/objeto/dog/model.config
[1.582s] -- Up-to-date: /home/borg/colcon_ws/install/turtlebot3_gazebo/share/turtlebot3_gazebo//models/pista23-1/objeto/dog/model.sdf
[1.582s] -- Up-to-date: /home/borg/colcon_ws/install/turtlebot3_gazebo/share/turtlebot3_gazebo//models/pista23-1/objeto/horse
[1.583s] -- Up-to-date: /home/borg/colcon_ws/install/turtlebot3_gazebo/share/turtlebot3_gazebo//models/pista23-1/objeto/horse/materials
[1.583s] -- Up-to-date: /home/borg/colcon_ws/install/turtlebot3_gazebo/share/turtlebot3_gazebo//models/pista23-1/objeto/horse/materials/scripts
[1.583s] -- Up-to-date: /home/borg/colcon_ws/install/turtlebot3_gazebo/share/turtlebot3_gazebo//models/pista23-1/objeto/horse/materials/scripts/horse.material
[1.584s] -- Up-to-date: /home/borg/colcon_ws/install/turtlebot3_gazebo/share/turtlebot3_gazebo//models/pista23-1/objeto/horse/materials/textures
[1.584s] -- Up-to-date: /home/borg/colcon_ws/install/turtlebot3_gazebo/share/turtlebot3_gazebo//models/pista23-1/objeto/horse/materials/textures/horse.png
[1.584s] -- Up-to-date: /home/borg/colcon_ws/install/turtlebot3_gazebo/share/turtlebot3_gazebo//models/pista23-1/objeto/horse/model.config
[1.584s] -- Up-to-date: /home/borg/colcon_ws/install/turtlebot3_gazebo/share/turtlebot3_gazebo//models/pista23-1/objeto/horse/model.sdf
[1.584s] -- Up-to-date: /home/borg/colcon_ws/install/turtlebot3_gazebo/share/turtlebot3_gazebo//models/pista23-1/parede
[1.585s] -- Up-to-date: /home/borg/colcon_ws/install/turtlebot3_gazebo/share/turtlebot3_gazebo//models/pista23-1/parede/model.config
[1.585s] -- Up-to-date: /home/borg/colcon_ws/install/turtlebot3_gazebo/share/turtlebot3_gazebo//models/pista23-1/parede/model.sdf
[1.585s] -- Up-to-date: /home/borg/colcon_ws/install/turtlebot3_gazebo/share/turtlebot3_gazebo//models/pista23-1/pisosala
[1.585s] -- Up-to-date: /home/borg/colcon_ws/install/turtlebot3_gazebo/share/turtlebot3_gazebo//models/pista23-1/pisosala/materials
[1.586s] -- Up-to-date: /home/borg/colcon_ws/install/turtlebot3_gazebo/share/turtlebot3_gazebo//models/pista23-1/pisosala/materials/scripts
[1.586s] -- Up-to-date: /home/borg/colcon_ws/install/turtlebot3_gazebo/share/turtlebot3_gazebo//models/pista23-1/pisosala/materials/scripts/pisosala.material
[1.586s] -- Up-to-date: /home/borg/colcon_ws/install/turtlebot3_gazebo/share/turtlebot3_gazebo//models/pista23-1/pisosala/materials/textures
[1.586s] -- Up-to-date: /home/borg/colcon_ws/install/turtlebot3_gazebo/share/turtlebot3_gazebo//models/pista23-1/pisosala/materials/textures/pisosala - antigo.png
[1.587s] -- Up-to-date: /home/borg/colcon_ws/install/turtlebot3_gazebo/share/turtlebot3_gazebo//models/pista23-1/pisosala/materials/textures/pisosala.png
[1.587s] -- Up-to-date: /home/borg/colcon_ws/install/turtlebot3_gazebo/share/turtlebot3_gazebo//models/pista23-1/pisosala/materials/textures/pisosala_cuenca.png
[1.587s] -- Up-to-date: /home/borg/colcon_ws/install/turtlebot3_gazebo/share/turtlebot3_gazebo//models/pista23-1/pisosala/model.config
[1.587s] -- Up-to-date: /home/borg/colcon_ws/install/turtlebot3_gazebo/share/turtlebot3_gazebo//models/pista23-1/pisosala/model.sdf
[1.587s] -- Up-to-date: /home/borg/colcon_ws/install/turtlebot3_gazebo/share/turtlebot3_gazebo//models/pista23-B
[1.588s] -- Up-to-date: /home/borg/colcon_ws/install/turtlebot3_gazebo/share/turtlebot3_gazebo//models/pista23-B/creeper
[1.588s] -- Up-to-date: /home/borg/colcon_ws/install/turtlebot3_gazebo/share/turtlebot3_gazebo//models/pista23-B/creeper/aruco_100
[1.588s] -- Up-to-date: /home/borg/colcon_ws/install/turtlebot3_gazebo/share/turtlebot3_gazebo//models/pista23-B/creeper/aruco_100/materials
[1.588s] -- Up-to-date: /home/borg/colcon_ws/install/turtlebot3_gazebo/share/turtlebot3_gazebo//models/pista23-B/creeper/aruco_100/materials/scripts
[1.588s] -- Up-to-date: /home/borg/colcon_ws/install/turtlebot3_gazebo/share/turtlebot3_gazebo//models/pista23-B/creeper/aruco_100/materials/scripts/creeper.material
[1.589s] -- Up-to-date: /home/borg/colcon_ws/install/turtlebot3_gazebo/share/turtlebot3_gazebo//models/pista23-B/creeper/aruco_100/materials/textures
[1.589s] -- Up-to-date: /home/borg/colcon_ws/install/turtlebot3_gazebo/share/turtlebot3_gazebo//models/pista23-B/creeper/aruco_100/materials/textures/caixa.dae
[1.589s] -- Up-to-date: /home/borg/colcon_ws/install/turtlebot3_gazebo/share/turtlebot3_gazebo//models/pista23-B/creeper/aruco_100/materials/textures/caixa.png
[1.590s] -- Up-to-date: /home/borg/colcon_ws/install/turtlebot3_gazebo/share/turtlebot3_gazebo//models/pista23-B/creeper/aruco_100/materials/textures/caixa.png_old
[1.590s] -- Up-to-date: /home/borg/colcon_ws/install/turtlebot3_gazebo/share/turtlebot3_gazebo//models/pista23-B/creeper/aruco_100/model.config
[1.590s] -- Up-to-date: /home/borg/colcon_ws/install/turtlebot3_gazebo/share/turtlebot3_gazebo//models/pista23-B/creeper/aruco_100/model.sdf
[1.591s] -- Up-to-date: /home/borg/colcon_ws/install/turtlebot3_gazebo/share/turtlebot3_gazebo//models/pista23-B/creeper/aruco_150
[1.591s] -- Up-to-date: /home/borg/colcon_ws/install/turtlebot3_gazebo/share/turtlebot3_gazebo//models/pista23-B/creeper/aruco_150/materials
[1.591s] -- Up-to-date: /home/borg/colcon_ws/install/turtlebot3_gazebo/share/turtlebot3_gazebo//models/pista23-B/creeper/aruco_150/materials/scripts
[1.592s] -- Up-to-date: /home/borg/colcon_ws/install/turtlebot3_gazebo/share/turtlebot3_gazebo//models/pista23-B/creeper/aruco_150/materials/scripts/creeper.material
[1.592s] -- Up-to-date: /home/borg/colcon_ws/install/turtlebot3_gazebo/share/turtlebot3_gazebo//models/pista23-B/creeper/aruco_150/materials/textures
[1.593s] -- Up-to-date: /home/borg/colcon_ws/install/turtlebot3_gazebo/share/turtlebot3_gazebo//models/pista23-B/creeper/aruco_150/materials/textures/caixa.dae
[1.593s] -- Up-to-date: /home/borg/colcon_ws/install/turtlebot3_gazebo/share/turtlebot3_gazebo//models/pista23-B/creeper/aruco_150/materials/textures/caixa.png
[1.593s] -- Up-to-date: /home/borg/colcon_ws/install/turtlebot3_gazebo/share/turtlebot3_gazebo//models/pista23-B/creeper/aruco_150/materials/textures/caixa.png_old
[1.593s] -- Up-to-date: /home/borg/colcon_ws/install/turtlebot3_gazebo/share/turtlebot3_gazebo//models/pista23-B/creeper/aruco_150/model.config
[1.594s] -- Up-to-date: /home/borg/colcon_ws/install/turtlebot3_gazebo/share/turtlebot3_gazebo//models/pista23-B/creeper/aruco_150/model.sdf
[1.594s] -- Up-to-date: /home/borg/colcon_ws/install/turtlebot3_gazebo/share/turtlebot3_gazebo//models/pista23-B/creeper/aruco_25
[1.594s] -- Up-to-date: /home/borg/colcon_ws/install/turtlebot3_gazebo/share/turtlebot3_gazebo//models/pista23-B/creeper/aruco_25/materials
[1.594s] -- Up-to-date: /home/borg/colcon_ws/install/turtlebot3_gazebo/share/turtlebot3_gazebo//models/pista23-B/creeper/aruco_25/materials/scripts
[1.595s] -- Up-to-date: /home/borg/colcon_ws/install/turtlebot3_gazebo/share/turtlebot3_gazebo//models/pista23-B/creeper/aruco_25/materials/scripts/creeper.material
[1.595s] -- Up-to-date: /home/borg/colcon_ws/install/turtlebot3_gazebo/share/turtlebot3_gazebo//models/pista23-B/creeper/aruco_25/materials/textures
[1.595s] -- Up-to-date: /home/borg/colcon_ws/install/turtlebot3_gazebo/share/turtlebot3_gazebo//models/pista23-B/creeper/aruco_25/materials/textures/caixa.dae
[1.596s] -- Up-to-date: /home/borg/colcon_ws/install/turtlebot3_gazebo/share/turtlebot3_gazebo//models/pista23-B/creeper/aruco_25/materials/textures/caixa.png
[1.597s] -- Up-to-date: /home/borg/colcon_ws/install/turtlebot3_gazebo/share/turtlebot3_gazebo//models/pista23-B/creeper/aruco_25/materials/textures/caixa.png_old
[1.597s] -- Up-to-date: /home/borg/colcon_ws/install/turtlebot3_gazebo/share/turtlebot3_gazebo//models/pista23-B/creeper/aruco_25/model.config
[1.598s] -- Up-to-date: /home/borg/colcon_ws/install/turtlebot3_gazebo/share/turtlebot3_gazebo//models/pista23-B/creeper/aruco_25/model.sdf
[1.598s] -- Up-to-date: /home/borg/colcon_ws/install/turtlebot3_gazebo/share/turtlebot3_gazebo//models/pista23-B/creeper/aruco_250
[1.598s] -- Up-to-date: /home/borg/colcon_ws/install/turtlebot3_gazebo/share/turtlebot3_gazebo//models/pista23-B/creeper/aruco_250/materials
[1.598s] -- Up-to-date: /home/borg/colcon_ws/install/turtlebot3_gazebo/share/turtlebot3_gazebo//models/pista23-B/creeper/aruco_250/materials/scripts
[1.599s] -- Up-to-date: /home/borg/colcon_ws/install/turtlebot3_gazebo/share/turtlebot3_gazebo//models/pista23-B/creeper/aruco_250/materials/scripts/creeper.material
[1.599s] -- Up-to-date: /home/borg/colcon_ws/install/turtlebot3_gazebo/share/turtlebot3_gazebo//models/pista23-B/creeper/aruco_250/materials/textures
[1.599s] -- Up-to-date: /home/borg/colcon_ws/install/turtlebot3_gazebo/share/turtlebot3_gazebo//models/pista23-B/creeper/aruco_250/materials/textures/caixa.dae
[1.600s] -- Up-to-date: /home/borg/colcon_ws/install/turtlebot3_gazebo/share/turtlebot3_gazebo//models/pista23-B/creeper/aruco_250/materials/textures/caixa.png
[1.600s] -- Up-to-date: /home/borg/colcon_ws/install/turtlebot3_gazebo/share/turtlebot3_gazebo//models/pista23-B/creeper/aruco_250/materials/textures/caixa.png_old
[1.600s] -- Up-to-date: /home/borg/colcon_ws/install/turtlebot3_gazebo/share/turtlebot3_gazebo//models/pista23-B/creeper/aruco_250/model.config
[1.601s] -- Up-to-date: /home/borg/colcon_ws/install/turtlebot3_gazebo/share/turtlebot3_gazebo//models/pista23-B/creeper/aruco_250/model.sdf
[1.601s] -- Up-to-date: /home/borg/colcon_ws/install/turtlebot3_gazebo/share/turtlebot3_gazebo//models/pista23-B/creeper/creeper_11_azul
[1.602s] -- Up-to-date: /home/borg/colcon_ws/install/turtlebot3_gazebo/share/turtlebot3_gazebo//models/pista23-B/creeper/creeper_11_azul/materials
[1.602s] -- Up-to-date: /home/borg/colcon_ws/install/turtlebot3_gazebo/share/turtlebot3_gazebo//models/pista23-B/creeper/creeper_11_azul/materials/scripts
[1.603s] -- Up-to-date: /home/borg/colcon_ws/install/turtlebot3_gazebo/share/turtlebot3_gazebo//models/pista23-B/creeper/creeper_11_azul/materials/scripts/creeper.material
[1.603s] -- Up-to-date: /home/borg/colcon_ws/install/turtlebot3_gazebo/share/turtlebot3_gazebo//models/pista23-B/creeper/creeper_11_azul/materials/textures
[1.603s] -- Up-to-date: /home/borg/colcon_ws/install/turtlebot3_gazebo/share/turtlebot3_gazebo//models/pista23-B/creeper/creeper_11_azul/materials/textures/MarkerData.png
[1.603s] -- Up-to-date: /home/borg/colcon_ws/install/turtlebot3_gazebo/share/turtlebot3_gazebo//models/pista23-B/creeper/creeper_11_azul/materials/textures/MarkerData.png.001.png
[1.604s] -- Up-to-date: /home/borg/colcon_ws/install/turtlebot3_gazebo/share/turtlebot3_gazebo//models/pista23-B/creeper/creeper_11_azul/materials/textures/creeper.dae
[1.605s] -- Up-to-date: /home/borg/colcon_ws/install/turtlebot3_gazebo/share/turtlebot3_gazebo//models/pista23-B/creeper/creeper_11_azul/model.sdf
[1.605s] -- Up-to-date: /home/borg/colcon_ws/install/turtlebot3_gazebo/share/turtlebot3_gazebo//models/pista23-B/creeper/creeper_11_azul/model.config
[1.605s] -- Up-to-date: /home/borg/colcon_ws/install/turtlebot3_gazebo/share/turtlebot3_gazebo//models/pista23-B/creeper/creeper_13_verde
[1.606s] -- Up-to-date: /home/borg/colcon_ws/install/turtlebot3_gazebo/share/turtlebot3_gazebo//models/pista23-B/creeper/creeper_13_verde/materials
[1.606s] -- Up-to-date: /home/borg/colcon_ws/install/turtlebot3_gazebo/share/turtlebot3_gazebo//models/pista23-B/creeper/creeper_13_verde/materials/scripts
[1.607s] -- Up-to-date: /home/borg/colcon_ws/install/turtlebot3_gazebo/share/turtlebot3_gazebo//models/pista23-B/creeper/creeper_13_verde/materials/scripts/creeper.material
[1.607s] -- Up-to-date: /home/borg/colcon_ws/install/turtlebot3_gazebo/share/turtlebot3_gazebo//models/pista23-B/creeper/creeper_13_verde/materials/textures
[1.607s] -- Up-to-date: /home/borg/colcon_ws/install/turtlebot3_gazebo/share/turtlebot3_gazebo//models/pista23-B/creeper/creeper_13_verde/materials/textures/MarkerData.png
[1.608s] -- Up-to-date: /home/borg/colcon_ws/install/turtlebot3_gazebo/share/turtlebot3_gazebo//models/pista23-B/creeper/creeper_13_verde/materials/textures/MarkerData.png.001.png
[1.608s] -- Up-to-date: /home/borg/colcon_ws/install/turtlebot3_gazebo/share/turtlebot3_gazebo//models/pista23-B/creeper/creeper_13_verde/materials/textures/MarkerData.png.001.png_old
[1.609s] -- Up-to-date: /home/borg/colcon_ws/install/turtlebot3_gazebo/share/turtlebot3_gazebo//models/pista23-B/creeper/creeper_13_verde/materials/textures/MarkerData.png_old
[1.609s] -- Up-to-date: /home/borg/colcon_ws/install/turtlebot3_gazebo/share/turtlebot3_gazebo//models/pista23-B/creeper/creeper_13_verde/materials/textures/creeper.dae
[1.610s] -- Up-to-date: /home/borg/colcon_ws/install/turtlebot3_gazebo/share/turtlebot3_gazebo//models/pista23-B/creeper/creeper_13_verde/model.sdf
[1.610s] -- Up-to-date: /home/borg/colcon_ws/install/turtlebot3_gazebo/share/turtlebot3_gazebo//models/pista23-B/creeper/creeper_13_verde/model.config
[1.610s] -- Up-to-date: /home/borg/colcon_ws/install/turtlebot3_gazebo/share/turtlebot3_gazebo//models/pista23-B/creeper/creeper_21_azul
[1.611s] -- Up-to-date: /home/borg/colcon_ws/install/turtlebot3_gazebo/share/turtlebot3_gazebo//models/pista23-B/creeper/creeper_21_azul/materials
[1.611s] -- Up-to-date: /home/borg/colcon_ws/install/turtlebot3_gazebo/share/turtlebot3_gazebo//models/pista23-B/creeper/creeper_21_azul/materials/scripts
[1.611s] -- Up-to-date: /home/borg/colcon_ws/install/turtlebot3_gazebo/share/turtlebot3_gazebo//models/pista23-B/creeper/creeper_21_azul/materials/scripts/creeper.material
[1.612s] -- Up-to-date: /home/borg/colcon_ws/install/turtlebot3_gazebo/share/turtlebot3_gazebo//models/pista23-B/creeper/creeper_21_azul/materials/textures
[1.612s] -- Up-to-date: /home/borg/colcon_ws/install/turtlebot3_gazebo/share/turtlebot3_gazebo//models/pista23-B/creeper/creeper_21_azul/materials/textures/MarkerData.png
[1.612s] -- Up-to-date: /home/borg/colcon_ws/install/turtlebot3_gazebo/share/turtlebot3_gazebo//models/pista23-B/creeper/creeper_21_azul/materials/textures/MarkerData.png.001.png
[1.613s] -- Up-to-date: /home/borg/colcon_ws/install/turtlebot3_gazebo/share/turtlebot3_gazebo//models/pista23-B/creeper/creeper_21_azul/materials/textures/creeper.dae
[1.613s] -- Up-to-date: /home/borg/colcon_ws/install/turtlebot3_gazebo/share/turtlebot3_gazebo//models/pista23-B/creeper/creeper_21_azul/model.sdf
[1.613s] -- Up-to-date: /home/borg/colcon_ws/install/turtlebot3_gazebo/share/turtlebot3_gazebo//models/pista23-B/creeper/creeper_21_azul/model.config
[1.613s] -- Up-to-date: /home/borg/colcon_ws/install/turtlebot3_gazebo/share/turtlebot3_gazebo//models/pista23-B/creeper/creeper_32_verde
[1.614s] -- Up-to-date: /home/borg/colcon_ws/install/turtlebot3_gazebo/share/turtlebot3_gazebo//models/pista23-B/creeper/creeper_32_verde/materials
[1.614s] -- Up-to-date: /home/borg/colcon_ws/install/turtlebot3_gazebo/share/turtlebot3_gazebo//models/pista23-B/creeper/creeper_32_verde/materials/scripts
[1.614s] -- Up-to-date: /home/borg/colcon_ws/install/turtlebot3_gazebo/share/turtlebot3_gazebo//models/pista23-B/creeper/creeper_32_verde/materials/scripts/creeper.material
[1.615s] -- Up-to-date: /home/borg/colcon_ws/install/turtlebot3_gazebo/share/turtlebot3_gazebo//models/pista23-B/creeper/creeper_32_verde/materials/textures
[1.615s] -- Up-to-date: /home/borg/colcon_ws/install/turtlebot3_gazebo/share/turtlebot3_gazebo//models/pista23-B/creeper/creeper_32_verde/materials/textures/MarkerData.png
[1.615s] -- Up-to-date: /home/borg/colcon_ws/install/turtlebot3_gazebo/share/turtlebot3_gazebo//models/pista23-B/creeper/creeper_32_verde/materials/textures/MarkerData.png.001.png
[1.615s] -- Up-to-date: /home/borg/colcon_ws/install/turtlebot3_gazebo/share/turtlebot3_gazebo//models/pista23-B/creeper/creeper_32_verde/materials/textures/creeper.dae
[1.615s] -- Up-to-date: /home/borg/colcon_ws/install/turtlebot3_gazebo/share/turtlebot3_gazebo//models/pista23-B/creeper/creeper_32_verde/model.sdf
[1.615s] -- Up-to-date: /home/borg/colcon_ws/install/turtlebot3_gazebo/share/turtlebot3_gazebo//models/pista23-B/creeper/creeper_32_verde/model.config
[1.616s] -- Up-to-date: /home/borg/colcon_ws/install/turtlebot3_gazebo/share/turtlebot3_gazebo//models/pista23-B/mesa
[1.616s] -- Up-to-date: /home/borg/colcon_ws/install/turtlebot3_gazebo/share/turtlebot3_gazebo//models/pista23-B/mesa/mesa_02
[1.616s] -- Up-to-date: /home/borg/colcon_ws/install/turtlebot3_gazebo/share/turtlebot3_gazebo//models/pista23-B/mesa/mesa_02/model.config
[1.617s] -- Up-to-date: /home/borg/colcon_ws/install/turtlebot3_gazebo/share/turtlebot3_gazebo//models/pista23-B/mesa/mesa_02/model.sdf
[1.617s] -- Up-to-date: /home/borg/colcon_ws/install/turtlebot3_gazebo/share/turtlebot3_gazebo//models/pista23-B/mesa/mesa_03
[1.618s] -- Up-to-date: /home/borg/colcon_ws/install/turtlebot3_gazebo/share/turtlebot3_gazebo//models/pista23-B/mesa/mesa_03/model.config
[1.618s] -- Up-to-date: /home/borg/colcon_ws/install/turtlebot3_gazebo/share/turtlebot3_gazebo//models/pista23-B/mesa/mesa_03/model.sdf
[1.618s] -- Up-to-date: /home/borg/colcon_ws/install/turtlebot3_gazebo/share/turtlebot3_gazebo//models/pista23-B/mesa/mesa_04
[1.618s] -- Up-to-date: /home/borg/colcon_ws/install/turtlebot3_gazebo/share/turtlebot3_gazebo//models/pista23-B/mesa/mesa_04/model.config
[1.619s] -- Up-to-date: /home/borg/colcon_ws/install/turtlebot3_gazebo/share/turtlebot3_gazebo//models/pista23-B/mesa/mesa_04/model.sdf
[1.619s] -- Up-to-date: /home/borg/colcon_ws/install/turtlebot3_gazebo/share/turtlebot3_gazebo//models/pista23-B/mesa/mesa_05
[1.620s] -- Up-to-date: /home/borg/colcon_ws/install/turtlebot3_gazebo/share/turtlebot3_gazebo//models/pista23-B/mesa/mesa_05/model.config
[1.620s] -- Up-to-date: /home/borg/colcon_ws/install/turtlebot3_gazebo/share/turtlebot3_gazebo//models/pista23-B/mesa/mesa_05/model.sdf
[1.620s] -- Up-to-date: /home/borg/colcon_ws/install/turtlebot3_gazebo/share/turtlebot3_gazebo//models/pista23-B/mesa/mesa_1
[1.621s] -- Up-to-date: /home/borg/colcon_ws/install/turtlebot3_gazebo/share/turtlebot3_gazebo//models/pista23-B/mesa/mesa_1/model.config
[1.621s] -- Up-to-date: /home/borg/colcon_ws/install/turtlebot3_gazebo/share/turtlebot3_gazebo//models/pista23-B/mesa/mesa_1/model.sdf
[1.621s] -- Up-to-date: /home/borg/colcon_ws/install/turtlebot3_gazebo/share/turtlebot3_gazebo//models/pista23-B/objeto
[1.622s] -- Up-to-date: /home/borg/colcon_ws/install/turtlebot3_gazebo/share/turtlebot3_gazebo//models/pista23-B/objeto/bicycle
[1.622s] -- Up-to-date: /home/borg/colcon_ws/install/turtlebot3_gazebo/share/turtlebot3_gazebo//models/pista23-B/objeto/bicycle/materials
[1.622s] -- Up-to-date: /home/borg/colcon_ws/install/turtlebot3_gazebo/share/turtlebot3_gazebo//models/pista23-B/objeto/bicycle/materials/scripts
[1.622s] -- Up-to-date: /home/borg/colcon_ws/install/turtlebot3_gazebo/share/turtlebot3_gazebo//models/pista23-B/objeto/bicycle/materials/scripts/bicycle.material
[1.623s] -- Up-to-date: /home/borg/colcon_ws/install/turtlebot3_gazebo/share/turtlebot3_gazebo//models/pista23-B/objeto/bicycle/materials/textures
[1.623s] -- Up-to-date: /home/borg/colcon_ws/install/turtlebot3_gazebo/share/turtlebot3_gazebo//models/pista23-B/objeto/bicycle/materials/textures/bicycle.dae
[1.623s] -- Up-to-date: /home/borg/colcon_ws/install/turtlebot3_gazebo/share/turtlebot3_gazebo//models/pista23-B/objeto/bicycle/materials/textures/bicycle.png
[1.624s] -- Up-to-date: /home/borg/colcon_ws/install/turtlebot3_gazebo/share/turtlebot3_gazebo//models/pista23-B/objeto/bicycle/model.config
[1.624s] -- Up-to-date: /home/borg/colcon_ws/install/turtlebot3_gazebo/share/turtlebot3_gazebo//models/pista23-B/objeto/bicycle/model.sdf
[1.624s] -- Up-to-date: /home/borg/colcon_ws/install/turtlebot3_gazebo/share/turtlebot3_gazebo//models/pista23-B/objeto/bird
[1.624s] -- Up-to-date: /home/borg/colcon_ws/install/turtlebot3_gazebo/share/turtlebot3_gazebo//models/pista23-B/objeto/bird/materials
[1.625s] -- Up-to-date: /home/borg/colcon_ws/install/turtlebot3_gazebo/share/turtlebot3_gazebo//models/pista23-B/objeto/bird/materials/scripts
[1.625s] -- Up-to-date: /home/borg/colcon_ws/install/turtlebot3_gazebo/share/turtlebot3_gazebo//models/pista23-B/objeto/bird/materials/scripts/bird.material
[1.626s] -- Up-to-date: /home/borg/colcon_ws/install/turtlebot3_gazebo/share/turtlebot3_gazebo//models/pista23-B/objeto/bird/materials/textures
[1.628s] -- Up-to-date: /home/borg/colcon_ws/install/turtlebot3_gazebo/share/turtlebot3_gazebo//models/pista23-B/objeto/bird/materials/textures/bird.dae
[1.628s] -- Up-to-date: /home/borg/colcon_ws/install/turtlebot3_gazebo/share/turtlebot3_gazebo//models/pista23-B/objeto/bird/materials/textures/bird.png
[1.628s] -- Up-to-date: /home/borg/colcon_ws/install/turtlebot3_gazebo/share/turtlebot3_gazebo//models/pista23-B/objeto/bird/model.config
[1.629s] -- Up-to-date: /home/borg/colcon_ws/install/turtlebot3_gazebo/share/turtlebot3_gazebo//models/pista23-B/objeto/bird/model.sdf
[1.629s] -- Up-to-date: /home/borg/colcon_ws/install/turtlebot3_gazebo/share/turtlebot3_gazebo//models/pista23-B/objeto/caixa_azul
[1.629s] -- Up-to-date: /home/borg/colcon_ws/install/turtlebot3_gazebo/share/turtlebot3_gazebo//models/pista23-B/objeto/caixa_azul/model.config
[1.629s] -- Up-to-date: /home/borg/colcon_ws/install/turtlebot3_gazebo/share/turtlebot3_gazebo//models/pista23-B/objeto/caixa_azul/model.sdf
[1.629s] -- Up-to-date: /home/borg/colcon_ws/install/turtlebot3_gazebo/share/turtlebot3_gazebo//models/pista23-B/objeto/caixa_vermelha_01
[1.630s] -- Up-to-date: /home/borg/colcon_ws/install/turtlebot3_gazebo/share/turtlebot3_gazebo//models/pista23-B/objeto/caixa_vermelha_01/model.config
[1.630s] -- Up-to-date: /home/borg/colcon_ws/install/turtlebot3_gazebo/share/turtlebot3_gazebo//models/pista23-B/objeto/caixa_vermelha_01/model.sdf
[1.630s] -- Up-to-date: /home/borg/colcon_ws/install/turtlebot3_gazebo/share/turtlebot3_gazebo//models/pista23-B/objeto/caixa_vermelha_02
[1.631s] -- Up-to-date: /home/borg/colcon_ws/install/turtlebot3_gazebo/share/turtlebot3_gazebo//models/pista23-B/objeto/caixa_vermelha_02/model.config
[1.631s] -- Up-to-date: /home/borg/colcon_ws/install/turtlebot3_gazebo/share/turtlebot3_gazebo//models/pista23-B/objeto/caixa_vermelha_02/model.sdf
[1.631s] -- Up-to-date: /home/borg/colcon_ws/install/turtlebot3_gazebo/share/turtlebot3_gazebo//models/pista23-B/objeto/cat
[1.632s] -- Up-to-date: /home/borg/colcon_ws/install/turtlebot3_gazebo/share/turtlebot3_gazebo//models/pista23-B/objeto/cat/materials
[1.632s] -- Up-to-date: /home/borg/colcon_ws/install/turtlebot3_gazebo/share/turtlebot3_gazebo//models/pista23-B/objeto/cat/materials/scripts
[1.632s] -- Up-to-date: /home/borg/colcon_ws/install/turtlebot3_gazebo/share/turtlebot3_gazebo//models/pista23-B/objeto/cat/materials/scripts/cat.material
[1.632s] -- Up-to-date: /home/borg/colcon_ws/install/turtlebot3_gazebo/share/turtlebot3_gazebo//models/pista23-B/objeto/cat/materials/textures
[1.632s] -- Up-to-date: /home/borg/colcon_ws/install/turtlebot3_gazebo/share/turtlebot3_gazebo//models/pista23-B/objeto/cat/materials/textures/cat.dae
[1.633s] -- Up-to-date: /home/borg/colcon_ws/install/turtlebot3_gazebo/share/turtlebot3_gazebo//models/pista23-B/objeto/cat/materials/textures/cat.png
[1.633s] -- Up-to-date: /home/borg/colcon_ws/install/turtlebot3_gazebo/share/turtlebot3_gazebo//models/pista23-B/objeto/cat/model.config
[1.633s] -- Up-to-date: /home/borg/colcon_ws/install/turtlebot3_gazebo/share/turtlebot3_gazebo//models/pista23-B/objeto/cat/model.sdf
[1.633s] -- Up-to-date: /home/borg/colcon_ws/install/turtlebot3_gazebo/share/turtlebot3_gazebo//models/pista23-B/objeto/dog
[1.633s] -- Up-to-date: /home/borg/colcon_ws/install/turtlebot3_gazebo/share/turtlebot3_gazebo//models/pista23-B/objeto/dog/materials
[1.634s] -- Up-to-date: /home/borg/colcon_ws/install/turtlebot3_gazebo/share/turtlebot3_gazebo//models/pista23-B/objeto/dog/materials/scripts
[1.634s] -- Up-to-date: /home/borg/colcon_ws/install/turtlebot3_gazebo/share/turtlebot3_gazebo//models/pista23-B/objeto/dog/materials/scripts/dog.material
[1.634s] -- Up-to-date: /home/borg/colcon_ws/install/turtlebot3_gazebo/share/turtlebot3_gazebo//models/pista23-B/objeto/dog/materials/textures
[1.634s] -- Up-to-date: /home/borg/colcon_ws/install/turtlebot3_gazebo/share/turtlebot3_gazebo//models/pista23-B/objeto/dog/materials/textures/dog.dae
[1.634s] -- Up-to-date: /home/borg/colcon_ws/install/turtlebot3_gazebo/share/turtlebot3_gazebo//models/pista23-B/objeto/dog/materials/textures/dog.png
[1.635s] -- Up-to-date: /home/borg/colcon_ws/install/turtlebot3_gazebo/share/turtlebot3_gazebo//models/pista23-B/objeto/dog/model.config
[1.635s] -- Up-to-date: /home/borg/colcon_ws/install/turtlebot3_gazebo/share/turtlebot3_gazebo//models/pista23-B/objeto/dog/model.sdf
[1.635s] -- Up-to-date: /home/borg/colcon_ws/install/turtlebot3_gazebo/share/turtlebot3_gazebo//models/pista23-B/objeto/horse
[1.635s] -- Up-to-date: /home/borg/colcon_ws/install/turtlebot3_gazebo/share/turtlebot3_gazebo//models/pista23-B/objeto/horse/materials
[1.635s] -- Up-to-date: /home/borg/colcon_ws/install/turtlebot3_gazebo/share/turtlebot3_gazebo//models/pista23-B/objeto/horse/materials/scripts
[1.636s] -- Up-to-date: /home/borg/colcon_ws/install/turtlebot3_gazebo/share/turtlebot3_gazebo//models/pista23-B/objeto/horse/materials/scripts/horse.material
[1.636s] -- Up-to-date: /home/borg/colcon_ws/install/turtlebot3_gazebo/share/turtlebot3_gazebo//models/pista23-B/objeto/horse/materials/textures
[1.636s] -- Up-to-date: /home/borg/colcon_ws/install/turtlebot3_gazebo/share/turtlebot3_gazebo//models/pista23-B/objeto/horse/materials/textures/horse.png
[1.636s] -- Up-to-date: /home/borg/colcon_ws/install/turtlebot3_gazebo/share/turtlebot3_gazebo//models/pista23-B/objeto/horse/model.config
[1.636s] -- Up-to-date: /home/borg/colcon_ws/install/turtlebot3_gazebo/share/turtlebot3_gazebo//models/pista23-B/objeto/horse/model.sdf
[1.636s] -- Up-to-date: /home/borg/colcon_ws/install/turtlebot3_gazebo/share/turtlebot3_gazebo//models/pista23-B/parede
[1.636s] -- Up-to-date: /home/borg/colcon_ws/install/turtlebot3_gazebo/share/turtlebot3_gazebo//models/pista23-B/parede/model.config
[1.637s] -- Up-to-date: /home/borg/colcon_ws/install/turtlebot3_gazebo/share/turtlebot3_gazebo//models/pista23-B/parede/model.sdf
[1.637s] -- Up-to-date: /home/borg/colcon_ws/install/turtlebot3_gazebo/share/turtlebot3_gazebo//models/pista23-B/pisosala
[1.637s] -- Up-to-date: /home/borg/colcon_ws/install/turtlebot3_gazebo/share/turtlebot3_gazebo//models/pista23-B/pisosala/materials
[1.637s] -- Up-to-date: /home/borg/colcon_ws/install/turtlebot3_gazebo/share/turtlebot3_gazebo//models/pista23-B/pisosala/materials/scripts
[1.637s] -- Up-to-date: /home/borg/colcon_ws/install/turtlebot3_gazebo/share/turtlebot3_gazebo//models/pista23-B/pisosala/materials/scripts/pisosala.material
[1.638s] -- Up-to-date: /home/borg/colcon_ws/install/turtlebot3_gazebo/share/turtlebot3_gazebo//models/pista23-B/pisosala/materials/textures
[1.638s] -- Up-to-date: /home/borg/colcon_ws/install/turtlebot3_gazebo/share/turtlebot3_gazebo//models/pista23-B/pisosala/materials/textures/pisosala - antigo.png
[1.638s] -- Up-to-date: /home/borg/colcon_ws/install/turtlebot3_gazebo/share/turtlebot3_gazebo//models/pista23-B/pisosala/materials/textures/pisosala.png
[1.638s] -- Up-to-date: /home/borg/colcon_ws/install/turtlebot3_gazebo/share/turtlebot3_gazebo//models/pista23-B/pisosala/materials/textures/pisosala_cuenca.png
[1.639s] -- Up-to-date: /home/borg/colcon_ws/install/turtlebot3_gazebo/share/turtlebot3_gazebo//models/pista23-B/pisosala/model.config
[1.639s] -- Up-to-date: /home/borg/colcon_ws/install/turtlebot3_gazebo/share/turtlebot3_gazebo//models/pista23-B/pisosala/model.sdf
[1.640s] -- Up-to-date: /home/borg/colcon_ws/install/turtlebot3_gazebo/share/turtlebot3_gazebo//rviz
[1.640s] -- Up-to-date: /home/borg/colcon_ws/install/turtlebot3_gazebo/share/turtlebot3_gazebo//rviz/tb3_gazebo.rviz
[1.640s] -- Up-to-date: /home/borg/colcon_ws/install/turtlebot3_gazebo/share/turtlebot3_gazebo//urdf
[1.641s] -- Up-to-date: /home/borg/colcon_ws/install/turtlebot3_gazebo/share/turtlebot3_gazebo//urdf/common_properties.urdf
[1.641s] -- Up-to-date: /home/borg/colcon_ws/install/turtlebot3_gazebo/share/turtlebot3_gazebo//urdf/turtlebot3_burger.urdf
[1.641s] -- Up-to-date: /home/borg/colcon_ws/install/turtlebot3_gazebo/share/turtlebot3_gazebo//urdf/turtlebot3_waffle.urdf
[1.642s] -- Up-to-date: /home/borg/colcon_ws/install/turtlebot3_gazebo/share/turtlebot3_gazebo//urdf/turtlebot3_waffle_pi.urdf
[1.642s] -- Up-to-date: /home/borg/colcon_ws/install/turtlebot3_gazebo/share/turtlebot3_gazebo//urdf/common_properties.xacro
[1.642s] -- Up-to-date: /home/borg/colcon_ws/install/turtlebot3_gazebo/share/turtlebot3_gazebo//urdf/mybot.gazebo.urdf
[1.643s] -- Up-to-date: /home/borg/colcon_ws/install/turtlebot3_gazebo/share/turtlebot3_gazebo//urdf/mybot.gazebo.xacro
[1.643s] -- Up-to-date: /home/borg/colcon_ws/install/turtlebot3_gazebo/share/turtlebot3_gazebo//urdf/mybot.urdf
[1.643s] -- Up-to-date: /home/borg/colcon_ws/install/turtlebot3_gazebo/share/turtlebot3_gazebo//urdf/mybot.urdf.xacro
[1.644s] -- Up-to-date: /home/borg/colcon_ws/install/turtlebot3_gazebo/share/turtlebot3_gazebo//urdf/meshes
[1.644s] -- Up-to-date: /home/borg/colcon_ws/install/turtlebot3_gazebo/share/turtlebot3_gazebo//urdf/meshes/bases
[1.644s] -- Up-to-date: /home/borg/colcon_ws/install/turtlebot3_gazebo/share/turtlebot3_gazebo//urdf/meshes/bases/burger_base.stl
[1.644s] -- Up-to-date: /home/borg/colcon_ws/install/turtlebot3_gazebo/share/turtlebot3_gazebo//urdf/meshes/garra
[1.644s] -- Up-to-date: /home/borg/colcon_ws/install/turtlebot3_gazebo/share/turtlebot3_gazebo//urdf/meshes/garra/arm.dae
[1.644s] -- Up-to-date: /home/borg/colcon_ws/install/turtlebot3_gazebo/share/turtlebot3_gazebo//urdf/meshes/garra/arm.stl
[1.645s] -- Up-to-date: /home/borg/colcon_ws/install/turtlebot3_gazebo/share/turtlebot3_gazebo//urdf/meshes/garra/base_camera1.dae
[1.645s] -- Up-to-date: /home/borg/colcon_ws/install/turtlebot3_gazebo/share/turtlebot3_gazebo//urdf/meshes/garra/base_camera1.stl
[1.645s] -- Up-to-date: /home/borg/colcon_ws/install/turtlebot3_gazebo/share/turtlebot3_gazebo//urdf/meshes/garra/base_link_garra.dae
[1.645s] -- Up-to-date: /home/borg/colcon_ws/install/turtlebot3_gazebo/share/turtlebot3_gazebo//urdf/meshes/garra/base_link_garra.stl
[1.645s] -- Up-to-date: /home/borg/colcon_ws/install/turtlebot3_gazebo/share/turtlebot3_gazebo//urdf/meshes/garra/direita.dae
[1.645s] -- Up-to-date: /home/borg/colcon_ws/install/turtlebot3_gazebo/share/turtlebot3_gazebo//urdf/meshes/garra/direita.stl
[1.645s] -- Up-to-date: /home/borg/colcon_ws/install/turtlebot3_gazebo/share/turtlebot3_gazebo//urdf/meshes/garra/esquerda.dae
[1.645s] -- Up-to-date: /home/borg/colcon_ws/install/turtlebot3_gazebo/share/turtlebot3_gazebo//urdf/meshes/garra/esquerda.stl
[1.646s] -- Up-to-date: /home/borg/colcon_ws/install/turtlebot3_gazebo/share/turtlebot3_gazebo//urdf/meshes/garra/garra1garrabraco1.stl
[1.646s] -- Up-to-date: /home/borg/colcon_ws/install/turtlebot3_gazebo/share/turtlebot3_gazebo//urdf/meshes/garra/garra1garradireita1.stl
[1.646s] -- Up-to-date: /home/borg/colcon_ws/install/turtlebot3_gazebo/share/turtlebot3_gazebo//urdf/meshes/garra/garra1garraesquerda1.stl
[1.646s] -- Up-to-date: /home/borg/colcon_ws/install/turtlebot3_gazebo/share/turtlebot3_gazebo//urdf/meshes/garra/lat11.dae
[1.646s] -- Up-to-date: /home/borg/colcon_ws/install/turtlebot3_gazebo/share/turtlebot3_gazebo//urdf/meshes/garra/lat11.stl
[1.646s] -- Up-to-date: /home/borg/colcon_ws/install/turtlebot3_gazebo/share/turtlebot3_gazebo//urdf/meshes/garra/lat21.dae
[1.646s] -- Up-to-date: /home/borg/colcon_ws/install/turtlebot3_gazebo/share/turtlebot3_gazebo//urdf/meshes/garra/lat21.stl
[1.646s] -- Up-to-date: /home/borg/colcon_ws/install/turtlebot3_gazebo/share/turtlebot3_gazebo//urdf/meshes/garra/lat31.dae
[1.647s] -- Up-to-date: /home/borg/colcon_ws/install/turtlebot3_gazebo/share/turtlebot3_gazebo//urdf/meshes/garra/lat31.stl
[1.647s] -- Up-to-date: /home/borg/colcon_ws/install/turtlebot3_gazebo/share/turtlebot3_gazebo//urdf/meshes/garra/servo_garra1.dae
[1.647s] -- Up-to-date: /home/borg/colcon_ws/install/turtlebot3_gazebo/share/turtlebot3_gazebo//urdf/meshes/garra/servo_garra1.stl
[1.647s] -- Up-to-date: /home/borg/colcon_ws/install/turtlebot3_gazebo/share/turtlebot3_gazebo//urdf/meshes/sensors
[1.647s] -- Up-to-date: /home/borg/colcon_ws/install/turtlebot3_gazebo/share/turtlebot3_gazebo//urdf/meshes/sensors/arm.dae
[1.647s] -- Up-to-date: /home/borg/colcon_ws/install/turtlebot3_gazebo/share/turtlebot3_gazebo//urdf/meshes/sensors/arm.stl
[1.647s] -- Up-to-date: /home/borg/colcon_ws/install/turtlebot3_gazebo/share/turtlebot3_gazebo//urdf/meshes/sensors/astra.dae
[1.647s] -- Up-to-date: /home/borg/colcon_ws/install/turtlebot3_gazebo/share/turtlebot3_gazebo//urdf/meshes/sensors/astra.jpg
[1.647s] -- Up-to-date: /home/borg/colcon_ws/install/turtlebot3_gazebo/share/turtlebot3_gazebo//urdf/meshes/sensors/direita.dae
[1.648s] -- Up-to-date: /home/borg/colcon_ws/install/turtlebot3_gazebo/share/turtlebot3_gazebo//urdf/meshes/sensors/esquerda.dae
[1.648s] -- Up-to-date: /home/borg/colcon_ws/install/turtlebot3_gazebo/share/turtlebot3_gazebo//urdf/meshes/sensors/garra_direita.stl
[1.648s] -- Up-to-date: /home/borg/colcon_ws/install/turtlebot3_gazebo/share/turtlebot3_gazebo//urdf/meshes/sensors/garra_esquerda.stl
[1.648s] -- Up-to-date: /home/borg/colcon_ws/install/turtlebot3_gazebo/share/turtlebot3_gazebo//urdf/meshes/sensors/l_finger.dae
[1.648s] -- Up-to-date: /home/borg/colcon_ws/install/turtlebot3_gazebo/share/turtlebot3_gazebo//urdf/meshes/sensors/l_finger_color.tif
[1.649s] -- Up-to-date: /home/borg/colcon_ws/install/turtlebot3_gazebo/share/turtlebot3_gazebo//urdf/meshes/sensors/l_finger_tip.dae
[1.649s] -- Up-to-date: /home/borg/colcon_ws/install/turtlebot3_gazebo/share/turtlebot3_gazebo//urdf/meshes/sensors/l_finger_tip_color.tif
[1.649s] -- Up-to-date: /home/borg/colcon_ws/install/turtlebot3_gazebo/share/turtlebot3_gazebo//urdf/meshes/sensors/lds.stl
[1.649s] -- Up-to-date: /home/borg/colcon_ws/install/turtlebot3_gazebo/share/turtlebot3_gazebo//urdf/meshes/sensors/r200.dae
[1.649s] -- Up-to-date: /home/borg/colcon_ws/install/turtlebot3_gazebo/share/turtlebot3_gazebo//urdf/meshes/sensors/r200.jpg
[1.650s] -- Up-to-date: /home/borg/colcon_ws/install/turtlebot3_gazebo/share/turtlebot3_gazebo//urdf/meshes/wheels
[1.650s] -- Up-to-date: /home/borg/colcon_ws/install/turtlebot3_gazebo/share/turtlebot3_gazebo//urdf/meshes/wheels/left_tire.stl
[1.650s] -- Up-to-date: /home/borg/colcon_ws/install/turtlebot3_gazebo/share/turtlebot3_gazebo//urdf/meshes/wheels/right_tire.stl
[1.650s] -- Up-to-date: /home/borg/colcon_ws/install/turtlebot3_gazebo/share/turtlebot3_gazebo//urdf/turtlebot3_burger_insper.urdf
[1.650s] -- Up-to-date: /home/borg/colcon_ws/install/turtlebot3_gazebo/share/turtlebot3_gazebo//worlds
[1.650s] -- Up-to-date: /home/borg/colcon_ws/install/turtlebot3_gazebo/share/turtlebot3_gazebo//worlds/empty_world.world
[1.651s] -- Up-to-date: /home/borg/colcon_ws/install/turtlebot3_gazebo/share/turtlebot3_gazebo//worlds/turtlebot3_dqn_stage1.world
[1.651s] -- Up-to-date: /home/borg/colcon_ws/install/turtlebot3_gazebo/share/turtlebot3_gazebo//worlds/turtlebot3_dqn_stage2.world
[1.651s] -- Up-to-date: /home/borg/colcon_ws/install/turtlebot3_gazebo/share/turtlebot3_gazebo//worlds/turtlebot3_dqn_stage3.world
[1.651s] -- Up-to-date: /home/borg/colcon_ws/install/turtlebot3_gazebo/share/turtlebot3_gazebo//worlds/turtlebot3_dqn_stage4.world
[1.651s] -- Up-to-date: /home/borg/colcon_ws/install/turtlebot3_gazebo/share/turtlebot3_gazebo//worlds/turtlebot3_house.world
[1.651s] -- Up-to-date: /home/borg/colcon_ws/install/turtlebot3_gazebo/share/turtlebot3_gazebo//worlds/turtlebot3_world.world
[1.651s] -- Up-to-date: /home/borg/colcon_ws/install/turtlebot3_gazebo/share/turtlebot3_gazebo//worlds/lab.world
[1.652s] -- Up-to-date: /home/borg/colcon_ws/install/turtlebot3_gazebo/share/turtlebot3_gazebo//worlds/pista23-B.world
[1.652s] -- Up-to-date: /home/borg/colcon_ws/install/turtlebot3_gazebo/include/
[1.652s] -- Up-to-date: /home/borg/colcon_ws/install/turtlebot3_gazebo/include//turtlebot3_gazebo
[1.652s] -- Up-to-date: /home/borg/colcon_ws/install/turtlebot3_gazebo/include//turtlebot3_gazebo/turtlebot3_drive.hpp
[1.653s] -- Up-to-date: /home/borg/colcon_ws/install/turtlebot3_gazebo/share/ament_index/resource_index/package_run_dependencies/turtlebot3_gazebo
[1.653s] -- Up-to-date: /home/borg/colcon_ws/install/turtlebot3_gazebo/share/ament_index/resource_index/parent_prefix_path/turtlebot3_gazebo
[1.653s] -- Up-to-date: /home/borg/colcon_ws/install/turtlebot3_gazebo/share/turtlebot3_gazebo/environment/ament_prefix_path.sh
[1.653s] -- Up-to-date: /home/borg/colcon_ws/install/turtlebot3_gazebo/share/turtlebot3_gazebo/environment/ament_prefix_path.dsv
[1.654s] -- Up-to-date: /home/borg/colcon_ws/install/turtlebot3_gazebo/share/turtlebot3_gazebo/environment/path.sh
[1.654s] -- Up-to-date: /home/borg/colcon_ws/install/turtlebot3_gazebo/share/turtlebot3_gazebo/environment/path.dsv
[1.654s] -- Up-to-date: /home/borg/colcon_ws/install/turtlebot3_gazebo/share/turtlebot3_gazebo/local_setup.bash
[1.655s] -- Up-to-date: /home/borg/colcon_ws/install/turtlebot3_gazebo/share/turtlebot3_gazebo/local_setup.sh
[1.655s] -- Up-to-date: /home/borg/colcon_ws/install/turtlebot3_gazebo/share/turtlebot3_gazebo/local_setup.zsh
[1.655s] -- Up-to-date: /home/borg/colcon_ws/install/turtlebot3_gazebo/share/turtlebot3_gazebo/local_setup.dsv
[1.655s] -- Installing: /home/borg/colcon_ws/install/turtlebot3_gazebo/share/turtlebot3_gazebo/package.dsv
[1.655s] -- Up-to-date: /home/borg/colcon_ws/install/turtlebot3_gazebo/share/ament_index/resource_index/packages/turtlebot3_gazebo
[1.656s] -- Up-to-date: /home/borg/colcon_ws/install/turtlebot3_gazebo/share/turtlebot3_gazebo/cmake/ament_cmake_export_include_directories-extras.cmake
[1.656s] -- Up-to-date: /home/borg/colcon_ws/install/turtlebot3_gazebo/share/turtlebot3_gazebo/cmake/ament_cmake_export_dependencies-extras.cmake
[1.656s] -- Up-to-date: /home/borg/colcon_ws/install/turtlebot3_gazebo/share/turtlebot3_gazebo/cmake/turtlebot3_gazeboConfig.cmake
[1.656s] -- Up-to-date: /home/borg/colcon_ws/install/turtlebot3_gazebo/share/turtlebot3_gazebo/cmake/turtlebot3_gazeboConfig-version.cmake
[1.657s] -- Up-to-date: /home/borg/colcon_ws/install/turtlebot3_gazebo/share/turtlebot3_gazebo/package.xml
[2.034s] Invoked command in '/home/borg/colcon_ws/build/turtlebot3_gazebo' returned '0': CMAKE_PREFIX_PATH=${CMAKE_PREFIX_PATH}:/opt/ros/humble /usr/bin/cmake --install /home/borg/colcon_ws/build/turtlebot3_gazebo
