[0.065s] Invoking command in '/home/borg/colcon_ws/build/my_box_bot_description': CMAKE_PREFIX_PATH=${CMAKE_PREFIX_PATH}:/opt/ros/humble /usr/bin/cmake /home/borg/colcon_ws/src/my_box_bot_description -DAMENT_CMAKE_SYMLINK_INSTALL=1 -DCMAKE_INSTALL_PREFIX=/home/borg/colcon_ws/install/my_box_bot_description
[0.074s] -- Found ament_cmake: 1.3.6 (/opt/ros/humble/share/ament_cmake/cmake)
[0.183s] -- Override CMake install command with custom implementation using symlinks instead of copying resources
[0.192s] -- Found urdf: 2.6.0 (/opt/ros/humble/share/urdf/cmake)
[0.219s] -- Found xacro: 2.0.8 (/opt/ros/humble/share/xacro/cmake)
[0.219s] -- Found ament_lint_auto: 0.12.9 (/opt/ros/humble/share/ament_lint_auto/cmake)
[0.276s] -- Added test 'copyright' to check source files copyright and LICENSE
[0.278s] -- Added test 'flake8' to check Python code syntax and style conventions
[0.279s] -- Added test 'lint_cmake' to check CMake code style
[0.279s] -- Added test 'pep257' to check Python code against some of the docstring style conventions in PEP 257
[0.281s] -- Added test 'xmllint' to check XML markup files
[0.282s] -- Configuring done
[0.286s] -- Generating done
[0.287s] -- Build files have been written to: /home/borg/colcon_ws/build/my_box_bot_description
[0.292s] Invoked command in '/home/borg/colcon_ws/build/my_box_bot_description' returned '0': CMAKE_PREFIX_PATH=${CMAKE_PREFIX_PATH}:/opt/ros/humble /usr/bin/cmake /home/borg/colcon_ws/src/my_box_bot_description -DAMENT_CMAKE_SYMLINK_INSTALL=1 -DCMAKE_INSTALL_PREFIX=/home/borg/colcon_ws/install/my_box_bot_description
[0.294s] Invoking command in '/home/borg/colcon_ws/build/my_box_bot_description': CMAKE_PREFIX_PATH=${CMAKE_PREFIX_PATH}:/opt/ros/humble /usr/bin/cmake --build /home/borg/colcon_ws/build/my_box_bot_description -- -j12 -l12
[0.338s] Invoked command in '/home/borg/colcon_ws/build/my_box_bot_description' returned '0': CMAKE_PREFIX_PATH=${CMAKE_PREFIX_PATH}:/opt/ros/humble /usr/bin/cmake --build /home/borg/colcon_ws/build/my_box_bot_description -- -j12 -l12
[0.374s] Invoking command in '/home/borg/colcon_ws/build/my_box_bot_description': CMAKE_PREFIX_PATH=${CMAKE_PREFIX_PATH}:/opt/ros/humble /usr/bin/cmake --install /home/borg/colcon_ws/build/my_box_bot_description
[0.381s] -- Install configuration: ""
[0.382s] -- Execute custom install script
[0.382s] -- Up-to-date symlink: /home/borg/colcon_ws/install/my_box_bot_description/share/my_box_bot_description//urdf/box_bot_geometric.urdf
[0.383s] -- Up-to-date symlink: /home/borg/colcon_ws/install/my_box_bot_description/share/my_box_bot_description//urdf/box_bot_geometric_meshes.urdf
[0.383s] -- Up-to-date symlink: /home/borg/colcon_ws/install/my_box_bot_description/share/my_box_bot_description//urdf/box_bot_meshes_collisions_inertias.urdf
[0.383s] -- Up-to-date symlink: /home/borg/colcon_ws/install/my_box_bot_description/share/my_box_bot_description//launch/urdf_visualize_geometric.launch.py
[0.383s] -- Up-to-date symlink: /home/borg/colcon_ws/install/my_box_bot_description/share/my_box_bot_description//launch/urdf_visualize_meshes.launch.py
[0.383s] -- Up-to-date symlink: /home/borg/colcon_ws/install/my_box_bot_description/share/my_box_bot_description//launch/urdf_visualize_meshes_collisions_inertias.launch.py
[0.384s] -- Up-to-date symlink: /home/borg/colcon_ws/install/my_box_bot_description/share/my_box_bot_description//meshes/cute_cube.blend
[0.384s] -- Up-to-date symlink: /home/borg/colcon_ws/install/my_box_bot_description/share/my_box_bot_description//meshes/cute_cube.dae
[0.384s] -- Up-to-date symlink: /home/borg/colcon_ws/install/my_box_bot_description/share/my_box_bot_description//meshes/lambert3_baseColor.png
[0.384s] -- Up-to-date symlink: /home/borg/colcon_ws/install/my_box_bot_description/share/ament_index/resource_index/package_run_dependencies/my_box_bot_description
[0.384s] -- Up-to-date symlink: /home/borg/colcon_ws/install/my_box_bot_description/share/ament_index/resource_index/parent_prefix_path/my_box_bot_description
[0.384s] -- Up-to-date symlink: /home/borg/colcon_ws/install/my_box_bot_description/share/my_box_bot_description/environment/ament_prefix_path.sh
[0.385s] -- Up-to-date symlink: /home/borg/colcon_ws/install/my_box_bot_description/share/my_box_bot_description/environment/ament_prefix_path.dsv
[0.385s] -- Up-to-date symlink: /home/borg/colcon_ws/install/my_box_bot_description/share/my_box_bot_description/environment/path.sh
[0.385s] -- Up-to-date symlink: /home/borg/colcon_ws/install/my_box_bot_description/share/my_box_bot_description/environment/path.dsv
[0.385s] -- Up-to-date symlink: /home/borg/colcon_ws/install/my_box_bot_description/share/my_box_bot_description/local_setup.bash
[0.385s] -- Up-to-date symlink: /home/borg/colcon_ws/install/my_box_bot_description/share/my_box_bot_description/local_setup.sh
[0.386s] -- Up-to-date symlink: /home/borg/colcon_ws/install/my_box_bot_description/share/my_box_bot_description/local_setup.zsh
[0.386s] -- Up-to-date symlink: /home/borg/colcon_ws/install/my_box_bot_description/share/my_box_bot_description/local_setup.dsv
[0.386s] -- Symlinking: /home/borg/colcon_ws/install/my_box_bot_description/share/my_box_bot_description/package.dsv
[0.396s] -- Up-to-date symlink: /home/borg/colcon_ws/install/my_box_bot_description/share/ament_index/resource_index/packages/my_box_bot_description
[0.396s] -- Up-to-date symlink: /home/borg/colcon_ws/install/my_box_bot_description/share/my_box_bot_description/cmake/my_box_bot_descriptionConfig.cmake
[0.396s] -- Up-to-date symlink: /home/borg/colcon_ws/install/my_box_bot_description/share/my_box_bot_description/cmake/my_box_bot_descriptionConfig-version.cmake
[0.396s] -- Up-to-date symlink: /home/borg/colcon_ws/install/my_box_bot_description/share/my_box_bot_description/package.xml
[0.398s] Invoked command in '/home/borg/colcon_ws/build/my_box_bot_description' returned '0': CMAKE_PREFIX_PATH=${CMAKE_PREFIX_PATH}:/opt/ros/humble /usr/bin/cmake --install /home/borg/colcon_ws/build/my_box_bot_description
