[0.063s] Invoking command in '/home/borg/colcon_ws/src/build/urdfbot_description': CMAKE_PREFIX_PATH=${CMAKE_PREFIX_PATH}:/opt/ros/humble /usr/bin/cmake /home/borg/colcon_ws/src/urdfbot_description -DCMAKE_INSTALL_PREFIX=/home/borg/colcon_ws/src/install/urdfbot_description
[0.242s] -- The C compiler identification is GNU 11.4.0
[0.449s] -- The CXX compiler identification is GNU 11.4.0
[0.462s] -- Detecting C compiler ABI info
[0.533s] -- Detecting C compiler ABI info - done
[0.541s] -- Check for working C compiler: /usr/bin/cc - skipped
[0.542s] -- Detecting C compile features
[0.544s] -- Detecting C compile features - done
[0.549s] -- Detecting CXX compiler ABI info
[0.630s] -- Detecting CXX compiler ABI info - done
[0.646s] -- Check for working CXX compiler: /usr/bin/c++ - skipped
[0.646s] -- Detecting CXX compile features
[0.646s] -- Detecting CXX compile features - done
[0.652s] -- Found ament_cmake: 1.3.5 (/opt/ros/humble/share/ament_cmake/cmake)
[0.831s] -- Found Python3: /usr/bin/python3.10 (found version "3.10.12") found components: Interpreter 
[0.940s] -- Found urdf: 2.6.0 (/opt/ros/humble/share/urdf/cmake)
[1.005s] -- Found xacro: 2.0.8 (/opt/ros/humble/share/xacro/cmake)
[1.007s] -- Found ament_lint_auto: 0.12.8 (/opt/ros/humble/share/ament_lint_auto/cmake)
[1.087s] -- Added test 'flake8' to check Python code syntax and style conventions
[1.087s] -- Added test 'lint_cmake' to check CMake code style
[1.088s] -- Added test 'pep257' to check Python code against some of the docstring style conventions in PEP 257
[1.089s] -- Added test 'xmllint' to check XML markup files
[1.091s] -- Configuring done
[1.094s] -- Generating done
[1.095s] -- Build files have been written to: /home/borg/colcon_ws/src/build/urdfbot_description
