[0.475s] Invoking command in '/home/borg/colcon_ws/build/turtlebot3_fake_node': CMAKE_PREFIX_PATH=${CMAKE_PREFIX_PATH}:/opt/ros/humble /usr/bin/cmake --build /home/borg/colcon_ws/build/turtlebot3_fake_node -- -j12 -l12
[0.563s] [100%] Built target turtlebot3_fake_node
[0.598s] Invoked command in '/home/borg/colcon_ws/build/turtlebot3_fake_node' returned '0': CMAKE_PREFIX_PATH=${CMAKE_PREFIX_PATH}:/opt/ros/humble /usr/bin/cmake --build /home/borg/colcon_ws/build/turtlebot3_fake_node -- -j12 -l12
[0.693s] Invoking command in '/home/borg/colcon_ws/build/turtlebot3_fake_node': CMAKE_PREFIX_PATH=${CMAKE_PREFIX_PATH}:/opt/ros/humble /usr/bin/cmake --install /home/borg/colcon_ws/build/turtlebot3_fake_node
[0.713s] -- Install configuration: ""
[0.713s] -- Up-to-date: /home/borg/colcon_ws/install/turtlebot3_fake_node/lib/turtlebot3_fake_node/turtlebot3_fake_node
[0.717s] -- Up-to-date: /home/borg/colcon_ws/install/turtlebot3_fake_node/share/turtlebot3_fake_node/launch
[0.717s] -- Up-to-date: /home/borg/colcon_ws/install/turtlebot3_fake_node/share/turtlebot3_fake_node/launch/rviz2.launch.py
[0.717s] -- Up-to-date: /home/borg/colcon_ws/install/turtlebot3_fake_node/share/turtlebot3_fake_node/launch/turtlebot3_fake_node.launch.py
[0.717s] -- Up-to-date: /home/borg/colcon_ws/install/turtlebot3_fake_node/share/turtlebot3_fake_node/param
[0.718s] -- Up-to-date: /home/borg/colcon_ws/install/turtlebot3_fake_node/share/turtlebot3_fake_node/param/burger.yaml
[0.718s] -- Up-to-date: /home/borg/colcon_ws/install/turtlebot3_fake_node/share/turtlebot3_fake_node/param/waffle.yaml
[0.718s] -- Up-to-date: /home/borg/colcon_ws/install/turtlebot3_fake_node/share/turtlebot3_fake_node/param/waffle_pi.yaml
[0.719s] -- Up-to-date: /home/borg/colcon_ws/install/turtlebot3_fake_node/include/
[0.719s] -- Up-to-date: /home/borg/colcon_ws/install/turtlebot3_fake_node/include//turtlebot3_fake_node
[0.719s] -- Up-to-date: /home/borg/colcon_ws/install/turtlebot3_fake_node/include//turtlebot3_fake_node/turtlebot3_fake_node.hpp
[0.720s] -- Up-to-date: /home/borg/colcon_ws/install/turtlebot3_fake_node/share/ament_index/resource_index/package_run_dependencies/turtlebot3_fake_node
[0.720s] -- Up-to-date: /home/borg/colcon_ws/install/turtlebot3_fake_node/share/ament_index/resource_index/parent_prefix_path/turtlebot3_fake_node
[0.721s] -- Up-to-date: /home/borg/colcon_ws/install/turtlebot3_fake_node/share/turtlebot3_fake_node/environment/ament_prefix_path.sh
[0.722s] -- Up-to-date: /home/borg/colcon_ws/install/turtlebot3_fake_node/share/turtlebot3_fake_node/environment/ament_prefix_path.dsv
[0.723s] -- Up-to-date: /home/borg/colcon_ws/install/turtlebot3_fake_node/share/turtlebot3_fake_node/environment/path.sh
[0.723s] -- Up-to-date: /home/borg/colcon_ws/install/turtlebot3_fake_node/share/turtlebot3_fake_node/environment/path.dsv
[0.723s] -- Up-to-date: /home/borg/colcon_ws/install/turtlebot3_fake_node/share/turtlebot3_fake_node/local_setup.bash
[0.723s] -- Up-to-date: /home/borg/colcon_ws/install/turtlebot3_fake_node/share/turtlebot3_fake_node/local_setup.sh
[0.724s] -- Up-to-date: /home/borg/colcon_ws/install/turtlebot3_fake_node/share/turtlebot3_fake_node/local_setup.zsh
[0.724s] -- Up-to-date: /home/borg/colcon_ws/install/turtlebot3_fake_node/share/turtlebot3_fake_node/local_setup.dsv
[0.724s] -- Installing: /home/borg/colcon_ws/install/turtlebot3_fake_node/share/turtlebot3_fake_node/package.dsv
[0.724s] -- Up-to-date: /home/borg/colcon_ws/install/turtlebot3_fake_node/share/ament_index/resource_index/packages/turtlebot3_fake_node
[0.724s] -- Up-to-date: /home/borg/colcon_ws/install/turtlebot3_fake_node/share/turtlebot3_fake_node/cmake/ament_cmake_export_include_directories-extras.cmake
[0.724s] -- Up-to-date: /home/borg/colcon_ws/install/turtlebot3_fake_node/share/turtlebot3_fake_node/cmake/ament_cmake_export_dependencies-extras.cmake
[0.724s] -- Up-to-date: /home/borg/colcon_ws/install/turtlebot3_fake_node/share/turtlebot3_fake_node/cmake/turtlebot3_fake_nodeConfig.cmake
[0.725s] -- Up-to-date: /home/borg/colcon_ws/install/turtlebot3_fake_node/share/turtlebot3_fake_node/cmake/turtlebot3_fake_nodeConfig-version.cmake
[0.725s] -- Up-to-date: /home/borg/colcon_ws/install/turtlebot3_fake_node/share/turtlebot3_fake_node/package.xml
[0.976s] Invoked command in '/home/borg/colcon_ws/build/turtlebot3_fake_node' returned '0': CMAKE_PREFIX_PATH=${CMAKE_PREFIX_PATH}:/opt/ros/humble /usr/bin/cmake --install /home/borg/colcon_ws/build/turtlebot3_fake_node
