[0.378s] Invoking command in '/home/borg/colcon_ws/build/turtlebot3_manipulation_cartographer': CMAKE_PREFIX_PATH=${CMAKE_PREFIX_PATH}:/opt/ros/humble /usr/bin/cmake --build /home/borg/colcon_ws/build/turtlebot3_manipulation_cartographer -- -j12 -l12
[0.429s] Invoked command in '/home/borg/colcon_ws/build/turtlebot3_manipulation_cartographer' returned '0': CMAKE_PREFIX_PATH=${CMAKE_PREFIX_PATH}:/opt/ros/humble /usr/bin/cmake --build /home/borg/colcon_ws/build/turtlebot3_manipulation_cartographer -- -j12 -l12
[0.530s] Invoking command in '/home/borg/colcon_ws/build/turtlebot3_manipulation_cartographer': CMAKE_PREFIX_PATH=${CMAKE_PREFIX_PATH}:/opt/ros/humble /usr/bin/cmake --install /home/borg/colcon_ws/build/turtlebot3_manipulation_cartographer
[0.560s] -- Install configuration: ""
[0.561s] -- Up-to-date: /home/borg/colcon_ws/install/turtlebot3_manipulation_cartographer/share/turtlebot3_manipulation_cartographer/config
[0.562s] -- Up-to-date: /home/borg/colcon_ws/install/turtlebot3_manipulation_cartographer/share/turtlebot3_manipulation_cartographer/config/turtlebot3_2d.lua
[0.563s] -- Up-to-date: /home/borg/colcon_ws/install/turtlebot3_manipulation_cartographer/share/turtlebot3_manipulation_cartographer/launch
[0.564s] -- Up-to-date: /home/borg/colcon_ws/install/turtlebot3_manipulation_cartographer/share/turtlebot3_manipulation_cartographer/launch/cartographer.launch.py
[0.564s] -- Up-to-date: /home/borg/colcon_ws/install/turtlebot3_manipulation_cartographer/share/turtlebot3_manipulation_cartographer/rviz
[0.565s] -- Up-to-date: /home/borg/colcon_ws/install/turtlebot3_manipulation_cartographer/share/turtlebot3_manipulation_cartographer/rviz/cartographer.rviz
[0.565s] -- Up-to-date: /home/borg/colcon_ws/install/turtlebot3_manipulation_cartographer/share/ament_index/resource_index/package_run_dependencies/turtlebot3_manipulation_cartographer
[0.565s] -- Up-to-date: /home/borg/colcon_ws/install/turtlebot3_manipulation_cartographer/share/ament_index/resource_index/parent_prefix_path/turtlebot3_manipulation_cartographer
[0.566s] -- Up-to-date: /home/borg/colcon_ws/install/turtlebot3_manipulation_cartographer/share/turtlebot3_manipulation_cartographer/environment/ament_prefix_path.sh
[0.566s] -- Up-to-date: /home/borg/colcon_ws/install/turtlebot3_manipulation_cartographer/share/turtlebot3_manipulation_cartographer/environment/ament_prefix_path.dsv
[0.566s] -- Up-to-date: /home/borg/colcon_ws/install/turtlebot3_manipulation_cartographer/share/turtlebot3_manipulation_cartographer/environment/path.sh
[0.567s] -- Up-to-date: /home/borg/colcon_ws/install/turtlebot3_manipulation_cartographer/share/turtlebot3_manipulation_cartographer/environment/path.dsv
[0.567s] -- Up-to-date: /home/borg/colcon_ws/install/turtlebot3_manipulation_cartographer/share/turtlebot3_manipulation_cartographer/local_setup.bash
[0.567s] -- Up-to-date: /home/borg/colcon_ws/install/turtlebot3_manipulation_cartographer/share/turtlebot3_manipulation_cartographer/local_setup.sh
[0.568s] -- Up-to-date: /home/borg/colcon_ws/install/turtlebot3_manipulation_cartographer/share/turtlebot3_manipulation_cartographer/local_setup.zsh
[0.568s] -- Up-to-date: /home/borg/colcon_ws/install/turtlebot3_manipulation_cartographer/share/turtlebot3_manipulation_cartographer/local_setup.dsv
[0.568s] -- Installing: /home/borg/colcon_ws/install/turtlebot3_manipulation_cartographer/share/turtlebot3_manipulation_cartographer/package.dsv
[0.569s] -- Up-to-date: /home/borg/colcon_ws/install/turtlebot3_manipulation_cartographer/share/ament_index/resource_index/packages/turtlebot3_manipulation_cartographer
[0.569s] -- Up-to-date: /home/borg/colcon_ws/install/turtlebot3_manipulation_cartographer/share/turtlebot3_manipulation_cartographer/cmake/turtlebot3_manipulation_cartographerConfig.cmake
[0.569s] -- Up-to-date: /home/borg/colcon_ws/install/turtlebot3_manipulation_cartographer/share/turtlebot3_manipulation_cartographer/cmake/turtlebot3_manipulation_cartographerConfig-version.cmake
[0.569s] -- Up-to-date: /home/borg/colcon_ws/install/turtlebot3_manipulation_cartographer/share/turtlebot3_manipulation_cartographer/package.xml
[0.702s] Invoked command in '/home/borg/colcon_ws/build/turtlebot3_manipulation_cartographer' returned '0': CMAKE_PREFIX_PATH=${CMAKE_PREFIX_PATH}:/opt/ros/humble /usr/bin/cmake --install /home/borg/colcon_ws/build/turtlebot3_manipulation_cartographer
