[0.428s] Invoking command in '/home/borg/colcon_ws/build/turtlebot3_fake_node': CMAKE_PREFIX_PATH=${CMAKE_PREFIX_PATH}:/opt/ros/humble /usr/bin/cmake --build /home/borg/colcon_ws/build/turtlebot3_fake_node -- -j12 -l12
[0.505s] [100%] Built target turtlebot3_fake_node
[0.542s] Invoked command in '/home/borg/colcon_ws/build/turtlebot3_fake_node' returned '0': CMAKE_PREFIX_PATH=${CMAKE_PREFIX_PATH}:/opt/ros/humble /usr/bin/cmake --build /home/borg/colcon_ws/build/turtlebot3_fake_node -- -j12 -l12
[0.687s] Invoking command in '/home/borg/colcon_ws/build/turtlebot3_fake_node': CMAKE_PREFIX_PATH=${CMAKE_PREFIX_PATH}:/opt/ros/humble /usr/bin/cmake --install /home/borg/colcon_ws/build/turtlebot3_fake_node
[0.802s] -- Install configuration: ""
[0.802s] -- Up-to-date: /home/borg/colcon_ws/install/turtlebot3_fake_node/lib/turtlebot3_fake_node/turtlebot3_fake_node
[0.802s] -- Up-to-date: /home/borg/colcon_ws/install/turtlebot3_fake_node/share/turtlebot3_fake_node/launch
[0.802s] -- Up-to-date: /home/borg/colcon_ws/install/turtlebot3_fake_node/share/turtlebot3_fake_node/launch/rviz2.launch.py
[0.803s] -- Up-to-date: /home/borg/colcon_ws/install/turtlebot3_fake_node/share/turtlebot3_fake_node/launch/turtlebot3_fake_node.launch.py
[0.803s] -- Up-to-date: /home/borg/colcon_ws/install/turtlebot3_fake_node/share/turtlebot3_fake_node/param
[0.803s] -- Up-to-date: /home/borg/colcon_ws/install/turtlebot3_fake_node/share/turtlebot3_fake_node/param/burger.yaml
[0.803s] -- Up-to-date: /home/borg/colcon_ws/install/turtlebot3_fake_node/share/turtlebot3_fake_node/param/waffle.yaml
[0.803s] -- Up-to-date: /home/borg/colcon_ws/install/turtlebot3_fake_node/share/turtlebot3_fake_node/param/waffle_pi.yaml
[0.804s] -- Up-to-date: /home/borg/colcon_ws/install/turtlebot3_fake_node/include/
[0.804s] -- Up-to-date: /home/borg/colcon_ws/install/turtlebot3_fake_node/include//turtlebot3_fake_node
[0.804s] -- Up-to-date: /home/borg/colcon_ws/install/turtlebot3_fake_node/include//turtlebot3_fake_node/turtlebot3_fake_node.hpp
[0.804s] -- Up-to-date: /home/borg/colcon_ws/install/turtlebot3_fake_node/share/ament_index/resource_index/package_run_dependencies/turtlebot3_fake_node
[0.805s] -- Up-to-date: /home/borg/colcon_ws/install/turtlebot3_fake_node/share/ament_index/resource_index/parent_prefix_path/turtlebot3_fake_node
[0.805s] -- Up-to-date: /home/borg/colcon_ws/install/turtlebot3_fake_node/share/turtlebot3_fake_node/environment/ament_prefix_path.sh
[0.805s] -- Up-to-date: /home/borg/colcon_ws/install/turtlebot3_fake_node/share/turtlebot3_fake_node/environment/ament_prefix_path.dsv
[0.805s] -- Up-to-date: /home/borg/colcon_ws/install/turtlebot3_fake_node/share/turtlebot3_fake_node/environment/path.sh
[0.805s] -- Up-to-date: /home/borg/colcon_ws/install/turtlebot3_fake_node/share/turtlebot3_fake_node/environment/path.dsv
[0.806s] -- Up-to-date: /home/borg/colcon_ws/install/turtlebot3_fake_node/share/turtlebot3_fake_node/local_setup.bash
[0.806s] -- Up-to-date: /home/borg/colcon_ws/install/turtlebot3_fake_node/share/turtlebot3_fake_node/local_setup.sh
[0.806s] -- Up-to-date: /home/borg/colcon_ws/install/turtlebot3_fake_node/share/turtlebot3_fake_node/local_setup.zsh
[0.806s] -- Up-to-date: /home/borg/colcon_ws/install/turtlebot3_fake_node/share/turtlebot3_fake_node/local_setup.dsv
[0.806s] -- Installing: /home/borg/colcon_ws/install/turtlebot3_fake_node/share/turtlebot3_fake_node/package.dsv
[0.806s] -- Up-to-date: /home/borg/colcon_ws/install/turtlebot3_fake_node/share/ament_index/resource_index/packages/turtlebot3_fake_node
[0.807s] -- Up-to-date: /home/borg/colcon_ws/install/turtlebot3_fake_node/share/turtlebot3_fake_node/cmake/ament_cmake_export_include_directories-extras.cmake
[0.807s] -- Up-to-date: /home/borg/colcon_ws/install/turtlebot3_fake_node/share/turtlebot3_fake_node/cmake/ament_cmake_export_dependencies-extras.cmake
[0.807s] -- Up-to-date: /home/borg/colcon_ws/install/turtlebot3_fake_node/share/turtlebot3_fake_node/cmake/turtlebot3_fake_nodeConfig.cmake
[0.807s] -- Up-to-date: /home/borg/colcon_ws/install/turtlebot3_fake_node/share/turtlebot3_fake_node/cmake/turtlebot3_fake_nodeConfig-version.cmake
[0.807s] -- Up-to-date: /home/borg/colcon_ws/install/turtlebot3_fake_node/share/turtlebot3_fake_node/package.xml
[1.150s] Invoked command in '/home/borg/colcon_ws/build/turtlebot3_fake_node' returned '0': CMAKE_PREFIX_PATH=${CMAKE_PREFIX_PATH}:/opt/ros/humble /usr/bin/cmake --install /home/borg/colcon_ws/build/turtlebot3_fake_node
