[0.243s] Invoking command in '/home/borg/colcon_ws/build/my_box_bot_gazebo': CMAKE_PREFIX_PATH=/home/borg/colcon_ws/install/my_box_bot_description:/home/borg/colcon_ws/install/my_simulation:/home/borg/colcon_ws/install/my_box_bot_gazebo:/home/borg/colcon_ws/install/urdfbot_description:/home/borg/colcon_ws/install/turtlebot3_simulations:/home/borg/colcon_ws/install/turtlebot3_manipulation:/home/borg/colcon_ws/install/turtlebot3_manipulation_teleop:/home/borg/colcon_ws/install/turtlebot3_manipulation_navigation2:/home/borg/colcon_ws/install/turtlebot3_manipulation_moveit_config:/home/borg/colcon_ws/install/turtlebot3_manipulation_hardware:/home/borg/colcon_ws/install/turtlebot3_manipulation_bringup:/home/borg/colcon_ws/install/turtlebot3_manipulation_description:/home/borg/colcon_ws/install/turtlebot3_manipulation_cartographer:/home/borg/colcon_ws/install/turtlebot3_gazebo:/home/borg/colcon_ws/install/turtlebot3_fake_node:/opt/ros/humble /usr/bin/cmake /home/borg/colcon_ws/src/my_box_bot_gazebo -DCMAKE_INSTALL_PREFIX=/home/borg/colcon_ws/install/my_box_bot_gazebo
[0.255s] -- Found ament_cmake: 1.3.6 (/opt/ros/humble/share/ament_cmake/cmake)
[0.378s] -- Override CMake install command with custom implementation using symlinks instead of copying resources
[0.385s] -- Found rclpy: 3.3.11 (/opt/ros/humble/share/rclpy/cmake)
[0.385s] -- Found gazebo_ros: 3.7.0 (/opt/ros/humble/share/gazebo_ros/cmake)
[0.418s] -- Found rosidl_generator_c: 3.1.5 (/opt/ros/humble/share/rosidl_generator_c/cmake)
[0.420s] -- Found rosidl_adapter: 3.1.5 (/opt/ros/humble/share/rosidl_adapter/cmake)
[0.426s] -- Found rosidl_generator_cpp: 3.1.5 (/opt/ros/humble/share/rosidl_generator_cpp/cmake)
[0.436s] -- Using all available rosidl_typesupport_c: rosidl_typesupport_fastrtps_c;rosidl_typesupport_introspection_c
[0.453s] -- Using all available rosidl_typesupport_cpp: rosidl_typesupport_fastrtps_cpp;rosidl_typesupport_introspection_cpp
[0.507s] -- Found rmw_implementation_cmake: 6.1.1 (/opt/ros/humble/share/rmw_implementation_cmake/cmake)
[0.509s] -- Found rmw_fastrtps_cpp: 6.2.5 (/opt/ros/humble/share/rmw_fastrtps_cpp/cmake)
[0.614s] -- Using RMW implementation 'rmw_fastrtps_cpp' as default
[0.797s] -- Found DART: /usr/include (Required is at least version "6.6") found components: dart 
[0.820s] -- Found Protobuf: /usr/lib/x86_64-linux-gnu/libprotobuf.so (found version "3.12.4") 
[0.822s] -- Looking for ignition-math6 -- found version 6.15.0
[0.825s] -- Searching for dependencies of ignition-math6
[0.826s] -- Looking for OGRE...
[0.831s] -- Found Ogre Ghadamon (1.9.0)
[0.831s] -- Found OGRE: optimized;/usr/lib/x86_64-linux-gnu/libOgreMain.so;debug;/usr/lib/x86_64-linux-gnu/libOgreMain.so
[0.839s] -- Looking for OGRE_Paging...
[0.840s] -- Found OGRE_Paging: optimized;/usr/lib/x86_64-linux-gnu/libOgrePaging.so;debug;/usr/lib/x86_64-linux-gnu/libOgrePaging.so
[0.840s] -- Looking for OGRE_Terrain...
[0.840s] -- Found OGRE_Terrain: optimized;/usr/lib/x86_64-linux-gnu/libOgreTerrain.so;debug;/usr/lib/x86_64-linux-gnu/libOgreTerrain.so
[0.840s] -- Looking for OGRE_Property...
[0.840s] -- Found OGRE_Property: optimized;/usr/lib/x86_64-linux-gnu/libOgreProperty.so;debug;/usr/lib/x86_64-linux-gnu/libOgreProperty.so
[0.840s] -- Looking for OGRE_RTShaderSystem...
[0.840s] -- Found OGRE_RTShaderSystem: optimized;/usr/lib/x86_64-linux-gnu/libOgreRTShaderSystem.so;debug;/usr/lib/x86_64-linux-gnu/libOgreRTShaderSystem.so
[0.840s] -- Looking for OGRE_Volume...
[0.840s] -- Found OGRE_Volume: optimized;/usr/lib/x86_64-linux-gnu/libOgreVolume.so;debug;/usr/lib/x86_64-linux-gnu/libOgreVolume.so
[0.840s] -- Looking for OGRE_Overlay...
[0.840s] -- Found OGRE_Overlay: optimized;/usr/lib/x86_64-linux-gnu/libOgreOverlay.so;debug;/usr/lib/x86_64-linux-gnu/libOgreOverlay.so
[0.961s] -- Looking for ignition-math6 -- found version 6.15.0
[0.961s] -- Looking for ignition-transport8 -- found version 8.2.1
[0.962s] -- Searching for dependencies of ignition-transport8
[0.976s] -- Found Protobuf: /usr/lib/x86_64-linux-gnu/libprotobuf.so (found suitable version "3.12.4", minimum required is "3") 
[0.984s] -- Config-file not installed for ZeroMQ -- checking for pkg-config
[0.988s] -- Checking for module 'libzmq >= 4'
[0.998s] --   Found libzmq , version 4.3.4
[1.029s] -- Checking for module 'uuid'
[1.039s] --   Found uuid, version 2.37.2
[1.065s] -- Looking for ignition-msgs5 -- found version 5.8.1
[1.066s] -- Searching for dependencies of ignition-msgs5
[1.080s] -- Looking for ignition-math6 -- found version 6.15.0
[1.084s] -- Checking for module 'tinyxml2'
[1.094s] --   Found tinyxml2, version 9.0.0
[1.120s] -- Looking for ignition-msgs5 -- found version 5.8.1
[1.120s] -- Looking for ignition-common3 -- found version 3.14.0
[1.120s] -- Searching for dependencies of ignition-common3
[1.120s] -- Looking for dlfcn.h - found
[1.120s] -- Looking for libdl - found
[1.129s] -- Searching for <ignition-common3> component [graphics]
[1.129s] -- Looking for ignition-common3-graphics -- found version 3.14.0
[1.130s] -- Searching for dependencies of ignition-common3-graphics
[1.130s] -- Looking for ignition-math6 -- found version 6.15.0
[1.131s] -- Looking for ignition-fuel_tools4 -- found version 4.4.0
[1.131s] -- Searching for dependencies of ignition-fuel_tools4
[1.161s] -- Checking for module 'jsoncpp'
[1.172s] --   Found jsoncpp, version 1.9.5
[1.202s] -- Checking for module 'libzip'
[1.213s] --   Found libzip, version 1.7.3
[1.239s] -- Looking for ignition-common3 -- found version 3.14.0
[1.239s] -- Looking for ignition-math6 -- found version 6.15.0
[1.239s] -- Looking for ignition-msgs5 -- found version 5.8.1
[1.241s] -- Gazebo version: 11.10
[1.249s] -- Found my_box_bot_description: 0.0.0 (/home/borg/colcon_ws/install/my_box_bot_description/share/my_box_bot_description/cmake)
[1.249s] -- Found ament_lint_auto: 0.12.9 (/opt/ros/humble/share/ament_lint_auto/cmake)
[1.305s] -- Added test 'flake8' to check Python code syntax and style conventions
[1.306s] -- Added test 'lint_cmake' to check CMake code style
[1.306s] -- Added test 'pep257' to check Python code against some of the docstring style conventions in PEP 257
[1.308s] -- Added test 'xmllint' to check XML markup files
[1.308s] -- Configuring done
[1.315s] -- Generating done
[1.317s] -- Build files have been written to: /home/borg/colcon_ws/build/my_box_bot_gazebo
[1.326s] Invoked command in '/home/borg/colcon_ws/build/my_box_bot_gazebo' returned '0': CMAKE_PREFIX_PATH=/home/borg/colcon_ws/install/my_box_bot_description:/home/borg/colcon_ws/install/my_simulation:/home/borg/colcon_ws/install/my_box_bot_gazebo:/home/borg/colcon_ws/install/urdfbot_description:/home/borg/colcon_ws/install/turtlebot3_simulations:/home/borg/colcon_ws/install/turtlebot3_manipulation:/home/borg/colcon_ws/install/turtlebot3_manipulation_teleop:/home/borg/colcon_ws/install/turtlebot3_manipulation_navigation2:/home/borg/colcon_ws/install/turtlebot3_manipulation_moveit_config:/home/borg/colcon_ws/install/turtlebot3_manipulation_hardware:/home/borg/colcon_ws/install/turtlebot3_manipulation_bringup:/home/borg/colcon_ws/install/turtlebot3_manipulation_description:/home/borg/colcon_ws/install/turtlebot3_manipulation_cartographer:/home/borg/colcon_ws/install/turtlebot3_gazebo:/home/borg/colcon_ws/install/turtlebot3_fake_node:/opt/ros/humble /usr/bin/cmake /home/borg/colcon_ws/src/my_box_bot_gazebo -DCMAKE_INSTALL_PREFIX=/home/borg/colcon_ws/install/my_box_bot_gazebo
[1.329s] Invoking command in '/home/borg/colcon_ws/build/my_box_bot_gazebo': CMAKE_PREFIX_PATH=/home/borg/colcon_ws/install/my_box_bot_description:/home/borg/colcon_ws/install/my_simulation:/home/borg/colcon_ws/install/my_box_bot_gazebo:/home/borg/colcon_ws/install/urdfbot_description:/home/borg/colcon_ws/install/turtlebot3_simulations:/home/borg/colcon_ws/install/turtlebot3_manipulation:/home/borg/colcon_ws/install/turtlebot3_manipulation_teleop:/home/borg/colcon_ws/install/turtlebot3_manipulation_navigation2:/home/borg/colcon_ws/install/turtlebot3_manipulation_moveit_config:/home/borg/colcon_ws/install/turtlebot3_manipulation_hardware:/home/borg/colcon_ws/install/turtlebot3_manipulation_bringup:/home/borg/colcon_ws/install/turtlebot3_manipulation_description:/home/borg/colcon_ws/install/turtlebot3_manipulation_cartographer:/home/borg/colcon_ws/install/turtlebot3_gazebo:/home/borg/colcon_ws/install/turtlebot3_fake_node:/opt/ros/humble /usr/bin/cmake --build /home/borg/colcon_ws/build/my_box_bot_gazebo -- -j12 -l12
[1.369s] Invoked command in '/home/borg/colcon_ws/build/my_box_bot_gazebo' returned '0': CMAKE_PREFIX_PATH=/home/borg/colcon_ws/install/my_box_bot_description:/home/borg/colcon_ws/install/my_simulation:/home/borg/colcon_ws/install/my_box_bot_gazebo:/home/borg/colcon_ws/install/urdfbot_description:/home/borg/colcon_ws/install/turtlebot3_simulations:/home/borg/colcon_ws/install/turtlebot3_manipulation:/home/borg/colcon_ws/install/turtlebot3_manipulation_teleop:/home/borg/colcon_ws/install/turtlebot3_manipulation_navigation2:/home/borg/colcon_ws/install/turtlebot3_manipulation_moveit_config:/home/borg/colcon_ws/install/turtlebot3_manipulation_hardware:/home/borg/colcon_ws/install/turtlebot3_manipulation_bringup:/home/borg/colcon_ws/install/turtlebot3_manipulation_description:/home/borg/colcon_ws/install/turtlebot3_manipulation_cartographer:/home/borg/colcon_ws/install/turtlebot3_gazebo:/home/borg/colcon_ws/install/turtlebot3_fake_node:/opt/ros/humble /usr/bin/cmake --build /home/borg/colcon_ws/build/my_box_bot_gazebo -- -j12 -l12
[1.390s] Invoking command in '/home/borg/colcon_ws/build/my_box_bot_gazebo': CMAKE_PREFIX_PATH=/home/borg/colcon_ws/install/my_box_bot_description:/home/borg/colcon_ws/install/my_simulation:/home/borg/colcon_ws/install/my_box_bot_gazebo:/home/borg/colcon_ws/install/urdfbot_description:/home/borg/colcon_ws/install/turtlebot3_simulations:/home/borg/colcon_ws/install/turtlebot3_manipulation:/home/borg/colcon_ws/install/turtlebot3_manipulation_teleop:/home/borg/colcon_ws/install/turtlebot3_manipulation_navigation2:/home/borg/colcon_ws/install/turtlebot3_manipulation_moveit_config:/home/borg/colcon_ws/install/turtlebot3_manipulation_hardware:/home/borg/colcon_ws/install/turtlebot3_manipulation_bringup:/home/borg/colcon_ws/install/turtlebot3_manipulation_description:/home/borg/colcon_ws/install/turtlebot3_manipulation_cartographer:/home/borg/colcon_ws/install/turtlebot3_gazebo:/home/borg/colcon_ws/install/turtlebot3_fake_node:/opt/ros/humble /usr/bin/cmake --install /home/borg/colcon_ws/build/my_box_bot_gazebo
[1.396s] -- Install configuration: ""
[1.398s] -- Execute custom install script
[1.398s] -- Up-to-date symlink: /home/borg/colcon_ws/install/my_box_bot_gazebo/share/my_box_bot_gazebo//launch/spawn_robot_description.launch.py
[1.398s] -- Up-to-date symlink: /home/borg/colcon_ws/install/my_box_bot_gazebo/share/my_box_bot_gazebo//launch/spawn_robot_ros2.launch.xml
[1.398s] -- Symlinking: /home/borg/colcon_ws/install/my_box_bot_gazebo/share/my_box_bot_gazebo//launch/spawn_robot_ros2_physical.launch.xml
[1.405s] -- Up-to-date symlink: /home/borg/colcon_ws/install/my_box_bot_gazebo/share/my_box_bot_gazebo//launch/start_world.launch.py
[1.405s] -- Up-to-date symlink: /home/borg/colcon_ws/install/my_box_bot_gazebo/share/my_box_bot_gazebo//worlds/box_bot_empty.world
[1.406s] -- Up-to-date symlink: /home/borg/colcon_ws/install/my_box_bot_gazebo/share/my_box_bot_gazebo//models/box_room/meshes/box_room.dae
[1.406s] -- Up-to-date symlink: /home/borg/colcon_ws/install/my_box_bot_gazebo/share/my_box_bot_gazebo//models/box_room/meshes/chambre.png
[1.406s] -- Up-to-date symlink: /home/borg/colcon_ws/install/my_box_bot_gazebo/share/my_box_bot_gazebo//models/box_room/model.config
[1.406s] -- Up-to-date symlink: /home/borg/colcon_ws/install/my_box_bot_gazebo/share/my_box_bot_gazebo//models/box_room/model.sdf
[1.406s] -- Up-to-date symlink: /home/borg/colcon_ws/install/my_box_bot_gazebo/share/ament_index/resource_index/package_run_dependencies/my_box_bot_gazebo
[1.406s] -- Up-to-date symlink: /home/borg/colcon_ws/install/my_box_bot_gazebo/share/ament_index/resource_index/parent_prefix_path/my_box_bot_gazebo
[1.406s] -- Up-to-date symlink: /home/borg/colcon_ws/install/my_box_bot_gazebo/share/my_box_bot_gazebo/environment/ament_prefix_path.sh
[1.406s] -- Up-to-date symlink: /home/borg/colcon_ws/install/my_box_bot_gazebo/share/my_box_bot_gazebo/environment/ament_prefix_path.dsv
[1.407s] -- Up-to-date symlink: /home/borg/colcon_ws/install/my_box_bot_gazebo/share/my_box_bot_gazebo/environment/path.sh
[1.407s] -- Up-to-date symlink: /home/borg/colcon_ws/install/my_box_bot_gazebo/share/my_box_bot_gazebo/environment/path.dsv
[1.407s] -- Up-to-date symlink: /home/borg/colcon_ws/install/my_box_bot_gazebo/share/my_box_bot_gazebo/local_setup.bash
[1.407s] -- Up-to-date symlink: /home/borg/colcon_ws/install/my_box_bot_gazebo/share/my_box_bot_gazebo/local_setup.sh
[1.407s] -- Up-to-date symlink: /home/borg/colcon_ws/install/my_box_bot_gazebo/share/my_box_bot_gazebo/local_setup.zsh
[1.407s] -- Up-to-date symlink: /home/borg/colcon_ws/install/my_box_bot_gazebo/share/my_box_bot_gazebo/local_setup.dsv
[1.407s] -- Symlinking: /home/borg/colcon_ws/install/my_box_bot_gazebo/share/my_box_bot_gazebo/package.dsv
[1.415s] -- Up-to-date symlink: /home/borg/colcon_ws/install/my_box_bot_gazebo/share/ament_index/resource_index/packages/my_box_bot_gazebo
[1.415s] -- Up-to-date symlink: /home/borg/colcon_ws/install/my_box_bot_gazebo/share/my_box_bot_gazebo/cmake/my_box_bot_gazeboConfig.cmake
[1.415s] -- Up-to-date symlink: /home/borg/colcon_ws/install/my_box_bot_gazebo/share/my_box_bot_gazebo/cmake/my_box_bot_gazeboConfig-version.cmake
[1.415s] -- Up-to-date symlink: /home/borg/colcon_ws/install/my_box_bot_gazebo/share/my_box_bot_gazebo/package.xml
[1.417s] Invoked command in '/home/borg/colcon_ws/build/my_box_bot_gazebo' returned '0': CMAKE_PREFIX_PATH=/home/borg/colcon_ws/install/my_box_bot_description:/home/borg/colcon_ws/install/my_simulation:/home/borg/colcon_ws/install/my_box_bot_gazebo:/home/borg/colcon_ws/install/urdfbot_description:/home/borg/colcon_ws/install/turtlebot3_simulations:/home/borg/colcon_ws/install/turtlebot3_manipulation:/home/borg/colcon_ws/install/turtlebot3_manipulation_teleop:/home/borg/colcon_ws/install/turtlebot3_manipulation_navigation2:/home/borg/colcon_ws/install/turtlebot3_manipulation_moveit_config:/home/borg/colcon_ws/install/turtlebot3_manipulation_hardware:/home/borg/colcon_ws/install/turtlebot3_manipulation_bringup:/home/borg/colcon_ws/install/turtlebot3_manipulation_description:/home/borg/colcon_ws/install/turtlebot3_manipulation_cartographer:/home/borg/colcon_ws/install/turtlebot3_gazebo:/home/borg/colcon_ws/install/turtlebot3_fake_node:/opt/ros/humble /usr/bin/cmake --install /home/borg/colcon_ws/build/my_box_bot_gazebo
