[0.041s] Invoking command in '/home/borg/colcon_ws/build/urdfbot_description': /usr/bin/cmake --build /home/borg/colcon_ws/build/urdfbot_description -- -j12 -l12
[0.136s] Invoked command in '/home/borg/colcon_ws/build/urdfbot_description' returned '0': /usr/bin/cmake --build /home/borg/colcon_ws/build/urdfbot_description -- -j12 -l12
[0.169s] Invoking command in '/home/borg/colcon_ws/build/urdfbot_description': /usr/bin/cmake --install /home/borg/colcon_ws/build/urdfbot_description
[0.196s] -- Install configuration: ""
[0.197s] -- Up-to-date: /home/borg/colcon_ws/install/urdfbot_description/share/urdfbot_description//urdf
[0.197s] -- Up-to-date: /home/borg/colcon_ws/install/urdfbot_description/share/urdfbot_description//urdf/urdfbot_simple.urdf
[0.197s] -- Up-to-date: /home/borg/colcon_ws/install/urdfbot_description/share/urdfbot_description//rviz
[0.197s] -- Up-to-date: /home/borg/colcon_ws/install/urdfbot_description/share/urdfbot_description//launch
[0.198s] -- Up-to-date: /home/borg/colcon_ws/install/urdfbot_description/share/urdfbot_description//launch/urdf_visualize.launch.py
[0.198s] -- Up-to-date: /home/borg/colcon_ws/install/urdfbot_description/share/urdfbot_description//launch/urdf_visualize_rviz.launch.py
[0.198s] -- Up-to-date: /home/borg/colcon_ws/install/urdfbot_description/share/urdfbot_description//launch/control.launch.py
[0.198s] -- Up-to-date: /home/borg/colcon_ws/install/urdfbot_description/share/urdfbot_description//launch/spawn_robot_ros2_control_complete.launch.xml
[0.198s] -- Up-to-date: /home/borg/colcon_ws/install/urdfbot_description/share/urdfbot_description//meshes
[0.198s] -- Up-to-date: /home/borg/colcon_ws/install/urdfbot_description/share/urdfbot_description//meshes/urdfbot_body.dae
[0.199s] -- Up-to-date: /home/borg/colcon_ws/install/urdfbot_description/share/urdfbot_description//meshes/urdfbot_claw.dae
[0.199s] -- Up-to-date: /home/borg/colcon_ws/install/urdfbot_description/share/urdfbot_description//meshes/urdfbot_foot.dae
[0.199s] -- Up-to-date: /home/borg/colcon_ws/install/urdfbot_description/share/urdfbot_description//meshes/urdfbot_head.dae
[0.199s] -- Up-to-date: /home/borg/colcon_ws/install/urdfbot_description/share/urdfbot_description//meshes/urdfbot_limb.dae
[0.200s] -- Up-to-date: /home/borg/colcon_ws/install/urdfbot_description/share/urdfbot_description//meshes/urdfbot_texture.png
[0.200s] -- Up-to-date: /home/borg/colcon_ws/install/urdfbot_description/share/urdfbot_description//meshes/arm.dae
[0.200s] -- Up-to-date: /home/borg/colcon_ws/install/urdfbot_description/share/urdfbot_description//meshes/direita.dae
[0.200s] -- Up-to-date: /home/borg/colcon_ws/install/urdfbot_description/share/urdfbot_description//meshes/esquerda.dae
[0.201s] -- Up-to-date: /home/borg/colcon_ws/install/urdfbot_description/share/urdfbot_description//config
[0.201s] -- Up-to-date: /home/borg/colcon_ws/install/urdfbot_description/share/urdfbot_description//config/controller_position.yaml
[0.202s] -- Up-to-date: /home/borg/colcon_ws/install/urdfbot_description/share/ament_index/resource_index/package_run_dependencies/urdfbot_description
[0.202s] -- Up-to-date: /home/borg/colcon_ws/install/urdfbot_description/share/ament_index/resource_index/parent_prefix_path/urdfbot_description
[0.202s] -- Up-to-date: /home/borg/colcon_ws/install/urdfbot_description/share/urdfbot_description/environment/ament_prefix_path.sh
[0.202s] -- Up-to-date: /home/borg/colcon_ws/install/urdfbot_description/share/urdfbot_description/environment/ament_prefix_path.dsv
[0.202s] -- Up-to-date: /home/borg/colcon_ws/install/urdfbot_description/share/urdfbot_description/environment/path.sh
[0.202s] -- Up-to-date: /home/borg/colcon_ws/install/urdfbot_description/share/urdfbot_description/environment/path.dsv
[0.202s] -- Up-to-date: /home/borg/colcon_ws/install/urdfbot_description/share/urdfbot_description/local_setup.bash
[0.202s] -- Up-to-date: /home/borg/colcon_ws/install/urdfbot_description/share/urdfbot_description/local_setup.sh
[0.202s] -- Up-to-date: /home/borg/colcon_ws/install/urdfbot_description/share/urdfbot_description/local_setup.zsh
[0.202s] -- Up-to-date: /home/borg/colcon_ws/install/urdfbot_description/share/urdfbot_description/local_setup.dsv
[0.202s] -- Installing: /home/borg/colcon_ws/install/urdfbot_description/share/urdfbot_description/package.dsv
[0.203s] -- Up-to-date: /home/borg/colcon_ws/install/urdfbot_description/share/ament_index/resource_index/packages/urdfbot_description
[0.203s] -- Up-to-date: /home/borg/colcon_ws/install/urdfbot_description/share/urdfbot_description/cmake/urdfbot_descriptionConfig.cmake
[0.203s] -- Up-to-date: /home/borg/colcon_ws/install/urdfbot_description/share/urdfbot_description/cmake/urdfbot_descriptionConfig-version.cmake
[0.203s] -- Up-to-date: /home/borg/colcon_ws/install/urdfbot_description/share/urdfbot_description/package.xml
[0.250s] Invoked command in '/home/borg/colcon_ws/build/urdfbot_description' returned '0': /usr/bin/cmake --install /home/borg/colcon_ws/build/urdfbot_description
