[0.656s] Invoking command in '/home/borg/colcon_ws/build/turtlebot3_manipulation_description': CMAKE_PREFIX_PATH=${CMAKE_PREFIX_PATH}:/opt/ros/humble /usr/bin/cmake --build /home/borg/colcon_ws/build/turtlebot3_manipulation_description -- -j12 -l12
[0.733s] Invoked command in '/home/borg/colcon_ws/build/turtlebot3_manipulation_description' returned '0': CMAKE_PREFIX_PATH=${CMAKE_PREFIX_PATH}:/opt/ros/humble /usr/bin/cmake --build /home/borg/colcon_ws/build/turtlebot3_manipulation_description -- -j12 -l12
[0.829s] Invoking command in '/home/borg/colcon_ws/build/turtlebot3_manipulation_description': CMAKE_PREFIX_PATH=${CMAKE_PREFIX_PATH}:/opt/ros/humble /usr/bin/cmake --install /home/borg/colcon_ws/build/turtlebot3_manipulation_description
[0.847s] -- Install configuration: ""
[0.848s] -- Up-to-date: /home/borg/colcon_ws/install/turtlebot3_manipulation_description/share/turtlebot3_manipulation_description/launch
[0.849s] -- Up-to-date: /home/borg/colcon_ws/install/turtlebot3_manipulation_description/share/turtlebot3_manipulation_description/launch/model.launch.py
[0.850s] -- Up-to-date: /home/borg/colcon_ws/install/turtlebot3_manipulation_description/share/turtlebot3_manipulation_description/rviz
[0.850s] -- Up-to-date: /home/borg/colcon_ws/install/turtlebot3_manipulation_description/share/turtlebot3_manipulation_description/rviz/model.rviz
[0.852s] -- Up-to-date: /home/borg/colcon_ws/install/turtlebot3_manipulation_description/share/turtlebot3_manipulation_description/urdf
[0.852s] -- Up-to-date: /home/borg/colcon_ws/install/turtlebot3_manipulation_description/share/turtlebot3_manipulation_description/urdf/open_manipulator_x.urdf.xacro
[0.853s] -- Up-to-date: /home/borg/colcon_ws/install/turtlebot3_manipulation_description/share/turtlebot3_manipulation_description/urdf/turtlebot3_manipulation.urdf.xacro
[0.855s] -- Up-to-date: /home/borg/colcon_ws/install/turtlebot3_manipulation_description/share/turtlebot3_manipulation_description/urdf/turtlebot3_waffle_pi.urdf.xacro
[0.857s] -- Up-to-date: /home/borg/colcon_ws/install/turtlebot3_manipulation_description/share/turtlebot3_manipulation_description/gazebo
[0.858s] -- Up-to-date: /home/borg/colcon_ws/install/turtlebot3_manipulation_description/share/turtlebot3_manipulation_description/gazebo/materials.xacro
[0.859s] -- Up-to-date: /home/borg/colcon_ws/install/turtlebot3_manipulation_description/share/turtlebot3_manipulation_description/gazebo/open_manipulator_x.gazebo.xacro
[0.860s] -- Up-to-date: /home/borg/colcon_ws/install/turtlebot3_manipulation_description/share/turtlebot3_manipulation_description/gazebo/turtlebot3_waffle_pi.gazebo.xacro
[0.861s] -- Up-to-date: /home/borg/colcon_ws/install/turtlebot3_manipulation_description/share/turtlebot3_manipulation_description/meshes
[0.861s] -- Up-to-date: /home/borg/colcon_ws/install/turtlebot3_manipulation_description/share/turtlebot3_manipulation_description/meshes/open_manipulator_x
[0.862s] -- Up-to-date: /home/borg/colcon_ws/install/turtlebot3_manipulation_description/share/turtlebot3_manipulation_description/meshes/open_manipulator_x/gripper_left_palm.stl
[0.862s] -- Up-to-date: /home/borg/colcon_ws/install/turtlebot3_manipulation_description/share/turtlebot3_manipulation_description/meshes/open_manipulator_x/gripper_right_palm.stl
[0.863s] -- Up-to-date: /home/borg/colcon_ws/install/turtlebot3_manipulation_description/share/turtlebot3_manipulation_description/meshes/open_manipulator_x/link1.stl
[0.863s] -- Up-to-date: /home/borg/colcon_ws/install/turtlebot3_manipulation_description/share/turtlebot3_manipulation_description/meshes/open_manipulator_x/link2.stl
[0.864s] -- Up-to-date: /home/borg/colcon_ws/install/turtlebot3_manipulation_description/share/turtlebot3_manipulation_description/meshes/open_manipulator_x/link3.stl
[0.864s] -- Up-to-date: /home/borg/colcon_ws/install/turtlebot3_manipulation_description/share/turtlebot3_manipulation_description/meshes/open_manipulator_x/link4.stl
[0.865s] -- Up-to-date: /home/borg/colcon_ws/install/turtlebot3_manipulation_description/share/turtlebot3_manipulation_description/meshes/open_manipulator_x/link5.stl
[0.865s] -- Up-to-date: /home/borg/colcon_ws/install/turtlebot3_manipulation_description/share/turtlebot3_manipulation_description/meshes/turtlebot3_waffle_pi
[0.866s] -- Up-to-date: /home/borg/colcon_ws/install/turtlebot3_manipulation_description/share/turtlebot3_manipulation_description/meshes/turtlebot3_waffle_pi/base.stl
[0.866s] -- Up-to-date: /home/borg/colcon_ws/install/turtlebot3_manipulation_description/share/turtlebot3_manipulation_description/meshes/turtlebot3_waffle_pi/ladar.stl
[0.867s] -- Up-to-date: /home/borg/colcon_ws/install/turtlebot3_manipulation_description/share/turtlebot3_manipulation_description/meshes/turtlebot3_waffle_pi/left_tire.stl
[0.867s] -- Up-to-date: /home/borg/colcon_ws/install/turtlebot3_manipulation_description/share/turtlebot3_manipulation_description/meshes/turtlebot3_waffle_pi/right_tire.stl
[0.867s] -- Up-to-date: /home/borg/colcon_ws/install/turtlebot3_manipulation_description/share/turtlebot3_manipulation_description/ros2_control
[0.867s] -- Up-to-date: /home/borg/colcon_ws/install/turtlebot3_manipulation_description/share/turtlebot3_manipulation_description/ros2_control/turtlebot3_manipulation_system.ros2_control.xacro
[0.868s] -- Up-to-date: /home/borg/colcon_ws/install/turtlebot3_manipulation_description/share/turtlebot3_manipulation_description/environment/turtlebot3_manipulation_description.dsv
[0.868s] -- Up-to-date: /home/borg/colcon_ws/install/turtlebot3_manipulation_description/share/ament_index/resource_index/package_run_dependencies/turtlebot3_manipulation_description
[0.868s] -- Up-to-date: /home/borg/colcon_ws/install/turtlebot3_manipulation_description/share/ament_index/resource_index/parent_prefix_path/turtlebot3_manipulation_description
[0.868s] -- Up-to-date: /home/borg/colcon_ws/install/turtlebot3_manipulation_description/share/turtlebot3_manipulation_description/environment/ament_prefix_path.sh
[0.868s] -- Up-to-date: /home/borg/colcon_ws/install/turtlebot3_manipulation_description/share/turtlebot3_manipulation_description/environment/ament_prefix_path.dsv
[0.868s] -- Up-to-date: /home/borg/colcon_ws/install/turtlebot3_manipulation_description/share/turtlebot3_manipulation_description/environment/path.sh
[0.869s] -- Up-to-date: /home/borg/colcon_ws/install/turtlebot3_manipulation_description/share/turtlebot3_manipulation_description/environment/path.dsv
[0.869s] -- Up-to-date: /home/borg/colcon_ws/install/turtlebot3_manipulation_description/share/turtlebot3_manipulation_description/local_setup.bash
[0.869s] -- Up-to-date: /home/borg/colcon_ws/install/turtlebot3_manipulation_description/share/turtlebot3_manipulation_description/local_setup.sh
[0.869s] -- Up-to-date: /home/borg/colcon_ws/install/turtlebot3_manipulation_description/share/turtlebot3_manipulation_description/local_setup.zsh
[0.869s] -- Up-to-date: /home/borg/colcon_ws/install/turtlebot3_manipulation_description/share/turtlebot3_manipulation_description/local_setup.dsv
[0.869s] -- Installing: /home/borg/colcon_ws/install/turtlebot3_manipulation_description/share/turtlebot3_manipulation_description/package.dsv
[0.869s] -- Up-to-date: /home/borg/colcon_ws/install/turtlebot3_manipulation_description/share/ament_index/resource_index/packages/turtlebot3_manipulation_description
[0.870s] -- Up-to-date: /home/borg/colcon_ws/install/turtlebot3_manipulation_description/share/turtlebot3_manipulation_description/cmake/turtlebot3_manipulation_descriptionConfig.cmake
[0.870s] -- Up-to-date: /home/borg/colcon_ws/install/turtlebot3_manipulation_description/share/turtlebot3_manipulation_description/cmake/turtlebot3_manipulation_descriptionConfig-version.cmake
[0.870s] -- Up-to-date: /home/borg/colcon_ws/install/turtlebot3_manipulation_description/share/turtlebot3_manipulation_description/package.xml
[0.883s] Invoked command in '/home/borg/colcon_ws/build/turtlebot3_manipulation_description' returned '0': CMAKE_PREFIX_PATH=${CMAKE_PREFIX_PATH}:/opt/ros/humble /usr/bin/cmake --install /home/borg/colcon_ws/build/turtlebot3_manipulation_description
